<?xml version="1.0" encoding="UTF-8"?>
<testsuites name="GCLD-9" time="436" tests="15" failures="2" errors="0">
   <testsuite name="GCLD-9" tests="15" failures="2" errors="0" time="436" timestamp="2019-02-07 16:34:59" hostname="satwik_df_gs1 - 192.168.0.78" id="Test Suites/GCLD-9/GCLD-9">
      <properties>
         <property name="deviceName" value=""/>
         <property name="devicePlatform" value=""/>
         <property name="logFolder" value="/Users/satwik_df_gs1/Katalon Studio/GS1-Check/Reports/GCLD-9/GCLD-9/20190207_163447"/>
         <property name="logFiles" value="/Users/satwik_df_gs1/Katalon Studio/GS1-Check/Reports/GCLD-9/GCLD-9/20190207_163447/execution0.log"/>
         <property name="attachments" value="/Users/satwik_df_gs1/Katalon Studio/GS1-Check/Reports/GCLD-9/GCLD-9/20190207_163447/1549537886711.png, /Users/satwik_df_gs1/Katalon Studio/GS1-Check/Reports/GCLD-9/GCLD-9/20190207_163447/1549537935122.png"/>
         <property name="hostName" value="satwik_df_gs1 - 192.168.0.78"/>
         <property name="os" value="Mac OS X 64bit"/>
         <property name="katalonVersion" value="5.10.1.1"/>
         <property name="browser" value="Chrome 71.0.3578.98"/>
         <property name="hostAddress" value="192.168.0.78"/>
         <property name="sessionId" value="d10be4ac9633f95bad8355036f53f3b0"/>
         <property name="seleniumVersion" value="3.7.1"/>
         <property name="proxyInformation" value="ProxyInformation{proxyOption=NO_PROXY, proxyServerType=HTTP, password=, proxyServerAddress=, proxyServerPort=0}"/>
         <property name="platform" value="Mac OS X"/>
      </properties>
      <testcase name="Test Cases/GCLD-9/Verify Valid Length of GTIN number" classname="Test Cases/GCLD-9/Verify Valid Length of GTIN number" status="PASSED">
         <system-out><![CDATA[2019-02-07 16:34:59 - [TEST_CASE][PASSED] - Test Cases/GCLD-9/Verify Valid Length of GTIN number: Test Cases/GCLD-9/Verify Valid Length of GTIN number

2019-02-07 16:34:59 - [TEST_STEP][PASSED] - openBrowser("https://cloud.test.gs1.org/gs1-portal"): Browser is opened with url: 'https://cloud.test.gs1.org/gs1-portal'

2019-02-07 16:35:00 - [MESSAGE][INFO] - Starting 'Chrome' driver

2019-02-07 16:35:00 - [MESSAGE][INFO] - Action delay is set to 0 seconds

2019-02-07 16:35:07 - [MESSAGE][PASSED] - Browser is opened with url: 'https://cloud.test.gs1.org/gs1-portal'

2019-02-07 16:35:07 - [TEST_STEP][PASSED] - navigateToUrl("https://gs1-sso-customsts.azurewebsites.net/Account/LoginSelector"): Navigate to 'https://gs1-sso-customsts.azurewebsites.net/Account/LoginSelector' successfully

2019-02-07 16:35:07 - [MESSAGE][PASSED] - Navigate to 'https://gs1-sso-customsts.azurewebsites.net/Account/LoginSelector' successfully

2019-02-07 16:35:07 - [TEST_STEP][PASSED] - setText(findTestObject("Object Repository/Page_Sign in - GS1 STS Server/input_E-mail_Email"), email): Text 'GS1CloudTest@gs1.org' is set on object 'Object Repository/Page_Sign in - GS1 STS Server/input_E-mail_Email'

2019-02-07 16:35:07 - [MESSAGE][PASSED] - Text 'GS1CloudTest@gs1.org' is set on object 'Object Repository/Page_Sign in - GS1 STS Server/input_E-mail_Email'

2019-02-07 16:35:07 - [TEST_STEP][PASSED] - Thread.sleep(1000): null

2019-02-07 16:35:08 - [TEST_STEP][PASSED] - setText(findTestObject("Object Repository/Page_Sign in - GS1 STS Server/input_Password_Password"), password): Text 'Fvrt7564' is set on object 'Object Repository/Page_Sign in - GS1 STS Server/input_Password_Password'

2019-02-07 16:35:08 - [MESSAGE][PASSED] - Text 'Fvrt7564' is set on object 'Object Repository/Page_Sign in - GS1 STS Server/input_Password_Password'

2019-02-07 16:35:08 - [TEST_STEP][PASSED] - click(findTestObject("Object Repository/Page_Sign in - GS1 STS Server/input_Password_btn btn-default")): Object: 'Object Repository/Page_Sign in - GS1 STS Server/input_Password_btn btn-default' is clicked on

2019-02-07 16:35:17 - [MESSAGE][PASSED] - Object: 'Object Repository/Page_Sign in - GS1 STS Server/input_Password_btn btn-default' is clicked on

2019-02-07 16:35:17 - [TEST_STEP][PASSED] - click(findTestObject("Object Repository/Page_GS1 Cloud BETA - Home/a_Services")): Object: 'Object Repository/Page_GS1 Cloud BETA - Home/a_Services' is clicked on

2019-02-07 16:35:18 - [MESSAGE][PASSED] - Object: 'Object Repository/Page_GS1 Cloud BETA - Home/a_Services' is clicked on

2019-02-07 16:35:18 - [TEST_STEP][PASSED] - Thread.sleep(1000): null

2019-02-07 16:35:19 - [TEST_STEP][PASSED] - click(findTestObject("Object Repository/Page_GS1 Cloud BETA - Services/a_Check")): Object: 'Object Repository/Page_GS1 Cloud BETA - Services/a_Check' is clicked on

2019-02-07 16:35:23 - [MESSAGE][PASSED] - Object: 'Object Repository/Page_GS1 Cloud BETA - Services/a_Check' is clicked on

2019-02-07 16:35:23 - [TEST_STEP][PASSED] - if (Checkgtinlength == "12345A"): null

2019-02-07 16:35:23 - [TEST_STEP][PASSED] - else: Text 'Integrity failed: Incorrect check digit.' is present on page 

2019-02-07 16:35:23 - [TEST_STEP][PASSED] - try: Object: 'Object Repository/Page_GS1 Cloud BETA - Check/button_Search' is clicked on

2019-02-07 16:35:23 - [TEST_STEP][PASSED] - setText(findTestObject("Object Repository/Page_GS1 Cloud BETA - Check/input_Global Trade Item Number"), Checkgtinlength): Text '1' is set on object 'Object Repository/Page_GS1 Cloud BETA - Check/input_Global Trade Item Number'

2019-02-07 16:35:26 - [MESSAGE][PASSED] - Text '1' is set on object 'Object Repository/Page_GS1 Cloud BETA - Check/input_Global Trade Item Number'

2019-02-07 16:35:26 - [TEST_STEP][PASSED] - click(findTestObject("Object Repository/Page_GS1 Cloud BETA - Check/button_Search")): Object: 'Object Repository/Page_GS1 Cloud BETA - Check/button_Search' is clicked on

2019-02-07 16:35:28 - [MESSAGE][PASSED] - Object: 'Object Repository/Page_GS1 Cloud BETA - Check/button_Search' is clicked on

2019-02-07 16:35:28 - [TEST_STEP][PASSED] - Finally: Text 'Integrity failed: Incorrect check digit.' is present on page 

2019-02-07 16:35:28 - [TEST_STEP][PASSED] - verifyTextPresent(validation, false): Text 'Integrity failed: Incorrect check digit.' is present on page 

2019-02-07 16:35:28 - [MESSAGE][PASSED] - Text 'Integrity failed: Incorrect check digit.' is present on page]]></system-out>
         <system-err><![CDATA[]]></system-err>
      </testcase>
      <testcase name="Test Cases/GCLD-9/Verify Valid Length of GTIN number" classname="Test Cases/GCLD-9/Verify Valid Length of GTIN number" status="PASSED">
         <system-out><![CDATA[2019-02-07 16:35:28 - [TEST_CASE][PASSED] - Test Cases/GCLD-9/Verify Valid Length of GTIN number: Test Cases/GCLD-9/Verify Valid Length of GTIN number

2019-02-07 16:35:28 - [TEST_STEP][PASSED] - openBrowser("https://cloud.test.gs1.org/gs1-portal"): Browser is opened with url: 'https://cloud.test.gs1.org/gs1-portal'

2019-02-07 16:35:28 - [MESSAGE][WARNING] - A browser is already opened. Closing browser and opening a new one

2019-02-07 16:35:28 - [MESSAGE][INFO] - Starting 'Chrome' driver

2019-02-07 16:35:34 - [MESSAGE][PASSED] - Browser is opened with url: 'https://cloud.test.gs1.org/gs1-portal'

2019-02-07 16:35:34 - [TEST_STEP][PASSED] - navigateToUrl("https://gs1-sso-customsts.azurewebsites.net/Account/LoginSelector"): Navigate to 'https://gs1-sso-customsts.azurewebsites.net/Account/LoginSelector' successfully

2019-02-07 16:35:34 - [MESSAGE][PASSED] - Navigate to 'https://gs1-sso-customsts.azurewebsites.net/Account/LoginSelector' successfully

2019-02-07 16:35:34 - [TEST_STEP][PASSED] - setText(findTestObject("Object Repository/Page_Sign in - GS1 STS Server/input_E-mail_Email"), email): Text 'GS1CloudTest@gs1.org' is set on object 'Object Repository/Page_Sign in - GS1 STS Server/input_E-mail_Email'

2019-02-07 16:35:34 - [MESSAGE][PASSED] - Text 'GS1CloudTest@gs1.org' is set on object 'Object Repository/Page_Sign in - GS1 STS Server/input_E-mail_Email'

2019-02-07 16:35:34 - [TEST_STEP][PASSED] - Thread.sleep(1000): null

2019-02-07 16:35:35 - [TEST_STEP][PASSED] - setText(findTestObject("Object Repository/Page_Sign in - GS1 STS Server/input_Password_Password"), password): Text 'Fvrt7564' is set on object 'Object Repository/Page_Sign in - GS1 STS Server/input_Password_Password'

2019-02-07 16:35:36 - [MESSAGE][PASSED] - Text 'Fvrt7564' is set on object 'Object Repository/Page_Sign in - GS1 STS Server/input_Password_Password'

2019-02-07 16:35:36 - [TEST_STEP][PASSED] - click(findTestObject("Object Repository/Page_Sign in - GS1 STS Server/input_Password_btn btn-default")): Object: 'Object Repository/Page_Sign in - GS1 STS Server/input_Password_btn btn-default' is clicked on

2019-02-07 16:35:45 - [MESSAGE][PASSED] - Object: 'Object Repository/Page_Sign in - GS1 STS Server/input_Password_btn btn-default' is clicked on

2019-02-07 16:35:45 - [TEST_STEP][PASSED] - click(findTestObject("Object Repository/Page_GS1 Cloud BETA - Home/a_Services")): Object: 'Object Repository/Page_GS1 Cloud BETA - Home/a_Services' is clicked on

2019-02-07 16:35:45 - [MESSAGE][PASSED] - Object: 'Object Repository/Page_GS1 Cloud BETA - Home/a_Services' is clicked on

2019-02-07 16:35:45 - [TEST_STEP][PASSED] - Thread.sleep(1000): null

2019-02-07 16:35:46 - [TEST_STEP][PASSED] - click(findTestObject("Object Repository/Page_GS1 Cloud BETA - Services/a_Check")): Object: 'Object Repository/Page_GS1 Cloud BETA - Services/a_Check' is clicked on

2019-02-07 16:35:47 - [MESSAGE][PASSED] - Object: 'Object Repository/Page_GS1 Cloud BETA - Services/a_Check' is clicked on

2019-02-07 16:35:47 - [TEST_STEP][PASSED] - if (Checkgtinlength == "12345A"): null

2019-02-07 16:35:47 - [TEST_STEP][PASSED] - else: Text 'Integrity failed: Incorrect check digit.' is present on page 

2019-02-07 16:35:47 - [TEST_STEP][PASSED] - try: Object: 'Object Repository/Page_GS1 Cloud BETA - Check/button_Search' is clicked on

2019-02-07 16:35:47 - [TEST_STEP][PASSED] - setText(findTestObject("Object Repository/Page_GS1 Cloud BETA - Check/input_Global Trade Item Number"), Checkgtinlength): Text '12' is set on object 'Object Repository/Page_GS1 Cloud BETA - Check/input_Global Trade Item Number'

2019-02-07 16:35:50 - [MESSAGE][PASSED] - Text '12' is set on object 'Object Repository/Page_GS1 Cloud BETA - Check/input_Global Trade Item Number'

2019-02-07 16:35:50 - [TEST_STEP][PASSED] - click(findTestObject("Object Repository/Page_GS1 Cloud BETA - Check/button_Search")): Object: 'Object Repository/Page_GS1 Cloud BETA - Check/button_Search' is clicked on

2019-02-07 16:35:52 - [MESSAGE][PASSED] - Object: 'Object Repository/Page_GS1 Cloud BETA - Check/button_Search' is clicked on

2019-02-07 16:35:52 - [TEST_STEP][PASSED] - Finally: Text 'Integrity failed: Incorrect check digit.' is present on page 

2019-02-07 16:35:52 - [TEST_STEP][PASSED] - verifyTextPresent(validation, false): Text 'Integrity failed: Incorrect check digit.' is present on page 

2019-02-07 16:35:52 - [MESSAGE][PASSED] - Text 'Integrity failed: Incorrect check digit.' is present on page]]></system-out>
         <system-err><![CDATA[]]></system-err>
      </testcase>
      <testcase name="Test Cases/GCLD-9/Verify Valid Length of GTIN number" classname="Test Cases/GCLD-9/Verify Valid Length of GTIN number" status="PASSED">
         <system-out><![CDATA[2019-02-07 16:35:52 - [TEST_CASE][PASSED] - Test Cases/GCLD-9/Verify Valid Length of GTIN number: Test Cases/GCLD-9/Verify Valid Length of GTIN number

2019-02-07 16:35:52 - [TEST_STEP][PASSED] - openBrowser("https://cloud.test.gs1.org/gs1-portal"): Browser is opened with url: 'https://cloud.test.gs1.org/gs1-portal'

2019-02-07 16:35:52 - [MESSAGE][WARNING] - A browser is already opened. Closing browser and opening a new one

2019-02-07 16:35:52 - [MESSAGE][INFO] - Starting 'Chrome' driver

2019-02-07 16:35:57 - [MESSAGE][PASSED] - Browser is opened with url: 'https://cloud.test.gs1.org/gs1-portal'

2019-02-07 16:35:57 - [TEST_STEP][PASSED] - navigateToUrl("https://gs1-sso-customsts.azurewebsites.net/Account/LoginSelector"): Navigate to 'https://gs1-sso-customsts.azurewebsites.net/Account/LoginSelector' successfully

2019-02-07 16:35:58 - [MESSAGE][PASSED] - Navigate to 'https://gs1-sso-customsts.azurewebsites.net/Account/LoginSelector' successfully

2019-02-07 16:35:58 - [TEST_STEP][PASSED] - setText(findTestObject("Object Repository/Page_Sign in - GS1 STS Server/input_E-mail_Email"), email): Text 'GS1CloudTest@gs1.org' is set on object 'Object Repository/Page_Sign in - GS1 STS Server/input_E-mail_Email'

2019-02-07 16:35:58 - [MESSAGE][PASSED] - Text 'GS1CloudTest@gs1.org' is set on object 'Object Repository/Page_Sign in - GS1 STS Server/input_E-mail_Email'

2019-02-07 16:35:58 - [TEST_STEP][PASSED] - Thread.sleep(1000): null

2019-02-07 16:35:59 - [TEST_STEP][PASSED] - setText(findTestObject("Object Repository/Page_Sign in - GS1 STS Server/input_Password_Password"), password): Text 'Fvrt7564' is set on object 'Object Repository/Page_Sign in - GS1 STS Server/input_Password_Password'

2019-02-07 16:35:59 - [MESSAGE][PASSED] - Text 'Fvrt7564' is set on object 'Object Repository/Page_Sign in - GS1 STS Server/input_Password_Password'

2019-02-07 16:35:59 - [TEST_STEP][PASSED] - click(findTestObject("Object Repository/Page_Sign in - GS1 STS Server/input_Password_btn btn-default")): Object: 'Object Repository/Page_Sign in - GS1 STS Server/input_Password_btn btn-default' is clicked on

2019-02-07 16:36:10 - [MESSAGE][PASSED] - Object: 'Object Repository/Page_Sign in - GS1 STS Server/input_Password_btn btn-default' is clicked on

2019-02-07 16:36:10 - [TEST_STEP][PASSED] - click(findTestObject("Object Repository/Page_GS1 Cloud BETA - Home/a_Services")): Object: 'Object Repository/Page_GS1 Cloud BETA - Home/a_Services' is clicked on

2019-02-07 16:36:10 - [MESSAGE][PASSED] - Object: 'Object Repository/Page_GS1 Cloud BETA - Home/a_Services' is clicked on

2019-02-07 16:36:10 - [TEST_STEP][PASSED] - Thread.sleep(1000): null

2019-02-07 16:36:11 - [TEST_STEP][PASSED] - click(findTestObject("Object Repository/Page_GS1 Cloud BETA - Services/a_Check")): Object: 'Object Repository/Page_GS1 Cloud BETA - Services/a_Check' is clicked on

2019-02-07 16:36:13 - [MESSAGE][PASSED] - Object: 'Object Repository/Page_GS1 Cloud BETA - Services/a_Check' is clicked on

2019-02-07 16:36:13 - [TEST_STEP][PASSED] - if (Checkgtinlength == "12345A"): null

2019-02-07 16:36:13 - [TEST_STEP][PASSED] - else: Text 'Incorrect number. That GS1 prefix (3-digit country code) does not exist.' is present on page 

2019-02-07 16:36:13 - [TEST_STEP][PASSED] - try: Object: 'Object Repository/Page_GS1 Cloud BETA - Check/button_Search' is clicked on

2019-02-07 16:36:13 - [TEST_STEP][PASSED] - setText(findTestObject("Object Repository/Page_GS1 Cloud BETA - Check/input_Global Trade Item Number"), Checkgtinlength): Text '123' is set on object 'Object Repository/Page_GS1 Cloud BETA - Check/input_Global Trade Item Number'

2019-02-07 16:36:17 - [MESSAGE][PASSED] - Text '123' is set on object 'Object Repository/Page_GS1 Cloud BETA - Check/input_Global Trade Item Number'

2019-02-07 16:36:17 - [TEST_STEP][PASSED] - click(findTestObject("Object Repository/Page_GS1 Cloud BETA - Check/button_Search")): Object: 'Object Repository/Page_GS1 Cloud BETA - Check/button_Search' is clicked on

2019-02-07 16:36:20 - [MESSAGE][PASSED] - Object: 'Object Repository/Page_GS1 Cloud BETA - Check/button_Search' is clicked on

2019-02-07 16:36:20 - [TEST_STEP][PASSED] - Finally: Text 'Incorrect number. That GS1 prefix (3-digit country code) does not exist.' is present on page 

2019-02-07 16:36:20 - [TEST_STEP][PASSED] - verifyTextPresent(validation, false): Text 'Incorrect number. That GS1 prefix (3-digit country code) does not exist.' is present on page 

2019-02-07 16:36:20 - [MESSAGE][PASSED] - Text 'Incorrect number. That GS1 prefix (3-digit country code) does not exist.' is present on page]]></system-out>
         <system-err><![CDATA[]]></system-err>
      </testcase>
      <testcase name="Test Cases/GCLD-9/Verify Valid Length of GTIN number" classname="Test Cases/GCLD-9/Verify Valid Length of GTIN number" status="PASSED">
         <system-out><![CDATA[2019-02-07 16:36:20 - [TEST_CASE][PASSED] - Test Cases/GCLD-9/Verify Valid Length of GTIN number: Test Cases/GCLD-9/Verify Valid Length of GTIN number

2019-02-07 16:36:20 - [TEST_STEP][PASSED] - openBrowser("https://cloud.test.gs1.org/gs1-portal"): Browser is opened with url: 'https://cloud.test.gs1.org/gs1-portal'

2019-02-07 16:36:20 - [MESSAGE][WARNING] - A browser is already opened. Closing browser and opening a new one

2019-02-07 16:36:21 - [MESSAGE][INFO] - Starting 'Chrome' driver

2019-02-07 16:36:30 - [MESSAGE][PASSED] - Browser is opened with url: 'https://cloud.test.gs1.org/gs1-portal'

2019-02-07 16:36:30 - [TEST_STEP][PASSED] - navigateToUrl("https://gs1-sso-customsts.azurewebsites.net/Account/LoginSelector"): Navigate to 'https://gs1-sso-customsts.azurewebsites.net/Account/LoginSelector' successfully

2019-02-07 16:36:31 - [MESSAGE][PASSED] - Navigate to 'https://gs1-sso-customsts.azurewebsites.net/Account/LoginSelector' successfully

2019-02-07 16:36:31 - [TEST_STEP][PASSED] - setText(findTestObject("Object Repository/Page_Sign in - GS1 STS Server/input_E-mail_Email"), email): Text 'GS1CloudTest@gs1.org' is set on object 'Object Repository/Page_Sign in - GS1 STS Server/input_E-mail_Email'

2019-02-07 16:36:31 - [MESSAGE][PASSED] - Text 'GS1CloudTest@gs1.org' is set on object 'Object Repository/Page_Sign in - GS1 STS Server/input_E-mail_Email'

2019-02-07 16:36:31 - [TEST_STEP][PASSED] - Thread.sleep(1000): null

2019-02-07 16:36:32 - [TEST_STEP][PASSED] - setText(findTestObject("Object Repository/Page_Sign in - GS1 STS Server/input_Password_Password"), password): Text 'Fvrt7564' is set on object 'Object Repository/Page_Sign in - GS1 STS Server/input_Password_Password'

2019-02-07 16:36:32 - [MESSAGE][PASSED] - Text 'Fvrt7564' is set on object 'Object Repository/Page_Sign in - GS1 STS Server/input_Password_Password'

2019-02-07 16:36:32 - [TEST_STEP][PASSED] - click(findTestObject("Object Repository/Page_Sign in - GS1 STS Server/input_Password_btn btn-default")): Object: 'Object Repository/Page_Sign in - GS1 STS Server/input_Password_btn btn-default' is clicked on

2019-02-07 16:36:43 - [MESSAGE][PASSED] - Object: 'Object Repository/Page_Sign in - GS1 STS Server/input_Password_btn btn-default' is clicked on

2019-02-07 16:36:43 - [TEST_STEP][PASSED] - click(findTestObject("Object Repository/Page_GS1 Cloud BETA - Home/a_Services")): Object: 'Object Repository/Page_GS1 Cloud BETA - Home/a_Services' is clicked on

2019-02-07 16:36:43 - [MESSAGE][PASSED] - Object: 'Object Repository/Page_GS1 Cloud BETA - Home/a_Services' is clicked on

2019-02-07 16:36:43 - [TEST_STEP][PASSED] - Thread.sleep(1000): null

2019-02-07 16:36:44 - [TEST_STEP][PASSED] - click(findTestObject("Object Repository/Page_GS1 Cloud BETA - Services/a_Check")): Object: 'Object Repository/Page_GS1 Cloud BETA - Services/a_Check' is clicked on

2019-02-07 16:36:46 - [MESSAGE][PASSED] - Object: 'Object Repository/Page_GS1 Cloud BETA - Services/a_Check' is clicked on

2019-02-07 16:36:46 - [TEST_STEP][PASSED] - if (Checkgtinlength == "12345A"): null

2019-02-07 16:36:46 - [TEST_STEP][PASSED] - else: Text 'Integrity failed: Incorrect check digit.' is present on page 

2019-02-07 16:36:46 - [TEST_STEP][PASSED] - try: Object: 'Object Repository/Page_GS1 Cloud BETA - Check/button_Search' is clicked on

2019-02-07 16:36:46 - [TEST_STEP][PASSED] - setText(findTestObject("Object Repository/Page_GS1 Cloud BETA - Check/input_Global Trade Item Number"), Checkgtinlength): Text '1234' is set on object 'Object Repository/Page_GS1 Cloud BETA - Check/input_Global Trade Item Number'

2019-02-07 16:36:49 - [MESSAGE][PASSED] - Text '1234' is set on object 'Object Repository/Page_GS1 Cloud BETA - Check/input_Global Trade Item Number'

2019-02-07 16:36:49 - [TEST_STEP][PASSED] - click(findTestObject("Object Repository/Page_GS1 Cloud BETA - Check/button_Search")): Object: 'Object Repository/Page_GS1 Cloud BETA - Check/button_Search' is clicked on

2019-02-07 16:36:51 - [MESSAGE][PASSED] - Object: 'Object Repository/Page_GS1 Cloud BETA - Check/button_Search' is clicked on

2019-02-07 16:36:51 - [TEST_STEP][PASSED] - Finally: Text 'Integrity failed: Incorrect check digit.' is present on page 

2019-02-07 16:36:52 - [TEST_STEP][PASSED] - verifyTextPresent(validation, false): Text 'Integrity failed: Incorrect check digit.' is present on page 

2019-02-07 16:36:52 - [MESSAGE][PASSED] - Text 'Integrity failed: Incorrect check digit.' is present on page]]></system-out>
         <system-err><![CDATA[]]></system-err>
      </testcase>
      <testcase name="Test Cases/GCLD-9/Verify Valid Length of GTIN number" classname="Test Cases/GCLD-9/Verify Valid Length of GTIN number" status="PASSED">
         <system-out><![CDATA[2019-02-07 16:36:52 - [TEST_CASE][PASSED] - Test Cases/GCLD-9/Verify Valid Length of GTIN number: Test Cases/GCLD-9/Verify Valid Length of GTIN number

2019-02-07 16:36:52 - [TEST_STEP][PASSED] - openBrowser("https://cloud.test.gs1.org/gs1-portal"): Browser is opened with url: 'https://cloud.test.gs1.org/gs1-portal'

2019-02-07 16:36:52 - [MESSAGE][WARNING] - A browser is already opened. Closing browser and opening a new one

2019-02-07 16:36:52 - [MESSAGE][INFO] - Starting 'Chrome' driver

2019-02-07 16:36:57 - [MESSAGE][PASSED] - Browser is opened with url: 'https://cloud.test.gs1.org/gs1-portal'

2019-02-07 16:36:57 - [TEST_STEP][PASSED] - navigateToUrl("https://gs1-sso-customsts.azurewebsites.net/Account/LoginSelector"): Navigate to 'https://gs1-sso-customsts.azurewebsites.net/Account/LoginSelector' successfully

2019-02-07 16:36:58 - [MESSAGE][PASSED] - Navigate to 'https://gs1-sso-customsts.azurewebsites.net/Account/LoginSelector' successfully

2019-02-07 16:36:58 - [TEST_STEP][PASSED] - setText(findTestObject("Object Repository/Page_Sign in - GS1 STS Server/input_E-mail_Email"), email): Text 'GS1CloudTest@gs1.org' is set on object 'Object Repository/Page_Sign in - GS1 STS Server/input_E-mail_Email'

2019-02-07 16:36:58 - [MESSAGE][PASSED] - Text 'GS1CloudTest@gs1.org' is set on object 'Object Repository/Page_Sign in - GS1 STS Server/input_E-mail_Email'

2019-02-07 16:36:58 - [TEST_STEP][PASSED] - Thread.sleep(1000): null

2019-02-07 16:36:59 - [TEST_STEP][PASSED] - setText(findTestObject("Object Repository/Page_Sign in - GS1 STS Server/input_Password_Password"), password): Text 'Fvrt7564' is set on object 'Object Repository/Page_Sign in - GS1 STS Server/input_Password_Password'

2019-02-07 16:36:59 - [MESSAGE][PASSED] - Text 'Fvrt7564' is set on object 'Object Repository/Page_Sign in - GS1 STS Server/input_Password_Password'

2019-02-07 16:36:59 - [TEST_STEP][PASSED] - click(findTestObject("Object Repository/Page_Sign in - GS1 STS Server/input_Password_btn btn-default")): Object: 'Object Repository/Page_Sign in - GS1 STS Server/input_Password_btn btn-default' is clicked on

2019-02-07 16:37:09 - [MESSAGE][PASSED] - Object: 'Object Repository/Page_Sign in - GS1 STS Server/input_Password_btn btn-default' is clicked on

2019-02-07 16:37:09 - [TEST_STEP][PASSED] - click(findTestObject("Object Repository/Page_GS1 Cloud BETA - Home/a_Services")): Object: 'Object Repository/Page_GS1 Cloud BETA - Home/a_Services' is clicked on

2019-02-07 16:37:09 - [MESSAGE][PASSED] - Object: 'Object Repository/Page_GS1 Cloud BETA - Home/a_Services' is clicked on

2019-02-07 16:37:09 - [TEST_STEP][PASSED] - Thread.sleep(1000): null

2019-02-07 16:37:10 - [TEST_STEP][PASSED] - click(findTestObject("Object Repository/Page_GS1 Cloud BETA - Services/a_Check")): Object: 'Object Repository/Page_GS1 Cloud BETA - Services/a_Check' is clicked on

2019-02-07 16:37:13 - [MESSAGE][PASSED] - Object: 'Object Repository/Page_GS1 Cloud BETA - Services/a_Check' is clicked on

2019-02-07 16:37:13 - [TEST_STEP][PASSED] - if (Checkgtinlength == "12345A"): null

2019-02-07 16:37:13 - [TEST_STEP][PASSED] - else: Text 'Integrity failed: Incorrect check digit.' is present on page 

2019-02-07 16:37:13 - [TEST_STEP][PASSED] - try: Object: 'Object Repository/Page_GS1 Cloud BETA - Check/button_Search' is clicked on

2019-02-07 16:37:13 - [TEST_STEP][PASSED] - setText(findTestObject("Object Repository/Page_GS1 Cloud BETA - Check/input_Global Trade Item Number"), Checkgtinlength): Text '12345' is set on object 'Object Repository/Page_GS1 Cloud BETA - Check/input_Global Trade Item Number'

2019-02-07 16:37:16 - [MESSAGE][PASSED] - Text '12345' is set on object 'Object Repository/Page_GS1 Cloud BETA - Check/input_Global Trade Item Number'

2019-02-07 16:37:16 - [TEST_STEP][PASSED] - click(findTestObject("Object Repository/Page_GS1 Cloud BETA - Check/button_Search")): Object: 'Object Repository/Page_GS1 Cloud BETA - Check/button_Search' is clicked on

2019-02-07 16:37:21 - [MESSAGE][PASSED] - Object: 'Object Repository/Page_GS1 Cloud BETA - Check/button_Search' is clicked on

2019-02-07 16:37:21 - [TEST_STEP][PASSED] - Finally: Text 'Integrity failed: Incorrect check digit.' is present on page 

2019-02-07 16:37:21 - [TEST_STEP][PASSED] - verifyTextPresent(validation, false): Text 'Integrity failed: Incorrect check digit.' is present on page 

2019-02-07 16:37:21 - [MESSAGE][PASSED] - Text 'Integrity failed: Incorrect check digit.' is present on page]]></system-out>
         <system-err><![CDATA[]]></system-err>
      </testcase>
      <testcase name="Test Cases/GCLD-9/Verify Valid Length of GTIN number" classname="Test Cases/GCLD-9/Verify Valid Length of GTIN number" status="PASSED">
         <system-out><![CDATA[2019-02-07 16:37:21 - [TEST_CASE][PASSED] - Test Cases/GCLD-9/Verify Valid Length of GTIN number: Test Cases/GCLD-9/Verify Valid Length of GTIN number

2019-02-07 16:37:21 - [TEST_STEP][PASSED] - openBrowser("https://cloud.test.gs1.org/gs1-portal"): Browser is opened with url: 'https://cloud.test.gs1.org/gs1-portal'

2019-02-07 16:37:21 - [MESSAGE][WARNING] - A browser is already opened. Closing browser and opening a new one

2019-02-07 16:37:21 - [MESSAGE][INFO] - Starting 'Chrome' driver

2019-02-07 16:37:27 - [MESSAGE][PASSED] - Browser is opened with url: 'https://cloud.test.gs1.org/gs1-portal'

2019-02-07 16:37:27 - [TEST_STEP][PASSED] - navigateToUrl("https://gs1-sso-customsts.azurewebsites.net/Account/LoginSelector"): Navigate to 'https://gs1-sso-customsts.azurewebsites.net/Account/LoginSelector' successfully

2019-02-07 16:37:27 - [MESSAGE][PASSED] - Navigate to 'https://gs1-sso-customsts.azurewebsites.net/Account/LoginSelector' successfully

2019-02-07 16:37:27 - [TEST_STEP][PASSED] - setText(findTestObject("Object Repository/Page_Sign in - GS1 STS Server/input_E-mail_Email"), email): Text 'GS1CloudTest@gs1.org' is set on object 'Object Repository/Page_Sign in - GS1 STS Server/input_E-mail_Email'

2019-02-07 16:37:27 - [MESSAGE][PASSED] - Text 'GS1CloudTest@gs1.org' is set on object 'Object Repository/Page_Sign in - GS1 STS Server/input_E-mail_Email'

2019-02-07 16:37:27 - [TEST_STEP][PASSED] - Thread.sleep(1000): null

2019-02-07 16:37:28 - [TEST_STEP][PASSED] - setText(findTestObject("Object Repository/Page_Sign in - GS1 STS Server/input_Password_Password"), password): Text 'Fvrt7564' is set on object 'Object Repository/Page_Sign in - GS1 STS Server/input_Password_Password'

2019-02-07 16:37:28 - [MESSAGE][PASSED] - Text 'Fvrt7564' is set on object 'Object Repository/Page_Sign in - GS1 STS Server/input_Password_Password'

2019-02-07 16:37:28 - [TEST_STEP][PASSED] - click(findTestObject("Object Repository/Page_Sign in - GS1 STS Server/input_Password_btn btn-default")): Object: 'Object Repository/Page_Sign in - GS1 STS Server/input_Password_btn btn-default' is clicked on

2019-02-07 16:37:37 - [MESSAGE][PASSED] - Object: 'Object Repository/Page_Sign in - GS1 STS Server/input_Password_btn btn-default' is clicked on

2019-02-07 16:37:37 - [TEST_STEP][PASSED] - click(findTestObject("Object Repository/Page_GS1 Cloud BETA - Home/a_Services")): Object: 'Object Repository/Page_GS1 Cloud BETA - Home/a_Services' is clicked on

2019-02-07 16:37:37 - [MESSAGE][PASSED] - Object: 'Object Repository/Page_GS1 Cloud BETA - Home/a_Services' is clicked on

2019-02-07 16:37:37 - [TEST_STEP][PASSED] - Thread.sleep(1000): null

2019-02-07 16:37:38 - [TEST_STEP][PASSED] - click(findTestObject("Object Repository/Page_GS1 Cloud BETA - Services/a_Check")): Object: 'Object Repository/Page_GS1 Cloud BETA - Services/a_Check' is clicked on

2019-02-07 16:37:40 - [MESSAGE][PASSED] - Object: 'Object Repository/Page_GS1 Cloud BETA - Services/a_Check' is clicked on

2019-02-07 16:37:40 - [TEST_STEP][PASSED] - if (Checkgtinlength == "12345A"): null

2019-02-07 16:37:40 - [TEST_STEP][PASSED] - else: Text 'Integrity failed: Incorrect check digit.' is present on page 

2019-02-07 16:37:40 - [TEST_STEP][PASSED] - try: Object: 'Object Repository/Page_GS1 Cloud BETA - Check/button_Search' is clicked on

2019-02-07 16:37:40 - [TEST_STEP][PASSED] - setText(findTestObject("Object Repository/Page_GS1 Cloud BETA - Check/input_Global Trade Item Number"), Checkgtinlength): Text '123456' is set on object 'Object Repository/Page_GS1 Cloud BETA - Check/input_Global Trade Item Number'

2019-02-07 16:37:45 - [MESSAGE][PASSED] - Text '123456' is set on object 'Object Repository/Page_GS1 Cloud BETA - Check/input_Global Trade Item Number'

2019-02-07 16:37:45 - [TEST_STEP][PASSED] - click(findTestObject("Object Repository/Page_GS1 Cloud BETA - Check/button_Search")): Object: 'Object Repository/Page_GS1 Cloud BETA - Check/button_Search' is clicked on

2019-02-07 16:37:47 - [MESSAGE][PASSED] - Object: 'Object Repository/Page_GS1 Cloud BETA - Check/button_Search' is clicked on

2019-02-07 16:37:47 - [TEST_STEP][PASSED] - Finally: Text 'Integrity failed: Incorrect check digit.' is present on page 

2019-02-07 16:37:47 - [TEST_STEP][PASSED] - verifyTextPresent(validation, false): Text 'Integrity failed: Incorrect check digit.' is present on page 

2019-02-07 16:37:47 - [MESSAGE][PASSED] - Text 'Integrity failed: Incorrect check digit.' is present on page]]></system-out>
         <system-err><![CDATA[]]></system-err>
      </testcase>
      <testcase name="Test Cases/GCLD-9/Verify Valid Length of GTIN number" classname="Test Cases/GCLD-9/Verify Valid Length of GTIN number" status="PASSED">
         <system-out><![CDATA[2019-02-07 16:37:47 - [TEST_CASE][PASSED] - Test Cases/GCLD-9/Verify Valid Length of GTIN number: Test Cases/GCLD-9/Verify Valid Length of GTIN number

2019-02-07 16:37:47 - [TEST_STEP][PASSED] - openBrowser("https://cloud.test.gs1.org/gs1-portal"): Browser is opened with url: 'https://cloud.test.gs1.org/gs1-portal'

2019-02-07 16:37:47 - [MESSAGE][WARNING] - A browser is already opened. Closing browser and opening a new one

2019-02-07 16:37:47 - [MESSAGE][INFO] - Starting 'Chrome' driver

2019-02-07 16:37:53 - [MESSAGE][PASSED] - Browser is opened with url: 'https://cloud.test.gs1.org/gs1-portal'

2019-02-07 16:37:53 - [TEST_STEP][PASSED] - navigateToUrl("https://gs1-sso-customsts.azurewebsites.net/Account/LoginSelector"): Navigate to 'https://gs1-sso-customsts.azurewebsites.net/Account/LoginSelector' successfully

2019-02-07 16:37:53 - [MESSAGE][PASSED] - Navigate to 'https://gs1-sso-customsts.azurewebsites.net/Account/LoginSelector' successfully

2019-02-07 16:37:53 - [TEST_STEP][PASSED] - setText(findTestObject("Object Repository/Page_Sign in - GS1 STS Server/input_E-mail_Email"), email): Text 'GS1CloudTest@gs1.org' is set on object 'Object Repository/Page_Sign in - GS1 STS Server/input_E-mail_Email'

2019-02-07 16:37:53 - [MESSAGE][PASSED] - Text 'GS1CloudTest@gs1.org' is set on object 'Object Repository/Page_Sign in - GS1 STS Server/input_E-mail_Email'

2019-02-07 16:37:53 - [TEST_STEP][PASSED] - Thread.sleep(1000): null

2019-02-07 16:37:54 - [TEST_STEP][PASSED] - setText(findTestObject("Object Repository/Page_Sign in - GS1 STS Server/input_Password_Password"), password): Text 'Fvrt7564' is set on object 'Object Repository/Page_Sign in - GS1 STS Server/input_Password_Password'

2019-02-07 16:37:54 - [MESSAGE][PASSED] - Text 'Fvrt7564' is set on object 'Object Repository/Page_Sign in - GS1 STS Server/input_Password_Password'

2019-02-07 16:37:54 - [TEST_STEP][PASSED] - click(findTestObject("Object Repository/Page_Sign in - GS1 STS Server/input_Password_btn btn-default")): Object: 'Object Repository/Page_Sign in - GS1 STS Server/input_Password_btn btn-default' is clicked on

2019-02-07 16:38:03 - [MESSAGE][PASSED] - Object: 'Object Repository/Page_Sign in - GS1 STS Server/input_Password_btn btn-default' is clicked on

2019-02-07 16:38:03 - [TEST_STEP][PASSED] - click(findTestObject("Object Repository/Page_GS1 Cloud BETA - Home/a_Services")): Object: 'Object Repository/Page_GS1 Cloud BETA - Home/a_Services' is clicked on

2019-02-07 16:38:03 - [MESSAGE][PASSED] - Object: 'Object Repository/Page_GS1 Cloud BETA - Home/a_Services' is clicked on

2019-02-07 16:38:03 - [TEST_STEP][PASSED] - Thread.sleep(1000): null

2019-02-07 16:38:04 - [TEST_STEP][PASSED] - click(findTestObject("Object Repository/Page_GS1 Cloud BETA - Services/a_Check")): Object: 'Object Repository/Page_GS1 Cloud BETA - Services/a_Check' is clicked on

2019-02-07 16:38:06 - [MESSAGE][PASSED] - Object: 'Object Repository/Page_GS1 Cloud BETA - Services/a_Check' is clicked on

2019-02-07 16:38:06 - [TEST_STEP][PASSED] - if (Checkgtinlength == "12345A"): null

2019-02-07 16:38:06 - [TEST_STEP][PASSED] - else: Text 'Integrity failed: Incorrect check digit.' is present on page 

2019-02-07 16:38:06 - [TEST_STEP][PASSED] - try: Object: 'Object Repository/Page_GS1 Cloud BETA - Check/button_Search' is clicked on

2019-02-07 16:38:06 - [TEST_STEP][PASSED] - setText(findTestObject("Object Repository/Page_GS1 Cloud BETA - Check/input_Global Trade Item Number"), Checkgtinlength): Text '1234567' is set on object 'Object Repository/Page_GS1 Cloud BETA - Check/input_Global Trade Item Number'

2019-02-07 16:38:09 - [MESSAGE][PASSED] - Text '1234567' is set on object 'Object Repository/Page_GS1 Cloud BETA - Check/input_Global Trade Item Number'

2019-02-07 16:38:09 - [TEST_STEP][PASSED] - click(findTestObject("Object Repository/Page_GS1 Cloud BETA - Check/button_Search")): Object: 'Object Repository/Page_GS1 Cloud BETA - Check/button_Search' is clicked on

2019-02-07 16:38:12 - [MESSAGE][PASSED] - Object: 'Object Repository/Page_GS1 Cloud BETA - Check/button_Search' is clicked on

2019-02-07 16:38:12 - [TEST_STEP][PASSED] - Finally: Text 'Integrity failed: Incorrect check digit.' is present on page 

2019-02-07 16:38:12 - [TEST_STEP][PASSED] - verifyTextPresent(validation, false): Text 'Integrity failed: Incorrect check digit.' is present on page 

2019-02-07 16:38:12 - [MESSAGE][PASSED] - Text 'Integrity failed: Incorrect check digit.' is present on page]]></system-out>
         <system-err><![CDATA[]]></system-err>
      </testcase>
      <testcase name="Test Cases/GCLD-9/Verify Valid Length of GTIN number" classname="Test Cases/GCLD-9/Verify Valid Length of GTIN number" status="PASSED">
         <system-out><![CDATA[2019-02-07 16:38:12 - [TEST_CASE][PASSED] - Test Cases/GCLD-9/Verify Valid Length of GTIN number: Test Cases/GCLD-9/Verify Valid Length of GTIN number

2019-02-07 16:38:12 - [TEST_STEP][PASSED] - openBrowser("https://cloud.test.gs1.org/gs1-portal"): Browser is opened with url: 'https://cloud.test.gs1.org/gs1-portal'

2019-02-07 16:38:12 - [MESSAGE][WARNING] - A browser is already opened. Closing browser and opening a new one

2019-02-07 16:38:12 - [MESSAGE][INFO] - Starting 'Chrome' driver

2019-02-07 16:38:19 - [MESSAGE][PASSED] - Browser is opened with url: 'https://cloud.test.gs1.org/gs1-portal'

2019-02-07 16:38:19 - [TEST_STEP][PASSED] - navigateToUrl("https://gs1-sso-customsts.azurewebsites.net/Account/LoginSelector"): Navigate to 'https://gs1-sso-customsts.azurewebsites.net/Account/LoginSelector' successfully

2019-02-07 16:38:19 - [MESSAGE][PASSED] - Navigate to 'https://gs1-sso-customsts.azurewebsites.net/Account/LoginSelector' successfully

2019-02-07 16:38:19 - [TEST_STEP][PASSED] - setText(findTestObject("Object Repository/Page_Sign in - GS1 STS Server/input_E-mail_Email"), email): Text 'GS1CloudTest@gs1.org' is set on object 'Object Repository/Page_Sign in - GS1 STS Server/input_E-mail_Email'

2019-02-07 16:38:19 - [MESSAGE][PASSED] - Text 'GS1CloudTest@gs1.org' is set on object 'Object Repository/Page_Sign in - GS1 STS Server/input_E-mail_Email'

2019-02-07 16:38:19 - [TEST_STEP][PASSED] - Thread.sleep(1000): null

2019-02-07 16:38:20 - [TEST_STEP][PASSED] - setText(findTestObject("Object Repository/Page_Sign in - GS1 STS Server/input_Password_Password"), password): Text 'Fvrt7564' is set on object 'Object Repository/Page_Sign in - GS1 STS Server/input_Password_Password'

2019-02-07 16:38:21 - [MESSAGE][PASSED] - Text 'Fvrt7564' is set on object 'Object Repository/Page_Sign in - GS1 STS Server/input_Password_Password'

2019-02-07 16:38:21 - [TEST_STEP][PASSED] - click(findTestObject("Object Repository/Page_Sign in - GS1 STS Server/input_Password_btn btn-default")): Object: 'Object Repository/Page_Sign in - GS1 STS Server/input_Password_btn btn-default' is clicked on

2019-02-07 16:38:30 - [MESSAGE][PASSED] - Object: 'Object Repository/Page_Sign in - GS1 STS Server/input_Password_btn btn-default' is clicked on

2019-02-07 16:38:30 - [TEST_STEP][PASSED] - click(findTestObject("Object Repository/Page_GS1 Cloud BETA - Home/a_Services")): Object: 'Object Repository/Page_GS1 Cloud BETA - Home/a_Services' is clicked on

2019-02-07 16:38:30 - [MESSAGE][PASSED] - Object: 'Object Repository/Page_GS1 Cloud BETA - Home/a_Services' is clicked on

2019-02-07 16:38:30 - [TEST_STEP][PASSED] - Thread.sleep(1000): null

2019-02-07 16:38:31 - [TEST_STEP][PASSED] - click(findTestObject("Object Repository/Page_GS1 Cloud BETA - Services/a_Check")): Object: 'Object Repository/Page_GS1 Cloud BETA - Services/a_Check' is clicked on

2019-02-07 16:38:32 - [MESSAGE][PASSED] - Object: 'Object Repository/Page_GS1 Cloud BETA - Services/a_Check' is clicked on

2019-02-07 16:38:32 - [TEST_STEP][PASSED] - if (Checkgtinlength == "12345A"): null

2019-02-07 16:38:32 - [TEST_STEP][PASSED] - else: Text 'Integrity failed: Incorrect check digit.' is present on page 

2019-02-07 16:38:32 - [TEST_STEP][PASSED] - try: Object: 'Object Repository/Page_GS1 Cloud BETA - Check/button_Search' is clicked on

2019-02-07 16:38:32 - [TEST_STEP][PASSED] - setText(findTestObject("Object Repository/Page_GS1 Cloud BETA - Check/input_Global Trade Item Number"), Checkgtinlength): Text '1234678' is set on object 'Object Repository/Page_GS1 Cloud BETA - Check/input_Global Trade Item Number'

2019-02-07 16:38:35 - [MESSAGE][PASSED] - Text '1234678' is set on object 'Object Repository/Page_GS1 Cloud BETA - Check/input_Global Trade Item Number'

2019-02-07 16:38:35 - [TEST_STEP][PASSED] - click(findTestObject("Object Repository/Page_GS1 Cloud BETA - Check/button_Search")): Object: 'Object Repository/Page_GS1 Cloud BETA - Check/button_Search' is clicked on

2019-02-07 16:38:38 - [MESSAGE][PASSED] - Object: 'Object Repository/Page_GS1 Cloud BETA - Check/button_Search' is clicked on

2019-02-07 16:38:38 - [TEST_STEP][PASSED] - Finally: Text 'Integrity failed: Incorrect check digit.' is present on page 

2019-02-07 16:38:38 - [TEST_STEP][PASSED] - verifyTextPresent(validation, false): Text 'Integrity failed: Incorrect check digit.' is present on page 

2019-02-07 16:38:38 - [MESSAGE][PASSED] - Text 'Integrity failed: Incorrect check digit.' is present on page]]></system-out>
         <system-err><![CDATA[]]></system-err>
      </testcase>
      <testcase name="Test Cases/GCLD-9/Verify Valid Length of GTIN number" classname="Test Cases/GCLD-9/Verify Valid Length of GTIN number" status="PASSED">
         <system-out><![CDATA[2019-02-07 16:38:38 - [TEST_CASE][PASSED] - Test Cases/GCLD-9/Verify Valid Length of GTIN number: Test Cases/GCLD-9/Verify Valid Length of GTIN number

2019-02-07 16:38:38 - [TEST_STEP][PASSED] - openBrowser("https://cloud.test.gs1.org/gs1-portal"): Browser is opened with url: 'https://cloud.test.gs1.org/gs1-portal'

2019-02-07 16:38:38 - [MESSAGE][WARNING] - A browser is already opened. Closing browser and opening a new one

2019-02-07 16:38:38 - [MESSAGE][INFO] - Starting 'Chrome' driver

2019-02-07 16:38:43 - [MESSAGE][PASSED] - Browser is opened with url: 'https://cloud.test.gs1.org/gs1-portal'

2019-02-07 16:38:43 - [TEST_STEP][PASSED] - navigateToUrl("https://gs1-sso-customsts.azurewebsites.net/Account/LoginSelector"): Navigate to 'https://gs1-sso-customsts.azurewebsites.net/Account/LoginSelector' successfully

2019-02-07 16:38:43 - [MESSAGE][PASSED] - Navigate to 'https://gs1-sso-customsts.azurewebsites.net/Account/LoginSelector' successfully

2019-02-07 16:38:43 - [TEST_STEP][PASSED] - setText(findTestObject("Object Repository/Page_Sign in - GS1 STS Server/input_E-mail_Email"), email): Text 'GS1CloudTest@gs1.org' is set on object 'Object Repository/Page_Sign in - GS1 STS Server/input_E-mail_Email'

2019-02-07 16:38:43 - [MESSAGE][PASSED] - Text 'GS1CloudTest@gs1.org' is set on object 'Object Repository/Page_Sign in - GS1 STS Server/input_E-mail_Email'

2019-02-07 16:38:43 - [TEST_STEP][PASSED] - Thread.sleep(1000): null

2019-02-07 16:38:44 - [TEST_STEP][PASSED] - setText(findTestObject("Object Repository/Page_Sign in - GS1 STS Server/input_Password_Password"), password): Text 'Fvrt7564' is set on object 'Object Repository/Page_Sign in - GS1 STS Server/input_Password_Password'

2019-02-07 16:38:44 - [MESSAGE][PASSED] - Text 'Fvrt7564' is set on object 'Object Repository/Page_Sign in - GS1 STS Server/input_Password_Password'

2019-02-07 16:38:44 - [TEST_STEP][PASSED] - click(findTestObject("Object Repository/Page_Sign in - GS1 STS Server/input_Password_btn btn-default")): Object: 'Object Repository/Page_Sign in - GS1 STS Server/input_Password_btn btn-default' is clicked on

2019-02-07 16:38:54 - [MESSAGE][PASSED] - Object: 'Object Repository/Page_Sign in - GS1 STS Server/input_Password_btn btn-default' is clicked on

2019-02-07 16:38:54 - [TEST_STEP][PASSED] - click(findTestObject("Object Repository/Page_GS1 Cloud BETA - Home/a_Services")): Object: 'Object Repository/Page_GS1 Cloud BETA - Home/a_Services' is clicked on

2019-02-07 16:38:55 - [MESSAGE][PASSED] - Object: 'Object Repository/Page_GS1 Cloud BETA - Home/a_Services' is clicked on

2019-02-07 16:38:55 - [TEST_STEP][PASSED] - Thread.sleep(1000): null

2019-02-07 16:38:56 - [TEST_STEP][PASSED] - click(findTestObject("Object Repository/Page_GS1 Cloud BETA - Services/a_Check")): Object: 'Object Repository/Page_GS1 Cloud BETA - Services/a_Check' is clicked on

2019-02-07 16:38:57 - [MESSAGE][PASSED] - Object: 'Object Repository/Page_GS1 Cloud BETA - Services/a_Check' is clicked on

2019-02-07 16:38:57 - [TEST_STEP][PASSED] - if (Checkgtinlength == "12345A"): null

2019-02-07 16:38:57 - [TEST_STEP][PASSED] - else: Text 'Integrity failed: Incorrect check digit.' is present on page 

2019-02-07 16:38:57 - [TEST_STEP][PASSED] - try: Object: 'Object Repository/Page_GS1 Cloud BETA - Check/button_Search' is clicked on

2019-02-07 16:38:57 - [TEST_STEP][PASSED] - setText(findTestObject("Object Repository/Page_GS1 Cloud BETA - Check/input_Global Trade Item Number"), Checkgtinlength): Text '123456789' is set on object 'Object Repository/Page_GS1 Cloud BETA - Check/input_Global Trade Item Number'

2019-02-07 16:38:59 - [MESSAGE][PASSED] - Text '123456789' is set on object 'Object Repository/Page_GS1 Cloud BETA - Check/input_Global Trade Item Number'

2019-02-07 16:38:59 - [TEST_STEP][PASSED] - click(findTestObject("Object Repository/Page_GS1 Cloud BETA - Check/button_Search")): Object: 'Object Repository/Page_GS1 Cloud BETA - Check/button_Search' is clicked on

2019-02-07 16:39:01 - [MESSAGE][PASSED] - Object: 'Object Repository/Page_GS1 Cloud BETA - Check/button_Search' is clicked on

2019-02-07 16:39:01 - [TEST_STEP][PASSED] - Finally: Text 'Integrity failed: Incorrect check digit.' is present on page 

2019-02-07 16:39:01 - [TEST_STEP][PASSED] - verifyTextPresent(validation, false): Text 'Integrity failed: Incorrect check digit.' is present on page 

2019-02-07 16:39:01 - [MESSAGE][PASSED] - Text 'Integrity failed: Incorrect check digit.' is present on page]]></system-out>
         <system-err><![CDATA[]]></system-err>
      </testcase>
      <testcase name="Test Cases/GCLD-9/Verify Valid Length of GTIN number" classname="Test Cases/GCLD-9/Verify Valid Length of GTIN number" status="PASSED">
         <system-out><![CDATA[2019-02-07 16:39:01 - [TEST_CASE][PASSED] - Test Cases/GCLD-9/Verify Valid Length of GTIN number: Test Cases/GCLD-9/Verify Valid Length of GTIN number

2019-02-07 16:39:01 - [TEST_STEP][PASSED] - openBrowser("https://cloud.test.gs1.org/gs1-portal"): Browser is opened with url: 'https://cloud.test.gs1.org/gs1-portal'

2019-02-07 16:39:01 - [MESSAGE][WARNING] - A browser is already opened. Closing browser and opening a new one

2019-02-07 16:39:01 - [MESSAGE][INFO] - Starting 'Chrome' driver

2019-02-07 16:39:07 - [MESSAGE][PASSED] - Browser is opened with url: 'https://cloud.test.gs1.org/gs1-portal'

2019-02-07 16:39:07 - [TEST_STEP][PASSED] - navigateToUrl("https://gs1-sso-customsts.azurewebsites.net/Account/LoginSelector"): Navigate to 'https://gs1-sso-customsts.azurewebsites.net/Account/LoginSelector' successfully

2019-02-07 16:39:07 - [MESSAGE][PASSED] - Navigate to 'https://gs1-sso-customsts.azurewebsites.net/Account/LoginSelector' successfully

2019-02-07 16:39:07 - [TEST_STEP][PASSED] - setText(findTestObject("Object Repository/Page_Sign in - GS1 STS Server/input_E-mail_Email"), email): Text 'GS1CloudTest@gs1.org' is set on object 'Object Repository/Page_Sign in - GS1 STS Server/input_E-mail_Email'

2019-02-07 16:39:07 - [MESSAGE][PASSED] - Text 'GS1CloudTest@gs1.org' is set on object 'Object Repository/Page_Sign in - GS1 STS Server/input_E-mail_Email'

2019-02-07 16:39:07 - [TEST_STEP][PASSED] - Thread.sleep(1000): null

2019-02-07 16:39:08 - [TEST_STEP][PASSED] - setText(findTestObject("Object Repository/Page_Sign in - GS1 STS Server/input_Password_Password"), password): Text 'Fvrt7564' is set on object 'Object Repository/Page_Sign in - GS1 STS Server/input_Password_Password'

2019-02-07 16:39:08 - [MESSAGE][PASSED] - Text 'Fvrt7564' is set on object 'Object Repository/Page_Sign in - GS1 STS Server/input_Password_Password'

2019-02-07 16:39:08 - [TEST_STEP][PASSED] - click(findTestObject("Object Repository/Page_Sign in - GS1 STS Server/input_Password_btn btn-default")): Object: 'Object Repository/Page_Sign in - GS1 STS Server/input_Password_btn btn-default' is clicked on

2019-02-07 16:39:17 - [MESSAGE][PASSED] - Object: 'Object Repository/Page_Sign in - GS1 STS Server/input_Password_btn btn-default' is clicked on

2019-02-07 16:39:17 - [TEST_STEP][PASSED] - click(findTestObject("Object Repository/Page_GS1 Cloud BETA - Home/a_Services")): Object: 'Object Repository/Page_GS1 Cloud BETA - Home/a_Services' is clicked on

2019-02-07 16:39:17 - [MESSAGE][PASSED] - Object: 'Object Repository/Page_GS1 Cloud BETA - Home/a_Services' is clicked on

2019-02-07 16:39:17 - [TEST_STEP][PASSED] - Thread.sleep(1000): null

2019-02-07 16:39:18 - [TEST_STEP][PASSED] - click(findTestObject("Object Repository/Page_GS1 Cloud BETA - Services/a_Check")): Object: 'Object Repository/Page_GS1 Cloud BETA - Services/a_Check' is clicked on

2019-02-07 16:39:19 - [MESSAGE][PASSED] - Object: 'Object Repository/Page_GS1 Cloud BETA - Services/a_Check' is clicked on

2019-02-07 16:39:19 - [TEST_STEP][PASSED] - if (Checkgtinlength == "12345A"): null

2019-02-07 16:39:19 - [TEST_STEP][PASSED] - else: Text 'Integrity failed: Incorrect check digit.' is present on page 

2019-02-07 16:39:19 - [TEST_STEP][PASSED] - try: Object: 'Object Repository/Page_GS1 Cloud BETA - Check/button_Search' is clicked on

2019-02-07 16:39:19 - [TEST_STEP][PASSED] - setText(findTestObject("Object Repository/Page_GS1 Cloud BETA - Check/input_Global Trade Item Number"), Checkgtinlength): Text '1123456789' is set on object 'Object Repository/Page_GS1 Cloud BETA - Check/input_Global Trade Item Number'

2019-02-07 16:39:23 - [MESSAGE][PASSED] - Text '1123456789' is set on object 'Object Repository/Page_GS1 Cloud BETA - Check/input_Global Trade Item Number'

2019-02-07 16:39:23 - [TEST_STEP][PASSED] - click(findTestObject("Object Repository/Page_GS1 Cloud BETA - Check/button_Search")): Object: 'Object Repository/Page_GS1 Cloud BETA - Check/button_Search' is clicked on

2019-02-07 16:39:26 - [MESSAGE][PASSED] - Object: 'Object Repository/Page_GS1 Cloud BETA - Check/button_Search' is clicked on

2019-02-07 16:39:26 - [TEST_STEP][PASSED] - Finally: Text 'Integrity failed: Incorrect check digit.' is present on page 

2019-02-07 16:39:26 - [TEST_STEP][PASSED] - verifyTextPresent(validation, false): Text 'Integrity failed: Incorrect check digit.' is present on page 

2019-02-07 16:39:26 - [MESSAGE][PASSED] - Text 'Integrity failed: Incorrect check digit.' is present on page]]></system-out>
         <system-err><![CDATA[]]></system-err>
      </testcase>
      <testcase name="Test Cases/GCLD-9/Verify Valid Length of GTIN number" classname="Test Cases/GCLD-9/Verify Valid Length of GTIN number" status="PASSED">
         <system-out><![CDATA[2019-02-07 16:39:26 - [TEST_CASE][PASSED] - Test Cases/GCLD-9/Verify Valid Length of GTIN number: Test Cases/GCLD-9/Verify Valid Length of GTIN number

2019-02-07 16:39:26 - [TEST_STEP][PASSED] - openBrowser("https://cloud.test.gs1.org/gs1-portal"): Browser is opened with url: 'https://cloud.test.gs1.org/gs1-portal'

2019-02-07 16:39:26 - [MESSAGE][WARNING] - A browser is already opened. Closing browser and opening a new one

2019-02-07 16:39:26 - [MESSAGE][INFO] - Starting 'Chrome' driver

2019-02-07 16:39:32 - [MESSAGE][PASSED] - Browser is opened with url: 'https://cloud.test.gs1.org/gs1-portal'

2019-02-07 16:39:32 - [TEST_STEP][PASSED] - navigateToUrl("https://gs1-sso-customsts.azurewebsites.net/Account/LoginSelector"): Navigate to 'https://gs1-sso-customsts.azurewebsites.net/Account/LoginSelector' successfully

2019-02-07 16:39:32 - [MESSAGE][PASSED] - Navigate to 'https://gs1-sso-customsts.azurewebsites.net/Account/LoginSelector' successfully

2019-02-07 16:39:32 - [TEST_STEP][PASSED] - setText(findTestObject("Object Repository/Page_Sign in - GS1 STS Server/input_E-mail_Email"), email): Text 'GS1CloudTest@gs1.org' is set on object 'Object Repository/Page_Sign in - GS1 STS Server/input_E-mail_Email'

2019-02-07 16:39:32 - [MESSAGE][PASSED] - Text 'GS1CloudTest@gs1.org' is set on object 'Object Repository/Page_Sign in - GS1 STS Server/input_E-mail_Email'

2019-02-07 16:39:32 - [TEST_STEP][PASSED] - Thread.sleep(1000): null

2019-02-07 16:39:33 - [TEST_STEP][PASSED] - setText(findTestObject("Object Repository/Page_Sign in - GS1 STS Server/input_Password_Password"), password): Text 'Fvrt7564' is set on object 'Object Repository/Page_Sign in - GS1 STS Server/input_Password_Password'

2019-02-07 16:39:33 - [MESSAGE][PASSED] - Text 'Fvrt7564' is set on object 'Object Repository/Page_Sign in - GS1 STS Server/input_Password_Password'

2019-02-07 16:39:33 - [TEST_STEP][PASSED] - click(findTestObject("Object Repository/Page_Sign in - GS1 STS Server/input_Password_btn btn-default")): Object: 'Object Repository/Page_Sign in - GS1 STS Server/input_Password_btn btn-default' is clicked on

2019-02-07 16:39:42 - [MESSAGE][PASSED] - Object: 'Object Repository/Page_Sign in - GS1 STS Server/input_Password_btn btn-default' is clicked on

2019-02-07 16:39:42 - [TEST_STEP][PASSED] - click(findTestObject("Object Repository/Page_GS1 Cloud BETA - Home/a_Services")): Object: 'Object Repository/Page_GS1 Cloud BETA - Home/a_Services' is clicked on

2019-02-07 16:39:42 - [MESSAGE][PASSED] - Object: 'Object Repository/Page_GS1 Cloud BETA - Home/a_Services' is clicked on

2019-02-07 16:39:42 - [TEST_STEP][PASSED] - Thread.sleep(1000): null

2019-02-07 16:39:43 - [TEST_STEP][PASSED] - click(findTestObject("Object Repository/Page_GS1 Cloud BETA - Services/a_Check")): Object: 'Object Repository/Page_GS1 Cloud BETA - Services/a_Check' is clicked on

2019-02-07 16:39:45 - [MESSAGE][PASSED] - Object: 'Object Repository/Page_GS1 Cloud BETA - Services/a_Check' is clicked on

2019-02-07 16:39:45 - [TEST_STEP][PASSED] - if (Checkgtinlength == "12345A"): null

2019-02-07 16:39:45 - [TEST_STEP][PASSED] - else: Text 'Integrity failed: Incorrect check digit.' is present on page 

2019-02-07 16:39:45 - [TEST_STEP][PASSED] - try: Object: 'Object Repository/Page_GS1 Cloud BETA - Check/button_Search' is clicked on

2019-02-07 16:39:45 - [TEST_STEP][PASSED] - setText(findTestObject("Object Repository/Page_GS1 Cloud BETA - Check/input_Global Trade Item Number"), Checkgtinlength): Text '11123456789' is set on object 'Object Repository/Page_GS1 Cloud BETA - Check/input_Global Trade Item Number'

2019-02-07 16:39:48 - [MESSAGE][PASSED] - Text '11123456789' is set on object 'Object Repository/Page_GS1 Cloud BETA - Check/input_Global Trade Item Number'

2019-02-07 16:39:48 - [TEST_STEP][PASSED] - click(findTestObject("Object Repository/Page_GS1 Cloud BETA - Check/button_Search")): Object: 'Object Repository/Page_GS1 Cloud BETA - Check/button_Search' is clicked on

2019-02-07 16:39:50 - [MESSAGE][PASSED] - Object: 'Object Repository/Page_GS1 Cloud BETA - Check/button_Search' is clicked on

2019-02-07 16:39:50 - [TEST_STEP][PASSED] - Finally: Text 'Integrity failed: Incorrect check digit.' is present on page 

2019-02-07 16:39:50 - [TEST_STEP][PASSED] - verifyTextPresent(validation, false): Text 'Integrity failed: Incorrect check digit.' is present on page 

2019-02-07 16:39:50 - [MESSAGE][PASSED] - Text 'Integrity failed: Incorrect check digit.' is present on page]]></system-out>
         <system-err><![CDATA[]]></system-err>
      </testcase>
      <testcase name="Test Cases/GCLD-9/Verify Valid Length of GTIN number" classname="Test Cases/GCLD-9/Verify Valid Length of GTIN number" status="PASSED">
         <system-out><![CDATA[2019-02-07 16:39:50 - [TEST_CASE][PASSED] - Test Cases/GCLD-9/Verify Valid Length of GTIN number: Test Cases/GCLD-9/Verify Valid Length of GTIN number

2019-02-07 16:39:50 - [TEST_STEP][PASSED] - openBrowser("https://cloud.test.gs1.org/gs1-portal"): Browser is opened with url: 'https://cloud.test.gs1.org/gs1-portal'

2019-02-07 16:39:50 - [MESSAGE][WARNING] - A browser is already opened. Closing browser and opening a new one

2019-02-07 16:39:50 - [MESSAGE][INFO] - Starting 'Chrome' driver

2019-02-07 16:39:57 - [MESSAGE][PASSED] - Browser is opened with url: 'https://cloud.test.gs1.org/gs1-portal'

2019-02-07 16:39:57 - [TEST_STEP][PASSED] - navigateToUrl("https://gs1-sso-customsts.azurewebsites.net/Account/LoginSelector"): Navigate to 'https://gs1-sso-customsts.azurewebsites.net/Account/LoginSelector' successfully

2019-02-07 16:39:58 - [MESSAGE][PASSED] - Navigate to 'https://gs1-sso-customsts.azurewebsites.net/Account/LoginSelector' successfully

2019-02-07 16:39:58 - [TEST_STEP][PASSED] - setText(findTestObject("Object Repository/Page_Sign in - GS1 STS Server/input_E-mail_Email"), email): Text 'GS1CloudTest@gs1.org' is set on object 'Object Repository/Page_Sign in - GS1 STS Server/input_E-mail_Email'

2019-02-07 16:39:58 - [MESSAGE][PASSED] - Text 'GS1CloudTest@gs1.org' is set on object 'Object Repository/Page_Sign in - GS1 STS Server/input_E-mail_Email'

2019-02-07 16:39:58 - [TEST_STEP][PASSED] - Thread.sleep(1000): null

2019-02-07 16:39:59 - [TEST_STEP][PASSED] - setText(findTestObject("Object Repository/Page_Sign in - GS1 STS Server/input_Password_Password"), password): Text 'Fvrt7564' is set on object 'Object Repository/Page_Sign in - GS1 STS Server/input_Password_Password'

2019-02-07 16:39:59 - [MESSAGE][PASSED] - Text 'Fvrt7564' is set on object 'Object Repository/Page_Sign in - GS1 STS Server/input_Password_Password'

2019-02-07 16:39:59 - [TEST_STEP][PASSED] - click(findTestObject("Object Repository/Page_Sign in - GS1 STS Server/input_Password_btn btn-default")): Object: 'Object Repository/Page_Sign in - GS1 STS Server/input_Password_btn btn-default' is clicked on

2019-02-07 16:40:07 - [MESSAGE][PASSED] - Object: 'Object Repository/Page_Sign in - GS1 STS Server/input_Password_btn btn-default' is clicked on

2019-02-07 16:40:07 - [TEST_STEP][PASSED] - click(findTestObject("Object Repository/Page_GS1 Cloud BETA - Home/a_Services")): Object: 'Object Repository/Page_GS1 Cloud BETA - Home/a_Services' is clicked on

2019-02-07 16:40:07 - [MESSAGE][PASSED] - Object: 'Object Repository/Page_GS1 Cloud BETA - Home/a_Services' is clicked on

2019-02-07 16:40:07 - [TEST_STEP][PASSED] - Thread.sleep(1000): null

2019-02-07 16:40:08 - [TEST_STEP][PASSED] - click(findTestObject("Object Repository/Page_GS1 Cloud BETA - Services/a_Check")): Object: 'Object Repository/Page_GS1 Cloud BETA - Services/a_Check' is clicked on

2019-02-07 16:40:10 - [MESSAGE][PASSED] - Object: 'Object Repository/Page_GS1 Cloud BETA - Services/a_Check' is clicked on

2019-02-07 16:40:10 - [TEST_STEP][PASSED] - if (Checkgtinlength == "12345A"): null

2019-02-07 16:40:10 - [TEST_STEP][PASSED] - else: Text 'Integrity failed: Incorrect check digit.' is present on page 

2019-02-07 16:40:10 - [TEST_STEP][PASSED] - try: Object: 'Object Repository/Page_GS1 Cloud BETA - Check/button_Search' is clicked on

2019-02-07 16:40:10 - [TEST_STEP][PASSED] - setText(findTestObject("Object Repository/Page_GS1 Cloud BETA - Check/input_Global Trade Item Number"), Checkgtinlength): Text '111123456789' is set on object 'Object Repository/Page_GS1 Cloud BETA - Check/input_Global Trade Item Number'

2019-02-07 16:40:13 - [MESSAGE][PASSED] - Text '111123456789' is set on object 'Object Repository/Page_GS1 Cloud BETA - Check/input_Global Trade Item Number'

2019-02-07 16:40:13 - [TEST_STEP][PASSED] - click(findTestObject("Object Repository/Page_GS1 Cloud BETA - Check/button_Search")): Object: 'Object Repository/Page_GS1 Cloud BETA - Check/button_Search' is clicked on

2019-02-07 16:40:15 - [MESSAGE][PASSED] - Object: 'Object Repository/Page_GS1 Cloud BETA - Check/button_Search' is clicked on

2019-02-07 16:40:15 - [TEST_STEP][PASSED] - Finally: Text 'Integrity failed: Incorrect check digit.' is present on page 

2019-02-07 16:40:15 - [TEST_STEP][PASSED] - verifyTextPresent(validation, false): Text 'Integrity failed: Incorrect check digit.' is present on page 

2019-02-07 16:40:15 - [MESSAGE][PASSED] - Text 'Integrity failed: Incorrect check digit.' is present on page]]></system-out>
         <system-err><![CDATA[]]></system-err>
      </testcase>
      <testcase name="Test Cases/GCLD-9/Verify Valid Length of GTIN number" classname="Test Cases/GCLD-9/Verify Valid Length of GTIN number" status="PASSED">
         <system-out><![CDATA[2019-02-07 16:40:15 - [TEST_CASE][PASSED] - Test Cases/GCLD-9/Verify Valid Length of GTIN number: Test Cases/GCLD-9/Verify Valid Length of GTIN number

2019-02-07 16:40:15 - [TEST_STEP][PASSED] - openBrowser("https://cloud.test.gs1.org/gs1-portal"): Browser is opened with url: 'https://cloud.test.gs1.org/gs1-portal'

2019-02-07 16:40:15 - [MESSAGE][WARNING] - A browser is already opened. Closing browser and opening a new one

2019-02-07 16:40:15 - [MESSAGE][INFO] - Starting 'Chrome' driver

2019-02-07 16:40:21 - [MESSAGE][PASSED] - Browser is opened with url: 'https://cloud.test.gs1.org/gs1-portal'

2019-02-07 16:40:21 - [TEST_STEP][PASSED] - navigateToUrl("https://gs1-sso-customsts.azurewebsites.net/Account/LoginSelector"): Navigate to 'https://gs1-sso-customsts.azurewebsites.net/Account/LoginSelector' successfully

2019-02-07 16:40:21 - [MESSAGE][PASSED] - Navigate to 'https://gs1-sso-customsts.azurewebsites.net/Account/LoginSelector' successfully

2019-02-07 16:40:21 - [TEST_STEP][PASSED] - setText(findTestObject("Object Repository/Page_Sign in - GS1 STS Server/input_E-mail_Email"), email): Text 'GS1CloudTest@gs1.org' is set on object 'Object Repository/Page_Sign in - GS1 STS Server/input_E-mail_Email'

2019-02-07 16:40:21 - [MESSAGE][PASSED] - Text 'GS1CloudTest@gs1.org' is set on object 'Object Repository/Page_Sign in - GS1 STS Server/input_E-mail_Email'

2019-02-07 16:40:21 - [TEST_STEP][PASSED] - Thread.sleep(1000): null

2019-02-07 16:40:22 - [TEST_STEP][PASSED] - setText(findTestObject("Object Repository/Page_Sign in - GS1 STS Server/input_Password_Password"), password): Text 'Fvrt7564' is set on object 'Object Repository/Page_Sign in - GS1 STS Server/input_Password_Password'

2019-02-07 16:40:22 - [MESSAGE][PASSED] - Text 'Fvrt7564' is set on object 'Object Repository/Page_Sign in - GS1 STS Server/input_Password_Password'

2019-02-07 16:40:22 - [TEST_STEP][PASSED] - click(findTestObject("Object Repository/Page_Sign in - GS1 STS Server/input_Password_btn btn-default")): Object: 'Object Repository/Page_Sign in - GS1 STS Server/input_Password_btn btn-default' is clicked on

2019-02-07 16:40:32 - [MESSAGE][PASSED] - Object: 'Object Repository/Page_Sign in - GS1 STS Server/input_Password_btn btn-default' is clicked on

2019-02-07 16:40:32 - [TEST_STEP][PASSED] - click(findTestObject("Object Repository/Page_GS1 Cloud BETA - Home/a_Services")): Object: 'Object Repository/Page_GS1 Cloud BETA - Home/a_Services' is clicked on

2019-02-07 16:40:32 - [MESSAGE][PASSED] - Object: 'Object Repository/Page_GS1 Cloud BETA - Home/a_Services' is clicked on

2019-02-07 16:40:32 - [TEST_STEP][PASSED] - Thread.sleep(1000): null

2019-02-07 16:40:33 - [TEST_STEP][PASSED] - click(findTestObject("Object Repository/Page_GS1 Cloud BETA - Services/a_Check")): Object: 'Object Repository/Page_GS1 Cloud BETA - Services/a_Check' is clicked on

2019-02-07 16:40:34 - [MESSAGE][PASSED] - Object: 'Object Repository/Page_GS1 Cloud BETA - Services/a_Check' is clicked on

2019-02-07 16:40:34 - [TEST_STEP][PASSED] - if (Checkgtinlength == "12345A"): null

2019-02-07 16:40:34 - [TEST_STEP][PASSED] - else: Text 'Integrity failed: Incorrect check digit.' is present on page 

2019-02-07 16:40:34 - [TEST_STEP][PASSED] - try: Object: 'Object Repository/Page_GS1 Cloud BETA - Check/button_Search' is clicked on

2019-02-07 16:40:34 - [TEST_STEP][PASSED] - setText(findTestObject("Object Repository/Page_GS1 Cloud BETA - Check/input_Global Trade Item Number"), Checkgtinlength): Text '1111123456789' is set on object 'Object Repository/Page_GS1 Cloud BETA - Check/input_Global Trade Item Number'

2019-02-07 16:40:37 - [MESSAGE][PASSED] - Text '1111123456789' is set on object 'Object Repository/Page_GS1 Cloud BETA - Check/input_Global Trade Item Number'

2019-02-07 16:40:37 - [TEST_STEP][PASSED] - click(findTestObject("Object Repository/Page_GS1 Cloud BETA - Check/button_Search")): Object: 'Object Repository/Page_GS1 Cloud BETA - Check/button_Search' is clicked on

2019-02-07 16:40:39 - [MESSAGE][PASSED] - Object: 'Object Repository/Page_GS1 Cloud BETA - Check/button_Search' is clicked on

2019-02-07 16:40:39 - [TEST_STEP][PASSED] - Finally: Text 'Integrity failed: Incorrect check digit.' is present on page 

2019-02-07 16:40:39 - [TEST_STEP][PASSED] - verifyTextPresent(validation, false): Text 'Integrity failed: Incorrect check digit.' is present on page 

2019-02-07 16:40:39 - [MESSAGE][PASSED] - Text 'Integrity failed: Incorrect check digit.' is present on page]]></system-out>
         <system-err><![CDATA[]]></system-err>
      </testcase>
      <testcase name="Test Cases/GCLD-9/Verify Valid Length of GTIN number" classname="Test Cases/GCLD-9/Verify Valid Length of GTIN number" status="PASSED">
         <system-out><![CDATA[2019-02-07 16:40:39 - [TEST_CASE][PASSED] - Test Cases/GCLD-9/Verify Valid Length of GTIN number: Test Cases/GCLD-9/Verify Valid Length of GTIN number

2019-02-07 16:40:39 - [TEST_STEP][PASSED] - openBrowser("https://cloud.test.gs1.org/gs1-portal"): Browser is opened with url: 'https://cloud.test.gs1.org/gs1-portal'

2019-02-07 16:40:39 - [MESSAGE][WARNING] - A browser is already opened. Closing browser and opening a new one

2019-02-07 16:40:39 - [MESSAGE][INFO] - Starting 'Chrome' driver

2019-02-07 16:40:44 - [MESSAGE][PASSED] - Browser is opened with url: 'https://cloud.test.gs1.org/gs1-portal'

2019-02-07 16:40:44 - [TEST_STEP][PASSED] - navigateToUrl("https://gs1-sso-customsts.azurewebsites.net/Account/LoginSelector"): Navigate to 'https://gs1-sso-customsts.azurewebsites.net/Account/LoginSelector' successfully

2019-02-07 16:40:44 - [MESSAGE][PASSED] - Navigate to 'https://gs1-sso-customsts.azurewebsites.net/Account/LoginSelector' successfully

2019-02-07 16:40:44 - [TEST_STEP][PASSED] - setText(findTestObject("Object Repository/Page_Sign in - GS1 STS Server/input_E-mail_Email"), email): Text 'GS1CloudTest@gs1.org' is set on object 'Object Repository/Page_Sign in - GS1 STS Server/input_E-mail_Email'

2019-02-07 16:40:45 - [MESSAGE][PASSED] - Text 'GS1CloudTest@gs1.org' is set on object 'Object Repository/Page_Sign in - GS1 STS Server/input_E-mail_Email'

2019-02-07 16:40:45 - [TEST_STEP][PASSED] - Thread.sleep(1000): null

2019-02-07 16:40:46 - [TEST_STEP][PASSED] - setText(findTestObject("Object Repository/Page_Sign in - GS1 STS Server/input_Password_Password"), password): Text 'Fvrt7564' is set on object 'Object Repository/Page_Sign in - GS1 STS Server/input_Password_Password'

2019-02-07 16:40:46 - [MESSAGE][PASSED] - Text 'Fvrt7564' is set on object 'Object Repository/Page_Sign in - GS1 STS Server/input_Password_Password'

2019-02-07 16:40:46 - [TEST_STEP][PASSED] - click(findTestObject("Object Repository/Page_Sign in - GS1 STS Server/input_Password_btn btn-default")): Object: 'Object Repository/Page_Sign in - GS1 STS Server/input_Password_btn btn-default' is clicked on

2019-02-07 16:40:54 - [MESSAGE][PASSED] - Object: 'Object Repository/Page_Sign in - GS1 STS Server/input_Password_btn btn-default' is clicked on

2019-02-07 16:40:54 - [TEST_STEP][PASSED] - click(findTestObject("Object Repository/Page_GS1 Cloud BETA - Home/a_Services")): Object: 'Object Repository/Page_GS1 Cloud BETA - Home/a_Services' is clicked on

2019-02-07 16:40:54 - [MESSAGE][PASSED] - Object: 'Object Repository/Page_GS1 Cloud BETA - Home/a_Services' is clicked on

2019-02-07 16:40:54 - [TEST_STEP][PASSED] - Thread.sleep(1000): null

2019-02-07 16:40:55 - [TEST_STEP][PASSED] - click(findTestObject("Object Repository/Page_GS1 Cloud BETA - Services/a_Check")): Object: 'Object Repository/Page_GS1 Cloud BETA - Services/a_Check' is clicked on

2019-02-07 16:40:56 - [MESSAGE][PASSED] - Object: 'Object Repository/Page_GS1 Cloud BETA - Services/a_Check' is clicked on

2019-02-07 16:40:56 - [TEST_STEP][PASSED] - if (Checkgtinlength == "12345A"): null

2019-02-07 16:40:56 - [TEST_STEP][PASSED] - else: Text 'Integrity failed: Incorrect check digit.' is present on page 

2019-02-07 16:40:56 - [TEST_STEP][PASSED] - try: Object: 'Object Repository/Page_GS1 Cloud BETA - Check/button_Search' is clicked on

2019-02-07 16:40:56 - [TEST_STEP][PASSED] - setText(findTestObject("Object Repository/Page_GS1 Cloud BETA - Check/input_Global Trade Item Number"), Checkgtinlength): Text '11111123456789' is set on object 'Object Repository/Page_GS1 Cloud BETA - Check/input_Global Trade Item Number'

2019-02-07 16:40:58 - [MESSAGE][PASSED] - Text '11111123456789' is set on object 'Object Repository/Page_GS1 Cloud BETA - Check/input_Global Trade Item Number'

2019-02-07 16:40:58 - [TEST_STEP][PASSED] - click(findTestObject("Object Repository/Page_GS1 Cloud BETA - Check/button_Search")): Object: 'Object Repository/Page_GS1 Cloud BETA - Check/button_Search' is clicked on

2019-02-07 16:41:01 - [MESSAGE][PASSED] - Object: 'Object Repository/Page_GS1 Cloud BETA - Check/button_Search' is clicked on

2019-02-07 16:41:01 - [TEST_STEP][PASSED] - Finally: Text 'Integrity failed: Incorrect check digit.' is present on page 

2019-02-07 16:41:01 - [TEST_STEP][PASSED] - verifyTextPresent(validation, false): Text 'Integrity failed: Incorrect check digit.' is present on page 

2019-02-07 16:41:01 - [MESSAGE][PASSED] - Text 'Integrity failed: Incorrect check digit.' is present on page]]></system-out>
         <system-err><![CDATA[]]></system-err>
      </testcase>
      <testcase name="Test Cases/GCLD-9/Verify Valid Length of GTIN number" classname="Test Cases/GCLD-9/Verify Valid Length of GTIN number" status="FAILED">
         <failure type="FAILED" message="Test Cases/GCLD-9/Verify Valid Length of GTIN number FAILED.
Reason:
com.kms.katalon.core.exception.StepFailedException: Unable to verify text 'Global Trade Item Number is required.' is present  (Root cause: com.kms.katalon.core.exception.StepFailedException: Text 'Global Trade Item Number is required.' is not present on page )
	at com.kms.katalon.core.keyword.internal.KeywordMain.stepFailed(KeywordMain.groovy:36)
	at com.kms.katalon.core.webui.keyword.internal.WebUIKeywordMain.stepFailed(WebUIKeywordMain.groovy:65)
	at com.kms.katalon.core.webui.keyword.internal.WebUIKeywordMain.runKeyword(WebUIKeywordMain.groovy:27)
	at com.kms.katalon.core.webui.keyword.builtin.VerifyTextPresentKeyword.verifyTextPresent(VerifyTextPresentKeyword.groovy:83)
	at com.kms.katalon.core.webui.keyword.builtin.VerifyTextPresentKeyword.execute(VerifyTextPresentKeyword.groovy:68)
	at com.kms.katalon.core.keyword.internal.KeywordExecutor.executeKeywordForPlatform(KeywordExecutor.groovy:53)
	at com.kms.katalon.core.webui.keyword.WebUiBuiltInKeywords.verifyTextPresent(WebUiBuiltInKeywords.groovy:1693)
	at com.kms.katalon.core.webui.keyword.WebUiBuiltInKeywords$verifyTextPresent$3.call(Unknown Source)
	at Verify Valid Length of GTIN number.run(Verify Valid Length of GTIN number:52)
	at com.kms.katalon.core.main.ScriptEngine.run(ScriptEngine.java:194)
	at com.kms.katalon.core.main.ScriptEngine.runScriptAsRawText(ScriptEngine.java:119)
	at com.kms.katalon.core.main.TestCaseExecutor.runScript(TestCaseExecutor.java:328)
	at com.kms.katalon.core.main.TestCaseExecutor.doExecute(TestCaseExecutor.java:319)
	at com.kms.katalon.core.main.TestCaseExecutor.processExecutionPhase(TestCaseExecutor.java:298)
	at com.kms.katalon.core.main.TestCaseExecutor.accessMainPhase(TestCaseExecutor.java:290)
	at com.kms.katalon.core.main.TestCaseExecutor.execute(TestCaseExecutor.java:224)
	at com.kms.katalon.core.main.TestSuiteExecutor.accessTestCaseMainPhase(TestSuiteExecutor.java:129)
	at com.kms.katalon.core.main.TestSuiteExecutor.accessTestSuiteMainPhase(TestSuiteExecutor.java:112)
	at com.kms.katalon.core.main.TestSuiteExecutor.execute(TestSuiteExecutor.java:81)
	at com.kms.katalon.core.main.TestCaseMain.startTestSuite(TestCaseMain.java:149)
	at com.kms.katalon.core.main.TestCaseMain$startTestSuite$0.call(Unknown Source)
	at TempTestSuite1549537497284.run(TempTestSuite1549537497284.groovy:36)
"/>
         <system-out><![CDATA[2019-02-07 16:41:01 - [TEST_CASE][FAILED] - Test Cases/GCLD-9/Verify Valid Length of GTIN number: Test Cases/GCLD-9/Verify Valid Length of GTIN number FAILED.
Reason:
com.kms.katalon.core.exception.StepFailedException: Unable to verify text 'Global Trade Item Number is required.' is present  (Root cause: com.kms.katalon.core.exception.StepFailedException: Text 'Global Trade Item Number is required.' is not present on page )
	at com.kms.katalon.core.keyword.internal.KeywordMain.stepFailed(KeywordMain.groovy:36)
	at com.kms.katalon.core.webui.keyword.internal.WebUIKeywordMain.stepFailed(WebUIKeywordMain.groovy:65)
	at com.kms.katalon.core.webui.keyword.internal.WebUIKeywordMain.runKeyword(WebUIKeywordMain.groovy:27)
	at com.kms.katalon.core.webui.keyword.builtin.VerifyTextPresentKeyword.verifyTextPresent(VerifyTextPresentKeyword.groovy:83)
	at com.kms.katalon.core.webui.keyword.builtin.VerifyTextPresentKeyword.execute(VerifyTextPresentKeyword.groovy:68)
	at com.kms.katalon.core.keyword.internal.KeywordExecutor.executeKeywordForPlatform(KeywordExecutor.groovy:53)
	at com.kms.katalon.core.webui.keyword.WebUiBuiltInKeywords.verifyTextPresent(WebUiBuiltInKeywords.groovy:1693)
	at com.kms.katalon.core.webui.keyword.WebUiBuiltInKeywords$verifyTextPresent$3.call(Unknown Source)
	at Verify Valid Length of GTIN number.run(Verify Valid Length of GTIN number:52)
	at com.kms.katalon.core.main.ScriptEngine.run(ScriptEngine.java:194)
	at com.kms.katalon.core.main.ScriptEngine.runScriptAsRawText(ScriptEngine.java:119)
	at com.kms.katalon.core.main.TestCaseExecutor.runScript(TestCaseExecutor.java:328)
	at com.kms.katalon.core.main.TestCaseExecutor.doExecute(TestCaseExecutor.java:319)
	at com.kms.katalon.core.main.TestCaseExecutor.processExecutionPhase(TestCaseExecutor.java:298)
	at com.kms.katalon.core.main.TestCaseExecutor.accessMainPhase(TestCaseExecutor.java:290)
	at com.kms.katalon.core.main.TestCaseExecutor.execute(TestCaseExecutor.java:224)
	at com.kms.katalon.core.main.TestSuiteExecutor.accessTestCaseMainPhase(TestSuiteExecutor.java:129)
	at com.kms.katalon.core.main.TestSuiteExecutor.accessTestSuiteMainPhase(TestSuiteExecutor.java:112)
	at com.kms.katalon.core.main.TestSuiteExecutor.execute(TestSuiteExecutor.java:81)
	at com.kms.katalon.core.main.TestCaseMain.startTestSuite(TestCaseMain.java:149)
	at com.kms.katalon.core.main.TestCaseMain$startTestSuite$0.call(Unknown Source)
	at TempTestSuite1549537497284.run(TempTestSuite1549537497284.groovy:36)


2019-02-07 16:41:01 - [TEST_STEP][PASSED] - openBrowser("https://cloud.test.gs1.org/gs1-portal"): Browser is opened with url: 'https://cloud.test.gs1.org/gs1-portal'

2019-02-07 16:41:01 - [MESSAGE][WARNING] - A browser is already opened. Closing browser and opening a new one

2019-02-07 16:41:01 - [MESSAGE][INFO] - Starting 'Chrome' driver

2019-02-07 16:41:08 - [MESSAGE][PASSED] - Browser is opened with url: 'https://cloud.test.gs1.org/gs1-portal'

2019-02-07 16:41:08 - [TEST_STEP][PASSED] - navigateToUrl("https://gs1-sso-customsts.azurewebsites.net/Account/LoginSelector"): Navigate to 'https://gs1-sso-customsts.azurewebsites.net/Account/LoginSelector' successfully

2019-02-07 16:41:09 - [MESSAGE][PASSED] - Navigate to 'https://gs1-sso-customsts.azurewebsites.net/Account/LoginSelector' successfully

2019-02-07 16:41:09 - [TEST_STEP][PASSED] - setText(findTestObject("Object Repository/Page_Sign in - GS1 STS Server/input_E-mail_Email"), email): Text 'GS1CloudTest@gs1.org' is set on object 'Object Repository/Page_Sign in - GS1 STS Server/input_E-mail_Email'

2019-02-07 16:41:09 - [MESSAGE][PASSED] - Text 'GS1CloudTest@gs1.org' is set on object 'Object Repository/Page_Sign in - GS1 STS Server/input_E-mail_Email'

2019-02-07 16:41:09 - [TEST_STEP][PASSED] - Thread.sleep(1000): null

2019-02-07 16:41:10 - [TEST_STEP][PASSED] - setText(findTestObject("Object Repository/Page_Sign in - GS1 STS Server/input_Password_Password"), password): Text 'Fvrt7564' is set on object 'Object Repository/Page_Sign in - GS1 STS Server/input_Password_Password'

2019-02-07 16:41:10 - [MESSAGE][PASSED] - Text 'Fvrt7564' is set on object 'Object Repository/Page_Sign in - GS1 STS Server/input_Password_Password'

2019-02-07 16:41:10 - [TEST_STEP][PASSED] - click(findTestObject("Object Repository/Page_Sign in - GS1 STS Server/input_Password_btn btn-default")): Object: 'Object Repository/Page_Sign in - GS1 STS Server/input_Password_btn btn-default' is clicked on

2019-02-07 16:41:20 - [MESSAGE][PASSED] - Object: 'Object Repository/Page_Sign in - GS1 STS Server/input_Password_btn btn-default' is clicked on

2019-02-07 16:41:20 - [TEST_STEP][PASSED] - click(findTestObject("Object Repository/Page_GS1 Cloud BETA - Home/a_Services")): Object: 'Object Repository/Page_GS1 Cloud BETA - Home/a_Services' is clicked on

2019-02-07 16:41:20 - [MESSAGE][PASSED] - Object: 'Object Repository/Page_GS1 Cloud BETA - Home/a_Services' is clicked on

2019-02-07 16:41:20 - [TEST_STEP][PASSED] - Thread.sleep(1000): null

2019-02-07 16:41:21 - [TEST_STEP][PASSED] - click(findTestObject("Object Repository/Page_GS1 Cloud BETA - Services/a_Check")): Object: 'Object Repository/Page_GS1 Cloud BETA - Services/a_Check' is clicked on

2019-02-07 16:41:22 - [MESSAGE][PASSED] - Object: 'Object Repository/Page_GS1 Cloud BETA - Services/a_Check' is clicked on

2019-02-07 16:41:22 - [TEST_STEP][PASSED] - if (Checkgtinlength == "12345A"): null

2019-02-07 16:41:22 - [TEST_STEP][FAILED] - else: else FAILED.
Reason:
com.kms.katalon.core.exception.StepFailedException: Unable to verify text 'Global Trade Item Number is required.' is present  (Root cause: com.kms.katalon.core.exception.StepFailedException: Text 'Global Trade Item Number is required.' is not present on page )
	at com.kms.katalon.core.keyword.internal.KeywordMain.stepFailed(KeywordMain.groovy:36)
	at com.kms.katalon.core.webui.keyword.internal.WebUIKeywordMain.stepFailed(WebUIKeywordMain.groovy:65)
	at com.kms.katalon.core.webui.keyword.internal.WebUIKeywordMain.runKeyword(WebUIKeywordMain.groovy:27)
	at com.kms.katalon.core.webui.keyword.builtin.VerifyTextPresentKeyword.verifyTextPresent(VerifyTextPresentKeyword.groovy:83)
	at com.kms.katalon.core.webui.keyword.builtin.VerifyTextPresentKeyword.execute(VerifyTextPresentKeyword.groovy:68)
	at com.kms.katalon.core.keyword.internal.KeywordExecutor.executeKeywordForPlatform(KeywordExecutor.groovy:53)
	at com.kms.katalon.core.webui.keyword.WebUiBuiltInKeywords.verifyTextPresent(WebUiBuiltInKeywords.groovy:1693)
	at com.kms.katalon.core.webui.keyword.WebUiBuiltInKeywords$verifyTextPresent$3.call(Unknown Source)
	at Verify Valid Length of GTIN number.run(Verify Valid Length of GTIN number:52)
	at com.kms.katalon.core.main.ScriptEngine.run(ScriptEngine.java:194)
	at com.kms.katalon.core.main.ScriptEngine.runScriptAsRawText(ScriptEngine.java:119)
	at com.kms.katalon.core.main.TestCaseExecutor.runScript(TestCaseExecutor.java:328)
	at com.kms.katalon.core.main.TestCaseExecutor.doExecute(TestCaseExecutor.java:319)
	at com.kms.katalon.core.main.TestCaseExecutor.processExecutionPhase(TestCaseExecutor.java:298)
	at com.kms.katalon.core.main.TestCaseExecutor.accessMainPhase(TestCaseExecutor.java:290)
	at com.kms.katalon.core.main.TestCaseExecutor.execute(TestCaseExecutor.java:224)
	at com.kms.katalon.core.main.TestSuiteExecutor.accessTestCaseMainPhase(TestSuiteExecutor.java:129)
	at com.kms.katalon.core.main.TestSuiteExecutor.accessTestSuiteMainPhase(TestSuiteExecutor.java:112)
	at com.kms.katalon.core.main.TestSuiteExecutor.execute(TestSuiteExecutor.java:81)
	at com.kms.katalon.core.main.TestCaseMain.startTestSuite(TestCaseMain.java:149)
	at com.kms.katalon.core.main.TestCaseMain$startTestSuite$0.call(Unknown Source)
	at TempTestSuite1549537497284.run(TempTestSuite1549537497284.groovy:36)


2019-02-07 16:41:22 - [TEST_STEP][PASSED] - try: Object: 'Object Repository/Page_GS1 Cloud BETA - Check/button_Search' is clicked on

2019-02-07 16:41:22 - [TEST_STEP][PASSED] - setText(findTestObject("Object Repository/Page_GS1 Cloud BETA - Check/input_Global Trade Item Number"), Checkgtinlength): Text '' is set on object 'Object Repository/Page_GS1 Cloud BETA - Check/input_Global Trade Item Number'

2019-02-07 16:41:24 - [MESSAGE][PASSED] - Text '' is set on object 'Object Repository/Page_GS1 Cloud BETA - Check/input_Global Trade Item Number'

2019-02-07 16:41:24 - [TEST_STEP][PASSED] - click(findTestObject("Object Repository/Page_GS1 Cloud BETA - Check/button_Search")): Object: 'Object Repository/Page_GS1 Cloud BETA - Check/button_Search' is clicked on

2019-02-07 16:41:26 - [MESSAGE][PASSED] - Object: 'Object Repository/Page_GS1 Cloud BETA - Check/button_Search' is clicked on

2019-02-07 16:41:26 - [TEST_STEP][FAILED] - Finally: else FAILED.
Reason:
com.kms.katalon.core.exception.StepFailedException: Unable to verify text 'Global Trade Item Number is required.' is present  (Root cause: com.kms.katalon.core.exception.StepFailedException: Text 'Global Trade Item Number is required.' is not present on page )
	at com.kms.katalon.core.keyword.internal.KeywordMain.stepFailed(KeywordMain.groovy:36)
	at com.kms.katalon.core.webui.keyword.internal.WebUIKeywordMain.stepFailed(WebUIKeywordMain.groovy:65)
	at com.kms.katalon.core.webui.keyword.internal.WebUIKeywordMain.runKeyword(WebUIKeywordMain.groovy:27)
	at com.kms.katalon.core.webui.keyword.builtin.VerifyTextPresentKeyword.verifyTextPresent(VerifyTextPresentKeyword.groovy:83)
	at com.kms.katalon.core.webui.keyword.builtin.VerifyTextPresentKeyword.execute(VerifyTextPresentKeyword.groovy:68)
	at com.kms.katalon.core.keyword.internal.KeywordExecutor.executeKeywordForPlatform(KeywordExecutor.groovy:53)
	at com.kms.katalon.core.webui.keyword.WebUiBuiltInKeywords.verifyTextPresent(WebUiBuiltInKeywords.groovy:1693)
	at com.kms.katalon.core.webui.keyword.WebUiBuiltInKeywords$verifyTextPresent$3.call(Unknown Source)
	at Verify Valid Length of GTIN number.run(Verify Valid Length of GTIN number:52)
	at com.kms.katalon.core.main.ScriptEngine.run(ScriptEngine.java:194)
	at com.kms.katalon.core.main.ScriptEngine.runScriptAsRawText(ScriptEngine.java:119)
	at com.kms.katalon.core.main.TestCaseExecutor.runScript(TestCaseExecutor.java:328)
	at com.kms.katalon.core.main.TestCaseExecutor.doExecute(TestCaseExecutor.java:319)
	at com.kms.katalon.core.main.TestCaseExecutor.processExecutionPhase(TestCaseExecutor.java:298)
	at com.kms.katalon.core.main.TestCaseExecutor.accessMainPhase(TestCaseExecutor.java:290)
	at com.kms.katalon.core.main.TestCaseExecutor.execute(TestCaseExecutor.java:224)
	at com.kms.katalon.core.main.TestSuiteExecutor.accessTestCaseMainPhase(TestSuiteExecutor.java:129)
	at com.kms.katalon.core.main.TestSuiteExecutor.accessTestSuiteMainPhase(TestSuiteExecutor.java:112)
	at com.kms.katalon.core.main.TestSuiteExecutor.execute(TestSuiteExecutor.java:81)
	at com.kms.katalon.core.main.TestCaseMain.startTestSuite(TestCaseMain.java:149)
	at com.kms.katalon.core.main.TestCaseMain$startTestSuite$0.call(Unknown Source)
	at TempTestSuite1549537497284.run(TempTestSuite1549537497284.groovy:36)


2019-02-07 16:41:26 - [TEST_STEP][FAILED] - verifyTextPresent(validation, false): else FAILED.
Reason:
com.kms.katalon.core.exception.StepFailedException: Unable to verify text 'Global Trade Item Number is required.' is present  (Root cause: com.kms.katalon.core.exception.StepFailedException: Text 'Global Trade Item Number is required.' is not present on page )
	at com.kms.katalon.core.keyword.internal.KeywordMain.stepFailed(KeywordMain.groovy:36)
	at com.kms.katalon.core.webui.keyword.internal.WebUIKeywordMain.stepFailed(WebUIKeywordMain.groovy:65)
	at com.kms.katalon.core.webui.keyword.internal.WebUIKeywordMain.runKeyword(WebUIKeywordMain.groovy:27)
	at com.kms.katalon.core.webui.keyword.builtin.VerifyTextPresentKeyword.verifyTextPresent(VerifyTextPresentKeyword.groovy:83)
	at com.kms.katalon.core.webui.keyword.builtin.VerifyTextPresentKeyword.execute(VerifyTextPresentKeyword.groovy:68)
	at com.kms.katalon.core.keyword.internal.KeywordExecutor.executeKeywordForPlatform(KeywordExecutor.groovy:53)
	at com.kms.katalon.core.webui.keyword.WebUiBuiltInKeywords.verifyTextPresent(WebUiBuiltInKeywords.groovy:1693)
	at com.kms.katalon.core.webui.keyword.WebUiBuiltInKeywords$verifyTextPresent$3.call(Unknown Source)
	at Verify Valid Length of GTIN number.run(Verify Valid Length of GTIN number:52)
	at com.kms.katalon.core.main.ScriptEngine.run(ScriptEngine.java:194)
	at com.kms.katalon.core.main.ScriptEngine.runScriptAsRawText(ScriptEngine.java:119)
	at com.kms.katalon.core.main.TestCaseExecutor.runScript(TestCaseExecutor.java:328)
	at com.kms.katalon.core.main.TestCaseExecutor.doExecute(TestCaseExecutor.java:319)
	at com.kms.katalon.core.main.TestCaseExecutor.processExecutionPhase(TestCaseExecutor.java:298)
	at com.kms.katalon.core.main.TestCaseExecutor.accessMainPhase(TestCaseExecutor.java:290)
	at com.kms.katalon.core.main.TestCaseExecutor.execute(TestCaseExecutor.java:224)
	at com.kms.katalon.core.main.TestSuiteExecutor.accessTestCaseMainPhase(TestSuiteExecutor.java:129)
	at com.kms.katalon.core.main.TestSuiteExecutor.accessTestSuiteMainPhase(TestSuiteExecutor.java:112)
	at com.kms.katalon.core.main.TestSuiteExecutor.execute(TestSuiteExecutor.java:81)
	at com.kms.katalon.core.main.TestCaseMain.startTestSuite(TestCaseMain.java:149)
	at com.kms.katalon.core.main.TestCaseMain$startTestSuite$0.call(Unknown Source)
	at TempTestSuite1549537497284.run(TempTestSuite1549537497284.groovy:36)


2019-02-07 16:41:26 - [MESSAGE][FAILED] - Text 'Global Trade Item Number is required.' is not present on page 

2019-02-07 16:41:27 - [MESSAGE][FAILED] - Unable to verify text 'Global Trade Item Number is required.' is present  (Root cause: com.kms.katalon.core.exception.StepFailedException: Text 'Global Trade Item Number is required.' is not present on page )
[[ATTACHMENT|/Users/satwik_df_gs1/Katalon Studio/GS1-Check/Reports/GCLD-9/GCLD-9/20190207_163447/1549537886711.png]]

2019-02-07 16:41:27 - [MESSAGE][FAILED] - else FAILED.
Reason:
com.kms.katalon.core.exception.StepFailedException: Unable to verify text 'Global Trade Item Number is required.' is present  (Root cause: com.kms.katalon.core.exception.StepFailedException: Text 'Global Trade Item Number is required.' is not present on page )
	at com.kms.katalon.core.keyword.internal.KeywordMain.stepFailed(KeywordMain.groovy:36)
	at com.kms.katalon.core.webui.keyword.internal.WebUIKeywordMain.stepFailed(WebUIKeywordMain.groovy:65)
	at com.kms.katalon.core.webui.keyword.internal.WebUIKeywordMain.runKeyword(WebUIKeywordMain.groovy:27)
	at com.kms.katalon.core.webui.keyword.builtin.VerifyTextPresentKeyword.verifyTextPresent(VerifyTextPresentKeyword.groovy:83)
	at com.kms.katalon.core.webui.keyword.builtin.VerifyTextPresentKeyword.execute(VerifyTextPresentKeyword.groovy:68)
	at com.kms.katalon.core.keyword.internal.KeywordExecutor.executeKeywordForPlatform(KeywordExecutor.groovy:53)
	at com.kms.katalon.core.webui.keyword.WebUiBuiltInKeywords.verifyTextPresent(WebUiBuiltInKeywords.groovy:1693)
	at com.kms.katalon.core.webui.keyword.WebUiBuiltInKeywords$verifyTextPresent$3.call(Unknown Source)
	at Verify Valid Length of GTIN number.run(Verify Valid Length of GTIN number:52)
	at com.kms.katalon.core.main.ScriptEngine.run(ScriptEngine.java:194)
	at com.kms.katalon.core.main.ScriptEngine.runScriptAsRawText(ScriptEngine.java:119)
	at com.kms.katalon.core.main.TestCaseExecutor.runScript(TestCaseExecutor.java:328)
	at com.kms.katalon.core.main.TestCaseExecutor.doExecute(TestCaseExecutor.java:319)
	at com.kms.katalon.core.main.TestCaseExecutor.processExecutionPhase(TestCaseExecutor.java:298)
	at com.kms.katalon.core.main.TestCaseExecutor.accessMainPhase(TestCaseExecutor.java:290)
	at com.kms.katalon.core.main.TestCaseExecutor.execute(TestCaseExecutor.java:224)
	at com.kms.katalon.core.main.TestSuiteExecutor.accessTestCaseMainPhase(TestSuiteExecutor.java:129)
	at com.kms.katalon.core.main.TestSuiteExecutor.accessTestSuiteMainPhase(TestSuiteExecutor.java:112)
	at com.kms.katalon.core.main.TestSuiteExecutor.execute(TestSuiteExecutor.java:81)
	at com.kms.katalon.core.main.TestCaseMain.startTestSuite(TestCaseMain.java:149)
	at com.kms.katalon.core.main.TestCaseMain$startTestSuite$0.call(Unknown Source)
	at TempTestSuite1549537497284.run(TempTestSuite1549537497284.groovy:36)]]></system-out>
         <system-err><![CDATA[2019-02-07 16:41:01 - [TEST_CASE][FAILED] - Test Cases/GCLD-9/Verify Valid Length of GTIN number: Test Cases/GCLD-9/Verify Valid Length of GTIN number FAILED.
Reason:
com.kms.katalon.core.exception.StepFailedException: Unable to verify text 'Global Trade Item Number is required.' is present  (Root cause: com.kms.katalon.core.exception.StepFailedException: Text 'Global Trade Item Number is required.' is not present on page )
	at com.kms.katalon.core.keyword.internal.KeywordMain.stepFailed(KeywordMain.groovy:36)
	at com.kms.katalon.core.webui.keyword.internal.WebUIKeywordMain.stepFailed(WebUIKeywordMain.groovy:65)
	at com.kms.katalon.core.webui.keyword.internal.WebUIKeywordMain.runKeyword(WebUIKeywordMain.groovy:27)
	at com.kms.katalon.core.webui.keyword.builtin.VerifyTextPresentKeyword.verifyTextPresent(VerifyTextPresentKeyword.groovy:83)
	at com.kms.katalon.core.webui.keyword.builtin.VerifyTextPresentKeyword.execute(VerifyTextPresentKeyword.groovy:68)
	at com.kms.katalon.core.keyword.internal.KeywordExecutor.executeKeywordForPlatform(KeywordExecutor.groovy:53)
	at com.kms.katalon.core.webui.keyword.WebUiBuiltInKeywords.verifyTextPresent(WebUiBuiltInKeywords.groovy:1693)
	at com.kms.katalon.core.webui.keyword.WebUiBuiltInKeywords$verifyTextPresent$3.call(Unknown Source)
	at Verify Valid Length of GTIN number.run(Verify Valid Length of GTIN number:52)
	at com.kms.katalon.core.main.ScriptEngine.run(ScriptEngine.java:194)
	at com.kms.katalon.core.main.ScriptEngine.runScriptAsRawText(ScriptEngine.java:119)
	at com.kms.katalon.core.main.TestCaseExecutor.runScript(TestCaseExecutor.java:328)
	at com.kms.katalon.core.main.TestCaseExecutor.doExecute(TestCaseExecutor.java:319)
	at com.kms.katalon.core.main.TestCaseExecutor.processExecutionPhase(TestCaseExecutor.java:298)
	at com.kms.katalon.core.main.TestCaseExecutor.accessMainPhase(TestCaseExecutor.java:290)
	at com.kms.katalon.core.main.TestCaseExecutor.execute(TestCaseExecutor.java:224)
	at com.kms.katalon.core.main.TestSuiteExecutor.accessTestCaseMainPhase(TestSuiteExecutor.java:129)
	at com.kms.katalon.core.main.TestSuiteExecutor.accessTestSuiteMainPhase(TestSuiteExecutor.java:112)
	at com.kms.katalon.core.main.TestSuiteExecutor.execute(TestSuiteExecutor.java:81)
	at com.kms.katalon.core.main.TestCaseMain.startTestSuite(TestCaseMain.java:149)
	at com.kms.katalon.core.main.TestCaseMain$startTestSuite$0.call(Unknown Source)
	at TempTestSuite1549537497284.run(TempTestSuite1549537497284.groovy:36)]]></system-err>
      </testcase>
      <testcase name="Test Cases/GCLD-9/Verify Valid Length of GTIN number" classname="Test Cases/GCLD-9/Verify Valid Length of GTIN number" status="PASSED">
         <system-out><![CDATA[2019-02-07 16:41:27 - [TEST_CASE][PASSED] - Test Cases/GCLD-9/Verify Valid Length of GTIN number: Test Cases/GCLD-9/Verify Valid Length of GTIN number

2019-02-07 16:41:27 - [TEST_STEP][PASSED] - openBrowser("https://cloud.test.gs1.org/gs1-portal"): Browser is opened with url: 'https://cloud.test.gs1.org/gs1-portal'

2019-02-07 16:41:27 - [MESSAGE][WARNING] - A browser is already opened. Closing browser and opening a new one

2019-02-07 16:41:27 - [MESSAGE][INFO] - Starting 'Chrome' driver

2019-02-07 16:41:32 - [MESSAGE][PASSED] - Browser is opened with url: 'https://cloud.test.gs1.org/gs1-portal'

2019-02-07 16:41:32 - [TEST_STEP][PASSED] - navigateToUrl("https://gs1-sso-customsts.azurewebsites.net/Account/LoginSelector"): Navigate to 'https://gs1-sso-customsts.azurewebsites.net/Account/LoginSelector' successfully

2019-02-07 16:41:32 - [MESSAGE][PASSED] - Navigate to 'https://gs1-sso-customsts.azurewebsites.net/Account/LoginSelector' successfully

2019-02-07 16:41:32 - [TEST_STEP][PASSED] - setText(findTestObject("Object Repository/Page_Sign in - GS1 STS Server/input_E-mail_Email"), email): Text 'GS1CloudTest@gs1.org' is set on object 'Object Repository/Page_Sign in - GS1 STS Server/input_E-mail_Email'

2019-02-07 16:41:33 - [MESSAGE][PASSED] - Text 'GS1CloudTest@gs1.org' is set on object 'Object Repository/Page_Sign in - GS1 STS Server/input_E-mail_Email'

2019-02-07 16:41:33 - [TEST_STEP][PASSED] - Thread.sleep(1000): null

2019-02-07 16:41:34 - [TEST_STEP][PASSED] - setText(findTestObject("Object Repository/Page_Sign in - GS1 STS Server/input_Password_Password"), password): Text 'Fvrt7564' is set on object 'Object Repository/Page_Sign in - GS1 STS Server/input_Password_Password'

2019-02-07 16:41:34 - [MESSAGE][PASSED] - Text 'Fvrt7564' is set on object 'Object Repository/Page_Sign in - GS1 STS Server/input_Password_Password'

2019-02-07 16:41:34 - [TEST_STEP][PASSED] - click(findTestObject("Object Repository/Page_Sign in - GS1 STS Server/input_Password_btn btn-default")): Object: 'Object Repository/Page_Sign in - GS1 STS Server/input_Password_btn btn-default' is clicked on

2019-02-07 16:41:42 - [MESSAGE][PASSED] - Object: 'Object Repository/Page_Sign in - GS1 STS Server/input_Password_btn btn-default' is clicked on

2019-02-07 16:41:42 - [TEST_STEP][PASSED] - click(findTestObject("Object Repository/Page_GS1 Cloud BETA - Home/a_Services")): Object: 'Object Repository/Page_GS1 Cloud BETA - Home/a_Services' is clicked on

2019-02-07 16:41:42 - [MESSAGE][PASSED] - Object: 'Object Repository/Page_GS1 Cloud BETA - Home/a_Services' is clicked on

2019-02-07 16:41:42 - [TEST_STEP][PASSED] - Thread.sleep(1000): null

2019-02-07 16:41:43 - [TEST_STEP][PASSED] - click(findTestObject("Object Repository/Page_GS1 Cloud BETA - Services/a_Check")): Object: 'Object Repository/Page_GS1 Cloud BETA - Services/a_Check' is clicked on

2019-02-07 16:41:44 - [MESSAGE][PASSED] - Object: 'Object Repository/Page_GS1 Cloud BETA - Services/a_Check' is clicked on

2019-02-07 16:41:44 - [TEST_STEP][PASSED] - if (Checkgtinlength == "12345A"): Browser is closed

2019-02-07 16:41:44 - [TEST_STEP][PASSED] - closeBrowser(): Browser is closed

2019-02-07 16:41:44 - [MESSAGE][PASSED] - Browser is closed]]></system-out>
         <system-err><![CDATA[]]></system-err>
      </testcase>
      <testcase name="Test Cases/GCLD-9/Verify Valid Length of GTIN number" classname="Test Cases/GCLD-9/Verify Valid Length of GTIN number" status="FAILED">
         <failure type="FAILED" message="Test Cases/GCLD-9/Verify Valid Length of GTIN number FAILED.
Reason:
com.kms.katalon.core.exception.StepFailedException: Unable to verify text '* * Global Trade Item Number allows only (0 - 9) digits' is present  (Root cause: com.kms.katalon.core.exception.StepFailedException: Text '* * Global Trade Item Number allows only (0 - 9) digits' is not present on page )
	at com.kms.katalon.core.keyword.internal.KeywordMain.stepFailed(KeywordMain.groovy:36)
	at com.kms.katalon.core.webui.keyword.internal.WebUIKeywordMain.stepFailed(WebUIKeywordMain.groovy:65)
	at com.kms.katalon.core.webui.keyword.internal.WebUIKeywordMain.runKeyword(WebUIKeywordMain.groovy:27)
	at com.kms.katalon.core.webui.keyword.builtin.VerifyTextPresentKeyword.verifyTextPresent(VerifyTextPresentKeyword.groovy:83)
	at com.kms.katalon.core.webui.keyword.builtin.VerifyTextPresentKeyword.execute(VerifyTextPresentKeyword.groovy:68)
	at com.kms.katalon.core.keyword.internal.KeywordExecutor.executeKeywordForPlatform(KeywordExecutor.groovy:53)
	at com.kms.katalon.core.webui.keyword.WebUiBuiltInKeywords.verifyTextPresent(WebUiBuiltInKeywords.groovy:1693)
	at com.kms.katalon.core.webui.keyword.WebUiBuiltInKeywords$verifyTextPresent$3.call(Unknown Source)
	at Verify Valid Length of GTIN number.run(Verify Valid Length of GTIN number:52)
	at com.kms.katalon.core.main.ScriptEngine.run(ScriptEngine.java:194)
	at com.kms.katalon.core.main.ScriptEngine.runScriptAsRawText(ScriptEngine.java:119)
	at com.kms.katalon.core.main.TestCaseExecutor.runScript(TestCaseExecutor.java:328)
	at com.kms.katalon.core.main.TestCaseExecutor.doExecute(TestCaseExecutor.java:319)
	at com.kms.katalon.core.main.TestCaseExecutor.processExecutionPhase(TestCaseExecutor.java:298)
	at com.kms.katalon.core.main.TestCaseExecutor.accessMainPhase(TestCaseExecutor.java:290)
	at com.kms.katalon.core.main.TestCaseExecutor.execute(TestCaseExecutor.java:224)
	at com.kms.katalon.core.main.TestSuiteExecutor.accessTestCaseMainPhase(TestSuiteExecutor.java:129)
	at com.kms.katalon.core.main.TestSuiteExecutor.accessTestSuiteMainPhase(TestSuiteExecutor.java:112)
	at com.kms.katalon.core.main.TestSuiteExecutor.execute(TestSuiteExecutor.java:81)
	at com.kms.katalon.core.main.TestCaseMain.startTestSuite(TestCaseMain.java:149)
	at com.kms.katalon.core.main.TestCaseMain$startTestSuite$0.call(Unknown Source)
	at TempTestSuite1549537497284.run(TempTestSuite1549537497284.groovy:36)
"/>
         <system-out><![CDATA[2019-02-07 16:41:44 - [TEST_CASE][FAILED] - Test Cases/GCLD-9/Verify Valid Length of GTIN number: Test Cases/GCLD-9/Verify Valid Length of GTIN number FAILED.
Reason:
com.kms.katalon.core.exception.StepFailedException: Unable to verify text '* * Global Trade Item Number allows only (0 - 9) digits' is present  (Root cause: com.kms.katalon.core.exception.StepFailedException: Text '* * Global Trade Item Number allows only (0 - 9) digits' is not present on page )
	at com.kms.katalon.core.keyword.internal.KeywordMain.stepFailed(KeywordMain.groovy:36)
	at com.kms.katalon.core.webui.keyword.internal.WebUIKeywordMain.stepFailed(WebUIKeywordMain.groovy:65)
	at com.kms.katalon.core.webui.keyword.internal.WebUIKeywordMain.runKeyword(WebUIKeywordMain.groovy:27)
	at com.kms.katalon.core.webui.keyword.builtin.VerifyTextPresentKeyword.verifyTextPresent(VerifyTextPresentKeyword.groovy:83)
	at com.kms.katalon.core.webui.keyword.builtin.VerifyTextPresentKeyword.execute(VerifyTextPresentKeyword.groovy:68)
	at com.kms.katalon.core.keyword.internal.KeywordExecutor.executeKeywordForPlatform(KeywordExecutor.groovy:53)
	at com.kms.katalon.core.webui.keyword.WebUiBuiltInKeywords.verifyTextPresent(WebUiBuiltInKeywords.groovy:1693)
	at com.kms.katalon.core.webui.keyword.WebUiBuiltInKeywords$verifyTextPresent$3.call(Unknown Source)
	at Verify Valid Length of GTIN number.run(Verify Valid Length of GTIN number:52)
	at com.kms.katalon.core.main.ScriptEngine.run(ScriptEngine.java:194)
	at com.kms.katalon.core.main.ScriptEngine.runScriptAsRawText(ScriptEngine.java:119)
	at com.kms.katalon.core.main.TestCaseExecutor.runScript(TestCaseExecutor.java:328)
	at com.kms.katalon.core.main.TestCaseExecutor.doExecute(TestCaseExecutor.java:319)
	at com.kms.katalon.core.main.TestCaseExecutor.processExecutionPhase(TestCaseExecutor.java:298)
	at com.kms.katalon.core.main.TestCaseExecutor.accessMainPhase(TestCaseExecutor.java:290)
	at com.kms.katalon.core.main.TestCaseExecutor.execute(TestCaseExecutor.java:224)
	at com.kms.katalon.core.main.TestSuiteExecutor.accessTestCaseMainPhase(TestSuiteExecutor.java:129)
	at com.kms.katalon.core.main.TestSuiteExecutor.accessTestSuiteMainPhase(TestSuiteExecutor.java:112)
	at com.kms.katalon.core.main.TestSuiteExecutor.execute(TestSuiteExecutor.java:81)
	at com.kms.katalon.core.main.TestCaseMain.startTestSuite(TestCaseMain.java:149)
	at com.kms.katalon.core.main.TestCaseMain$startTestSuite$0.call(Unknown Source)
	at TempTestSuite1549537497284.run(TempTestSuite1549537497284.groovy:36)


2019-02-07 16:41:44 - [TEST_STEP][PASSED] - openBrowser("https://cloud.test.gs1.org/gs1-portal"): Browser is opened with url: 'https://cloud.test.gs1.org/gs1-portal'

2019-02-07 16:41:44 - [MESSAGE][INFO] - Starting 'Chrome' driver

2019-02-07 16:41:50 - [MESSAGE][PASSED] - Browser is opened with url: 'https://cloud.test.gs1.org/gs1-portal'

2019-02-07 16:41:50 - [TEST_STEP][PASSED] - navigateToUrl("https://gs1-sso-customsts.azurewebsites.net/Account/LoginSelector"): Navigate to 'https://gs1-sso-customsts.azurewebsites.net/Account/LoginSelector' successfully

2019-02-07 16:41:50 - [MESSAGE][PASSED] - Navigate to 'https://gs1-sso-customsts.azurewebsites.net/Account/LoginSelector' successfully

2019-02-07 16:41:50 - [TEST_STEP][PASSED] - setText(findTestObject("Object Repository/Page_Sign in - GS1 STS Server/input_E-mail_Email"), email): Text 'GS1CloudTest@gs1.org' is set on object 'Object Repository/Page_Sign in - GS1 STS Server/input_E-mail_Email'

2019-02-07 16:41:51 - [MESSAGE][PASSED] - Text 'GS1CloudTest@gs1.org' is set on object 'Object Repository/Page_Sign in - GS1 STS Server/input_E-mail_Email'

2019-02-07 16:41:51 - [TEST_STEP][PASSED] - Thread.sleep(1000): null

2019-02-07 16:41:52 - [TEST_STEP][PASSED] - setText(findTestObject("Object Repository/Page_Sign in - GS1 STS Server/input_Password_Password"), password): Text 'Fvrt7564' is set on object 'Object Repository/Page_Sign in - GS1 STS Server/input_Password_Password'

2019-02-07 16:41:52 - [MESSAGE][PASSED] - Text 'Fvrt7564' is set on object 'Object Repository/Page_Sign in - GS1 STS Server/input_Password_Password'

2019-02-07 16:41:52 - [TEST_STEP][PASSED] - click(findTestObject("Object Repository/Page_Sign in - GS1 STS Server/input_Password_btn btn-default")): Object: 'Object Repository/Page_Sign in - GS1 STS Server/input_Password_btn btn-default' is clicked on

2019-02-07 16:42:04 - [MESSAGE][PASSED] - Object: 'Object Repository/Page_Sign in - GS1 STS Server/input_Password_btn btn-default' is clicked on

2019-02-07 16:42:04 - [TEST_STEP][PASSED] - click(findTestObject("Object Repository/Page_GS1 Cloud BETA - Home/a_Services")): Object: 'Object Repository/Page_GS1 Cloud BETA - Home/a_Services' is clicked on

2019-02-07 16:42:04 - [MESSAGE][PASSED] - Object: 'Object Repository/Page_GS1 Cloud BETA - Home/a_Services' is clicked on

2019-02-07 16:42:04 - [TEST_STEP][PASSED] - Thread.sleep(1000): null

2019-02-07 16:42:05 - [TEST_STEP][PASSED] - click(findTestObject("Object Repository/Page_GS1 Cloud BETA - Services/a_Check")): Object: 'Object Repository/Page_GS1 Cloud BETA - Services/a_Check' is clicked on

2019-02-07 16:42:07 - [MESSAGE][PASSED] - Object: 'Object Repository/Page_GS1 Cloud BETA - Services/a_Check' is clicked on

2019-02-07 16:42:07 - [TEST_STEP][PASSED] - if (Checkgtinlength == "12345A"): null

2019-02-07 16:42:07 - [TEST_STEP][FAILED] - else: else FAILED.
Reason:
com.kms.katalon.core.exception.StepFailedException: Unable to verify text '* * Global Trade Item Number allows only (0 - 9) digits' is present  (Root cause: com.kms.katalon.core.exception.StepFailedException: Text '* * Global Trade Item Number allows only (0 - 9) digits' is not present on page )
	at com.kms.katalon.core.keyword.internal.KeywordMain.stepFailed(KeywordMain.groovy:36)
	at com.kms.katalon.core.webui.keyword.internal.WebUIKeywordMain.stepFailed(WebUIKeywordMain.groovy:65)
	at com.kms.katalon.core.webui.keyword.internal.WebUIKeywordMain.runKeyword(WebUIKeywordMain.groovy:27)
	at com.kms.katalon.core.webui.keyword.builtin.VerifyTextPresentKeyword.verifyTextPresent(VerifyTextPresentKeyword.groovy:83)
	at com.kms.katalon.core.webui.keyword.builtin.VerifyTextPresentKeyword.execute(VerifyTextPresentKeyword.groovy:68)
	at com.kms.katalon.core.keyword.internal.KeywordExecutor.executeKeywordForPlatform(KeywordExecutor.groovy:53)
	at com.kms.katalon.core.webui.keyword.WebUiBuiltInKeywords.verifyTextPresent(WebUiBuiltInKeywords.groovy:1693)
	at com.kms.katalon.core.webui.keyword.WebUiBuiltInKeywords$verifyTextPresent$3.call(Unknown Source)
	at Verify Valid Length of GTIN number.run(Verify Valid Length of GTIN number:52)
	at com.kms.katalon.core.main.ScriptEngine.run(ScriptEngine.java:194)
	at com.kms.katalon.core.main.ScriptEngine.runScriptAsRawText(ScriptEngine.java:119)
	at com.kms.katalon.core.main.TestCaseExecutor.runScript(TestCaseExecutor.java:328)
	at com.kms.katalon.core.main.TestCaseExecutor.doExecute(TestCaseExecutor.java:319)
	at com.kms.katalon.core.main.TestCaseExecutor.processExecutionPhase(TestCaseExecutor.java:298)
	at com.kms.katalon.core.main.TestCaseExecutor.accessMainPhase(TestCaseExecutor.java:290)
	at com.kms.katalon.core.main.TestCaseExecutor.execute(TestCaseExecutor.java:224)
	at com.kms.katalon.core.main.TestSuiteExecutor.accessTestCaseMainPhase(TestSuiteExecutor.java:129)
	at com.kms.katalon.core.main.TestSuiteExecutor.accessTestSuiteMainPhase(TestSuiteExecutor.java:112)
	at com.kms.katalon.core.main.TestSuiteExecutor.execute(TestSuiteExecutor.java:81)
	at com.kms.katalon.core.main.TestCaseMain.startTestSuite(TestCaseMain.java:149)
	at com.kms.katalon.core.main.TestCaseMain$startTestSuite$0.call(Unknown Source)
	at TempTestSuite1549537497284.run(TempTestSuite1549537497284.groovy:36)


2019-02-07 16:42:07 - [TEST_STEP][PASSED] - try: Object: 'Object Repository/Page_GS1 Cloud BETA - Check/button_Search' is clicked on

2019-02-07 16:42:07 - [TEST_STEP][PASSED] - setText(findTestObject("Object Repository/Page_GS1 Cloud BETA - Check/input_Global Trade Item Number"), Checkgtinlength): Text '@' is set on object 'Object Repository/Page_GS1 Cloud BETA - Check/input_Global Trade Item Number'

2019-02-07 16:42:10 - [MESSAGE][PASSED] - Text '@' is set on object 'Object Repository/Page_GS1 Cloud BETA - Check/input_Global Trade Item Number'

2019-02-07 16:42:10 - [TEST_STEP][PASSED] - click(findTestObject("Object Repository/Page_GS1 Cloud BETA - Check/button_Search")): Object: 'Object Repository/Page_GS1 Cloud BETA - Check/button_Search' is clicked on

2019-02-07 16:42:15 - [MESSAGE][PASSED] - Object: 'Object Repository/Page_GS1 Cloud BETA - Check/button_Search' is clicked on

2019-02-07 16:42:15 - [TEST_STEP][FAILED] - Finally: else FAILED.
Reason:
com.kms.katalon.core.exception.StepFailedException: Unable to verify text '* * Global Trade Item Number allows only (0 - 9) digits' is present  (Root cause: com.kms.katalon.core.exception.StepFailedException: Text '* * Global Trade Item Number allows only (0 - 9) digits' is not present on page )
	at com.kms.katalon.core.keyword.internal.KeywordMain.stepFailed(KeywordMain.groovy:36)
	at com.kms.katalon.core.webui.keyword.internal.WebUIKeywordMain.stepFailed(WebUIKeywordMain.groovy:65)
	at com.kms.katalon.core.webui.keyword.internal.WebUIKeywordMain.runKeyword(WebUIKeywordMain.groovy:27)
	at com.kms.katalon.core.webui.keyword.builtin.VerifyTextPresentKeyword.verifyTextPresent(VerifyTextPresentKeyword.groovy:83)
	at com.kms.katalon.core.webui.keyword.builtin.VerifyTextPresentKeyword.execute(VerifyTextPresentKeyword.groovy:68)
	at com.kms.katalon.core.keyword.internal.KeywordExecutor.executeKeywordForPlatform(KeywordExecutor.groovy:53)
	at com.kms.katalon.core.webui.keyword.WebUiBuiltInKeywords.verifyTextPresent(WebUiBuiltInKeywords.groovy:1693)
	at com.kms.katalon.core.webui.keyword.WebUiBuiltInKeywords$verifyTextPresent$3.call(Unknown Source)
	at Verify Valid Length of GTIN number.run(Verify Valid Length of GTIN number:52)
	at com.kms.katalon.core.main.ScriptEngine.run(ScriptEngine.java:194)
	at com.kms.katalon.core.main.ScriptEngine.runScriptAsRawText(ScriptEngine.java:119)
	at com.kms.katalon.core.main.TestCaseExecutor.runScript(TestCaseExecutor.java:328)
	at com.kms.katalon.core.main.TestCaseExecutor.doExecute(TestCaseExecutor.java:319)
	at com.kms.katalon.core.main.TestCaseExecutor.processExecutionPhase(TestCaseExecutor.java:298)
	at com.kms.katalon.core.main.TestCaseExecutor.accessMainPhase(TestCaseExecutor.java:290)
	at com.kms.katalon.core.main.TestCaseExecutor.execute(TestCaseExecutor.java:224)
	at com.kms.katalon.core.main.TestSuiteExecutor.accessTestCaseMainPhase(TestSuiteExecutor.java:129)
	at com.kms.katalon.core.main.TestSuiteExecutor.accessTestSuiteMainPhase(TestSuiteExecutor.java:112)
	at com.kms.katalon.core.main.TestSuiteExecutor.execute(TestSuiteExecutor.java:81)
	at com.kms.katalon.core.main.TestCaseMain.startTestSuite(TestCaseMain.java:149)
	at com.kms.katalon.core.main.TestCaseMain$startTestSuite$0.call(Unknown Source)
	at TempTestSuite1549537497284.run(TempTestSuite1549537497284.groovy:36)


2019-02-07 16:42:15 - [TEST_STEP][FAILED] - verifyTextPresent(validation, false): else FAILED.
Reason:
com.kms.katalon.core.exception.StepFailedException: Unable to verify text '* * Global Trade Item Number allows only (0 - 9) digits' is present  (Root cause: com.kms.katalon.core.exception.StepFailedException: Text '* * Global Trade Item Number allows only (0 - 9) digits' is not present on page )
	at com.kms.katalon.core.keyword.internal.KeywordMain.stepFailed(KeywordMain.groovy:36)
	at com.kms.katalon.core.webui.keyword.internal.WebUIKeywordMain.stepFailed(WebUIKeywordMain.groovy:65)
	at com.kms.katalon.core.webui.keyword.internal.WebUIKeywordMain.runKeyword(WebUIKeywordMain.groovy:27)
	at com.kms.katalon.core.webui.keyword.builtin.VerifyTextPresentKeyword.verifyTextPresent(VerifyTextPresentKeyword.groovy:83)
	at com.kms.katalon.core.webui.keyword.builtin.VerifyTextPresentKeyword.execute(VerifyTextPresentKeyword.groovy:68)
	at com.kms.katalon.core.keyword.internal.KeywordExecutor.executeKeywordForPlatform(KeywordExecutor.groovy:53)
	at com.kms.katalon.core.webui.keyword.WebUiBuiltInKeywords.verifyTextPresent(WebUiBuiltInKeywords.groovy:1693)
	at com.kms.katalon.core.webui.keyword.WebUiBuiltInKeywords$verifyTextPresent$3.call(Unknown Source)
	at Verify Valid Length of GTIN number.run(Verify Valid Length of GTIN number:52)
	at com.kms.katalon.core.main.ScriptEngine.run(ScriptEngine.java:194)
	at com.kms.katalon.core.main.ScriptEngine.runScriptAsRawText(ScriptEngine.java:119)
	at com.kms.katalon.core.main.TestCaseExecutor.runScript(TestCaseExecutor.java:328)
	at com.kms.katalon.core.main.TestCaseExecutor.doExecute(TestCaseExecutor.java:319)
	at com.kms.katalon.core.main.TestCaseExecutor.processExecutionPhase(TestCaseExecutor.java:298)
	at com.kms.katalon.core.main.TestCaseExecutor.accessMainPhase(TestCaseExecutor.java:290)
	at com.kms.katalon.core.main.TestCaseExecutor.execute(TestCaseExecutor.java:224)
	at com.kms.katalon.core.main.TestSuiteExecutor.accessTestCaseMainPhase(TestSuiteExecutor.java:129)
	at com.kms.katalon.core.main.TestSuiteExecutor.accessTestSuiteMainPhase(TestSuiteExecutor.java:112)
	at com.kms.katalon.core.main.TestSuiteExecutor.execute(TestSuiteExecutor.java:81)
	at com.kms.katalon.core.main.TestCaseMain.startTestSuite(TestCaseMain.java:149)
	at com.kms.katalon.core.main.TestCaseMain$startTestSuite$0.call(Unknown Source)
	at TempTestSuite1549537497284.run(TempTestSuite1549537497284.groovy:36)


2019-02-07 16:42:15 - [MESSAGE][FAILED] - Text '* * Global Trade Item Number allows only (0 - 9) digits' is not present on page 

2019-02-07 16:42:15 - [MESSAGE][FAILED] - Unable to verify text '* * Global Trade Item Number allows only (0 - 9) digits' is present  (Root cause: com.kms.katalon.core.exception.StepFailedException: Text '* * Global Trade Item Number allows only (0 - 9) digits' is not present on page )
[[ATTACHMENT|/Users/satwik_df_gs1/Katalon Studio/GS1-Check/Reports/GCLD-9/GCLD-9/20190207_163447/1549537935122.png]]

2019-02-07 16:42:15 - [MESSAGE][FAILED] - else FAILED.
Reason:
com.kms.katalon.core.exception.StepFailedException: Unable to verify text '* * Global Trade Item Number allows only (0 - 9) digits' is present  (Root cause: com.kms.katalon.core.exception.StepFailedException: Text '* * Global Trade Item Number allows only (0 - 9) digits' is not present on page )
	at com.kms.katalon.core.keyword.internal.KeywordMain.stepFailed(KeywordMain.groovy:36)
	at com.kms.katalon.core.webui.keyword.internal.WebUIKeywordMain.stepFailed(WebUIKeywordMain.groovy:65)
	at com.kms.katalon.core.webui.keyword.internal.WebUIKeywordMain.runKeyword(WebUIKeywordMain.groovy:27)
	at com.kms.katalon.core.webui.keyword.builtin.VerifyTextPresentKeyword.verifyTextPresent(VerifyTextPresentKeyword.groovy:83)
	at com.kms.katalon.core.webui.keyword.builtin.VerifyTextPresentKeyword.execute(VerifyTextPresentKeyword.groovy:68)
	at com.kms.katalon.core.keyword.internal.KeywordExecutor.executeKeywordForPlatform(KeywordExecutor.groovy:53)
	at com.kms.katalon.core.webui.keyword.WebUiBuiltInKeywords.verifyTextPresent(WebUiBuiltInKeywords.groovy:1693)
	at com.kms.katalon.core.webui.keyword.WebUiBuiltInKeywords$verifyTextPresent$3.call(Unknown Source)
	at Verify Valid Length of GTIN number.run(Verify Valid Length of GTIN number:52)
	at com.kms.katalon.core.main.ScriptEngine.run(ScriptEngine.java:194)
	at com.kms.katalon.core.main.ScriptEngine.runScriptAsRawText(ScriptEngine.java:119)
	at com.kms.katalon.core.main.TestCaseExecutor.runScript(TestCaseExecutor.java:328)
	at com.kms.katalon.core.main.TestCaseExecutor.doExecute(TestCaseExecutor.java:319)
	at com.kms.katalon.core.main.TestCaseExecutor.processExecutionPhase(TestCaseExecutor.java:298)
	at com.kms.katalon.core.main.TestCaseExecutor.accessMainPhase(TestCaseExecutor.java:290)
	at com.kms.katalon.core.main.TestCaseExecutor.execute(TestCaseExecutor.java:224)
	at com.kms.katalon.core.main.TestSuiteExecutor.accessTestCaseMainPhase(TestSuiteExecutor.java:129)
	at com.kms.katalon.core.main.TestSuiteExecutor.accessTestSuiteMainPhase(TestSuiteExecutor.java:112)
	at com.kms.katalon.core.main.TestSuiteExecutor.execute(TestSuiteExecutor.java:81)
	at com.kms.katalon.core.main.TestCaseMain.startTestSuite(TestCaseMain.java:149)
	at com.kms.katalon.core.main.TestCaseMain$startTestSuite$0.call(Unknown Source)
	at TempTestSuite1549537497284.run(TempTestSuite1549537497284.groovy:36)]]></system-out>
         <system-err><![CDATA[2019-02-07 16:41:44 - [TEST_CASE][FAILED] - Test Cases/GCLD-9/Verify Valid Length of GTIN number: Test Cases/GCLD-9/Verify Valid Length of GTIN number FAILED.
Reason:
com.kms.katalon.core.exception.StepFailedException: Unable to verify text '* * Global Trade Item Number allows only (0 - 9) digits' is present  (Root cause: com.kms.katalon.core.exception.StepFailedException: Text '* * Global Trade Item Number allows only (0 - 9) digits' is not present on page )
	at com.kms.katalon.core.keyword.internal.KeywordMain.stepFailed(KeywordMain.groovy:36)
	at com.kms.katalon.core.webui.keyword.internal.WebUIKeywordMain.stepFailed(WebUIKeywordMain.groovy:65)
	at com.kms.katalon.core.webui.keyword.internal.WebUIKeywordMain.runKeyword(WebUIKeywordMain.groovy:27)
	at com.kms.katalon.core.webui.keyword.builtin.VerifyTextPresentKeyword.verifyTextPresent(VerifyTextPresentKeyword.groovy:83)
	at com.kms.katalon.core.webui.keyword.builtin.VerifyTextPresentKeyword.execute(VerifyTextPresentKeyword.groovy:68)
	at com.kms.katalon.core.keyword.internal.KeywordExecutor.executeKeywordForPlatform(KeywordExecutor.groovy:53)
	at com.kms.katalon.core.webui.keyword.WebUiBuiltInKeywords.verifyTextPresent(WebUiBuiltInKeywords.groovy:1693)
	at com.kms.katalon.core.webui.keyword.WebUiBuiltInKeywords$verifyTextPresent$3.call(Unknown Source)
	at Verify Valid Length of GTIN number.run(Verify Valid Length of GTIN number:52)
	at com.kms.katalon.core.main.ScriptEngine.run(ScriptEngine.java:194)
	at com.kms.katalon.core.main.ScriptEngine.runScriptAsRawText(ScriptEngine.java:119)
	at com.kms.katalon.core.main.TestCaseExecutor.runScript(TestCaseExecutor.java:328)
	at com.kms.katalon.core.main.TestCaseExecutor.doExecute(TestCaseExecutor.java:319)
	at com.kms.katalon.core.main.TestCaseExecutor.processExecutionPhase(TestCaseExecutor.java:298)
	at com.kms.katalon.core.main.TestCaseExecutor.accessMainPhase(TestCaseExecutor.java:290)
	at com.kms.katalon.core.main.TestCaseExecutor.execute(TestCaseExecutor.java:224)
	at com.kms.katalon.core.main.TestSuiteExecutor.accessTestCaseMainPhase(TestSuiteExecutor.java:129)
	at com.kms.katalon.core.main.TestSuiteExecutor.accessTestSuiteMainPhase(TestSuiteExecutor.java:112)
	at com.kms.katalon.core.main.TestSuiteExecutor.execute(TestSuiteExecutor.java:81)
	at com.kms.katalon.core.main.TestCaseMain.startTestSuite(TestCaseMain.java:149)
	at com.kms.katalon.core.main.TestCaseMain$startTestSuite$0.call(Unknown Source)
	at TempTestSuite1549537497284.run(TempTestSuite1549537497284.groovy:36)]]></system-err>
      </testcase>
      <system-out><![CDATA[2019-02-07 16:34:59 - [TEST_SUITE][FAILED] - GCLD-9: Test Cases/GCLD-9/Verify Valid Length of GTIN number FAILED.
Reason:
com.kms.katalon.core.exception.StepFailedException: Unable to verify text 'Global Trade Item Number is required.' is present  (Root cause: com.kms.katalon.core.exception.StepFailedException: Text 'Global Trade Item Number is required.' is not present on page )
	at com.kms.katalon.core.keyword.internal.KeywordMain.stepFailed(KeywordMain.groovy:36)
	at com.kms.katalon.core.webui.keyword.internal.WebUIKeywordMain.stepFailed(WebUIKeywordMain.groovy:65)
	at com.kms.katalon.core.webui.keyword.internal.WebUIKeywordMain.runKeyword(WebUIKeywordMain.groovy:27)
	at com.kms.katalon.core.webui.keyword.builtin.VerifyTextPresentKeyword.verifyTextPresent(VerifyTextPresentKeyword.groovy:83)
	at com.kms.katalon.core.webui.keyword.builtin.VerifyTextPresentKeyword.execute(VerifyTextPresentKeyword.groovy:68)
	at com.kms.katalon.core.keyword.internal.KeywordExecutor.executeKeywordForPlatform(KeywordExecutor.groovy:53)
	at com.kms.katalon.core.webui.keyword.WebUiBuiltInKeywords.verifyTextPresent(WebUiBuiltInKeywords.groovy:1693)
	at com.kms.katalon.core.webui.keyword.WebUiBuiltInKeywords$verifyTextPresent$3.call(Unknown Source)
	at Verify Valid Length of GTIN number.run(Verify Valid Length of GTIN number:52)
	at com.kms.katalon.core.main.ScriptEngine.run(ScriptEngine.java:194)
	at com.kms.katalon.core.main.ScriptEngine.runScriptAsRawText(ScriptEngine.java:119)
	at com.kms.katalon.core.main.TestCaseExecutor.runScript(TestCaseExecutor.java:328)
	at com.kms.katalon.core.main.TestCaseExecutor.doExecute(TestCaseExecutor.java:319)
	at com.kms.katalon.core.main.TestCaseExecutor.processExecutionPhase(TestCaseExecutor.java:298)
	at com.kms.katalon.core.main.TestCaseExecutor.accessMainPhase(TestCaseExecutor.java:290)
	at com.kms.katalon.core.main.TestCaseExecutor.execute(TestCaseExecutor.java:224)
	at com.kms.katalon.core.main.TestSuiteExecutor.accessTestCaseMainPhase(TestSuiteExecutor.java:129)
	at com.kms.katalon.core.main.TestSuiteExecutor.accessTestSuiteMainPhase(TestSuiteExecutor.java:112)
	at com.kms.katalon.core.main.TestSuiteExecutor.execute(TestSuiteExecutor.java:81)
	at com.kms.katalon.core.main.TestCaseMain.startTestSuite(TestCaseMain.java:149)
	at com.kms.katalon.core.main.TestCaseMain$startTestSuite$0.call(Unknown Source)
	at TempTestSuite1549537497284.run(TempTestSuite1549537497284.groovy:36)]]></system-out>
      <system-err><![CDATA[2019-02-07 16:34:59 - [TEST_SUITE][FAILED] - GCLD-9: Test Cases/GCLD-9/Verify Valid Length of GTIN number FAILED.
Reason:
com.kms.katalon.core.exception.StepFailedException: Unable to verify text 'Global Trade Item Number is required.' is present  (Root cause: com.kms.katalon.core.exception.StepFailedException: Text 'Global Trade Item Number is required.' is not present on page )
	at com.kms.katalon.core.keyword.internal.KeywordMain.stepFailed(KeywordMain.groovy:36)
	at com.kms.katalon.core.webui.keyword.internal.WebUIKeywordMain.stepFailed(WebUIKeywordMain.groovy:65)
	at com.kms.katalon.core.webui.keyword.internal.WebUIKeywordMain.runKeyword(WebUIKeywordMain.groovy:27)
	at com.kms.katalon.core.webui.keyword.builtin.VerifyTextPresentKeyword.verifyTextPresent(VerifyTextPresentKeyword.groovy:83)
	at com.kms.katalon.core.webui.keyword.builtin.VerifyTextPresentKeyword.execute(VerifyTextPresentKeyword.groovy:68)
	at com.kms.katalon.core.keyword.internal.KeywordExecutor.executeKeywordForPlatform(KeywordExecutor.groovy:53)
	at com.kms.katalon.core.webui.keyword.WebUiBuiltInKeywords.verifyTextPresent(WebUiBuiltInKeywords.groovy:1693)
	at com.kms.katalon.core.webui.keyword.WebUiBuiltInKeywords$verifyTextPresent$3.call(Unknown Source)
	at Verify Valid Length of GTIN number.run(Verify Valid Length of GTIN number:52)
	at com.kms.katalon.core.main.ScriptEngine.run(ScriptEngine.java:194)
	at com.kms.katalon.core.main.ScriptEngine.runScriptAsRawText(ScriptEngine.java:119)
	at com.kms.katalon.core.main.TestCaseExecutor.runScript(TestCaseExecutor.java:328)
	at com.kms.katalon.core.main.TestCaseExecutor.doExecute(TestCaseExecutor.java:319)
	at com.kms.katalon.core.main.TestCaseExecutor.processExecutionPhase(TestCaseExecutor.java:298)
	at com.kms.katalon.core.main.TestCaseExecutor.accessMainPhase(TestCaseExecutor.java:290)
	at com.kms.katalon.core.main.TestCaseExecutor.execute(TestCaseExecutor.java:224)
	at com.kms.katalon.core.main.TestSuiteExecutor.accessTestCaseMainPhase(TestSuiteExecutor.java:129)
	at com.kms.katalon.core.main.TestSuiteExecutor.accessTestSuiteMainPhase(TestSuiteExecutor.java:112)
	at com.kms.katalon.core.main.TestSuiteExecutor.execute(TestSuiteExecutor.java:81)
	at com.kms.katalon.core.main.TestCaseMain.startTestSuite(TestCaseMain.java:149)
	at com.kms.katalon.core.main.TestCaseMain$startTestSuite$0.call(Unknown Source)
	at TempTestSuite1549537497284.run(TempTestSuite1549537497284.groovy:36)]]></system-err>
   </testsuite>
</testsuites>
