<?xml version="1.0" encoding="UTF-8"?>
<testsuites name="GCLD-9" time="474" tests="16" failures="1" errors="0">
   <testsuite name="GCLD-9" tests="16" failures="1" errors="0" time="474" timestamp="2019-02-07 17:14:30" hostname="satwik_df_gs1 - 192.168.0.78" id="Test Suites/GCLD-9/GCLD-9">
      <properties>
         <property name="deviceName" value=""/>
         <property name="devicePlatform" value=""/>
         <property name="logFolder" value="/Users/satwik_df_gs1/Katalon Studio/GS1-Check/Reports/GCLD-9/GCLD-9/20190207_171418"/>
         <property name="logFiles" value="/Users/satwik_df_gs1/Katalon Studio/GS1-Check/Reports/GCLD-9/GCLD-9/20190207_171418/execution0.log"/>
         <property name="attachments" value=""/>
         <property name="hostName" value="satwik_df_gs1 - 192.168.0.78"/>
         <property name="os" value="Mac OS X 64bit"/>
         <property name="katalonVersion" value="5.10.1.1"/>
         <property name="browser" value="Chrome 71.0.3578.98"/>
         <property name="hostAddress" value="192.168.0.78"/>
         <property name="sessionId" value="f509cd3226a3c5ac2a144cbfaf191104"/>
         <property name="seleniumVersion" value="3.7.1"/>
         <property name="proxyInformation" value="ProxyInformation{proxyOption=NO_PROXY, proxyServerType=HTTP, password=, proxyServerAddress=, proxyServerPort=0}"/>
         <property name="platform" value="Mac OS X"/>
      </properties>
      <testcase name="Test Cases/GCLD-9/Verify Valid Length of GTIN number" classname="Test Cases/GCLD-9/Verify Valid Length of GTIN number" status="PASSED">
         <system-out><![CDATA[2019-02-07 17:14:30 - [TEST_CASE][PASSED] - Test Cases/GCLD-9/Verify Valid Length of GTIN number: Test Cases/GCLD-9/Verify Valid Length of GTIN number

2019-02-07 17:14:31 - [TEST_STEP][PASSED] - openBrowser("https://cloud.test.gs1.org/gs1-portal"): Browser is opened with url: 'https://cloud.test.gs1.org/gs1-portal'

2019-02-07 17:14:31 - [MESSAGE][INFO] - Starting 'Chrome' driver

2019-02-07 17:14:31 - [MESSAGE][INFO] - Action delay is set to 0 seconds

2019-02-07 17:14:38 - [MESSAGE][PASSED] - Browser is opened with url: 'https://cloud.test.gs1.org/gs1-portal'

2019-02-07 17:14:38 - [TEST_STEP][PASSED] - navigateToUrl("https://gs1-sso-customsts.azurewebsites.net/Account/LoginSelector"): Navigate to 'https://gs1-sso-customsts.azurewebsites.net/Account/LoginSelector' successfully

2019-02-07 17:14:38 - [MESSAGE][PASSED] - Navigate to 'https://gs1-sso-customsts.azurewebsites.net/Account/LoginSelector' successfully

2019-02-07 17:14:38 - [TEST_STEP][PASSED] - setText(findTestObject("Object Repository/Page_Sign in - GS1 STS Server/input_E-mail_Email"), email): Text 'GS1CloudTest@gs1.org' is set on object 'Object Repository/Page_Sign in - GS1 STS Server/input_E-mail_Email'

2019-02-07 17:14:39 - [MESSAGE][PASSED] - Text 'GS1CloudTest@gs1.org' is set on object 'Object Repository/Page_Sign in - GS1 STS Server/input_E-mail_Email'

2019-02-07 17:14:39 - [TEST_STEP][PASSED] - Thread.sleep(1000): null

2019-02-07 17:14:40 - [TEST_STEP][PASSED] - setText(findTestObject("Object Repository/Page_Sign in - GS1 STS Server/input_Password_Password"), password): Text 'Fvrt7564' is set on object 'Object Repository/Page_Sign in - GS1 STS Server/input_Password_Password'

2019-02-07 17:14:40 - [MESSAGE][PASSED] - Text 'Fvrt7564' is set on object 'Object Repository/Page_Sign in - GS1 STS Server/input_Password_Password'

2019-02-07 17:14:40 - [TEST_STEP][PASSED] - click(findTestObject("Object Repository/Page_Sign in - GS1 STS Server/input_Password_btn btn-default")): Object: 'Object Repository/Page_Sign in - GS1 STS Server/input_Password_btn btn-default' is clicked on

2019-02-07 17:14:50 - [MESSAGE][PASSED] - Object: 'Object Repository/Page_Sign in - GS1 STS Server/input_Password_btn btn-default' is clicked on

2019-02-07 17:14:50 - [TEST_STEP][PASSED] - click(findTestObject("Object Repository/Page_GS1 Cloud BETA - Home/a_Services")): Object: 'Object Repository/Page_GS1 Cloud BETA - Home/a_Services' is clicked on

2019-02-07 17:14:50 - [MESSAGE][PASSED] - Object: 'Object Repository/Page_GS1 Cloud BETA - Home/a_Services' is clicked on

2019-02-07 17:14:50 - [TEST_STEP][PASSED] - Thread.sleep(1000): null

2019-02-07 17:14:51 - [TEST_STEP][PASSED] - click(findTestObject("Object Repository/Page_GS1 Cloud BETA - Services/a_Check")): Object: 'Object Repository/Page_GS1 Cloud BETA - Services/a_Check' is clicked on

2019-02-07 17:14:52 - [MESSAGE][PASSED] - Object: 'Object Repository/Page_GS1 Cloud BETA - Services/a_Check' is clicked on

2019-02-07 17:14:52 - [TEST_STEP][PASSED] - if (Checkgtinlength == "12345A"): null

2019-02-07 17:14:52 - [TEST_STEP][PASSED] - if (Checkgtinlength == ""): null

2019-02-07 17:14:52 - [TEST_STEP][PASSED] - else: Text 'Integrity failed: Incorrect check digit.' is present on page 

2019-02-07 17:14:52 - [TEST_STEP][PASSED] - try: Object: 'Object Repository/Page_GS1 Cloud BETA - Check/button_Search' is clicked on

2019-02-07 17:14:52 - [TEST_STEP][PASSED] - setText(findTestObject("Object Repository/Page_GS1 Cloud BETA - Check/input_Global Trade Item Number"), Checkgtinlength): Text '1' is set on object 'Object Repository/Page_GS1 Cloud BETA - Check/input_Global Trade Item Number'

2019-02-07 17:14:55 - [MESSAGE][PASSED] - Text '1' is set on object 'Object Repository/Page_GS1 Cloud BETA - Check/input_Global Trade Item Number'

2019-02-07 17:14:55 - [TEST_STEP][PASSED] - click(findTestObject("Object Repository/Page_GS1 Cloud BETA - Check/button_Search")): Object: 'Object Repository/Page_GS1 Cloud BETA - Check/button_Search' is clicked on

2019-02-07 17:14:58 - [MESSAGE][PASSED] - Object: 'Object Repository/Page_GS1 Cloud BETA - Check/button_Search' is clicked on

2019-02-07 17:14:58 - [TEST_STEP][PASSED] - Finally: Text 'Integrity failed: Incorrect check digit.' is present on page 

2019-02-07 17:14:58 - [TEST_STEP][PASSED] - verifyTextPresent(validation, false): Text 'Integrity failed: Incorrect check digit.' is present on page 

2019-02-07 17:14:58 - [MESSAGE][PASSED] - Text 'Integrity failed: Incorrect check digit.' is present on page]]></system-out>
         <system-err><![CDATA[]]></system-err>
      </testcase>
      <testcase name="Test Cases/GCLD-9/Verify Valid Length of GTIN number" classname="Test Cases/GCLD-9/Verify Valid Length of GTIN number" status="PASSED">
         <system-out><![CDATA[2019-02-07 17:14:58 - [TEST_CASE][PASSED] - Test Cases/GCLD-9/Verify Valid Length of GTIN number: Test Cases/GCLD-9/Verify Valid Length of GTIN number

2019-02-07 17:14:58 - [TEST_STEP][PASSED] - openBrowser("https://cloud.test.gs1.org/gs1-portal"): Browser is opened with url: 'https://cloud.test.gs1.org/gs1-portal'

2019-02-07 17:14:58 - [MESSAGE][WARNING] - A browser is already opened. Closing browser and opening a new one

2019-02-07 17:14:58 - [MESSAGE][INFO] - Starting 'Chrome' driver

2019-02-07 17:15:04 - [MESSAGE][PASSED] - Browser is opened with url: 'https://cloud.test.gs1.org/gs1-portal'

2019-02-07 17:15:04 - [TEST_STEP][PASSED] - navigateToUrl("https://gs1-sso-customsts.azurewebsites.net/Account/LoginSelector"): Navigate to 'https://gs1-sso-customsts.azurewebsites.net/Account/LoginSelector' successfully

2019-02-07 17:15:04 - [MESSAGE][PASSED] - Navigate to 'https://gs1-sso-customsts.azurewebsites.net/Account/LoginSelector' successfully

2019-02-07 17:15:04 - [TEST_STEP][PASSED] - setText(findTestObject("Object Repository/Page_Sign in - GS1 STS Server/input_E-mail_Email"), email): Text 'GS1CloudTest@gs1.org' is set on object 'Object Repository/Page_Sign in - GS1 STS Server/input_E-mail_Email'

2019-02-07 17:15:04 - [MESSAGE][PASSED] - Text 'GS1CloudTest@gs1.org' is set on object 'Object Repository/Page_Sign in - GS1 STS Server/input_E-mail_Email'

2019-02-07 17:15:04 - [TEST_STEP][PASSED] - Thread.sleep(1000): null

2019-02-07 17:15:05 - [TEST_STEP][PASSED] - setText(findTestObject("Object Repository/Page_Sign in - GS1 STS Server/input_Password_Password"), password): Text 'Fvrt7564' is set on object 'Object Repository/Page_Sign in - GS1 STS Server/input_Password_Password'

2019-02-07 17:15:05 - [MESSAGE][PASSED] - Text 'Fvrt7564' is set on object 'Object Repository/Page_Sign in - GS1 STS Server/input_Password_Password'

2019-02-07 17:15:05 - [TEST_STEP][PASSED] - click(findTestObject("Object Repository/Page_Sign in - GS1 STS Server/input_Password_btn btn-default")): Object: 'Object Repository/Page_Sign in - GS1 STS Server/input_Password_btn btn-default' is clicked on

2019-02-07 17:15:15 - [MESSAGE][PASSED] - Object: 'Object Repository/Page_Sign in - GS1 STS Server/input_Password_btn btn-default' is clicked on

2019-02-07 17:15:15 - [TEST_STEP][PASSED] - click(findTestObject("Object Repository/Page_GS1 Cloud BETA - Home/a_Services")): Object: 'Object Repository/Page_GS1 Cloud BETA - Home/a_Services' is clicked on

2019-02-07 17:15:15 - [MESSAGE][PASSED] - Object: 'Object Repository/Page_GS1 Cloud BETA - Home/a_Services' is clicked on

2019-02-07 17:15:15 - [TEST_STEP][PASSED] - Thread.sleep(1000): null

2019-02-07 17:15:16 - [TEST_STEP][PASSED] - click(findTestObject("Object Repository/Page_GS1 Cloud BETA - Services/a_Check")): Object: 'Object Repository/Page_GS1 Cloud BETA - Services/a_Check' is clicked on

2019-02-07 17:15:18 - [MESSAGE][PASSED] - Object: 'Object Repository/Page_GS1 Cloud BETA - Services/a_Check' is clicked on

2019-02-07 17:15:18 - [TEST_STEP][PASSED] - if (Checkgtinlength == "12345A"): null

2019-02-07 17:15:18 - [TEST_STEP][PASSED] - if (Checkgtinlength == ""): null

2019-02-07 17:15:18 - [TEST_STEP][PASSED] - else: Text 'Integrity failed: Incorrect check digit.' is present on page 

2019-02-07 17:15:18 - [TEST_STEP][PASSED] - try: Object: 'Object Repository/Page_GS1 Cloud BETA - Check/button_Search' is clicked on

2019-02-07 17:15:18 - [TEST_STEP][PASSED] - setText(findTestObject("Object Repository/Page_GS1 Cloud BETA - Check/input_Global Trade Item Number"), Checkgtinlength): Text '12' is set on object 'Object Repository/Page_GS1 Cloud BETA - Check/input_Global Trade Item Number'

2019-02-07 17:15:23 - [MESSAGE][PASSED] - Text '12' is set on object 'Object Repository/Page_GS1 Cloud BETA - Check/input_Global Trade Item Number'

2019-02-07 17:15:23 - [TEST_STEP][PASSED] - click(findTestObject("Object Repository/Page_GS1 Cloud BETA - Check/button_Search")): Object: 'Object Repository/Page_GS1 Cloud BETA - Check/button_Search' is clicked on

2019-02-07 17:15:25 - [MESSAGE][PASSED] - Object: 'Object Repository/Page_GS1 Cloud BETA - Check/button_Search' is clicked on

2019-02-07 17:15:25 - [TEST_STEP][PASSED] - Finally: Text 'Integrity failed: Incorrect check digit.' is present on page 

2019-02-07 17:15:25 - [TEST_STEP][PASSED] - verifyTextPresent(validation, false): Text 'Integrity failed: Incorrect check digit.' is present on page 

2019-02-07 17:15:25 - [MESSAGE][PASSED] - Text 'Integrity failed: Incorrect check digit.' is present on page]]></system-out>
         <system-err><![CDATA[]]></system-err>
      </testcase>
      <testcase name="Test Cases/GCLD-9/Verify Valid Length of GTIN number" classname="Test Cases/GCLD-9/Verify Valid Length of GTIN number" status="PASSED">
         <system-out><![CDATA[2019-02-07 17:15:25 - [TEST_CASE][PASSED] - Test Cases/GCLD-9/Verify Valid Length of GTIN number: Test Cases/GCLD-9/Verify Valid Length of GTIN number

2019-02-07 17:15:25 - [TEST_STEP][PASSED] - openBrowser("https://cloud.test.gs1.org/gs1-portal"): Browser is opened with url: 'https://cloud.test.gs1.org/gs1-portal'

2019-02-07 17:15:25 - [MESSAGE][WARNING] - A browser is already opened. Closing browser and opening a new one

2019-02-07 17:15:25 - [MESSAGE][INFO] - Starting 'Chrome' driver

2019-02-07 17:15:34 - [MESSAGE][PASSED] - Browser is opened with url: 'https://cloud.test.gs1.org/gs1-portal'

2019-02-07 17:15:34 - [TEST_STEP][PASSED] - navigateToUrl("https://gs1-sso-customsts.azurewebsites.net/Account/LoginSelector"): Navigate to 'https://gs1-sso-customsts.azurewebsites.net/Account/LoginSelector' successfully

2019-02-07 17:15:35 - [MESSAGE][PASSED] - Navigate to 'https://gs1-sso-customsts.azurewebsites.net/Account/LoginSelector' successfully

2019-02-07 17:15:35 - [TEST_STEP][PASSED] - setText(findTestObject("Object Repository/Page_Sign in - GS1 STS Server/input_E-mail_Email"), email): Text 'GS1CloudTest@gs1.org' is set on object 'Object Repository/Page_Sign in - GS1 STS Server/input_E-mail_Email'

2019-02-07 17:15:35 - [MESSAGE][PASSED] - Text 'GS1CloudTest@gs1.org' is set on object 'Object Repository/Page_Sign in - GS1 STS Server/input_E-mail_Email'

2019-02-07 17:15:35 - [TEST_STEP][PASSED] - Thread.sleep(1000): null

2019-02-07 17:15:36 - [TEST_STEP][PASSED] - setText(findTestObject("Object Repository/Page_Sign in - GS1 STS Server/input_Password_Password"), password): Text 'Fvrt7564' is set on object 'Object Repository/Page_Sign in - GS1 STS Server/input_Password_Password'

2019-02-07 17:15:36 - [MESSAGE][PASSED] - Text 'Fvrt7564' is set on object 'Object Repository/Page_Sign in - GS1 STS Server/input_Password_Password'

2019-02-07 17:15:36 - [TEST_STEP][PASSED] - click(findTestObject("Object Repository/Page_Sign in - GS1 STS Server/input_Password_btn btn-default")): Object: 'Object Repository/Page_Sign in - GS1 STS Server/input_Password_btn btn-default' is clicked on

2019-02-07 17:15:45 - [MESSAGE][PASSED] - Object: 'Object Repository/Page_Sign in - GS1 STS Server/input_Password_btn btn-default' is clicked on

2019-02-07 17:15:45 - [TEST_STEP][PASSED] - click(findTestObject("Object Repository/Page_GS1 Cloud BETA - Home/a_Services")): Object: 'Object Repository/Page_GS1 Cloud BETA - Home/a_Services' is clicked on

2019-02-07 17:15:45 - [MESSAGE][PASSED] - Object: 'Object Repository/Page_GS1 Cloud BETA - Home/a_Services' is clicked on

2019-02-07 17:15:45 - [TEST_STEP][PASSED] - Thread.sleep(1000): null

2019-02-07 17:15:46 - [TEST_STEP][PASSED] - click(findTestObject("Object Repository/Page_GS1 Cloud BETA - Services/a_Check")): Object: 'Object Repository/Page_GS1 Cloud BETA - Services/a_Check' is clicked on

2019-02-07 17:15:49 - [MESSAGE][PASSED] - Object: 'Object Repository/Page_GS1 Cloud BETA - Services/a_Check' is clicked on

2019-02-07 17:15:49 - [TEST_STEP][PASSED] - if (Checkgtinlength == "12345A"): null

2019-02-07 17:15:49 - [TEST_STEP][PASSED] - if (Checkgtinlength == ""): null

2019-02-07 17:15:49 - [TEST_STEP][PASSED] - else: Text 'Incorrect number. That GS1 prefix (3-digit country code) does not exist.' is present on page 

2019-02-07 17:15:49 - [TEST_STEP][PASSED] - try: Object: 'Object Repository/Page_GS1 Cloud BETA - Check/button_Search' is clicked on

2019-02-07 17:15:49 - [TEST_STEP][PASSED] - setText(findTestObject("Object Repository/Page_GS1 Cloud BETA - Check/input_Global Trade Item Number"), Checkgtinlength): Text '123' is set on object 'Object Repository/Page_GS1 Cloud BETA - Check/input_Global Trade Item Number'

2019-02-07 17:15:53 - [MESSAGE][PASSED] - Text '123' is set on object 'Object Repository/Page_GS1 Cloud BETA - Check/input_Global Trade Item Number'

2019-02-07 17:15:53 - [TEST_STEP][PASSED] - click(findTestObject("Object Repository/Page_GS1 Cloud BETA - Check/button_Search")): Object: 'Object Repository/Page_GS1 Cloud BETA - Check/button_Search' is clicked on

2019-02-07 17:15:56 - [MESSAGE][PASSED] - Object: 'Object Repository/Page_GS1 Cloud BETA - Check/button_Search' is clicked on

2019-02-07 17:15:56 - [TEST_STEP][PASSED] - Finally: Text 'Incorrect number. That GS1 prefix (3-digit country code) does not exist.' is present on page 

2019-02-07 17:15:56 - [TEST_STEP][PASSED] - verifyTextPresent(validation, false): Text 'Incorrect number. That GS1 prefix (3-digit country code) does not exist.' is present on page 

2019-02-07 17:15:56 - [MESSAGE][PASSED] - Text 'Incorrect number. That GS1 prefix (3-digit country code) does not exist.' is present on page]]></system-out>
         <system-err><![CDATA[]]></system-err>
      </testcase>
      <testcase name="Test Cases/GCLD-9/Verify Valid Length of GTIN number" classname="Test Cases/GCLD-9/Verify Valid Length of GTIN number" status="PASSED">
         <system-out><![CDATA[2019-02-07 17:15:56 - [TEST_CASE][PASSED] - Test Cases/GCLD-9/Verify Valid Length of GTIN number: Test Cases/GCLD-9/Verify Valid Length of GTIN number

2019-02-07 17:15:56 - [TEST_STEP][PASSED] - openBrowser("https://cloud.test.gs1.org/gs1-portal"): Browser is opened with url: 'https://cloud.test.gs1.org/gs1-portal'

2019-02-07 17:15:56 - [MESSAGE][WARNING] - A browser is already opened. Closing browser and opening a new one

2019-02-07 17:15:56 - [MESSAGE][INFO] - Starting 'Chrome' driver

2019-02-07 17:16:07 - [MESSAGE][PASSED] - Browser is opened with url: 'https://cloud.test.gs1.org/gs1-portal'

2019-02-07 17:16:07 - [TEST_STEP][PASSED] - navigateToUrl("https://gs1-sso-customsts.azurewebsites.net/Account/LoginSelector"): Navigate to 'https://gs1-sso-customsts.azurewebsites.net/Account/LoginSelector' successfully

2019-02-07 17:16:08 - [MESSAGE][PASSED] - Navigate to 'https://gs1-sso-customsts.azurewebsites.net/Account/LoginSelector' successfully

2019-02-07 17:16:08 - [TEST_STEP][PASSED] - setText(findTestObject("Object Repository/Page_Sign in - GS1 STS Server/input_E-mail_Email"), email): Text 'GS1CloudTest@gs1.org' is set on object 'Object Repository/Page_Sign in - GS1 STS Server/input_E-mail_Email'

2019-02-07 17:16:08 - [MESSAGE][PASSED] - Text 'GS1CloudTest@gs1.org' is set on object 'Object Repository/Page_Sign in - GS1 STS Server/input_E-mail_Email'

2019-02-07 17:16:08 - [TEST_STEP][PASSED] - Thread.sleep(1000): null

2019-02-07 17:16:09 - [TEST_STEP][PASSED] - setText(findTestObject("Object Repository/Page_Sign in - GS1 STS Server/input_Password_Password"), password): Text 'Fvrt7564' is set on object 'Object Repository/Page_Sign in - GS1 STS Server/input_Password_Password'

2019-02-07 17:16:09 - [MESSAGE][PASSED] - Text 'Fvrt7564' is set on object 'Object Repository/Page_Sign in - GS1 STS Server/input_Password_Password'

2019-02-07 17:16:09 - [TEST_STEP][PASSED] - click(findTestObject("Object Repository/Page_Sign in - GS1 STS Server/input_Password_btn btn-default")): Object: 'Object Repository/Page_Sign in - GS1 STS Server/input_Password_btn btn-default' is clicked on

2019-02-07 17:16:21 - [MESSAGE][PASSED] - Object: 'Object Repository/Page_Sign in - GS1 STS Server/input_Password_btn btn-default' is clicked on

2019-02-07 17:16:21 - [TEST_STEP][PASSED] - click(findTestObject("Object Repository/Page_GS1 Cloud BETA - Home/a_Services")): Object: 'Object Repository/Page_GS1 Cloud BETA - Home/a_Services' is clicked on

2019-02-07 17:16:21 - [MESSAGE][PASSED] - Object: 'Object Repository/Page_GS1 Cloud BETA - Home/a_Services' is clicked on

2019-02-07 17:16:21 - [TEST_STEP][PASSED] - Thread.sleep(1000): null

2019-02-07 17:16:22 - [TEST_STEP][PASSED] - click(findTestObject("Object Repository/Page_GS1 Cloud BETA - Services/a_Check")): Object: 'Object Repository/Page_GS1 Cloud BETA - Services/a_Check' is clicked on

2019-02-07 17:16:24 - [MESSAGE][PASSED] - Object: 'Object Repository/Page_GS1 Cloud BETA - Services/a_Check' is clicked on

2019-02-07 17:16:24 - [TEST_STEP][PASSED] - if (Checkgtinlength == "12345A"): null

2019-02-07 17:16:24 - [TEST_STEP][PASSED] - if (Checkgtinlength == ""): null

2019-02-07 17:16:24 - [TEST_STEP][PASSED] - else: Text 'Integrity failed: Incorrect check digit.' is present on page 

2019-02-07 17:16:24 - [TEST_STEP][PASSED] - try: Object: 'Object Repository/Page_GS1 Cloud BETA - Check/button_Search' is clicked on

2019-02-07 17:16:24 - [TEST_STEP][PASSED] - setText(findTestObject("Object Repository/Page_GS1 Cloud BETA - Check/input_Global Trade Item Number"), Checkgtinlength): Text '1234' is set on object 'Object Repository/Page_GS1 Cloud BETA - Check/input_Global Trade Item Number'

2019-02-07 17:16:28 - [MESSAGE][PASSED] - Text '1234' is set on object 'Object Repository/Page_GS1 Cloud BETA - Check/input_Global Trade Item Number'

2019-02-07 17:16:28 - [TEST_STEP][PASSED] - click(findTestObject("Object Repository/Page_GS1 Cloud BETA - Check/button_Search")): Object: 'Object Repository/Page_GS1 Cloud BETA - Check/button_Search' is clicked on

2019-02-07 17:16:31 - [MESSAGE][PASSED] - Object: 'Object Repository/Page_GS1 Cloud BETA - Check/button_Search' is clicked on

2019-02-07 17:16:31 - [TEST_STEP][PASSED] - Finally: Text 'Integrity failed: Incorrect check digit.' is present on page 

2019-02-07 17:16:31 - [TEST_STEP][PASSED] - verifyTextPresent(validation, false): Text 'Integrity failed: Incorrect check digit.' is present on page 

2019-02-07 17:16:31 - [MESSAGE][PASSED] - Text 'Integrity failed: Incorrect check digit.' is present on page]]></system-out>
         <system-err><![CDATA[]]></system-err>
      </testcase>
      <testcase name="Test Cases/GCLD-9/Verify Valid Length of GTIN number" classname="Test Cases/GCLD-9/Verify Valid Length of GTIN number" status="PASSED">
         <system-out><![CDATA[2019-02-07 17:16:31 - [TEST_CASE][PASSED] - Test Cases/GCLD-9/Verify Valid Length of GTIN number: Test Cases/GCLD-9/Verify Valid Length of GTIN number

2019-02-07 17:16:31 - [TEST_STEP][PASSED] - openBrowser("https://cloud.test.gs1.org/gs1-portal"): Browser is opened with url: 'https://cloud.test.gs1.org/gs1-portal'

2019-02-07 17:16:31 - [MESSAGE][WARNING] - A browser is already opened. Closing browser and opening a new one

2019-02-07 17:16:31 - [MESSAGE][INFO] - Starting 'Chrome' driver

2019-02-07 17:16:37 - [MESSAGE][PASSED] - Browser is opened with url: 'https://cloud.test.gs1.org/gs1-portal'

2019-02-07 17:16:37 - [TEST_STEP][PASSED] - navigateToUrl("https://gs1-sso-customsts.azurewebsites.net/Account/LoginSelector"): Navigate to 'https://gs1-sso-customsts.azurewebsites.net/Account/LoginSelector' successfully

2019-02-07 17:16:37 - [MESSAGE][PASSED] - Navigate to 'https://gs1-sso-customsts.azurewebsites.net/Account/LoginSelector' successfully

2019-02-07 17:16:37 - [TEST_STEP][PASSED] - setText(findTestObject("Object Repository/Page_Sign in - GS1 STS Server/input_E-mail_Email"), email): Text 'GS1CloudTest@gs1.org' is set on object 'Object Repository/Page_Sign in - GS1 STS Server/input_E-mail_Email'

2019-02-07 17:16:38 - [MESSAGE][PASSED] - Text 'GS1CloudTest@gs1.org' is set on object 'Object Repository/Page_Sign in - GS1 STS Server/input_E-mail_Email'

2019-02-07 17:16:38 - [TEST_STEP][PASSED] - Thread.sleep(1000): null

2019-02-07 17:16:39 - [TEST_STEP][PASSED] - setText(findTestObject("Object Repository/Page_Sign in - GS1 STS Server/input_Password_Password"), password): Text 'Fvrt7564' is set on object 'Object Repository/Page_Sign in - GS1 STS Server/input_Password_Password'

2019-02-07 17:16:39 - [MESSAGE][PASSED] - Text 'Fvrt7564' is set on object 'Object Repository/Page_Sign in - GS1 STS Server/input_Password_Password'

2019-02-07 17:16:39 - [TEST_STEP][PASSED] - click(findTestObject("Object Repository/Page_Sign in - GS1 STS Server/input_Password_btn btn-default")): Object: 'Object Repository/Page_Sign in - GS1 STS Server/input_Password_btn btn-default' is clicked on

2019-02-07 17:16:49 - [MESSAGE][PASSED] - Object: 'Object Repository/Page_Sign in - GS1 STS Server/input_Password_btn btn-default' is clicked on

2019-02-07 17:16:49 - [TEST_STEP][PASSED] - click(findTestObject("Object Repository/Page_GS1 Cloud BETA - Home/a_Services")): Object: 'Object Repository/Page_GS1 Cloud BETA - Home/a_Services' is clicked on

2019-02-07 17:16:50 - [MESSAGE][PASSED] - Object: 'Object Repository/Page_GS1 Cloud BETA - Home/a_Services' is clicked on

2019-02-07 17:16:50 - [TEST_STEP][PASSED] - Thread.sleep(1000): null

2019-02-07 17:16:51 - [TEST_STEP][PASSED] - click(findTestObject("Object Repository/Page_GS1 Cloud BETA - Services/a_Check")): Object: 'Object Repository/Page_GS1 Cloud BETA - Services/a_Check' is clicked on

2019-02-07 17:16:52 - [MESSAGE][PASSED] - Object: 'Object Repository/Page_GS1 Cloud BETA - Services/a_Check' is clicked on

2019-02-07 17:16:52 - [TEST_STEP][PASSED] - if (Checkgtinlength == "12345A"): null

2019-02-07 17:16:52 - [TEST_STEP][PASSED] - if (Checkgtinlength == ""): null

2019-02-07 17:16:52 - [TEST_STEP][PASSED] - else: Text 'Integrity failed: Incorrect check digit.' is present on page 

2019-02-07 17:16:52 - [TEST_STEP][PASSED] - try: Object: 'Object Repository/Page_GS1 Cloud BETA - Check/button_Search' is clicked on

2019-02-07 17:16:52 - [TEST_STEP][PASSED] - setText(findTestObject("Object Repository/Page_GS1 Cloud BETA - Check/input_Global Trade Item Number"), Checkgtinlength): Text '12345' is set on object 'Object Repository/Page_GS1 Cloud BETA - Check/input_Global Trade Item Number'

2019-02-07 17:16:54 - [MESSAGE][PASSED] - Text '12345' is set on object 'Object Repository/Page_GS1 Cloud BETA - Check/input_Global Trade Item Number'

2019-02-07 17:16:54 - [TEST_STEP][PASSED] - click(findTestObject("Object Repository/Page_GS1 Cloud BETA - Check/button_Search")): Object: 'Object Repository/Page_GS1 Cloud BETA - Check/button_Search' is clicked on

2019-02-07 17:16:58 - [MESSAGE][PASSED] - Object: 'Object Repository/Page_GS1 Cloud BETA - Check/button_Search' is clicked on

2019-02-07 17:16:58 - [TEST_STEP][PASSED] - Finally: Text 'Integrity failed: Incorrect check digit.' is present on page 

2019-02-07 17:16:58 - [TEST_STEP][PASSED] - verifyTextPresent(validation, false): Text 'Integrity failed: Incorrect check digit.' is present on page 

2019-02-07 17:16:58 - [MESSAGE][PASSED] - Text 'Integrity failed: Incorrect check digit.' is present on page]]></system-out>
         <system-err><![CDATA[]]></system-err>
      </testcase>
      <testcase name="Test Cases/GCLD-9/Verify Valid Length of GTIN number" classname="Test Cases/GCLD-9/Verify Valid Length of GTIN number" status="PASSED">
         <system-out><![CDATA[2019-02-07 17:16:58 - [TEST_CASE][PASSED] - Test Cases/GCLD-9/Verify Valid Length of GTIN number: Test Cases/GCLD-9/Verify Valid Length of GTIN number

2019-02-07 17:16:58 - [TEST_STEP][PASSED] - openBrowser("https://cloud.test.gs1.org/gs1-portal"): Browser is opened with url: 'https://cloud.test.gs1.org/gs1-portal'

2019-02-07 17:16:58 - [MESSAGE][WARNING] - A browser is already opened. Closing browser and opening a new one

2019-02-07 17:16:58 - [MESSAGE][INFO] - Starting 'Chrome' driver

2019-02-07 17:17:04 - [MESSAGE][PASSED] - Browser is opened with url: 'https://cloud.test.gs1.org/gs1-portal'

2019-02-07 17:17:04 - [TEST_STEP][PASSED] - navigateToUrl("https://gs1-sso-customsts.azurewebsites.net/Account/LoginSelector"): Navigate to 'https://gs1-sso-customsts.azurewebsites.net/Account/LoginSelector' successfully

2019-02-07 17:17:04 - [MESSAGE][PASSED] - Navigate to 'https://gs1-sso-customsts.azurewebsites.net/Account/LoginSelector' successfully

2019-02-07 17:17:04 - [TEST_STEP][PASSED] - setText(findTestObject("Object Repository/Page_Sign in - GS1 STS Server/input_E-mail_Email"), email): Text 'GS1CloudTest@gs1.org' is set on object 'Object Repository/Page_Sign in - GS1 STS Server/input_E-mail_Email'

2019-02-07 17:17:04 - [MESSAGE][PASSED] - Text 'GS1CloudTest@gs1.org' is set on object 'Object Repository/Page_Sign in - GS1 STS Server/input_E-mail_Email'

2019-02-07 17:17:04 - [TEST_STEP][PASSED] - Thread.sleep(1000): null

2019-02-07 17:17:05 - [TEST_STEP][PASSED] - setText(findTestObject("Object Repository/Page_Sign in - GS1 STS Server/input_Password_Password"), password): Text 'Fvrt7564' is set on object 'Object Repository/Page_Sign in - GS1 STS Server/input_Password_Password'

2019-02-07 17:17:05 - [MESSAGE][PASSED] - Text 'Fvrt7564' is set on object 'Object Repository/Page_Sign in - GS1 STS Server/input_Password_Password'

2019-02-07 17:17:05 - [TEST_STEP][PASSED] - click(findTestObject("Object Repository/Page_Sign in - GS1 STS Server/input_Password_btn btn-default")): Object: 'Object Repository/Page_Sign in - GS1 STS Server/input_Password_btn btn-default' is clicked on

2019-02-07 17:17:25 - [MESSAGE][PASSED] - Object: 'Object Repository/Page_Sign in - GS1 STS Server/input_Password_btn btn-default' is clicked on

2019-02-07 17:17:25 - [TEST_STEP][PASSED] - click(findTestObject("Object Repository/Page_GS1 Cloud BETA - Home/a_Services")): Object: 'Object Repository/Page_GS1 Cloud BETA - Home/a_Services' is clicked on

2019-02-07 17:17:25 - [MESSAGE][PASSED] - Object: 'Object Repository/Page_GS1 Cloud BETA - Home/a_Services' is clicked on

2019-02-07 17:17:25 - [TEST_STEP][PASSED] - Thread.sleep(1000): null

2019-02-07 17:17:26 - [TEST_STEP][PASSED] - click(findTestObject("Object Repository/Page_GS1 Cloud BETA - Services/a_Check")): Object: 'Object Repository/Page_GS1 Cloud BETA - Services/a_Check' is clicked on

2019-02-07 17:17:30 - [MESSAGE][PASSED] - Object: 'Object Repository/Page_GS1 Cloud BETA - Services/a_Check' is clicked on

2019-02-07 17:17:30 - [TEST_STEP][PASSED] - if (Checkgtinlength == "12345A"): null

2019-02-07 17:17:30 - [TEST_STEP][PASSED] - if (Checkgtinlength == ""): null

2019-02-07 17:17:30 - [TEST_STEP][PASSED] - else: Text 'Integrity failed: Incorrect check digit.' is present on page 

2019-02-07 17:17:30 - [TEST_STEP][PASSED] - try: Object: 'Object Repository/Page_GS1 Cloud BETA - Check/button_Search' is clicked on

2019-02-07 17:17:30 - [TEST_STEP][PASSED] - setText(findTestObject("Object Repository/Page_GS1 Cloud BETA - Check/input_Global Trade Item Number"), Checkgtinlength): Text '123456' is set on object 'Object Repository/Page_GS1 Cloud BETA - Check/input_Global Trade Item Number'

2019-02-07 17:17:33 - [MESSAGE][PASSED] - Text '123456' is set on object 'Object Repository/Page_GS1 Cloud BETA - Check/input_Global Trade Item Number'

2019-02-07 17:17:33 - [TEST_STEP][PASSED] - click(findTestObject("Object Repository/Page_GS1 Cloud BETA - Check/button_Search")): Object: 'Object Repository/Page_GS1 Cloud BETA - Check/button_Search' is clicked on

2019-02-07 17:17:36 - [MESSAGE][PASSED] - Object: 'Object Repository/Page_GS1 Cloud BETA - Check/button_Search' is clicked on

2019-02-07 17:17:36 - [TEST_STEP][PASSED] - Finally: Text 'Integrity failed: Incorrect check digit.' is present on page 

2019-02-07 17:17:36 - [TEST_STEP][PASSED] - verifyTextPresent(validation, false): Text 'Integrity failed: Incorrect check digit.' is present on page 

2019-02-07 17:17:36 - [MESSAGE][PASSED] - Text 'Integrity failed: Incorrect check digit.' is present on page]]></system-out>
         <system-err><![CDATA[]]></system-err>
      </testcase>
      <testcase name="Test Cases/GCLD-9/Verify Valid Length of GTIN number" classname="Test Cases/GCLD-9/Verify Valid Length of GTIN number" status="PASSED">
         <system-out><![CDATA[2019-02-07 17:17:36 - [TEST_CASE][PASSED] - Test Cases/GCLD-9/Verify Valid Length of GTIN number: Test Cases/GCLD-9/Verify Valid Length of GTIN number

2019-02-07 17:17:36 - [TEST_STEP][PASSED] - openBrowser("https://cloud.test.gs1.org/gs1-portal"): Browser is opened with url: 'https://cloud.test.gs1.org/gs1-portal'

2019-02-07 17:17:36 - [MESSAGE][WARNING] - A browser is already opened. Closing browser and opening a new one

2019-02-07 17:17:36 - [MESSAGE][INFO] - Starting 'Chrome' driver

2019-02-07 17:17:43 - [MESSAGE][PASSED] - Browser is opened with url: 'https://cloud.test.gs1.org/gs1-portal'

2019-02-07 17:17:43 - [TEST_STEP][PASSED] - navigateToUrl("https://gs1-sso-customsts.azurewebsites.net/Account/LoginSelector"): Navigate to 'https://gs1-sso-customsts.azurewebsites.net/Account/LoginSelector' successfully

2019-02-07 17:17:43 - [MESSAGE][PASSED] - Navigate to 'https://gs1-sso-customsts.azurewebsites.net/Account/LoginSelector' successfully

2019-02-07 17:17:43 - [TEST_STEP][PASSED] - setText(findTestObject("Object Repository/Page_Sign in - GS1 STS Server/input_E-mail_Email"), email): Text 'GS1CloudTest@gs1.org' is set on object 'Object Repository/Page_Sign in - GS1 STS Server/input_E-mail_Email'

2019-02-07 17:17:44 - [MESSAGE][PASSED] - Text 'GS1CloudTest@gs1.org' is set on object 'Object Repository/Page_Sign in - GS1 STS Server/input_E-mail_Email'

2019-02-07 17:17:44 - [TEST_STEP][PASSED] - Thread.sleep(1000): null

2019-02-07 17:17:45 - [TEST_STEP][PASSED] - setText(findTestObject("Object Repository/Page_Sign in - GS1 STS Server/input_Password_Password"), password): Text 'Fvrt7564' is set on object 'Object Repository/Page_Sign in - GS1 STS Server/input_Password_Password'

2019-02-07 17:17:45 - [MESSAGE][PASSED] - Text 'Fvrt7564' is set on object 'Object Repository/Page_Sign in - GS1 STS Server/input_Password_Password'

2019-02-07 17:17:45 - [TEST_STEP][PASSED] - click(findTestObject("Object Repository/Page_Sign in - GS1 STS Server/input_Password_btn btn-default")): Object: 'Object Repository/Page_Sign in - GS1 STS Server/input_Password_btn btn-default' is clicked on

2019-02-07 17:17:53 - [MESSAGE][PASSED] - Object: 'Object Repository/Page_Sign in - GS1 STS Server/input_Password_btn btn-default' is clicked on

2019-02-07 17:17:53 - [TEST_STEP][PASSED] - click(findTestObject("Object Repository/Page_GS1 Cloud BETA - Home/a_Services")): Object: 'Object Repository/Page_GS1 Cloud BETA - Home/a_Services' is clicked on

2019-02-07 17:17:53 - [MESSAGE][PASSED] - Object: 'Object Repository/Page_GS1 Cloud BETA - Home/a_Services' is clicked on

2019-02-07 17:17:53 - [TEST_STEP][PASSED] - Thread.sleep(1000): null

2019-02-07 17:17:54 - [TEST_STEP][PASSED] - click(findTestObject("Object Repository/Page_GS1 Cloud BETA - Services/a_Check")): Object: 'Object Repository/Page_GS1 Cloud BETA - Services/a_Check' is clicked on

2019-02-07 17:17:55 - [MESSAGE][PASSED] - Object: 'Object Repository/Page_GS1 Cloud BETA - Services/a_Check' is clicked on

2019-02-07 17:17:55 - [TEST_STEP][PASSED] - if (Checkgtinlength == "12345A"): null

2019-02-07 17:17:55 - [TEST_STEP][PASSED] - if (Checkgtinlength == ""): null

2019-02-07 17:17:55 - [TEST_STEP][PASSED] - else: Text 'Integrity failed: Incorrect check digit.' is present on page 

2019-02-07 17:17:55 - [TEST_STEP][PASSED] - try: Object: 'Object Repository/Page_GS1 Cloud BETA - Check/button_Search' is clicked on

2019-02-07 17:17:55 - [TEST_STEP][PASSED] - setText(findTestObject("Object Repository/Page_GS1 Cloud BETA - Check/input_Global Trade Item Number"), Checkgtinlength): Text '1234567' is set on object 'Object Repository/Page_GS1 Cloud BETA - Check/input_Global Trade Item Number'

2019-02-07 17:17:58 - [MESSAGE][PASSED] - Text '1234567' is set on object 'Object Repository/Page_GS1 Cloud BETA - Check/input_Global Trade Item Number'

2019-02-07 17:17:58 - [TEST_STEP][PASSED] - click(findTestObject("Object Repository/Page_GS1 Cloud BETA - Check/button_Search")): Object: 'Object Repository/Page_GS1 Cloud BETA - Check/button_Search' is clicked on

2019-02-07 17:18:00 - [MESSAGE][PASSED] - Object: 'Object Repository/Page_GS1 Cloud BETA - Check/button_Search' is clicked on

2019-02-07 17:18:00 - [TEST_STEP][PASSED] - Finally: Text 'Integrity failed: Incorrect check digit.' is present on page 

2019-02-07 17:18:00 - [TEST_STEP][PASSED] - verifyTextPresent(validation, false): Text 'Integrity failed: Incorrect check digit.' is present on page 

2019-02-07 17:18:00 - [MESSAGE][PASSED] - Text 'Integrity failed: Incorrect check digit.' is present on page]]></system-out>
         <system-err><![CDATA[]]></system-err>
      </testcase>
      <testcase name="Test Cases/GCLD-9/Verify Valid Length of GTIN number" classname="Test Cases/GCLD-9/Verify Valid Length of GTIN number" status="PASSED">
         <system-out><![CDATA[2019-02-07 17:18:00 - [TEST_CASE][PASSED] - Test Cases/GCLD-9/Verify Valid Length of GTIN number: Test Cases/GCLD-9/Verify Valid Length of GTIN number

2019-02-07 17:18:00 - [TEST_STEP][PASSED] - openBrowser("https://cloud.test.gs1.org/gs1-portal"): Browser is opened with url: 'https://cloud.test.gs1.org/gs1-portal'

2019-02-07 17:18:00 - [MESSAGE][WARNING] - A browser is already opened. Closing browser and opening a new one

2019-02-07 17:18:01 - [MESSAGE][INFO] - Starting 'Chrome' driver

2019-02-07 17:18:09 - [MESSAGE][PASSED] - Browser is opened with url: 'https://cloud.test.gs1.org/gs1-portal'

2019-02-07 17:18:09 - [TEST_STEP][PASSED] - navigateToUrl("https://gs1-sso-customsts.azurewebsites.net/Account/LoginSelector"): Navigate to 'https://gs1-sso-customsts.azurewebsites.net/Account/LoginSelector' successfully

2019-02-07 17:18:09 - [MESSAGE][PASSED] - Navigate to 'https://gs1-sso-customsts.azurewebsites.net/Account/LoginSelector' successfully

2019-02-07 17:18:09 - [TEST_STEP][PASSED] - setText(findTestObject("Object Repository/Page_Sign in - GS1 STS Server/input_E-mail_Email"), email): Text 'GS1CloudTest@gs1.org' is set on object 'Object Repository/Page_Sign in - GS1 STS Server/input_E-mail_Email'

2019-02-07 17:18:09 - [MESSAGE][PASSED] - Text 'GS1CloudTest@gs1.org' is set on object 'Object Repository/Page_Sign in - GS1 STS Server/input_E-mail_Email'

2019-02-07 17:18:09 - [TEST_STEP][PASSED] - Thread.sleep(1000): null

2019-02-07 17:18:10 - [TEST_STEP][PASSED] - setText(findTestObject("Object Repository/Page_Sign in - GS1 STS Server/input_Password_Password"), password): Text 'Fvrt7564' is set on object 'Object Repository/Page_Sign in - GS1 STS Server/input_Password_Password'

2019-02-07 17:18:10 - [MESSAGE][PASSED] - Text 'Fvrt7564' is set on object 'Object Repository/Page_Sign in - GS1 STS Server/input_Password_Password'

2019-02-07 17:18:10 - [TEST_STEP][PASSED] - click(findTestObject("Object Repository/Page_Sign in - GS1 STS Server/input_Password_btn btn-default")): Object: 'Object Repository/Page_Sign in - GS1 STS Server/input_Password_btn btn-default' is clicked on

2019-02-07 17:18:23 - [MESSAGE][PASSED] - Object: 'Object Repository/Page_Sign in - GS1 STS Server/input_Password_btn btn-default' is clicked on

2019-02-07 17:18:23 - [TEST_STEP][PASSED] - click(findTestObject("Object Repository/Page_GS1 Cloud BETA - Home/a_Services")): Object: 'Object Repository/Page_GS1 Cloud BETA - Home/a_Services' is clicked on

2019-02-07 17:18:23 - [MESSAGE][PASSED] - Object: 'Object Repository/Page_GS1 Cloud BETA - Home/a_Services' is clicked on

2019-02-07 17:18:23 - [TEST_STEP][PASSED] - Thread.sleep(1000): null

2019-02-07 17:18:24 - [TEST_STEP][PASSED] - click(findTestObject("Object Repository/Page_GS1 Cloud BETA - Services/a_Check")): Object: 'Object Repository/Page_GS1 Cloud BETA - Services/a_Check' is clicked on

2019-02-07 17:18:25 - [MESSAGE][PASSED] - Object: 'Object Repository/Page_GS1 Cloud BETA - Services/a_Check' is clicked on

2019-02-07 17:18:25 - [TEST_STEP][PASSED] - if (Checkgtinlength == "12345A"): null

2019-02-07 17:18:25 - [TEST_STEP][PASSED] - if (Checkgtinlength == ""): null

2019-02-07 17:18:25 - [TEST_STEP][PASSED] - else: Text 'Integrity failed: Incorrect check digit.' is present on page 

2019-02-07 17:18:25 - [TEST_STEP][PASSED] - try: Object: 'Object Repository/Page_GS1 Cloud BETA - Check/button_Search' is clicked on

2019-02-07 17:18:25 - [TEST_STEP][PASSED] - setText(findTestObject("Object Repository/Page_GS1 Cloud BETA - Check/input_Global Trade Item Number"), Checkgtinlength): Text '1234678' is set on object 'Object Repository/Page_GS1 Cloud BETA - Check/input_Global Trade Item Number'

2019-02-07 17:18:28 - [MESSAGE][PASSED] - Text '1234678' is set on object 'Object Repository/Page_GS1 Cloud BETA - Check/input_Global Trade Item Number'

2019-02-07 17:18:28 - [TEST_STEP][PASSED] - click(findTestObject("Object Repository/Page_GS1 Cloud BETA - Check/button_Search")): Object: 'Object Repository/Page_GS1 Cloud BETA - Check/button_Search' is clicked on

2019-02-07 17:18:30 - [MESSAGE][PASSED] - Object: 'Object Repository/Page_GS1 Cloud BETA - Check/button_Search' is clicked on

2019-02-07 17:18:30 - [TEST_STEP][PASSED] - Finally: Text 'Integrity failed: Incorrect check digit.' is present on page 

2019-02-07 17:18:30 - [TEST_STEP][PASSED] - verifyTextPresent(validation, false): Text 'Integrity failed: Incorrect check digit.' is present on page 

2019-02-07 17:18:30 - [MESSAGE][PASSED] - Text 'Integrity failed: Incorrect check digit.' is present on page]]></system-out>
         <system-err><![CDATA[]]></system-err>
      </testcase>
      <testcase name="Test Cases/GCLD-9/Verify Valid Length of GTIN number" classname="Test Cases/GCLD-9/Verify Valid Length of GTIN number" status="PASSED">
         <system-out><![CDATA[2019-02-07 17:18:30 - [TEST_CASE][PASSED] - Test Cases/GCLD-9/Verify Valid Length of GTIN number: Test Cases/GCLD-9/Verify Valid Length of GTIN number

2019-02-07 17:18:30 - [TEST_STEP][PASSED] - openBrowser("https://cloud.test.gs1.org/gs1-portal"): Browser is opened with url: 'https://cloud.test.gs1.org/gs1-portal'

2019-02-07 17:18:30 - [MESSAGE][WARNING] - A browser is already opened. Closing browser and opening a new one

2019-02-07 17:18:30 - [MESSAGE][INFO] - Starting 'Chrome' driver

2019-02-07 17:18:35 - [MESSAGE][PASSED] - Browser is opened with url: 'https://cloud.test.gs1.org/gs1-portal'

2019-02-07 17:18:35 - [TEST_STEP][PASSED] - navigateToUrl("https://gs1-sso-customsts.azurewebsites.net/Account/LoginSelector"): Navigate to 'https://gs1-sso-customsts.azurewebsites.net/Account/LoginSelector' successfully

2019-02-07 17:18:36 - [MESSAGE][PASSED] - Navigate to 'https://gs1-sso-customsts.azurewebsites.net/Account/LoginSelector' successfully

2019-02-07 17:18:36 - [TEST_STEP][PASSED] - setText(findTestObject("Object Repository/Page_Sign in - GS1 STS Server/input_E-mail_Email"), email): Text 'GS1CloudTest@gs1.org' is set on object 'Object Repository/Page_Sign in - GS1 STS Server/input_E-mail_Email'

2019-02-07 17:18:36 - [MESSAGE][PASSED] - Text 'GS1CloudTest@gs1.org' is set on object 'Object Repository/Page_Sign in - GS1 STS Server/input_E-mail_Email'

2019-02-07 17:18:36 - [TEST_STEP][PASSED] - Thread.sleep(1000): null

2019-02-07 17:18:37 - [TEST_STEP][PASSED] - setText(findTestObject("Object Repository/Page_Sign in - GS1 STS Server/input_Password_Password"), password): Text 'Fvrt7564' is set on object 'Object Repository/Page_Sign in - GS1 STS Server/input_Password_Password'

2019-02-07 17:18:37 - [MESSAGE][PASSED] - Text 'Fvrt7564' is set on object 'Object Repository/Page_Sign in - GS1 STS Server/input_Password_Password'

2019-02-07 17:18:37 - [TEST_STEP][PASSED] - click(findTestObject("Object Repository/Page_Sign in - GS1 STS Server/input_Password_btn btn-default")): Object: 'Object Repository/Page_Sign in - GS1 STS Server/input_Password_btn btn-default' is clicked on

2019-02-07 17:18:45 - [MESSAGE][PASSED] - Object: 'Object Repository/Page_Sign in - GS1 STS Server/input_Password_btn btn-default' is clicked on

2019-02-07 17:18:45 - [TEST_STEP][PASSED] - click(findTestObject("Object Repository/Page_GS1 Cloud BETA - Home/a_Services")): Object: 'Object Repository/Page_GS1 Cloud BETA - Home/a_Services' is clicked on

2019-02-07 17:18:46 - [MESSAGE][PASSED] - Object: 'Object Repository/Page_GS1 Cloud BETA - Home/a_Services' is clicked on

2019-02-07 17:18:46 - [TEST_STEP][PASSED] - Thread.sleep(1000): null

2019-02-07 17:18:47 - [TEST_STEP][PASSED] - click(findTestObject("Object Repository/Page_GS1 Cloud BETA - Services/a_Check")): Object: 'Object Repository/Page_GS1 Cloud BETA - Services/a_Check' is clicked on

2019-02-07 17:18:48 - [MESSAGE][PASSED] - Object: 'Object Repository/Page_GS1 Cloud BETA - Services/a_Check' is clicked on

2019-02-07 17:18:48 - [TEST_STEP][PASSED] - if (Checkgtinlength == "12345A"): null

2019-02-07 17:18:48 - [TEST_STEP][PASSED] - if (Checkgtinlength == ""): null

2019-02-07 17:18:48 - [TEST_STEP][PASSED] - else: Text 'Integrity failed: Incorrect check digit.' is present on page 

2019-02-07 17:18:48 - [TEST_STEP][PASSED] - try: Object: 'Object Repository/Page_GS1 Cloud BETA - Check/button_Search' is clicked on

2019-02-07 17:18:48 - [TEST_STEP][PASSED] - setText(findTestObject("Object Repository/Page_GS1 Cloud BETA - Check/input_Global Trade Item Number"), Checkgtinlength): Text '123456789' is set on object 'Object Repository/Page_GS1 Cloud BETA - Check/input_Global Trade Item Number'

2019-02-07 17:18:50 - [MESSAGE][PASSED] - Text '123456789' is set on object 'Object Repository/Page_GS1 Cloud BETA - Check/input_Global Trade Item Number'

2019-02-07 17:18:50 - [TEST_STEP][PASSED] - click(findTestObject("Object Repository/Page_GS1 Cloud BETA - Check/button_Search")): Object: 'Object Repository/Page_GS1 Cloud BETA - Check/button_Search' is clicked on

2019-02-07 17:18:52 - [MESSAGE][PASSED] - Object: 'Object Repository/Page_GS1 Cloud BETA - Check/button_Search' is clicked on

2019-02-07 17:18:52 - [TEST_STEP][PASSED] - Finally: Text 'Integrity failed: Incorrect check digit.' is present on page 

2019-02-07 17:18:52 - [TEST_STEP][PASSED] - verifyTextPresent(validation, false): Text 'Integrity failed: Incorrect check digit.' is present on page 

2019-02-07 17:18:52 - [MESSAGE][PASSED] - Text 'Integrity failed: Incorrect check digit.' is present on page]]></system-out>
         <system-err><![CDATA[]]></system-err>
      </testcase>
      <testcase name="Test Cases/GCLD-9/Verify Valid Length of GTIN number" classname="Test Cases/GCLD-9/Verify Valid Length of GTIN number" status="PASSED">
         <system-out><![CDATA[2019-02-07 17:18:52 - [TEST_CASE][PASSED] - Test Cases/GCLD-9/Verify Valid Length of GTIN number: Test Cases/GCLD-9/Verify Valid Length of GTIN number

2019-02-07 17:18:52 - [TEST_STEP][PASSED] - openBrowser("https://cloud.test.gs1.org/gs1-portal"): Browser is opened with url: 'https://cloud.test.gs1.org/gs1-portal'

2019-02-07 17:18:52 - [MESSAGE][WARNING] - A browser is already opened. Closing browser and opening a new one

2019-02-07 17:18:52 - [MESSAGE][INFO] - Starting 'Chrome' driver

2019-02-07 17:18:59 - [MESSAGE][PASSED] - Browser is opened with url: 'https://cloud.test.gs1.org/gs1-portal'

2019-02-07 17:18:59 - [TEST_STEP][PASSED] - navigateToUrl("https://gs1-sso-customsts.azurewebsites.net/Account/LoginSelector"): Navigate to 'https://gs1-sso-customsts.azurewebsites.net/Account/LoginSelector' successfully

2019-02-07 17:18:59 - [MESSAGE][PASSED] - Navigate to 'https://gs1-sso-customsts.azurewebsites.net/Account/LoginSelector' successfully

2019-02-07 17:18:59 - [TEST_STEP][PASSED] - setText(findTestObject("Object Repository/Page_Sign in - GS1 STS Server/input_E-mail_Email"), email): Text 'GS1CloudTest@gs1.org' is set on object 'Object Repository/Page_Sign in - GS1 STS Server/input_E-mail_Email'

2019-02-07 17:19:00 - [MESSAGE][PASSED] - Text 'GS1CloudTest@gs1.org' is set on object 'Object Repository/Page_Sign in - GS1 STS Server/input_E-mail_Email'

2019-02-07 17:19:00 - [TEST_STEP][PASSED] - Thread.sleep(1000): null

2019-02-07 17:19:01 - [TEST_STEP][PASSED] - setText(findTestObject("Object Repository/Page_Sign in - GS1 STS Server/input_Password_Password"), password): Text 'Fvrt7564' is set on object 'Object Repository/Page_Sign in - GS1 STS Server/input_Password_Password'

2019-02-07 17:19:01 - [MESSAGE][PASSED] - Text 'Fvrt7564' is set on object 'Object Repository/Page_Sign in - GS1 STS Server/input_Password_Password'

2019-02-07 17:19:01 - [TEST_STEP][PASSED] - click(findTestObject("Object Repository/Page_Sign in - GS1 STS Server/input_Password_btn btn-default")): Object: 'Object Repository/Page_Sign in - GS1 STS Server/input_Password_btn btn-default' is clicked on

2019-02-07 17:19:11 - [MESSAGE][PASSED] - Object: 'Object Repository/Page_Sign in - GS1 STS Server/input_Password_btn btn-default' is clicked on

2019-02-07 17:19:11 - [TEST_STEP][PASSED] - click(findTestObject("Object Repository/Page_GS1 Cloud BETA - Home/a_Services")): Object: 'Object Repository/Page_GS1 Cloud BETA - Home/a_Services' is clicked on

2019-02-07 17:19:11 - [MESSAGE][PASSED] - Object: 'Object Repository/Page_GS1 Cloud BETA - Home/a_Services' is clicked on

2019-02-07 17:19:11 - [TEST_STEP][PASSED] - Thread.sleep(1000): null

2019-02-07 17:19:12 - [TEST_STEP][PASSED] - click(findTestObject("Object Repository/Page_GS1 Cloud BETA - Services/a_Check")): Object: 'Object Repository/Page_GS1 Cloud BETA - Services/a_Check' is clicked on

2019-02-07 17:19:15 - [MESSAGE][PASSED] - Object: 'Object Repository/Page_GS1 Cloud BETA - Services/a_Check' is clicked on

2019-02-07 17:19:15 - [TEST_STEP][PASSED] - if (Checkgtinlength == "12345A"): null

2019-02-07 17:19:15 - [TEST_STEP][PASSED] - if (Checkgtinlength == ""): null

2019-02-07 17:19:15 - [TEST_STEP][PASSED] - else: Text 'Integrity failed: Incorrect check digit.' is present on page 

2019-02-07 17:19:15 - [TEST_STEP][PASSED] - try: Object: 'Object Repository/Page_GS1 Cloud BETA - Check/button_Search' is clicked on

2019-02-07 17:19:15 - [TEST_STEP][PASSED] - setText(findTestObject("Object Repository/Page_GS1 Cloud BETA - Check/input_Global Trade Item Number"), Checkgtinlength): Text '1123456789' is set on object 'Object Repository/Page_GS1 Cloud BETA - Check/input_Global Trade Item Number'

2019-02-07 17:19:18 - [MESSAGE][PASSED] - Text '1123456789' is set on object 'Object Repository/Page_GS1 Cloud BETA - Check/input_Global Trade Item Number'

2019-02-07 17:19:18 - [TEST_STEP][PASSED] - click(findTestObject("Object Repository/Page_GS1 Cloud BETA - Check/button_Search")): Object: 'Object Repository/Page_GS1 Cloud BETA - Check/button_Search' is clicked on

2019-02-07 17:19:21 - [MESSAGE][PASSED] - Object: 'Object Repository/Page_GS1 Cloud BETA - Check/button_Search' is clicked on

2019-02-07 17:19:21 - [TEST_STEP][PASSED] - Finally: Text 'Integrity failed: Incorrect check digit.' is present on page 

2019-02-07 17:19:21 - [TEST_STEP][PASSED] - verifyTextPresent(validation, false): Text 'Integrity failed: Incorrect check digit.' is present on page 

2019-02-07 17:19:21 - [MESSAGE][PASSED] - Text 'Integrity failed: Incorrect check digit.' is present on page]]></system-out>
         <system-err><![CDATA[]]></system-err>
      </testcase>
      <testcase name="Test Cases/GCLD-9/Verify Valid Length of GTIN number" classname="Test Cases/GCLD-9/Verify Valid Length of GTIN number" status="PASSED">
         <system-out><![CDATA[2019-02-07 17:19:21 - [TEST_CASE][PASSED] - Test Cases/GCLD-9/Verify Valid Length of GTIN number: Test Cases/GCLD-9/Verify Valid Length of GTIN number

2019-02-07 17:19:21 - [TEST_STEP][PASSED] - openBrowser("https://cloud.test.gs1.org/gs1-portal"): Browser is opened with url: 'https://cloud.test.gs1.org/gs1-portal'

2019-02-07 17:19:21 - [MESSAGE][WARNING] - A browser is already opened. Closing browser and opening a new one

2019-02-07 17:19:21 - [MESSAGE][INFO] - Starting 'Chrome' driver

2019-02-07 17:19:27 - [MESSAGE][PASSED] - Browser is opened with url: 'https://cloud.test.gs1.org/gs1-portal'

2019-02-07 17:19:27 - [TEST_STEP][PASSED] - navigateToUrl("https://gs1-sso-customsts.azurewebsites.net/Account/LoginSelector"): Navigate to 'https://gs1-sso-customsts.azurewebsites.net/Account/LoginSelector' successfully

2019-02-07 17:19:27 - [MESSAGE][PASSED] - Navigate to 'https://gs1-sso-customsts.azurewebsites.net/Account/LoginSelector' successfully

2019-02-07 17:19:27 - [TEST_STEP][PASSED] - setText(findTestObject("Object Repository/Page_Sign in - GS1 STS Server/input_E-mail_Email"), email): Text 'GS1CloudTest@gs1.org' is set on object 'Object Repository/Page_Sign in - GS1 STS Server/input_E-mail_Email'

2019-02-07 17:19:27 - [MESSAGE][PASSED] - Text 'GS1CloudTest@gs1.org' is set on object 'Object Repository/Page_Sign in - GS1 STS Server/input_E-mail_Email'

2019-02-07 17:19:27 - [TEST_STEP][PASSED] - Thread.sleep(1000): null

2019-02-07 17:19:28 - [TEST_STEP][PASSED] - setText(findTestObject("Object Repository/Page_Sign in - GS1 STS Server/input_Password_Password"), password): Text 'Fvrt7564' is set on object 'Object Repository/Page_Sign in - GS1 STS Server/input_Password_Password'

2019-02-07 17:19:28 - [MESSAGE][PASSED] - Text 'Fvrt7564' is set on object 'Object Repository/Page_Sign in - GS1 STS Server/input_Password_Password'

2019-02-07 17:19:28 - [TEST_STEP][PASSED] - click(findTestObject("Object Repository/Page_Sign in - GS1 STS Server/input_Password_btn btn-default")): Object: 'Object Repository/Page_Sign in - GS1 STS Server/input_Password_btn btn-default' is clicked on

2019-02-07 17:19:38 - [MESSAGE][PASSED] - Object: 'Object Repository/Page_Sign in - GS1 STS Server/input_Password_btn btn-default' is clicked on

2019-02-07 17:19:38 - [TEST_STEP][PASSED] - click(findTestObject("Object Repository/Page_GS1 Cloud BETA - Home/a_Services")): Object: 'Object Repository/Page_GS1 Cloud BETA - Home/a_Services' is clicked on

2019-02-07 17:19:38 - [MESSAGE][PASSED] - Object: 'Object Repository/Page_GS1 Cloud BETA - Home/a_Services' is clicked on

2019-02-07 17:19:38 - [TEST_STEP][PASSED] - Thread.sleep(1000): null

2019-02-07 17:19:39 - [TEST_STEP][PASSED] - click(findTestObject("Object Repository/Page_GS1 Cloud BETA - Services/a_Check")): Object: 'Object Repository/Page_GS1 Cloud BETA - Services/a_Check' is clicked on

2019-02-07 17:19:40 - [MESSAGE][PASSED] - Object: 'Object Repository/Page_GS1 Cloud BETA - Services/a_Check' is clicked on

2019-02-07 17:19:40 - [TEST_STEP][PASSED] - if (Checkgtinlength == "12345A"): null

2019-02-07 17:19:40 - [TEST_STEP][PASSED] - if (Checkgtinlength == ""): null

2019-02-07 17:19:40 - [TEST_STEP][PASSED] - else: Text 'Integrity failed: Incorrect check digit.' is present on page 

2019-02-07 17:19:40 - [TEST_STEP][PASSED] - try: Object: 'Object Repository/Page_GS1 Cloud BETA - Check/button_Search' is clicked on

2019-02-07 17:19:40 - [TEST_STEP][PASSED] - setText(findTestObject("Object Repository/Page_GS1 Cloud BETA - Check/input_Global Trade Item Number"), Checkgtinlength): Text '11123456789' is set on object 'Object Repository/Page_GS1 Cloud BETA - Check/input_Global Trade Item Number'

2019-02-07 17:19:44 - [MESSAGE][PASSED] - Text '11123456789' is set on object 'Object Repository/Page_GS1 Cloud BETA - Check/input_Global Trade Item Number'

2019-02-07 17:19:44 - [TEST_STEP][PASSED] - click(findTestObject("Object Repository/Page_GS1 Cloud BETA - Check/button_Search")): Object: 'Object Repository/Page_GS1 Cloud BETA - Check/button_Search' is clicked on

2019-02-07 17:19:50 - [MESSAGE][PASSED] - Object: 'Object Repository/Page_GS1 Cloud BETA - Check/button_Search' is clicked on

2019-02-07 17:19:50 - [TEST_STEP][PASSED] - Finally: Text 'Integrity failed: Incorrect check digit.' is present on page 

2019-02-07 17:19:50 - [TEST_STEP][PASSED] - verifyTextPresent(validation, false): Text 'Integrity failed: Incorrect check digit.' is present on page 

2019-02-07 17:19:50 - [MESSAGE][PASSED] - Text 'Integrity failed: Incorrect check digit.' is present on page]]></system-out>
         <system-err><![CDATA[]]></system-err>
      </testcase>
      <testcase name="Test Cases/GCLD-9/Verify Valid Length of GTIN number" classname="Test Cases/GCLD-9/Verify Valid Length of GTIN number" status="PASSED">
         <system-out><![CDATA[2019-02-07 17:19:50 - [TEST_CASE][PASSED] - Test Cases/GCLD-9/Verify Valid Length of GTIN number: Test Cases/GCLD-9/Verify Valid Length of GTIN number

2019-02-07 17:19:50 - [TEST_STEP][PASSED] - openBrowser("https://cloud.test.gs1.org/gs1-portal"): Browser is opened with url: 'https://cloud.test.gs1.org/gs1-portal'

2019-02-07 17:19:50 - [MESSAGE][WARNING] - A browser is already opened. Closing browser and opening a new one

2019-02-07 17:19:50 - [MESSAGE][INFO] - Starting 'Chrome' driver

2019-02-07 17:19:56 - [MESSAGE][PASSED] - Browser is opened with url: 'https://cloud.test.gs1.org/gs1-portal'

2019-02-07 17:19:56 - [TEST_STEP][PASSED] - navigateToUrl("https://gs1-sso-customsts.azurewebsites.net/Account/LoginSelector"): Navigate to 'https://gs1-sso-customsts.azurewebsites.net/Account/LoginSelector' successfully

2019-02-07 17:19:56 - [MESSAGE][PASSED] - Navigate to 'https://gs1-sso-customsts.azurewebsites.net/Account/LoginSelector' successfully

2019-02-07 17:19:56 - [TEST_STEP][PASSED] - setText(findTestObject("Object Repository/Page_Sign in - GS1 STS Server/input_E-mail_Email"), email): Text 'GS1CloudTest@gs1.org' is set on object 'Object Repository/Page_Sign in - GS1 STS Server/input_E-mail_Email'

2019-02-07 17:19:56 - [MESSAGE][PASSED] - Text 'GS1CloudTest@gs1.org' is set on object 'Object Repository/Page_Sign in - GS1 STS Server/input_E-mail_Email'

2019-02-07 17:19:56 - [TEST_STEP][PASSED] - Thread.sleep(1000): null

2019-02-07 17:19:57 - [TEST_STEP][PASSED] - setText(findTestObject("Object Repository/Page_Sign in - GS1 STS Server/input_Password_Password"), password): Text 'Fvrt7564' is set on object 'Object Repository/Page_Sign in - GS1 STS Server/input_Password_Password'

2019-02-07 17:19:58 - [MESSAGE][PASSED] - Text 'Fvrt7564' is set on object 'Object Repository/Page_Sign in - GS1 STS Server/input_Password_Password'

2019-02-07 17:19:58 - [TEST_STEP][PASSED] - click(findTestObject("Object Repository/Page_Sign in - GS1 STS Server/input_Password_btn btn-default")): Object: 'Object Repository/Page_Sign in - GS1 STS Server/input_Password_btn btn-default' is clicked on

2019-02-07 17:20:07 - [MESSAGE][PASSED] - Object: 'Object Repository/Page_Sign in - GS1 STS Server/input_Password_btn btn-default' is clicked on

2019-02-07 17:20:07 - [TEST_STEP][PASSED] - click(findTestObject("Object Repository/Page_GS1 Cloud BETA - Home/a_Services")): Object: 'Object Repository/Page_GS1 Cloud BETA - Home/a_Services' is clicked on

2019-02-07 17:20:07 - [MESSAGE][PASSED] - Object: 'Object Repository/Page_GS1 Cloud BETA - Home/a_Services' is clicked on

2019-02-07 17:20:07 - [TEST_STEP][PASSED] - Thread.sleep(1000): null

2019-02-07 17:20:08 - [TEST_STEP][PASSED] - click(findTestObject("Object Repository/Page_GS1 Cloud BETA - Services/a_Check")): Object: 'Object Repository/Page_GS1 Cloud BETA - Services/a_Check' is clicked on

2019-02-07 17:20:10 - [MESSAGE][PASSED] - Object: 'Object Repository/Page_GS1 Cloud BETA - Services/a_Check' is clicked on

2019-02-07 17:20:10 - [TEST_STEP][PASSED] - if (Checkgtinlength == "12345A"): null

2019-02-07 17:20:10 - [TEST_STEP][PASSED] - if (Checkgtinlength == ""): null

2019-02-07 17:20:10 - [TEST_STEP][PASSED] - else: Text 'Integrity failed: Incorrect check digit.' is present on page 

2019-02-07 17:20:10 - [TEST_STEP][PASSED] - try: Object: 'Object Repository/Page_GS1 Cloud BETA - Check/button_Search' is clicked on

2019-02-07 17:20:10 - [TEST_STEP][PASSED] - setText(findTestObject("Object Repository/Page_GS1 Cloud BETA - Check/input_Global Trade Item Number"), Checkgtinlength): Text '111123456789' is set on object 'Object Repository/Page_GS1 Cloud BETA - Check/input_Global Trade Item Number'

2019-02-07 17:20:14 - [MESSAGE][PASSED] - Text '111123456789' is set on object 'Object Repository/Page_GS1 Cloud BETA - Check/input_Global Trade Item Number'

2019-02-07 17:20:14 - [TEST_STEP][PASSED] - click(findTestObject("Object Repository/Page_GS1 Cloud BETA - Check/button_Search")): Object: 'Object Repository/Page_GS1 Cloud BETA - Check/button_Search' is clicked on

2019-02-07 17:20:16 - [MESSAGE][PASSED] - Object: 'Object Repository/Page_GS1 Cloud BETA - Check/button_Search' is clicked on

2019-02-07 17:20:16 - [TEST_STEP][PASSED] - Finally: Text 'Integrity failed: Incorrect check digit.' is present on page 

2019-02-07 17:20:16 - [TEST_STEP][PASSED] - verifyTextPresent(validation, false): Text 'Integrity failed: Incorrect check digit.' is present on page 

2019-02-07 17:20:16 - [MESSAGE][PASSED] - Text 'Integrity failed: Incorrect check digit.' is present on page]]></system-out>
         <system-err><![CDATA[]]></system-err>
      </testcase>
      <testcase name="Test Cases/GCLD-9/Verify Valid Length of GTIN number" classname="Test Cases/GCLD-9/Verify Valid Length of GTIN number" status="PASSED">
         <system-out><![CDATA[2019-02-07 17:20:16 - [TEST_CASE][PASSED] - Test Cases/GCLD-9/Verify Valid Length of GTIN number: Test Cases/GCLD-9/Verify Valid Length of GTIN number

2019-02-07 17:20:16 - [TEST_STEP][PASSED] - openBrowser("https://cloud.test.gs1.org/gs1-portal"): Browser is opened with url: 'https://cloud.test.gs1.org/gs1-portal'

2019-02-07 17:20:16 - [MESSAGE][WARNING] - A browser is already opened. Closing browser and opening a new one

2019-02-07 17:20:16 - [MESSAGE][INFO] - Starting 'Chrome' driver

2019-02-07 17:20:21 - [MESSAGE][PASSED] - Browser is opened with url: 'https://cloud.test.gs1.org/gs1-portal'

2019-02-07 17:20:21 - [TEST_STEP][PASSED] - navigateToUrl("https://gs1-sso-customsts.azurewebsites.net/Account/LoginSelector"): Navigate to 'https://gs1-sso-customsts.azurewebsites.net/Account/LoginSelector' successfully

2019-02-07 17:20:22 - [MESSAGE][PASSED] - Navigate to 'https://gs1-sso-customsts.azurewebsites.net/Account/LoginSelector' successfully

2019-02-07 17:20:22 - [TEST_STEP][PASSED] - setText(findTestObject("Object Repository/Page_Sign in - GS1 STS Server/input_E-mail_Email"), email): Text 'GS1CloudTest@gs1.org' is set on object 'Object Repository/Page_Sign in - GS1 STS Server/input_E-mail_Email'

2019-02-07 17:20:22 - [MESSAGE][PASSED] - Text 'GS1CloudTest@gs1.org' is set on object 'Object Repository/Page_Sign in - GS1 STS Server/input_E-mail_Email'

2019-02-07 17:20:22 - [TEST_STEP][PASSED] - Thread.sleep(1000): null

2019-02-07 17:20:23 - [TEST_STEP][PASSED] - setText(findTestObject("Object Repository/Page_Sign in - GS1 STS Server/input_Password_Password"), password): Text 'Fvrt7564' is set on object 'Object Repository/Page_Sign in - GS1 STS Server/input_Password_Password'

2019-02-07 17:20:23 - [MESSAGE][PASSED] - Text 'Fvrt7564' is set on object 'Object Repository/Page_Sign in - GS1 STS Server/input_Password_Password'

2019-02-07 17:20:23 - [TEST_STEP][PASSED] - click(findTestObject("Object Repository/Page_Sign in - GS1 STS Server/input_Password_btn btn-default")): Object: 'Object Repository/Page_Sign in - GS1 STS Server/input_Password_btn btn-default' is clicked on

2019-02-07 17:20:31 - [MESSAGE][PASSED] - Object: 'Object Repository/Page_Sign in - GS1 STS Server/input_Password_btn btn-default' is clicked on

2019-02-07 17:20:31 - [TEST_STEP][PASSED] - click(findTestObject("Object Repository/Page_GS1 Cloud BETA - Home/a_Services")): Object: 'Object Repository/Page_GS1 Cloud BETA - Home/a_Services' is clicked on

2019-02-07 17:20:31 - [MESSAGE][PASSED] - Object: 'Object Repository/Page_GS1 Cloud BETA - Home/a_Services' is clicked on

2019-02-07 17:20:31 - [TEST_STEP][PASSED] - Thread.sleep(1000): null

2019-02-07 17:20:32 - [TEST_STEP][PASSED] - click(findTestObject("Object Repository/Page_GS1 Cloud BETA - Services/a_Check")): Object: 'Object Repository/Page_GS1 Cloud BETA - Services/a_Check' is clicked on

2019-02-07 17:20:34 - [MESSAGE][PASSED] - Object: 'Object Repository/Page_GS1 Cloud BETA - Services/a_Check' is clicked on

2019-02-07 17:20:34 - [TEST_STEP][PASSED] - if (Checkgtinlength == "12345A"): null

2019-02-07 17:20:34 - [TEST_STEP][PASSED] - if (Checkgtinlength == ""): null

2019-02-07 17:20:34 - [TEST_STEP][PASSED] - else: Text 'Integrity failed: Incorrect check digit.' is present on page 

2019-02-07 17:20:34 - [TEST_STEP][PASSED] - try: Object: 'Object Repository/Page_GS1 Cloud BETA - Check/button_Search' is clicked on

2019-02-07 17:20:34 - [TEST_STEP][PASSED] - setText(findTestObject("Object Repository/Page_GS1 Cloud BETA - Check/input_Global Trade Item Number"), Checkgtinlength): Text '1111123456789' is set on object 'Object Repository/Page_GS1 Cloud BETA - Check/input_Global Trade Item Number'

2019-02-07 17:20:36 - [MESSAGE][PASSED] - Text '1111123456789' is set on object 'Object Repository/Page_GS1 Cloud BETA - Check/input_Global Trade Item Number'

2019-02-07 17:20:36 - [TEST_STEP][PASSED] - click(findTestObject("Object Repository/Page_GS1 Cloud BETA - Check/button_Search")): Object: 'Object Repository/Page_GS1 Cloud BETA - Check/button_Search' is clicked on

2019-02-07 17:20:38 - [MESSAGE][PASSED] - Object: 'Object Repository/Page_GS1 Cloud BETA - Check/button_Search' is clicked on

2019-02-07 17:20:38 - [TEST_STEP][PASSED] - Finally: Text 'Integrity failed: Incorrect check digit.' is present on page 

2019-02-07 17:20:38 - [TEST_STEP][PASSED] - verifyTextPresent(validation, false): Text 'Integrity failed: Incorrect check digit.' is present on page 

2019-02-07 17:20:38 - [MESSAGE][PASSED] - Text 'Integrity failed: Incorrect check digit.' is present on page]]></system-out>
         <system-err><![CDATA[]]></system-err>
      </testcase>
      <testcase name="Test Cases/GCLD-9/Verify Valid Length of GTIN number" classname="Test Cases/GCLD-9/Verify Valid Length of GTIN number" status="PASSED">
         <system-out><![CDATA[2019-02-07 17:20:38 - [TEST_CASE][PASSED] - Test Cases/GCLD-9/Verify Valid Length of GTIN number: Test Cases/GCLD-9/Verify Valid Length of GTIN number

2019-02-07 17:20:38 - [TEST_STEP][PASSED] - openBrowser("https://cloud.test.gs1.org/gs1-portal"): Browser is opened with url: 'https://cloud.test.gs1.org/gs1-portal'

2019-02-07 17:20:38 - [MESSAGE][WARNING] - A browser is already opened. Closing browser and opening a new one

2019-02-07 17:20:39 - [MESSAGE][INFO] - Starting 'Chrome' driver

2019-02-07 17:20:44 - [MESSAGE][PASSED] - Browser is opened with url: 'https://cloud.test.gs1.org/gs1-portal'

2019-02-07 17:20:44 - [TEST_STEP][PASSED] - navigateToUrl("https://gs1-sso-customsts.azurewebsites.net/Account/LoginSelector"): Navigate to 'https://gs1-sso-customsts.azurewebsites.net/Account/LoginSelector' successfully

2019-02-07 17:20:45 - [MESSAGE][PASSED] - Navigate to 'https://gs1-sso-customsts.azurewebsites.net/Account/LoginSelector' successfully

2019-02-07 17:20:45 - [TEST_STEP][PASSED] - setText(findTestObject("Object Repository/Page_Sign in - GS1 STS Server/input_E-mail_Email"), email): Text 'GS1CloudTest@gs1.org' is set on object 'Object Repository/Page_Sign in - GS1 STS Server/input_E-mail_Email'

2019-02-07 17:20:45 - [MESSAGE][PASSED] - Text 'GS1CloudTest@gs1.org' is set on object 'Object Repository/Page_Sign in - GS1 STS Server/input_E-mail_Email'

2019-02-07 17:20:45 - [TEST_STEP][PASSED] - Thread.sleep(1000): null

2019-02-07 17:20:46 - [TEST_STEP][PASSED] - setText(findTestObject("Object Repository/Page_Sign in - GS1 STS Server/input_Password_Password"), password): Text 'Fvrt7564' is set on object 'Object Repository/Page_Sign in - GS1 STS Server/input_Password_Password'

2019-02-07 17:20:46 - [MESSAGE][PASSED] - Text 'Fvrt7564' is set on object 'Object Repository/Page_Sign in - GS1 STS Server/input_Password_Password'

2019-02-07 17:20:46 - [TEST_STEP][PASSED] - click(findTestObject("Object Repository/Page_Sign in - GS1 STS Server/input_Password_btn btn-default")): Object: 'Object Repository/Page_Sign in - GS1 STS Server/input_Password_btn btn-default' is clicked on

2019-02-07 17:20:58 - [MESSAGE][PASSED] - Object: 'Object Repository/Page_Sign in - GS1 STS Server/input_Password_btn btn-default' is clicked on

2019-02-07 17:20:58 - [TEST_STEP][PASSED] - click(findTestObject("Object Repository/Page_GS1 Cloud BETA - Home/a_Services")): Object: 'Object Repository/Page_GS1 Cloud BETA - Home/a_Services' is clicked on

2019-02-07 17:20:58 - [MESSAGE][PASSED] - Object: 'Object Repository/Page_GS1 Cloud BETA - Home/a_Services' is clicked on

2019-02-07 17:20:58 - [TEST_STEP][PASSED] - Thread.sleep(1000): null

2019-02-07 17:20:59 - [TEST_STEP][PASSED] - click(findTestObject("Object Repository/Page_GS1 Cloud BETA - Services/a_Check")): Object: 'Object Repository/Page_GS1 Cloud BETA - Services/a_Check' is clicked on

2019-02-07 17:21:00 - [MESSAGE][PASSED] - Object: 'Object Repository/Page_GS1 Cloud BETA - Services/a_Check' is clicked on

2019-02-07 17:21:00 - [TEST_STEP][PASSED] - if (Checkgtinlength == "12345A"): null

2019-02-07 17:21:00 - [TEST_STEP][PASSED] - if (Checkgtinlength == ""): null

2019-02-07 17:21:00 - [TEST_STEP][PASSED] - else: Text 'Integrity failed: Incorrect check digit.' is present on page 

2019-02-07 17:21:00 - [TEST_STEP][PASSED] - try: Object: 'Object Repository/Page_GS1 Cloud BETA - Check/button_Search' is clicked on

2019-02-07 17:21:00 - [TEST_STEP][PASSED] - setText(findTestObject("Object Repository/Page_GS1 Cloud BETA - Check/input_Global Trade Item Number"), Checkgtinlength): Text '11111123456789' is set on object 'Object Repository/Page_GS1 Cloud BETA - Check/input_Global Trade Item Number'

2019-02-07 17:21:03 - [MESSAGE][PASSED] - Text '11111123456789' is set on object 'Object Repository/Page_GS1 Cloud BETA - Check/input_Global Trade Item Number'

2019-02-07 17:21:03 - [TEST_STEP][PASSED] - click(findTestObject("Object Repository/Page_GS1 Cloud BETA - Check/button_Search")): Object: 'Object Repository/Page_GS1 Cloud BETA - Check/button_Search' is clicked on

2019-02-07 17:21:06 - [MESSAGE][PASSED] - Object: 'Object Repository/Page_GS1 Cloud BETA - Check/button_Search' is clicked on

2019-02-07 17:21:06 - [TEST_STEP][PASSED] - Finally: Text 'Integrity failed: Incorrect check digit.' is present on page 

2019-02-07 17:21:06 - [TEST_STEP][PASSED] - verifyTextPresent(validation, false): Text 'Integrity failed: Incorrect check digit.' is present on page 

2019-02-07 17:21:06 - [MESSAGE][PASSED] - Text 'Integrity failed: Incorrect check digit.' is present on page]]></system-out>
         <system-err><![CDATA[]]></system-err>
      </testcase>
      <testcase name="Test Cases/GCLD-9/Verify Valid Length of GTIN number" classname="Test Cases/GCLD-9/Verify Valid Length of GTIN number" status="PASSED">
         <system-out><![CDATA[2019-02-07 17:21:06 - [TEST_CASE][PASSED] - Test Cases/GCLD-9/Verify Valid Length of GTIN number: Test Cases/GCLD-9/Verify Valid Length of GTIN number

2019-02-07 17:21:06 - [TEST_STEP][PASSED] - openBrowser("https://cloud.test.gs1.org/gs1-portal"): Browser is opened with url: 'https://cloud.test.gs1.org/gs1-portal'

2019-02-07 17:21:06 - [MESSAGE][WARNING] - A browser is already opened. Closing browser and opening a new one

2019-02-07 17:21:06 - [MESSAGE][INFO] - Starting 'Chrome' driver

2019-02-07 17:21:14 - [MESSAGE][PASSED] - Browser is opened with url: 'https://cloud.test.gs1.org/gs1-portal'

2019-02-07 17:21:14 - [TEST_STEP][PASSED] - navigateToUrl("https://gs1-sso-customsts.azurewebsites.net/Account/LoginSelector"): Navigate to 'https://gs1-sso-customsts.azurewebsites.net/Account/LoginSelector' successfully

2019-02-07 17:21:15 - [MESSAGE][PASSED] - Navigate to 'https://gs1-sso-customsts.azurewebsites.net/Account/LoginSelector' successfully

2019-02-07 17:21:15 - [TEST_STEP][PASSED] - setText(findTestObject("Object Repository/Page_Sign in - GS1 STS Server/input_E-mail_Email"), email): Text 'GS1CloudTest@gs1.org' is set on object 'Object Repository/Page_Sign in - GS1 STS Server/input_E-mail_Email'

2019-02-07 17:21:15 - [MESSAGE][PASSED] - Text 'GS1CloudTest@gs1.org' is set on object 'Object Repository/Page_Sign in - GS1 STS Server/input_E-mail_Email'

2019-02-07 17:21:15 - [TEST_STEP][PASSED] - Thread.sleep(1000): null

2019-02-07 17:21:16 - [TEST_STEP][PASSED] - setText(findTestObject("Object Repository/Page_Sign in - GS1 STS Server/input_Password_Password"), password): Text 'Fvrt7564' is set on object 'Object Repository/Page_Sign in - GS1 STS Server/input_Password_Password'

2019-02-07 17:21:16 - [MESSAGE][PASSED] - Text 'Fvrt7564' is set on object 'Object Repository/Page_Sign in - GS1 STS Server/input_Password_Password'

2019-02-07 17:21:16 - [TEST_STEP][PASSED] - click(findTestObject("Object Repository/Page_Sign in - GS1 STS Server/input_Password_btn btn-default")): Object: 'Object Repository/Page_Sign in - GS1 STS Server/input_Password_btn btn-default' is clicked on

2019-02-07 17:21:26 - [MESSAGE][PASSED] - Object: 'Object Repository/Page_Sign in - GS1 STS Server/input_Password_btn btn-default' is clicked on

2019-02-07 17:21:26 - [TEST_STEP][PASSED] - click(findTestObject("Object Repository/Page_GS1 Cloud BETA - Home/a_Services")): Object: 'Object Repository/Page_GS1 Cloud BETA - Home/a_Services' is clicked on

2019-02-07 17:21:26 - [MESSAGE][PASSED] - Object: 'Object Repository/Page_GS1 Cloud BETA - Home/a_Services' is clicked on

2019-02-07 17:21:26 - [TEST_STEP][PASSED] - Thread.sleep(1000): null

2019-02-07 17:21:27 - [TEST_STEP][PASSED] - click(findTestObject("Object Repository/Page_GS1 Cloud BETA - Services/a_Check")): Object: 'Object Repository/Page_GS1 Cloud BETA - Services/a_Check' is clicked on

2019-02-07 17:21:28 - [MESSAGE][PASSED] - Object: 'Object Repository/Page_GS1 Cloud BETA - Services/a_Check' is clicked on

2019-02-07 17:21:28 - [TEST_STEP][PASSED] - if (Checkgtinlength == "12345A"): null

2019-02-07 17:21:28 - [TEST_STEP][PASSED] - if (Checkgtinlength == ""): null

2019-02-07 17:21:28 - [TEST_STEP][PASSED] - else: Text 'Incorrect number. That GS1 prefix (3-digit country code) does not exist.' is present on page 

2019-02-07 17:21:28 - [TEST_STEP][PASSED] - try: Object: 'Object Repository/Page_GS1 Cloud BETA - Check/button_Search' is clicked on

2019-02-07 17:21:28 - [TEST_STEP][PASSED] - setText(findTestObject("Object Repository/Page_GS1 Cloud BETA - Check/input_Global Trade Item Number"), Checkgtinlength): Text ' ' is set on object 'Object Repository/Page_GS1 Cloud BETA - Check/input_Global Trade Item Number'

2019-02-07 17:21:31 - [MESSAGE][PASSED] - Text ' ' is set on object 'Object Repository/Page_GS1 Cloud BETA - Check/input_Global Trade Item Number'

2019-02-07 17:21:31 - [TEST_STEP][PASSED] - click(findTestObject("Object Repository/Page_GS1 Cloud BETA - Check/button_Search")): Object: 'Object Repository/Page_GS1 Cloud BETA - Check/button_Search' is clicked on

2019-02-07 17:21:33 - [MESSAGE][PASSED] - Object: 'Object Repository/Page_GS1 Cloud BETA - Check/button_Search' is clicked on

2019-02-07 17:21:33 - [TEST_STEP][PASSED] - Finally: Text 'Incorrect number. That GS1 prefix (3-digit country code) does not exist.' is present on page 

2019-02-07 17:21:33 - [TEST_STEP][PASSED] - verifyTextPresent(validation, false): Text 'Incorrect number. That GS1 prefix (3-digit country code) does not exist.' is present on page 

2019-02-07 17:21:33 - [MESSAGE][PASSED] - Text 'Incorrect number. That GS1 prefix (3-digit country code) does not exist.' is present on page]]></system-out>
         <system-err><![CDATA[]]></system-err>
      </testcase>
      <testcase name="Test Cases/GCLD-9/Verify Valid Length of GTIN number" classname="Test Cases/GCLD-9/Verify Valid Length of GTIN number" status="FAILED">
         <failure type="FAILED" message="Test Cases/GCLD-9/Verify Valid Length of GTIN number FAILED.
Reason:
com.kms.katalon.core.exception.StepFailedException: Unable to verify text 'Integrity failed: Incorrect check digit.' is present  (Root cause: com.kms.katalon.core.webui.exception.BrowserNotOpenedException: Browser is not opened
Build info: version: '3.7.1', revision: '8a0099a', time: '2017-11-06T21:07:36.161Z'
System info: host: 'macs-MacBook-Pro.local', ip: 'fe80:0:0:0:c32:4de1:442f:2fbc%en0', os.name: 'Mac OS X', os.arch: 'x86_64', os.version: '10.14.2', java.version: '1.8.0_181'
Driver info: driver.version: unknown)
	at com.kms.katalon.core.keyword.internal.KeywordMain.stepFailed(KeywordMain.groovy:36)
	at com.kms.katalon.core.webui.keyword.internal.WebUIKeywordMain.stepFailed(WebUIKeywordMain.groovy:65)
	at com.kms.katalon.core.webui.keyword.internal.WebUIKeywordMain.runKeyword(WebUIKeywordMain.groovy:27)
	at com.kms.katalon.core.webui.keyword.builtin.VerifyTextPresentKeyword.verifyTextPresent(VerifyTextPresentKeyword.groovy:83)
	at com.kms.katalon.core.webui.keyword.builtin.VerifyTextPresentKeyword.execute(VerifyTextPresentKeyword.groovy:68)
	at com.kms.katalon.core.keyword.internal.KeywordExecutor.executeKeywordForPlatform(KeywordExecutor.groovy:53)
	at com.kms.katalon.core.webui.keyword.WebUiBuiltInKeywords.verifyTextPresent(WebUiBuiltInKeywords.groovy:1693)
	at com.kms.katalon.core.webui.keyword.WebUiBuiltInKeywords$verifyTextPresent$3.call(Unknown Source)
	at Verify Valid Length of GTIN number.run(Verify Valid Length of GTIN number:58)
	at com.kms.katalon.core.main.ScriptEngine.run(ScriptEngine.java:194)
	at com.kms.katalon.core.main.ScriptEngine.runScriptAsRawText(ScriptEngine.java:119)
	at com.kms.katalon.core.main.TestCaseExecutor.runScript(TestCaseExecutor.java:328)
	at com.kms.katalon.core.main.TestCaseExecutor.doExecute(TestCaseExecutor.java:319)
	at com.kms.katalon.core.main.TestCaseExecutor.processExecutionPhase(TestCaseExecutor.java:298)
	at com.kms.katalon.core.main.TestCaseExecutor.accessMainPhase(TestCaseExecutor.java:290)
	at com.kms.katalon.core.main.TestCaseExecutor.execute(TestCaseExecutor.java:224)
	at com.kms.katalon.core.main.TestSuiteExecutor.accessTestCaseMainPhase(TestSuiteExecutor.java:129)
	at com.kms.katalon.core.main.TestSuiteExecutor.accessTestSuiteMainPhase(TestSuiteExecutor.java:112)
	at com.kms.katalon.core.main.TestSuiteExecutor.execute(TestSuiteExecutor.java:81)
	at com.kms.katalon.core.main.TestCaseMain.startTestSuite(TestCaseMain.java:149)
	at com.kms.katalon.core.main.TestCaseMain$startTestSuite$0.call(Unknown Source)
	at TempTestSuite1549539868586.run(TempTestSuite1549539868586.groovy:36)
"/>
         <system-out><![CDATA[2019-02-07 17:21:33 - [TEST_CASE][FAILED] - Test Cases/GCLD-9/Verify Valid Length of GTIN number: Test Cases/GCLD-9/Verify Valid Length of GTIN number FAILED.
Reason:
com.kms.katalon.core.exception.StepFailedException: Unable to verify text 'Integrity failed: Incorrect check digit.' is present  (Root cause: com.kms.katalon.core.webui.exception.BrowserNotOpenedException: Browser is not opened
Build info: version: '3.7.1', revision: '8a0099a', time: '2017-11-06T21:07:36.161Z'
System info: host: 'macs-MacBook-Pro.local', ip: 'fe80:0:0:0:c32:4de1:442f:2fbc%en0', os.name: 'Mac OS X', os.arch: 'x86_64', os.version: '10.14.2', java.version: '1.8.0_181'
Driver info: driver.version: unknown)
	at com.kms.katalon.core.keyword.internal.KeywordMain.stepFailed(KeywordMain.groovy:36)
	at com.kms.katalon.core.webui.keyword.internal.WebUIKeywordMain.stepFailed(WebUIKeywordMain.groovy:65)
	at com.kms.katalon.core.webui.keyword.internal.WebUIKeywordMain.runKeyword(WebUIKeywordMain.groovy:27)
	at com.kms.katalon.core.webui.keyword.builtin.VerifyTextPresentKeyword.verifyTextPresent(VerifyTextPresentKeyword.groovy:83)
	at com.kms.katalon.core.webui.keyword.builtin.VerifyTextPresentKeyword.execute(VerifyTextPresentKeyword.groovy:68)
	at com.kms.katalon.core.keyword.internal.KeywordExecutor.executeKeywordForPlatform(KeywordExecutor.groovy:53)
	at com.kms.katalon.core.webui.keyword.WebUiBuiltInKeywords.verifyTextPresent(WebUiBuiltInKeywords.groovy:1693)
	at com.kms.katalon.core.webui.keyword.WebUiBuiltInKeywords$verifyTextPresent$3.call(Unknown Source)
	at Verify Valid Length of GTIN number.run(Verify Valid Length of GTIN number:58)
	at com.kms.katalon.core.main.ScriptEngine.run(ScriptEngine.java:194)
	at com.kms.katalon.core.main.ScriptEngine.runScriptAsRawText(ScriptEngine.java:119)
	at com.kms.katalon.core.main.TestCaseExecutor.runScript(TestCaseExecutor.java:328)
	at com.kms.katalon.core.main.TestCaseExecutor.doExecute(TestCaseExecutor.java:319)
	at com.kms.katalon.core.main.TestCaseExecutor.processExecutionPhase(TestCaseExecutor.java:298)
	at com.kms.katalon.core.main.TestCaseExecutor.accessMainPhase(TestCaseExecutor.java:290)
	at com.kms.katalon.core.main.TestCaseExecutor.execute(TestCaseExecutor.java:224)
	at com.kms.katalon.core.main.TestSuiteExecutor.accessTestCaseMainPhase(TestSuiteExecutor.java:129)
	at com.kms.katalon.core.main.TestSuiteExecutor.accessTestSuiteMainPhase(TestSuiteExecutor.java:112)
	at com.kms.katalon.core.main.TestSuiteExecutor.execute(TestSuiteExecutor.java:81)
	at com.kms.katalon.core.main.TestCaseMain.startTestSuite(TestCaseMain.java:149)
	at com.kms.katalon.core.main.TestCaseMain$startTestSuite$0.call(Unknown Source)
	at TempTestSuite1549539868586.run(TempTestSuite1549539868586.groovy:36)


2019-02-07 17:21:33 - [TEST_STEP][PASSED] - openBrowser("https://cloud.test.gs1.org/gs1-portal"): Browser is opened with url: 'https://cloud.test.gs1.org/gs1-portal'

2019-02-07 17:21:33 - [MESSAGE][WARNING] - A browser is already opened. Closing browser and opening a new one

2019-02-07 17:21:33 - [MESSAGE][INFO] - Starting 'Chrome' driver

2019-02-07 17:21:38 - [MESSAGE][PASSED] - Browser is opened with url: 'https://cloud.test.gs1.org/gs1-portal'

2019-02-07 17:21:38 - [TEST_STEP][PASSED] - navigateToUrl("https://gs1-sso-customsts.azurewebsites.net/Account/LoginSelector"): Navigate to 'https://gs1-sso-customsts.azurewebsites.net/Account/LoginSelector' successfully

2019-02-07 17:21:39 - [MESSAGE][PASSED] - Navigate to 'https://gs1-sso-customsts.azurewebsites.net/Account/LoginSelector' successfully

2019-02-07 17:21:39 - [TEST_STEP][PASSED] - setText(findTestObject("Object Repository/Page_Sign in - GS1 STS Server/input_E-mail_Email"), email): Text 'GS1CloudTest@gs1.org' is set on object 'Object Repository/Page_Sign in - GS1 STS Server/input_E-mail_Email'

2019-02-07 17:21:39 - [MESSAGE][PASSED] - Text 'GS1CloudTest@gs1.org' is set on object 'Object Repository/Page_Sign in - GS1 STS Server/input_E-mail_Email'

2019-02-07 17:21:39 - [TEST_STEP][PASSED] - Thread.sleep(1000): null

2019-02-07 17:21:40 - [TEST_STEP][PASSED] - setText(findTestObject("Object Repository/Page_Sign in - GS1 STS Server/input_Password_Password"), password): Text 'Fvrt7564' is set on object 'Object Repository/Page_Sign in - GS1 STS Server/input_Password_Password'

2019-02-07 17:21:40 - [MESSAGE][PASSED] - Text 'Fvrt7564' is set on object 'Object Repository/Page_Sign in - GS1 STS Server/input_Password_Password'

2019-02-07 17:21:40 - [TEST_STEP][PASSED] - click(findTestObject("Object Repository/Page_Sign in - GS1 STS Server/input_Password_btn btn-default")): Object: 'Object Repository/Page_Sign in - GS1 STS Server/input_Password_btn btn-default' is clicked on

2019-02-07 17:21:51 - [MESSAGE][PASSED] - Object: 'Object Repository/Page_Sign in - GS1 STS Server/input_Password_btn btn-default' is clicked on

2019-02-07 17:21:51 - [TEST_STEP][PASSED] - click(findTestObject("Object Repository/Page_GS1 Cloud BETA - Home/a_Services")): Object: 'Object Repository/Page_GS1 Cloud BETA - Home/a_Services' is clicked on

2019-02-07 17:21:51 - [MESSAGE][PASSED] - Object: 'Object Repository/Page_GS1 Cloud BETA - Home/a_Services' is clicked on

2019-02-07 17:21:51 - [TEST_STEP][PASSED] - Thread.sleep(1000): null

2019-02-07 17:21:52 - [TEST_STEP][PASSED] - click(findTestObject("Object Repository/Page_GS1 Cloud BETA - Services/a_Check")): Object: 'Object Repository/Page_GS1 Cloud BETA - Services/a_Check' is clicked on

2019-02-07 17:21:56 - [MESSAGE][PASSED] - Object: 'Object Repository/Page_GS1 Cloud BETA - Services/a_Check' is clicked on

2019-02-07 17:21:56 - [TEST_STEP][PASSED] - if (Checkgtinlength == "12345A"): Browser is closed

2019-02-07 17:21:56 - [TEST_STEP][PASSED] - closeBrowser(): Browser is closed

2019-02-07 17:21:56 - [MESSAGE][PASSED] - Browser is closed

2019-02-07 17:21:56 - [TEST_STEP][PASSED] - if (Checkgtinlength == ""): null

2019-02-07 17:21:56 - [TEST_STEP][FAILED] - else: else FAILED.
Reason:
com.kms.katalon.core.exception.StepFailedException: Unable to verify text 'Integrity failed: Incorrect check digit.' is present  (Root cause: com.kms.katalon.core.webui.exception.BrowserNotOpenedException: Browser is not opened
Build info: version: '3.7.1', revision: '8a0099a', time: '2017-11-06T21:07:36.161Z'
System info: host: 'macs-MacBook-Pro.local', ip: 'fe80:0:0:0:c32:4de1:442f:2fbc%en0', os.name: 'Mac OS X', os.arch: 'x86_64', os.version: '10.14.2', java.version: '1.8.0_181'
Driver info: driver.version: unknown)
	at com.kms.katalon.core.keyword.internal.KeywordMain.stepFailed(KeywordMain.groovy:36)
	at com.kms.katalon.core.webui.keyword.internal.WebUIKeywordMain.stepFailed(WebUIKeywordMain.groovy:65)
	at com.kms.katalon.core.webui.keyword.internal.WebUIKeywordMain.runKeyword(WebUIKeywordMain.groovy:27)
	at com.kms.katalon.core.webui.keyword.builtin.VerifyTextPresentKeyword.verifyTextPresent(VerifyTextPresentKeyword.groovy:83)
	at com.kms.katalon.core.webui.keyword.builtin.VerifyTextPresentKeyword.execute(VerifyTextPresentKeyword.groovy:68)
	at com.kms.katalon.core.keyword.internal.KeywordExecutor.executeKeywordForPlatform(KeywordExecutor.groovy:53)
	at com.kms.katalon.core.webui.keyword.WebUiBuiltInKeywords.verifyTextPresent(WebUiBuiltInKeywords.groovy:1693)
	at com.kms.katalon.core.webui.keyword.WebUiBuiltInKeywords$verifyTextPresent$3.call(Unknown Source)
	at Verify Valid Length of GTIN number.run(Verify Valid Length of GTIN number:58)
	at com.kms.katalon.core.main.ScriptEngine.run(ScriptEngine.java:194)
	at com.kms.katalon.core.main.ScriptEngine.runScriptAsRawText(ScriptEngine.java:119)
	at com.kms.katalon.core.main.TestCaseExecutor.runScript(TestCaseExecutor.java:328)
	at com.kms.katalon.core.main.TestCaseExecutor.doExecute(TestCaseExecutor.java:319)
	at com.kms.katalon.core.main.TestCaseExecutor.processExecutionPhase(TestCaseExecutor.java:298)
	at com.kms.katalon.core.main.TestCaseExecutor.accessMainPhase(TestCaseExecutor.java:290)
	at com.kms.katalon.core.main.TestCaseExecutor.execute(TestCaseExecutor.java:224)
	at com.kms.katalon.core.main.TestSuiteExecutor.accessTestCaseMainPhase(TestSuiteExecutor.java:129)
	at com.kms.katalon.core.main.TestSuiteExecutor.accessTestSuiteMainPhase(TestSuiteExecutor.java:112)
	at com.kms.katalon.core.main.TestSuiteExecutor.execute(TestSuiteExecutor.java:81)
	at com.kms.katalon.core.main.TestCaseMain.startTestSuite(TestCaseMain.java:149)
	at com.kms.katalon.core.main.TestCaseMain$startTestSuite$0.call(Unknown Source)
	at TempTestSuite1549539868586.run(TempTestSuite1549539868586.groovy:36)


2019-02-07 17:21:56 - [TEST_STEP][FAILED] - try: Unable to set text '12345A' of object 'Object Repository/Page_GS1 Cloud BETA - Check/input_Global Trade Item Number' (Root cause: com.kms.katalon.core.webui.exception.BrowserNotOpenedException: Browser is not opened
Build info: version: '3.7.1', revision: '8a0099a', time: '2017-11-06T21:07:36.161Z'
System info: host: 'macs-MacBook-Pro.local', ip: 'fe80:0:0:0:c32:4de1:442f:2fbc%en0', os.name: 'Mac OS X', os.arch: 'x86_64', os.version: '10.14.2', java.version: '1.8.0_181'
Driver info: driver.version: unknown)

2019-02-07 17:21:56 - [TEST_STEP][FAILED] - setText(findTestObject("Object Repository/Page_GS1 Cloud BETA - Check/input_Global Trade Item Number"), Checkgtinlength): Unable to set text '12345A' of object 'Object Repository/Page_GS1 Cloud BETA - Check/input_Global Trade Item Number' (Root cause: com.kms.katalon.core.webui.exception.BrowserNotOpenedException: Browser is not opened
Build info: version: '3.7.1', revision: '8a0099a', time: '2017-11-06T21:07:36.161Z'
System info: host: 'macs-MacBook-Pro.local', ip: 'fe80:0:0:0:c32:4de1:442f:2fbc%en0', os.name: 'Mac OS X', os.arch: 'x86_64', os.version: '10.14.2', java.version: '1.8.0_181'
Driver info: driver.version: unknown)

2019-02-07 17:21:56 - [MESSAGE][WARNING] - Cannot take screenshot

2019-02-07 17:21:56 - [MESSAGE][FAILED] - Unable to set text '12345A' of object 'Object Repository/Page_GS1 Cloud BETA - Check/input_Global Trade Item Number' (Root cause: com.kms.katalon.core.webui.exception.BrowserNotOpenedException: Browser is not opened
Build info: version: '3.7.1', revision: '8a0099a', time: '2017-11-06T21:07:36.161Z'
System info: host: 'macs-MacBook-Pro.local', ip: 'fe80:0:0:0:c32:4de1:442f:2fbc%en0', os.name: 'Mac OS X', os.arch: 'x86_64', os.version: '10.14.2', java.version: '1.8.0_181'
Driver info: driver.version: unknown)

2019-02-07 17:21:56 - [TEST_STEP][FAILED] - Finally: else FAILED.
Reason:
com.kms.katalon.core.exception.StepFailedException: Unable to verify text 'Integrity failed: Incorrect check digit.' is present  (Root cause: com.kms.katalon.core.webui.exception.BrowserNotOpenedException: Browser is not opened
Build info: version: '3.7.1', revision: '8a0099a', time: '2017-11-06T21:07:36.161Z'
System info: host: 'macs-MacBook-Pro.local', ip: 'fe80:0:0:0:c32:4de1:442f:2fbc%en0', os.name: 'Mac OS X', os.arch: 'x86_64', os.version: '10.14.2', java.version: '1.8.0_181'
Driver info: driver.version: unknown)
	at com.kms.katalon.core.keyword.internal.KeywordMain.stepFailed(KeywordMain.groovy:36)
	at com.kms.katalon.core.webui.keyword.internal.WebUIKeywordMain.stepFailed(WebUIKeywordMain.groovy:65)
	at com.kms.katalon.core.webui.keyword.internal.WebUIKeywordMain.runKeyword(WebUIKeywordMain.groovy:27)
	at com.kms.katalon.core.webui.keyword.builtin.VerifyTextPresentKeyword.verifyTextPresent(VerifyTextPresentKeyword.groovy:83)
	at com.kms.katalon.core.webui.keyword.builtin.VerifyTextPresentKeyword.execute(VerifyTextPresentKeyword.groovy:68)
	at com.kms.katalon.core.keyword.internal.KeywordExecutor.executeKeywordForPlatform(KeywordExecutor.groovy:53)
	at com.kms.katalon.core.webui.keyword.WebUiBuiltInKeywords.verifyTextPresent(WebUiBuiltInKeywords.groovy:1693)
	at com.kms.katalon.core.webui.keyword.WebUiBuiltInKeywords$verifyTextPresent$3.call(Unknown Source)
	at Verify Valid Length of GTIN number.run(Verify Valid Length of GTIN number:58)
	at com.kms.katalon.core.main.ScriptEngine.run(ScriptEngine.java:194)
	at com.kms.katalon.core.main.ScriptEngine.runScriptAsRawText(ScriptEngine.java:119)
	at com.kms.katalon.core.main.TestCaseExecutor.runScript(TestCaseExecutor.java:328)
	at com.kms.katalon.core.main.TestCaseExecutor.doExecute(TestCaseExecutor.java:319)
	at com.kms.katalon.core.main.TestCaseExecutor.processExecutionPhase(TestCaseExecutor.java:298)
	at com.kms.katalon.core.main.TestCaseExecutor.accessMainPhase(TestCaseExecutor.java:290)
	at com.kms.katalon.core.main.TestCaseExecutor.execute(TestCaseExecutor.java:224)
	at com.kms.katalon.core.main.TestSuiteExecutor.accessTestCaseMainPhase(TestSuiteExecutor.java:129)
	at com.kms.katalon.core.main.TestSuiteExecutor.accessTestSuiteMainPhase(TestSuiteExecutor.java:112)
	at com.kms.katalon.core.main.TestSuiteExecutor.execute(TestSuiteExecutor.java:81)
	at com.kms.katalon.core.main.TestCaseMain.startTestSuite(TestCaseMain.java:149)
	at com.kms.katalon.core.main.TestCaseMain$startTestSuite$0.call(Unknown Source)
	at TempTestSuite1549539868586.run(TempTestSuite1549539868586.groovy:36)


2019-02-07 17:21:56 - [TEST_STEP][FAILED] - verifyTextPresent(validation, false): else FAILED.
Reason:
com.kms.katalon.core.exception.StepFailedException: Unable to verify text 'Integrity failed: Incorrect check digit.' is present  (Root cause: com.kms.katalon.core.webui.exception.BrowserNotOpenedException: Browser is not opened
Build info: version: '3.7.1', revision: '8a0099a', time: '2017-11-06T21:07:36.161Z'
System info: host: 'macs-MacBook-Pro.local', ip: 'fe80:0:0:0:c32:4de1:442f:2fbc%en0', os.name: 'Mac OS X', os.arch: 'x86_64', os.version: '10.14.2', java.version: '1.8.0_181'
Driver info: driver.version: unknown)
	at com.kms.katalon.core.keyword.internal.KeywordMain.stepFailed(KeywordMain.groovy:36)
	at com.kms.katalon.core.webui.keyword.internal.WebUIKeywordMain.stepFailed(WebUIKeywordMain.groovy:65)
	at com.kms.katalon.core.webui.keyword.internal.WebUIKeywordMain.runKeyword(WebUIKeywordMain.groovy:27)
	at com.kms.katalon.core.webui.keyword.builtin.VerifyTextPresentKeyword.verifyTextPresent(VerifyTextPresentKeyword.groovy:83)
	at com.kms.katalon.core.webui.keyword.builtin.VerifyTextPresentKeyword.execute(VerifyTextPresentKeyword.groovy:68)
	at com.kms.katalon.core.keyword.internal.KeywordExecutor.executeKeywordForPlatform(KeywordExecutor.groovy:53)
	at com.kms.katalon.core.webui.keyword.WebUiBuiltInKeywords.verifyTextPresent(WebUiBuiltInKeywords.groovy:1693)
	at com.kms.katalon.core.webui.keyword.WebUiBuiltInKeywords$verifyTextPresent$3.call(Unknown Source)
	at Verify Valid Length of GTIN number.run(Verify Valid Length of GTIN number:58)
	at com.kms.katalon.core.main.ScriptEngine.run(ScriptEngine.java:194)
	at com.kms.katalon.core.main.ScriptEngine.runScriptAsRawText(ScriptEngine.java:119)
	at com.kms.katalon.core.main.TestCaseExecutor.runScript(TestCaseExecutor.java:328)
	at com.kms.katalon.core.main.TestCaseExecutor.doExecute(TestCaseExecutor.java:319)
	at com.kms.katalon.core.main.TestCaseExecutor.processExecutionPhase(TestCaseExecutor.java:298)
	at com.kms.katalon.core.main.TestCaseExecutor.accessMainPhase(TestCaseExecutor.java:290)
	at com.kms.katalon.core.main.TestCaseExecutor.execute(TestCaseExecutor.java:224)
	at com.kms.katalon.core.main.TestSuiteExecutor.accessTestCaseMainPhase(TestSuiteExecutor.java:129)
	at com.kms.katalon.core.main.TestSuiteExecutor.accessTestSuiteMainPhase(TestSuiteExecutor.java:112)
	at com.kms.katalon.core.main.TestSuiteExecutor.execute(TestSuiteExecutor.java:81)
	at com.kms.katalon.core.main.TestCaseMain.startTestSuite(TestCaseMain.java:149)
	at com.kms.katalon.core.main.TestCaseMain$startTestSuite$0.call(Unknown Source)
	at TempTestSuite1549539868586.run(TempTestSuite1549539868586.groovy:36)


2019-02-07 17:21:56 - [MESSAGE][WARNING] - Cannot take screenshot

2019-02-07 17:21:56 - [MESSAGE][FAILED] - Unable to verify text 'Integrity failed: Incorrect check digit.' is present  (Root cause: com.kms.katalon.core.webui.exception.BrowserNotOpenedException: Browser is not opened
Build info: version: '3.7.1', revision: '8a0099a', time: '2017-11-06T21:07:36.161Z'
System info: host: 'macs-MacBook-Pro.local', ip: 'fe80:0:0:0:c32:4de1:442f:2fbc%en0', os.name: 'Mac OS X', os.arch: 'x86_64', os.version: '10.14.2', java.version: '1.8.0_181'
Driver info: driver.version: unknown)

2019-02-07 17:21:56 - [MESSAGE][FAILED] - else FAILED.
Reason:
com.kms.katalon.core.exception.StepFailedException: Unable to verify text 'Integrity failed: Incorrect check digit.' is present  (Root cause: com.kms.katalon.core.webui.exception.BrowserNotOpenedException: Browser is not opened
Build info: version: '3.7.1', revision: '8a0099a', time: '2017-11-06T21:07:36.161Z'
System info: host: 'macs-MacBook-Pro.local', ip: 'fe80:0:0:0:c32:4de1:442f:2fbc%en0', os.name: 'Mac OS X', os.arch: 'x86_64', os.version: '10.14.2', java.version: '1.8.0_181'
Driver info: driver.version: unknown)
	at com.kms.katalon.core.keyword.internal.KeywordMain.stepFailed(KeywordMain.groovy:36)
	at com.kms.katalon.core.webui.keyword.internal.WebUIKeywordMain.stepFailed(WebUIKeywordMain.groovy:65)
	at com.kms.katalon.core.webui.keyword.internal.WebUIKeywordMain.runKeyword(WebUIKeywordMain.groovy:27)
	at com.kms.katalon.core.webui.keyword.builtin.VerifyTextPresentKeyword.verifyTextPresent(VerifyTextPresentKeyword.groovy:83)
	at com.kms.katalon.core.webui.keyword.builtin.VerifyTextPresentKeyword.execute(VerifyTextPresentKeyword.groovy:68)
	at com.kms.katalon.core.keyword.internal.KeywordExecutor.executeKeywordForPlatform(KeywordExecutor.groovy:53)
	at com.kms.katalon.core.webui.keyword.WebUiBuiltInKeywords.verifyTextPresent(WebUiBuiltInKeywords.groovy:1693)
	at com.kms.katalon.core.webui.keyword.WebUiBuiltInKeywords$verifyTextPresent$3.call(Unknown Source)
	at Verify Valid Length of GTIN number.run(Verify Valid Length of GTIN number:58)
	at com.kms.katalon.core.main.ScriptEngine.run(ScriptEngine.java:194)
	at com.kms.katalon.core.main.ScriptEngine.runScriptAsRawText(ScriptEngine.java:119)
	at com.kms.katalon.core.main.TestCaseExecutor.runScript(TestCaseExecutor.java:328)
	at com.kms.katalon.core.main.TestCaseExecutor.doExecute(TestCaseExecutor.java:319)
	at com.kms.katalon.core.main.TestCaseExecutor.processExecutionPhase(TestCaseExecutor.java:298)
	at com.kms.katalon.core.main.TestCaseExecutor.accessMainPhase(TestCaseExecutor.java:290)
	at com.kms.katalon.core.main.TestCaseExecutor.execute(TestCaseExecutor.java:224)
	at com.kms.katalon.core.main.TestSuiteExecutor.accessTestCaseMainPhase(TestSuiteExecutor.java:129)
	at com.kms.katalon.core.main.TestSuiteExecutor.accessTestSuiteMainPhase(TestSuiteExecutor.java:112)
	at com.kms.katalon.core.main.TestSuiteExecutor.execute(TestSuiteExecutor.java:81)
	at com.kms.katalon.core.main.TestCaseMain.startTestSuite(TestCaseMain.java:149)
	at com.kms.katalon.core.main.TestCaseMain$startTestSuite$0.call(Unknown Source)
	at TempTestSuite1549539868586.run(TempTestSuite1549539868586.groovy:36)]]></system-out>
         <system-err><![CDATA[2019-02-07 17:21:33 - [TEST_CASE][FAILED] - Test Cases/GCLD-9/Verify Valid Length of GTIN number: Test Cases/GCLD-9/Verify Valid Length of GTIN number FAILED.
Reason:
com.kms.katalon.core.exception.StepFailedException: Unable to verify text 'Integrity failed: Incorrect check digit.' is present  (Root cause: com.kms.katalon.core.webui.exception.BrowserNotOpenedException: Browser is not opened
Build info: version: '3.7.1', revision: '8a0099a', time: '2017-11-06T21:07:36.161Z'
System info: host: 'macs-MacBook-Pro.local', ip: 'fe80:0:0:0:c32:4de1:442f:2fbc%en0', os.name: 'Mac OS X', os.arch: 'x86_64', os.version: '10.14.2', java.version: '1.8.0_181'
Driver info: driver.version: unknown)
	at com.kms.katalon.core.keyword.internal.KeywordMain.stepFailed(KeywordMain.groovy:36)
	at com.kms.katalon.core.webui.keyword.internal.WebUIKeywordMain.stepFailed(WebUIKeywordMain.groovy:65)
	at com.kms.katalon.core.webui.keyword.internal.WebUIKeywordMain.runKeyword(WebUIKeywordMain.groovy:27)
	at com.kms.katalon.core.webui.keyword.builtin.VerifyTextPresentKeyword.verifyTextPresent(VerifyTextPresentKeyword.groovy:83)
	at com.kms.katalon.core.webui.keyword.builtin.VerifyTextPresentKeyword.execute(VerifyTextPresentKeyword.groovy:68)
	at com.kms.katalon.core.keyword.internal.KeywordExecutor.executeKeywordForPlatform(KeywordExecutor.groovy:53)
	at com.kms.katalon.core.webui.keyword.WebUiBuiltInKeywords.verifyTextPresent(WebUiBuiltInKeywords.groovy:1693)
	at com.kms.katalon.core.webui.keyword.WebUiBuiltInKeywords$verifyTextPresent$3.call(Unknown Source)
	at Verify Valid Length of GTIN number.run(Verify Valid Length of GTIN number:58)
	at com.kms.katalon.core.main.ScriptEngine.run(ScriptEngine.java:194)
	at com.kms.katalon.core.main.ScriptEngine.runScriptAsRawText(ScriptEngine.java:119)
	at com.kms.katalon.core.main.TestCaseExecutor.runScript(TestCaseExecutor.java:328)
	at com.kms.katalon.core.main.TestCaseExecutor.doExecute(TestCaseExecutor.java:319)
	at com.kms.katalon.core.main.TestCaseExecutor.processExecutionPhase(TestCaseExecutor.java:298)
	at com.kms.katalon.core.main.TestCaseExecutor.accessMainPhase(TestCaseExecutor.java:290)
	at com.kms.katalon.core.main.TestCaseExecutor.execute(TestCaseExecutor.java:224)
	at com.kms.katalon.core.main.TestSuiteExecutor.accessTestCaseMainPhase(TestSuiteExecutor.java:129)
	at com.kms.katalon.core.main.TestSuiteExecutor.accessTestSuiteMainPhase(TestSuiteExecutor.java:112)
	at com.kms.katalon.core.main.TestSuiteExecutor.execute(TestSuiteExecutor.java:81)
	at com.kms.katalon.core.main.TestCaseMain.startTestSuite(TestCaseMain.java:149)
	at com.kms.katalon.core.main.TestCaseMain$startTestSuite$0.call(Unknown Source)
	at TempTestSuite1549539868586.run(TempTestSuite1549539868586.groovy:36)]]></system-err>
      </testcase>
      <testcase name="Test Cases/GCLD-9/Verify Valid Length of GTIN number" classname="Test Cases/GCLD-9/Verify Valid Length of GTIN number" status="PASSED">
         <system-out><![CDATA[2019-02-07 17:21:56 - [TEST_CASE][PASSED] - Test Cases/GCLD-9/Verify Valid Length of GTIN number: Test Cases/GCLD-9/Verify Valid Length of GTIN number

2019-02-07 17:21:56 - [TEST_STEP][PASSED] - openBrowser("https://cloud.test.gs1.org/gs1-portal"): Browser is opened with url: 'https://cloud.test.gs1.org/gs1-portal'

2019-02-07 17:21:56 - [MESSAGE][INFO] - Starting 'Chrome' driver

2019-02-07 17:22:02 - [MESSAGE][PASSED] - Browser is opened with url: 'https://cloud.test.gs1.org/gs1-portal'

2019-02-07 17:22:02 - [TEST_STEP][PASSED] - navigateToUrl("https://gs1-sso-customsts.azurewebsites.net/Account/LoginSelector"): Navigate to 'https://gs1-sso-customsts.azurewebsites.net/Account/LoginSelector' successfully

2019-02-07 17:22:03 - [MESSAGE][PASSED] - Navigate to 'https://gs1-sso-customsts.azurewebsites.net/Account/LoginSelector' successfully

2019-02-07 17:22:03 - [TEST_STEP][PASSED] - setText(findTestObject("Object Repository/Page_Sign in - GS1 STS Server/input_E-mail_Email"), email): Text 'GS1CloudTest@gs1.org' is set on object 'Object Repository/Page_Sign in - GS1 STS Server/input_E-mail_Email'

2019-02-07 17:22:03 - [MESSAGE][PASSED] - Text 'GS1CloudTest@gs1.org' is set on object 'Object Repository/Page_Sign in - GS1 STS Server/input_E-mail_Email'

2019-02-07 17:22:03 - [TEST_STEP][PASSED] - Thread.sleep(1000): null

2019-02-07 17:22:04 - [TEST_STEP][PASSED] - setText(findTestObject("Object Repository/Page_Sign in - GS1 STS Server/input_Password_Password"), password): Text 'Fvrt7564' is set on object 'Object Repository/Page_Sign in - GS1 STS Server/input_Password_Password'

2019-02-07 17:22:04 - [MESSAGE][PASSED] - Text 'Fvrt7564' is set on object 'Object Repository/Page_Sign in - GS1 STS Server/input_Password_Password'

2019-02-07 17:22:04 - [TEST_STEP][PASSED] - click(findTestObject("Object Repository/Page_Sign in - GS1 STS Server/input_Password_btn btn-default")): Object: 'Object Repository/Page_Sign in - GS1 STS Server/input_Password_btn btn-default' is clicked on

2019-02-07 17:22:14 - [MESSAGE][PASSED] - Object: 'Object Repository/Page_Sign in - GS1 STS Server/input_Password_btn btn-default' is clicked on

2019-02-07 17:22:14 - [TEST_STEP][PASSED] - click(findTestObject("Object Repository/Page_GS1 Cloud BETA - Home/a_Services")): Object: 'Object Repository/Page_GS1 Cloud BETA - Home/a_Services' is clicked on

2019-02-07 17:22:14 - [MESSAGE][PASSED] - Object: 'Object Repository/Page_GS1 Cloud BETA - Home/a_Services' is clicked on

2019-02-07 17:22:14 - [TEST_STEP][PASSED] - Thread.sleep(1000): null

2019-02-07 17:22:15 - [TEST_STEP][PASSED] - click(findTestObject("Object Repository/Page_GS1 Cloud BETA - Services/a_Check")): Object: 'Object Repository/Page_GS1 Cloud BETA - Services/a_Check' is clicked on

2019-02-07 17:22:17 - [MESSAGE][PASSED] - Object: 'Object Repository/Page_GS1 Cloud BETA - Services/a_Check' is clicked on

2019-02-07 17:22:17 - [TEST_STEP][PASSED] - if (Checkgtinlength == "12345A"): null

2019-02-07 17:22:17 - [TEST_STEP][PASSED] - if (Checkgtinlength == ""): null

2019-02-07 17:22:17 - [TEST_STEP][PASSED] - else: Text 'Incorrect number. That GS1 prefix (3-digit country code) does not exist.' is present on page 

2019-02-07 17:22:17 - [TEST_STEP][PASSED] - try: Object: 'Object Repository/Page_GS1 Cloud BETA - Check/button_Search' is clicked on

2019-02-07 17:22:17 - [TEST_STEP][PASSED] - setText(findTestObject("Object Repository/Page_GS1 Cloud BETA - Check/input_Global Trade Item Number"), Checkgtinlength): Text '@' is set on object 'Object Repository/Page_GS1 Cloud BETA - Check/input_Global Trade Item Number'

2019-02-07 17:22:21 - [MESSAGE][PASSED] - Text '@' is set on object 'Object Repository/Page_GS1 Cloud BETA - Check/input_Global Trade Item Number'

2019-02-07 17:22:21 - [TEST_STEP][PASSED] - click(findTestObject("Object Repository/Page_GS1 Cloud BETA - Check/button_Search")): Object: 'Object Repository/Page_GS1 Cloud BETA - Check/button_Search' is clicked on

2019-02-07 17:22:24 - [MESSAGE][PASSED] - Object: 'Object Repository/Page_GS1 Cloud BETA - Check/button_Search' is clicked on

2019-02-07 17:22:24 - [TEST_STEP][PASSED] - Finally: Text 'Incorrect number. That GS1 prefix (3-digit country code) does not exist.' is present on page 

2019-02-07 17:22:24 - [TEST_STEP][PASSED] - verifyTextPresent(validation, false): Text 'Incorrect number. That GS1 prefix (3-digit country code) does not exist.' is present on page 

2019-02-07 17:22:24 - [MESSAGE][PASSED] - Text 'Incorrect number. That GS1 prefix (3-digit country code) does not exist.' is present on page]]></system-out>
         <system-err><![CDATA[]]></system-err>
      </testcase>
      <system-out><![CDATA[2019-02-07 17:14:30 - [TEST_SUITE][FAILED] - GCLD-9: Test Cases/GCLD-9/Verify Valid Length of GTIN number FAILED.
Reason:
com.kms.katalon.core.exception.StepFailedException: Unable to verify text 'Integrity failed: Incorrect check digit.' is present  (Root cause: com.kms.katalon.core.webui.exception.BrowserNotOpenedException: Browser is not opened
Build info: version: '3.7.1', revision: '8a0099a', time: '2017-11-06T21:07:36.161Z'
System info: host: 'macs-MacBook-Pro.local', ip: 'fe80:0:0:0:c32:4de1:442f:2fbc%en0', os.name: 'Mac OS X', os.arch: 'x86_64', os.version: '10.14.2', java.version: '1.8.0_181'
Driver info: driver.version: unknown)
	at com.kms.katalon.core.keyword.internal.KeywordMain.stepFailed(KeywordMain.groovy:36)
	at com.kms.katalon.core.webui.keyword.internal.WebUIKeywordMain.stepFailed(WebUIKeywordMain.groovy:65)
	at com.kms.katalon.core.webui.keyword.internal.WebUIKeywordMain.runKeyword(WebUIKeywordMain.groovy:27)
	at com.kms.katalon.core.webui.keyword.builtin.VerifyTextPresentKeyword.verifyTextPresent(VerifyTextPresentKeyword.groovy:83)
	at com.kms.katalon.core.webui.keyword.builtin.VerifyTextPresentKeyword.execute(VerifyTextPresentKeyword.groovy:68)
	at com.kms.katalon.core.keyword.internal.KeywordExecutor.executeKeywordForPlatform(KeywordExecutor.groovy:53)
	at com.kms.katalon.core.webui.keyword.WebUiBuiltInKeywords.verifyTextPresent(WebUiBuiltInKeywords.groovy:1693)
	at com.kms.katalon.core.webui.keyword.WebUiBuiltInKeywords$verifyTextPresent$3.call(Unknown Source)
	at Verify Valid Length of GTIN number.run(Verify Valid Length of GTIN number:58)
	at com.kms.katalon.core.main.ScriptEngine.run(ScriptEngine.java:194)
	at com.kms.katalon.core.main.ScriptEngine.runScriptAsRawText(ScriptEngine.java:119)
	at com.kms.katalon.core.main.TestCaseExecutor.runScript(TestCaseExecutor.java:328)
	at com.kms.katalon.core.main.TestCaseExecutor.doExecute(TestCaseExecutor.java:319)
	at com.kms.katalon.core.main.TestCaseExecutor.processExecutionPhase(TestCaseExecutor.java:298)
	at com.kms.katalon.core.main.TestCaseExecutor.accessMainPhase(TestCaseExecutor.java:290)
	at com.kms.katalon.core.main.TestCaseExecutor.execute(TestCaseExecutor.java:224)
	at com.kms.katalon.core.main.TestSuiteExecutor.accessTestCaseMainPhase(TestSuiteExecutor.java:129)
	at com.kms.katalon.core.main.TestSuiteExecutor.accessTestSuiteMainPhase(TestSuiteExecutor.java:112)
	at com.kms.katalon.core.main.TestSuiteExecutor.execute(TestSuiteExecutor.java:81)
	at com.kms.katalon.core.main.TestCaseMain.startTestSuite(TestCaseMain.java:149)
	at com.kms.katalon.core.main.TestCaseMain$startTestSuite$0.call(Unknown Source)
	at TempTestSuite1549539868586.run(TempTestSuite1549539868586.groovy:36)]]></system-out>
      <system-err><![CDATA[2019-02-07 17:14:30 - [TEST_SUITE][FAILED] - GCLD-9: Test Cases/GCLD-9/Verify Valid Length of GTIN number FAILED.
Reason:
com.kms.katalon.core.exception.StepFailedException: Unable to verify text 'Integrity failed: Incorrect check digit.' is present  (Root cause: com.kms.katalon.core.webui.exception.BrowserNotOpenedException: Browser is not opened
Build info: version: '3.7.1', revision: '8a0099a', time: '2017-11-06T21:07:36.161Z'
System info: host: 'macs-MacBook-Pro.local', ip: 'fe80:0:0:0:c32:4de1:442f:2fbc%en0', os.name: 'Mac OS X', os.arch: 'x86_64', os.version: '10.14.2', java.version: '1.8.0_181'
Driver info: driver.version: unknown)
	at com.kms.katalon.core.keyword.internal.KeywordMain.stepFailed(KeywordMain.groovy:36)
	at com.kms.katalon.core.webui.keyword.internal.WebUIKeywordMain.stepFailed(WebUIKeywordMain.groovy:65)
	at com.kms.katalon.core.webui.keyword.internal.WebUIKeywordMain.runKeyword(WebUIKeywordMain.groovy:27)
	at com.kms.katalon.core.webui.keyword.builtin.VerifyTextPresentKeyword.verifyTextPresent(VerifyTextPresentKeyword.groovy:83)
	at com.kms.katalon.core.webui.keyword.builtin.VerifyTextPresentKeyword.execute(VerifyTextPresentKeyword.groovy:68)
	at com.kms.katalon.core.keyword.internal.KeywordExecutor.executeKeywordForPlatform(KeywordExecutor.groovy:53)
	at com.kms.katalon.core.webui.keyword.WebUiBuiltInKeywords.verifyTextPresent(WebUiBuiltInKeywords.groovy:1693)
	at com.kms.katalon.core.webui.keyword.WebUiBuiltInKeywords$verifyTextPresent$3.call(Unknown Source)
	at Verify Valid Length of GTIN number.run(Verify Valid Length of GTIN number:58)
	at com.kms.katalon.core.main.ScriptEngine.run(ScriptEngine.java:194)
	at com.kms.katalon.core.main.ScriptEngine.runScriptAsRawText(ScriptEngine.java:119)
	at com.kms.katalon.core.main.TestCaseExecutor.runScript(TestCaseExecutor.java:328)
	at com.kms.katalon.core.main.TestCaseExecutor.doExecute(TestCaseExecutor.java:319)
	at com.kms.katalon.core.main.TestCaseExecutor.processExecutionPhase(TestCaseExecutor.java:298)
	at com.kms.katalon.core.main.TestCaseExecutor.accessMainPhase(TestCaseExecutor.java:290)
	at com.kms.katalon.core.main.TestCaseExecutor.execute(TestCaseExecutor.java:224)
	at com.kms.katalon.core.main.TestSuiteExecutor.accessTestCaseMainPhase(TestSuiteExecutor.java:129)
	at com.kms.katalon.core.main.TestSuiteExecutor.accessTestSuiteMainPhase(TestSuiteExecutor.java:112)
	at com.kms.katalon.core.main.TestSuiteExecutor.execute(TestSuiteExecutor.java:81)
	at com.kms.katalon.core.main.TestCaseMain.startTestSuite(TestCaseMain.java:149)
	at com.kms.katalon.core.main.TestCaseMain$startTestSuite$0.call(Unknown Source)
	at TempTestSuite1549539868586.run(TempTestSuite1549539868586.groovy:36)]]></system-err>
   </testsuite>
</testsuites>
