<?xml version="1.0" encoding="UTF-8"?>
<testsuites name="GCLD-9" time="461" tests="13" failures="4" errors="0">
   <testsuite name="GCLD-9" tests="13" failures="4" errors="0" time="461" timestamp="2019-02-07 16:03:57" hostname="satwik_df_gs1 - 192.168.0.78" id="Test Suites/GCLD-9/GCLD-9">
      <properties>
         <property name="deviceName" value=""/>
         <property name="devicePlatform" value=""/>
         <property name="logFolder" value="/Users/satwik_df_gs1/Katalon Studio/GS1-Check/Reports/GCLD-9/GCLD-9/20190207_160345"/>
         <property name="logFiles" value="/Users/satwik_df_gs1/Katalon Studio/GS1-Check/Reports/GCLD-9/GCLD-9/20190207_160345/execution0.log"/>
         <property name="attachments" value="/Users/satwik_df_gs1/Katalon Studio/GS1-Check/Reports/GCLD-9/GCLD-9/20190207_160345/1549535928695.png, /Users/satwik_df_gs1/Katalon Studio/GS1-Check/Reports/GCLD-9/GCLD-9/20190207_160345/1549536048738.png, /Users/satwik_df_gs1/Katalon Studio/GS1-Check/Reports/GCLD-9/GCLD-9/20190207_160345/1549536075945.png, /Users/satwik_df_gs1/Katalon Studio/GS1-Check/Reports/GCLD-9/GCLD-9/20190207_160345/1549536098436.png"/>
         <property name="hostName" value="satwik_df_gs1 - 192.168.0.78"/>
         <property name="os" value="Mac OS X 64bit"/>
         <property name="katalonVersion" value="5.10.1.1"/>
         <property name="browser" value="Chrome 71.0.3578.98"/>
         <property name="hostAddress" value="192.168.0.78"/>
         <property name="sessionId" value="6da46aace3f75859a1c2ed11ec43cedf"/>
         <property name="seleniumVersion" value="3.7.1"/>
         <property name="proxyInformation" value="ProxyInformation{proxyOption=NO_PROXY, proxyServerType=HTTP, password=, proxyServerAddress=, proxyServerPort=0}"/>
         <property name="platform" value="Mac OS X"/>
      </properties>
      <testcase name="Test Cases/GCLD-9/Verify Valid Length of GTIN number" classname="Test Cases/GCLD-9/Verify Valid Length of GTIN number" status="PASSED">
         <system-out><![CDATA[2019-02-07 16:03:57 - [TEST_CASE][PASSED] - Test Cases/GCLD-9/Verify Valid Length of GTIN number: Test Cases/GCLD-9/Verify Valid Length of GTIN number

2019-02-07 16:03:58 - [TEST_STEP][PASSED] - openBrowser("https://cloud.test.gs1.org/gs1-portal"): Browser is opened with url: 'https://cloud.test.gs1.org/gs1-portal'

2019-02-07 16:03:58 - [MESSAGE][INFO] - Starting 'Chrome' driver

2019-02-07 16:03:58 - [MESSAGE][INFO] - Action delay is set to 0 seconds

2019-02-07 16:04:06 - [MESSAGE][PASSED] - Browser is opened with url: 'https://cloud.test.gs1.org/gs1-portal'

2019-02-07 16:04:06 - [TEST_STEP][PASSED] - navigateToUrl("https://gs1-sso-customsts.azurewebsites.net/Account/LoginSelector"): Navigate to 'https://gs1-sso-customsts.azurewebsites.net/Account/LoginSelector' successfully

2019-02-07 16:04:06 - [MESSAGE][PASSED] - Navigate to 'https://gs1-sso-customsts.azurewebsites.net/Account/LoginSelector' successfully

2019-02-07 16:04:06 - [TEST_STEP][PASSED] - setText(findTestObject("Object Repository/Page_Sign in - GS1 STS Server/input_E-mail_Email"), email): Text 'GS1CloudTest@gs1.org' is set on object 'Object Repository/Page_Sign in - GS1 STS Server/input_E-mail_Email'

2019-02-07 16:04:07 - [MESSAGE][PASSED] - Text 'GS1CloudTest@gs1.org' is set on object 'Object Repository/Page_Sign in - GS1 STS Server/input_E-mail_Email'

2019-02-07 16:04:07 - [TEST_STEP][PASSED] - Thread.sleep(1000): null

2019-02-07 16:04:08 - [TEST_STEP][PASSED] - setText(findTestObject("Object Repository/Page_Sign in - GS1 STS Server/input_Password_Password"), password): Text 'Fvrt7564' is set on object 'Object Repository/Page_Sign in - GS1 STS Server/input_Password_Password'

2019-02-07 16:04:08 - [MESSAGE][PASSED] - Text 'Fvrt7564' is set on object 'Object Repository/Page_Sign in - GS1 STS Server/input_Password_Password'

2019-02-07 16:04:08 - [TEST_STEP][PASSED] - click(findTestObject("Object Repository/Page_Sign in - GS1 STS Server/input_Password_btn btn-default")): Object: 'Object Repository/Page_Sign in - GS1 STS Server/input_Password_btn btn-default' is clicked on

2019-02-07 16:04:19 - [MESSAGE][PASSED] - Object: 'Object Repository/Page_Sign in - GS1 STS Server/input_Password_btn btn-default' is clicked on

2019-02-07 16:04:19 - [TEST_STEP][PASSED] - click(findTestObject("Object Repository/Page_GS1 Cloud BETA - Home/a_Services")): Object: 'Object Repository/Page_GS1 Cloud BETA - Home/a_Services' is clicked on

2019-02-07 16:04:19 - [MESSAGE][PASSED] - Object: 'Object Repository/Page_GS1 Cloud BETA - Home/a_Services' is clicked on

2019-02-07 16:04:19 - [TEST_STEP][PASSED] - Thread.sleep(1000): null

2019-02-07 16:04:20 - [TEST_STEP][PASSED] - click(findTestObject("Object Repository/Page_GS1 Cloud BETA - Services/a_Check")): Object: 'Object Repository/Page_GS1 Cloud BETA - Services/a_Check' is clicked on

2019-02-07 16:04:20 - [MESSAGE][PASSED] - Object: 'Object Repository/Page_GS1 Cloud BETA - Services/a_Check' is clicked on

2019-02-07 16:04:20 - [TEST_STEP][PASSED] - setText(findTestObject("Object Repository/Page_GS1 Cloud BETA - Check/input_Global Trade Item Number"), Checkgtinlength): Text '1' is set on object 'Object Repository/Page_GS1 Cloud BETA - Check/input_Global Trade Item Number'

2019-02-07 16:04:22 - [MESSAGE][PASSED] - Text '1' is set on object 'Object Repository/Page_GS1 Cloud BETA - Check/input_Global Trade Item Number'

2019-02-07 16:04:22 - [TEST_STEP][PASSED] - click(findTestObject("Object Repository/Page_GS1 Cloud BETA - Check/button_Search")): Object: 'Object Repository/Page_GS1 Cloud BETA - Check/button_Search' is clicked on

2019-02-07 16:04:24 - [MESSAGE][PASSED] - Object: 'Object Repository/Page_GS1 Cloud BETA - Check/button_Search' is clicked on

2019-02-07 16:04:24 - [TEST_STEP][PASSED] - verifyTextPresent(validation, false): Text 'Integrity failed: Incorrect check digit.' is present on page 

2019-02-07 16:04:24 - [MESSAGE][PASSED] - Text 'Integrity failed: Incorrect check digit.' is present on page]]></system-out>
         <system-err><![CDATA[]]></system-err>
      </testcase>
      <testcase name="Test Cases/GCLD-9/Verify Valid Length of GTIN number" classname="Test Cases/GCLD-9/Verify Valid Length of GTIN number" status="PASSED">
         <system-out><![CDATA[2019-02-07 16:04:24 - [TEST_CASE][PASSED] - Test Cases/GCLD-9/Verify Valid Length of GTIN number: Test Cases/GCLD-9/Verify Valid Length of GTIN number

2019-02-07 16:04:24 - [TEST_STEP][PASSED] - openBrowser("https://cloud.test.gs1.org/gs1-portal"): Browser is opened with url: 'https://cloud.test.gs1.org/gs1-portal'

2019-02-07 16:04:24 - [MESSAGE][WARNING] - A browser is already opened. Closing browser and opening a new one

2019-02-07 16:04:24 - [MESSAGE][INFO] - Starting 'Chrome' driver

2019-02-07 16:04:30 - [MESSAGE][PASSED] - Browser is opened with url: 'https://cloud.test.gs1.org/gs1-portal'

2019-02-07 16:04:30 - [TEST_STEP][PASSED] - navigateToUrl("https://gs1-sso-customsts.azurewebsites.net/Account/LoginSelector"): Navigate to 'https://gs1-sso-customsts.azurewebsites.net/Account/LoginSelector' successfully

2019-02-07 16:04:30 - [MESSAGE][PASSED] - Navigate to 'https://gs1-sso-customsts.azurewebsites.net/Account/LoginSelector' successfully

2019-02-07 16:04:30 - [TEST_STEP][PASSED] - setText(findTestObject("Object Repository/Page_Sign in - GS1 STS Server/input_E-mail_Email"), email): Text 'GS1CloudTest@gs1.org' is set on object 'Object Repository/Page_Sign in - GS1 STS Server/input_E-mail_Email'

2019-02-07 16:04:31 - [MESSAGE][PASSED] - Text 'GS1CloudTest@gs1.org' is set on object 'Object Repository/Page_Sign in - GS1 STS Server/input_E-mail_Email'

2019-02-07 16:04:31 - [TEST_STEP][PASSED] - Thread.sleep(1000): null

2019-02-07 16:04:32 - [TEST_STEP][PASSED] - setText(findTestObject("Object Repository/Page_Sign in - GS1 STS Server/input_Password_Password"), password): Text 'Fvrt7564' is set on object 'Object Repository/Page_Sign in - GS1 STS Server/input_Password_Password'

2019-02-07 16:04:32 - [MESSAGE][PASSED] - Text 'Fvrt7564' is set on object 'Object Repository/Page_Sign in - GS1 STS Server/input_Password_Password'

2019-02-07 16:04:32 - [TEST_STEP][PASSED] - click(findTestObject("Object Repository/Page_Sign in - GS1 STS Server/input_Password_btn btn-default")): Object: 'Object Repository/Page_Sign in - GS1 STS Server/input_Password_btn btn-default' is clicked on

2019-02-07 16:04:40 - [MESSAGE][PASSED] - Object: 'Object Repository/Page_Sign in - GS1 STS Server/input_Password_btn btn-default' is clicked on

2019-02-07 16:04:40 - [TEST_STEP][PASSED] - click(findTestObject("Object Repository/Page_GS1 Cloud BETA - Home/a_Services")): Object: 'Object Repository/Page_GS1 Cloud BETA - Home/a_Services' is clicked on

2019-02-07 16:04:40 - [MESSAGE][PASSED] - Object: 'Object Repository/Page_GS1 Cloud BETA - Home/a_Services' is clicked on

2019-02-07 16:04:40 - [TEST_STEP][PASSED] - Thread.sleep(1000): null

2019-02-07 16:04:41 - [TEST_STEP][PASSED] - click(findTestObject("Object Repository/Page_GS1 Cloud BETA - Services/a_Check")): Object: 'Object Repository/Page_GS1 Cloud BETA - Services/a_Check' is clicked on

2019-02-07 16:04:41 - [MESSAGE][PASSED] - Object: 'Object Repository/Page_GS1 Cloud BETA - Services/a_Check' is clicked on

2019-02-07 16:04:41 - [TEST_STEP][PASSED] - setText(findTestObject("Object Repository/Page_GS1 Cloud BETA - Check/input_Global Trade Item Number"), Checkgtinlength): Text '12' is set on object 'Object Repository/Page_GS1 Cloud BETA - Check/input_Global Trade Item Number'

2019-02-07 16:04:43 - [MESSAGE][PASSED] - Text '12' is set on object 'Object Repository/Page_GS1 Cloud BETA - Check/input_Global Trade Item Number'

2019-02-07 16:04:43 - [TEST_STEP][PASSED] - click(findTestObject("Object Repository/Page_GS1 Cloud BETA - Check/button_Search")): Object: 'Object Repository/Page_GS1 Cloud BETA - Check/button_Search' is clicked on

2019-02-07 16:04:45 - [MESSAGE][PASSED] - Object: 'Object Repository/Page_GS1 Cloud BETA - Check/button_Search' is clicked on

2019-02-07 16:04:45 - [TEST_STEP][PASSED] - verifyTextPresent(validation, false): Text 'Integrity failed: Incorrect check digit.' is present on page 

2019-02-07 16:04:45 - [MESSAGE][PASSED] - Text 'Integrity failed: Incorrect check digit.' is present on page]]></system-out>
         <system-err><![CDATA[]]></system-err>
      </testcase>
      <testcase name="Test Cases/GCLD-9/Verify Valid Length of GTIN number" classname="Test Cases/GCLD-9/Verify Valid Length of GTIN number" status="PASSED">
         <system-out><![CDATA[2019-02-07 16:04:45 - [TEST_CASE][PASSED] - Test Cases/GCLD-9/Verify Valid Length of GTIN number: Test Cases/GCLD-9/Verify Valid Length of GTIN number

2019-02-07 16:04:45 - [TEST_STEP][PASSED] - openBrowser("https://cloud.test.gs1.org/gs1-portal"): Browser is opened with url: 'https://cloud.test.gs1.org/gs1-portal'

2019-02-07 16:04:45 - [MESSAGE][WARNING] - A browser is already opened. Closing browser and opening a new one

2019-02-07 16:04:45 - [MESSAGE][INFO] - Starting 'Chrome' driver

2019-02-07 16:04:51 - [MESSAGE][PASSED] - Browser is opened with url: 'https://cloud.test.gs1.org/gs1-portal'

2019-02-07 16:04:51 - [TEST_STEP][PASSED] - navigateToUrl("https://gs1-sso-customsts.azurewebsites.net/Account/LoginSelector"): Navigate to 'https://gs1-sso-customsts.azurewebsites.net/Account/LoginSelector' successfully

2019-02-07 16:04:51 - [MESSAGE][PASSED] - Navigate to 'https://gs1-sso-customsts.azurewebsites.net/Account/LoginSelector' successfully

2019-02-07 16:04:51 - [TEST_STEP][PASSED] - setText(findTestObject("Object Repository/Page_Sign in - GS1 STS Server/input_E-mail_Email"), email): Text 'GS1CloudTest@gs1.org' is set on object 'Object Repository/Page_Sign in - GS1 STS Server/input_E-mail_Email'

2019-02-07 16:04:51 - [MESSAGE][PASSED] - Text 'GS1CloudTest@gs1.org' is set on object 'Object Repository/Page_Sign in - GS1 STS Server/input_E-mail_Email'

2019-02-07 16:04:51 - [TEST_STEP][PASSED] - Thread.sleep(1000): null

2019-02-07 16:04:52 - [TEST_STEP][PASSED] - setText(findTestObject("Object Repository/Page_Sign in - GS1 STS Server/input_Password_Password"), password): Text 'Fvrt7564' is set on object 'Object Repository/Page_Sign in - GS1 STS Server/input_Password_Password'

2019-02-07 16:04:52 - [MESSAGE][PASSED] - Text 'Fvrt7564' is set on object 'Object Repository/Page_Sign in - GS1 STS Server/input_Password_Password'

2019-02-07 16:04:52 - [TEST_STEP][PASSED] - click(findTestObject("Object Repository/Page_Sign in - GS1 STS Server/input_Password_btn btn-default")): Object: 'Object Repository/Page_Sign in - GS1 STS Server/input_Password_btn btn-default' is clicked on

2019-02-07 16:05:01 - [MESSAGE][PASSED] - Object: 'Object Repository/Page_Sign in - GS1 STS Server/input_Password_btn btn-default' is clicked on

2019-02-07 16:05:01 - [TEST_STEP][PASSED] - click(findTestObject("Object Repository/Page_GS1 Cloud BETA - Home/a_Services")): Object: 'Object Repository/Page_GS1 Cloud BETA - Home/a_Services' is clicked on

2019-02-07 16:05:01 - [MESSAGE][PASSED] - Object: 'Object Repository/Page_GS1 Cloud BETA - Home/a_Services' is clicked on

2019-02-07 16:05:01 - [TEST_STEP][PASSED] - Thread.sleep(1000): null

2019-02-07 16:05:02 - [TEST_STEP][PASSED] - click(findTestObject("Object Repository/Page_GS1 Cloud BETA - Services/a_Check")): Object: 'Object Repository/Page_GS1 Cloud BETA - Services/a_Check' is clicked on

2019-02-07 16:05:03 - [MESSAGE][PASSED] - Object: 'Object Repository/Page_GS1 Cloud BETA - Services/a_Check' is clicked on

2019-02-07 16:05:03 - [TEST_STEP][PASSED] - setText(findTestObject("Object Repository/Page_GS1 Cloud BETA - Check/input_Global Trade Item Number"), Checkgtinlength): Text '123' is set on object 'Object Repository/Page_GS1 Cloud BETA - Check/input_Global Trade Item Number'

2019-02-07 16:05:05 - [MESSAGE][PASSED] - Text '123' is set on object 'Object Repository/Page_GS1 Cloud BETA - Check/input_Global Trade Item Number'

2019-02-07 16:05:05 - [TEST_STEP][PASSED] - click(findTestObject("Object Repository/Page_GS1 Cloud BETA - Check/button_Search")): Object: 'Object Repository/Page_GS1 Cloud BETA - Check/button_Search' is clicked on

2019-02-07 16:05:11 - [MESSAGE][PASSED] - Object: 'Object Repository/Page_GS1 Cloud BETA - Check/button_Search' is clicked on

2019-02-07 16:05:11 - [TEST_STEP][PASSED] - verifyTextPresent(validation, false): Text 'Incorrect number. That GS1 prefix (3-digit country code) does not exist.' is present on page 

2019-02-07 16:05:12 - [MESSAGE][PASSED] - Text 'Incorrect number. That GS1 prefix (3-digit country code) does not exist.' is present on page]]></system-out>
         <system-err><![CDATA[]]></system-err>
      </testcase>
      <testcase name="Test Cases/GCLD-9/Verify Valid Length of GTIN number" classname="Test Cases/GCLD-9/Verify Valid Length of GTIN number" status="PASSED">
         <system-out><![CDATA[2019-02-07 16:05:12 - [TEST_CASE][PASSED] - Test Cases/GCLD-9/Verify Valid Length of GTIN number: Test Cases/GCLD-9/Verify Valid Length of GTIN number

2019-02-07 16:05:12 - [TEST_STEP][PASSED] - openBrowser("https://cloud.test.gs1.org/gs1-portal"): Browser is opened with url: 'https://cloud.test.gs1.org/gs1-portal'

2019-02-07 16:05:12 - [MESSAGE][WARNING] - A browser is already opened. Closing browser and opening a new one

2019-02-07 16:05:12 - [MESSAGE][INFO] - Starting 'Chrome' driver

2019-02-07 16:05:18 - [MESSAGE][PASSED] - Browser is opened with url: 'https://cloud.test.gs1.org/gs1-portal'

2019-02-07 16:05:18 - [TEST_STEP][PASSED] - navigateToUrl("https://gs1-sso-customsts.azurewebsites.net/Account/LoginSelector"): Navigate to 'https://gs1-sso-customsts.azurewebsites.net/Account/LoginSelector' successfully

2019-02-07 16:05:18 - [MESSAGE][PASSED] - Navigate to 'https://gs1-sso-customsts.azurewebsites.net/Account/LoginSelector' successfully

2019-02-07 16:05:18 - [TEST_STEP][PASSED] - setText(findTestObject("Object Repository/Page_Sign in - GS1 STS Server/input_E-mail_Email"), email): Text 'GS1CloudTest@gs1.org' is set on object 'Object Repository/Page_Sign in - GS1 STS Server/input_E-mail_Email'

2019-02-07 16:05:18 - [MESSAGE][PASSED] - Text 'GS1CloudTest@gs1.org' is set on object 'Object Repository/Page_Sign in - GS1 STS Server/input_E-mail_Email'

2019-02-07 16:05:18 - [TEST_STEP][PASSED] - Thread.sleep(1000): null

2019-02-07 16:05:19 - [TEST_STEP][PASSED] - setText(findTestObject("Object Repository/Page_Sign in - GS1 STS Server/input_Password_Password"), password): Text 'Fvrt7564' is set on object 'Object Repository/Page_Sign in - GS1 STS Server/input_Password_Password'

2019-02-07 16:05:19 - [MESSAGE][PASSED] - Text 'Fvrt7564' is set on object 'Object Repository/Page_Sign in - GS1 STS Server/input_Password_Password'

2019-02-07 16:05:19 - [TEST_STEP][PASSED] - click(findTestObject("Object Repository/Page_Sign in - GS1 STS Server/input_Password_btn btn-default")): Object: 'Object Repository/Page_Sign in - GS1 STS Server/input_Password_btn btn-default' is clicked on

2019-02-07 16:05:29 - [MESSAGE][PASSED] - Object: 'Object Repository/Page_Sign in - GS1 STS Server/input_Password_btn btn-default' is clicked on

2019-02-07 16:05:29 - [TEST_STEP][PASSED] - click(findTestObject("Object Repository/Page_GS1 Cloud BETA - Home/a_Services")): Object: 'Object Repository/Page_GS1 Cloud BETA - Home/a_Services' is clicked on

2019-02-07 16:05:29 - [MESSAGE][PASSED] - Object: 'Object Repository/Page_GS1 Cloud BETA - Home/a_Services' is clicked on

2019-02-07 16:05:29 - [TEST_STEP][PASSED] - Thread.sleep(1000): null

2019-02-07 16:05:30 - [TEST_STEP][PASSED] - click(findTestObject("Object Repository/Page_GS1 Cloud BETA - Services/a_Check")): Object: 'Object Repository/Page_GS1 Cloud BETA - Services/a_Check' is clicked on

2019-02-07 16:05:32 - [MESSAGE][PASSED] - Object: 'Object Repository/Page_GS1 Cloud BETA - Services/a_Check' is clicked on

2019-02-07 16:05:32 - [TEST_STEP][PASSED] - setText(findTestObject("Object Repository/Page_GS1 Cloud BETA - Check/input_Global Trade Item Number"), Checkgtinlength): Text '1234' is set on object 'Object Repository/Page_GS1 Cloud BETA - Check/input_Global Trade Item Number'

2019-02-07 16:05:35 - [MESSAGE][PASSED] - Text '1234' is set on object 'Object Repository/Page_GS1 Cloud BETA - Check/input_Global Trade Item Number'

2019-02-07 16:05:35 - [TEST_STEP][PASSED] - click(findTestObject("Object Repository/Page_GS1 Cloud BETA - Check/button_Search")): Object: 'Object Repository/Page_GS1 Cloud BETA - Check/button_Search' is clicked on

2019-02-07 16:05:38 - [MESSAGE][PASSED] - Object: 'Object Repository/Page_GS1 Cloud BETA - Check/button_Search' is clicked on

2019-02-07 16:05:38 - [TEST_STEP][PASSED] - verifyTextPresent(validation, false): Text 'Integrity failed: Incorrect check digit.' is present on page 

2019-02-07 16:05:38 - [MESSAGE][PASSED] - Text 'Integrity failed: Incorrect check digit.' is present on page]]></system-out>
         <system-err><![CDATA[]]></system-err>
      </testcase>
      <testcase name="Test Cases/GCLD-9/Verify Valid Length of GTIN number" classname="Test Cases/GCLD-9/Verify Valid Length of GTIN number" status="PASSED">
         <system-out><![CDATA[2019-02-07 16:05:38 - [TEST_CASE][PASSED] - Test Cases/GCLD-9/Verify Valid Length of GTIN number: Test Cases/GCLD-9/Verify Valid Length of GTIN number

2019-02-07 16:05:38 - [TEST_STEP][PASSED] - openBrowser("https://cloud.test.gs1.org/gs1-portal"): Browser is opened with url: 'https://cloud.test.gs1.org/gs1-portal'

2019-02-07 16:05:38 - [MESSAGE][WARNING] - A browser is already opened. Closing browser and opening a new one

2019-02-07 16:05:39 - [MESSAGE][INFO] - Starting 'Chrome' driver

2019-02-07 16:05:45 - [MESSAGE][PASSED] - Browser is opened with url: 'https://cloud.test.gs1.org/gs1-portal'

2019-02-07 16:05:45 - [TEST_STEP][PASSED] - navigateToUrl("https://gs1-sso-customsts.azurewebsites.net/Account/LoginSelector"): Navigate to 'https://gs1-sso-customsts.azurewebsites.net/Account/LoginSelector' successfully

2019-02-07 16:05:47 - [MESSAGE][PASSED] - Navigate to 'https://gs1-sso-customsts.azurewebsites.net/Account/LoginSelector' successfully

2019-02-07 16:05:47 - [TEST_STEP][PASSED] - setText(findTestObject("Object Repository/Page_Sign in - GS1 STS Server/input_E-mail_Email"), email): Text 'GS1CloudTest@gs1.org' is set on object 'Object Repository/Page_Sign in - GS1 STS Server/input_E-mail_Email'

2019-02-07 16:05:47 - [MESSAGE][PASSED] - Text 'GS1CloudTest@gs1.org' is set on object 'Object Repository/Page_Sign in - GS1 STS Server/input_E-mail_Email'

2019-02-07 16:05:47 - [TEST_STEP][PASSED] - Thread.sleep(1000): null

2019-02-07 16:05:48 - [TEST_STEP][PASSED] - setText(findTestObject("Object Repository/Page_Sign in - GS1 STS Server/input_Password_Password"), password): Text 'Fvrt7564' is set on object 'Object Repository/Page_Sign in - GS1 STS Server/input_Password_Password'

2019-02-07 16:05:48 - [MESSAGE][PASSED] - Text 'Fvrt7564' is set on object 'Object Repository/Page_Sign in - GS1 STS Server/input_Password_Password'

2019-02-07 16:05:48 - [TEST_STEP][PASSED] - click(findTestObject("Object Repository/Page_Sign in - GS1 STS Server/input_Password_btn btn-default")): Object: 'Object Repository/Page_Sign in - GS1 STS Server/input_Password_btn btn-default' is clicked on

2019-02-07 16:05:58 - [MESSAGE][PASSED] - Object: 'Object Repository/Page_Sign in - GS1 STS Server/input_Password_btn btn-default' is clicked on

2019-02-07 16:05:58 - [TEST_STEP][PASSED] - click(findTestObject("Object Repository/Page_GS1 Cloud BETA - Home/a_Services")): Object: 'Object Repository/Page_GS1 Cloud BETA - Home/a_Services' is clicked on

2019-02-07 16:05:58 - [MESSAGE][PASSED] - Object: 'Object Repository/Page_GS1 Cloud BETA - Home/a_Services' is clicked on

2019-02-07 16:05:58 - [TEST_STEP][PASSED] - Thread.sleep(1000): null

2019-02-07 16:05:59 - [TEST_STEP][PASSED] - click(findTestObject("Object Repository/Page_GS1 Cloud BETA - Services/a_Check")): Object: 'Object Repository/Page_GS1 Cloud BETA - Services/a_Check' is clicked on

2019-02-07 16:06:00 - [MESSAGE][PASSED] - Object: 'Object Repository/Page_GS1 Cloud BETA - Services/a_Check' is clicked on

2019-02-07 16:06:00 - [TEST_STEP][PASSED] - setText(findTestObject("Object Repository/Page_GS1 Cloud BETA - Check/input_Global Trade Item Number"), Checkgtinlength): Text '12345' is set on object 'Object Repository/Page_GS1 Cloud BETA - Check/input_Global Trade Item Number'

2019-02-07 16:06:03 - [MESSAGE][PASSED] - Text '12345' is set on object 'Object Repository/Page_GS1 Cloud BETA - Check/input_Global Trade Item Number'

2019-02-07 16:06:03 - [TEST_STEP][PASSED] - click(findTestObject("Object Repository/Page_GS1 Cloud BETA - Check/button_Search")): Object: 'Object Repository/Page_GS1 Cloud BETA - Check/button_Search' is clicked on

2019-02-07 16:06:06 - [MESSAGE][PASSED] - Object: 'Object Repository/Page_GS1 Cloud BETA - Check/button_Search' is clicked on

2019-02-07 16:06:06 - [TEST_STEP][PASSED] - verifyTextPresent(validation, false): Text 'Integrity failed: Incorrect check digit.' is present on page 

2019-02-07 16:06:06 - [MESSAGE][PASSED] - Text 'Integrity failed: Incorrect check digit.' is present on page]]></system-out>
         <system-err><![CDATA[]]></system-err>
      </testcase>
      <testcase name="Test Cases/GCLD-9/Verify Valid Length of GTIN number" classname="Test Cases/GCLD-9/Verify Valid Length of GTIN number" status="PASSED">
         <system-out><![CDATA[2019-02-07 16:06:06 - [TEST_CASE][PASSED] - Test Cases/GCLD-9/Verify Valid Length of GTIN number: Test Cases/GCLD-9/Verify Valid Length of GTIN number

2019-02-07 16:06:06 - [TEST_STEP][PASSED] - openBrowser("https://cloud.test.gs1.org/gs1-portal"): Browser is opened with url: 'https://cloud.test.gs1.org/gs1-portal'

2019-02-07 16:06:06 - [MESSAGE][WARNING] - A browser is already opened. Closing browser and opening a new one

2019-02-07 16:06:06 - [MESSAGE][INFO] - Starting 'Chrome' driver

2019-02-07 16:06:12 - [MESSAGE][PASSED] - Browser is opened with url: 'https://cloud.test.gs1.org/gs1-portal'

2019-02-07 16:06:12 - [TEST_STEP][PASSED] - navigateToUrl("https://gs1-sso-customsts.azurewebsites.net/Account/LoginSelector"): Navigate to 'https://gs1-sso-customsts.azurewebsites.net/Account/LoginSelector' successfully

2019-02-07 16:06:13 - [MESSAGE][PASSED] - Navigate to 'https://gs1-sso-customsts.azurewebsites.net/Account/LoginSelector' successfully

2019-02-07 16:06:13 - [TEST_STEP][PASSED] - setText(findTestObject("Object Repository/Page_Sign in - GS1 STS Server/input_E-mail_Email"), email): Text 'GS1CloudTest@gs1.org' is set on object 'Object Repository/Page_Sign in - GS1 STS Server/input_E-mail_Email'

2019-02-07 16:06:13 - [MESSAGE][PASSED] - Text 'GS1CloudTest@gs1.org' is set on object 'Object Repository/Page_Sign in - GS1 STS Server/input_E-mail_Email'

2019-02-07 16:06:13 - [TEST_STEP][PASSED] - Thread.sleep(1000): null

2019-02-07 16:06:14 - [TEST_STEP][PASSED] - setText(findTestObject("Object Repository/Page_Sign in - GS1 STS Server/input_Password_Password"), password): Text 'Fvrt7564' is set on object 'Object Repository/Page_Sign in - GS1 STS Server/input_Password_Password'

2019-02-07 16:06:14 - [MESSAGE][PASSED] - Text 'Fvrt7564' is set on object 'Object Repository/Page_Sign in - GS1 STS Server/input_Password_Password'

2019-02-07 16:06:14 - [TEST_STEP][PASSED] - click(findTestObject("Object Repository/Page_Sign in - GS1 STS Server/input_Password_btn btn-default")): Object: 'Object Repository/Page_Sign in - GS1 STS Server/input_Password_btn btn-default' is clicked on

2019-02-07 16:06:24 - [MESSAGE][PASSED] - Object: 'Object Repository/Page_Sign in - GS1 STS Server/input_Password_btn btn-default' is clicked on

2019-02-07 16:06:24 - [TEST_STEP][PASSED] - click(findTestObject("Object Repository/Page_GS1 Cloud BETA - Home/a_Services")): Object: 'Object Repository/Page_GS1 Cloud BETA - Home/a_Services' is clicked on

2019-02-07 16:06:24 - [MESSAGE][PASSED] - Object: 'Object Repository/Page_GS1 Cloud BETA - Home/a_Services' is clicked on

2019-02-07 16:06:24 - [TEST_STEP][PASSED] - Thread.sleep(1000): null

2019-02-07 16:06:25 - [TEST_STEP][PASSED] - click(findTestObject("Object Repository/Page_GS1 Cloud BETA - Services/a_Check")): Object: 'Object Repository/Page_GS1 Cloud BETA - Services/a_Check' is clicked on

2019-02-07 16:06:28 - [MESSAGE][PASSED] - Object: 'Object Repository/Page_GS1 Cloud BETA - Services/a_Check' is clicked on

2019-02-07 16:06:28 - [TEST_STEP][PASSED] - setText(findTestObject("Object Repository/Page_GS1 Cloud BETA - Check/input_Global Trade Item Number"), Checkgtinlength): Text '123456' is set on object 'Object Repository/Page_GS1 Cloud BETA - Check/input_Global Trade Item Number'

2019-02-07 16:06:31 - [MESSAGE][PASSED] - Text '123456' is set on object 'Object Repository/Page_GS1 Cloud BETA - Check/input_Global Trade Item Number'

2019-02-07 16:06:31 - [TEST_STEP][PASSED] - click(findTestObject("Object Repository/Page_GS1 Cloud BETA - Check/button_Search")): Object: 'Object Repository/Page_GS1 Cloud BETA - Check/button_Search' is clicked on

2019-02-07 16:06:34 - [MESSAGE][PASSED] - Object: 'Object Repository/Page_GS1 Cloud BETA - Check/button_Search' is clicked on

2019-02-07 16:06:34 - [TEST_STEP][PASSED] - verifyTextPresent(validation, false): Text 'Integrity failed: Incorrect check digit.' is present on page 

2019-02-07 16:06:34 - [MESSAGE][PASSED] - Text 'Integrity failed: Incorrect check digit.' is present on page]]></system-out>
         <system-err><![CDATA[]]></system-err>
      </testcase>
      <testcase name="Test Cases/GCLD-9/Verify Valid Length of GTIN number" classname="Test Cases/GCLD-9/Verify Valid Length of GTIN number" status="PASSED">
         <system-out><![CDATA[2019-02-07 16:06:34 - [TEST_CASE][PASSED] - Test Cases/GCLD-9/Verify Valid Length of GTIN number: Test Cases/GCLD-9/Verify Valid Length of GTIN number

2019-02-07 16:06:34 - [TEST_STEP][PASSED] - openBrowser("https://cloud.test.gs1.org/gs1-portal"): Browser is opened with url: 'https://cloud.test.gs1.org/gs1-portal'

2019-02-07 16:06:34 - [MESSAGE][WARNING] - A browser is already opened. Closing browser and opening a new one

2019-02-07 16:06:34 - [MESSAGE][INFO] - Starting 'Chrome' driver

2019-02-07 16:06:39 - [MESSAGE][PASSED] - Browser is opened with url: 'https://cloud.test.gs1.org/gs1-portal'

2019-02-07 16:06:39 - [TEST_STEP][PASSED] - navigateToUrl("https://gs1-sso-customsts.azurewebsites.net/Account/LoginSelector"): Navigate to 'https://gs1-sso-customsts.azurewebsites.net/Account/LoginSelector' successfully

2019-02-07 16:06:40 - [MESSAGE][PASSED] - Navigate to 'https://gs1-sso-customsts.azurewebsites.net/Account/LoginSelector' successfully

2019-02-07 16:06:40 - [TEST_STEP][PASSED] - setText(findTestObject("Object Repository/Page_Sign in - GS1 STS Server/input_E-mail_Email"), email): Text 'GS1CloudTest@gs1.org' is set on object 'Object Repository/Page_Sign in - GS1 STS Server/input_E-mail_Email'

2019-02-07 16:06:40 - [MESSAGE][PASSED] - Text 'GS1CloudTest@gs1.org' is set on object 'Object Repository/Page_Sign in - GS1 STS Server/input_E-mail_Email'

2019-02-07 16:06:40 - [TEST_STEP][PASSED] - Thread.sleep(1000): null

2019-02-07 16:06:41 - [TEST_STEP][PASSED] - setText(findTestObject("Object Repository/Page_Sign in - GS1 STS Server/input_Password_Password"), password): Text 'Fvrt7564' is set on object 'Object Repository/Page_Sign in - GS1 STS Server/input_Password_Password'

2019-02-07 16:06:41 - [MESSAGE][PASSED] - Text 'Fvrt7564' is set on object 'Object Repository/Page_Sign in - GS1 STS Server/input_Password_Password'

2019-02-07 16:06:41 - [TEST_STEP][PASSED] - click(findTestObject("Object Repository/Page_Sign in - GS1 STS Server/input_Password_btn btn-default")): Object: 'Object Repository/Page_Sign in - GS1 STS Server/input_Password_btn btn-default' is clicked on

2019-02-07 16:06:51 - [MESSAGE][PASSED] - Object: 'Object Repository/Page_Sign in - GS1 STS Server/input_Password_btn btn-default' is clicked on

2019-02-07 16:06:51 - [TEST_STEP][PASSED] - click(findTestObject("Object Repository/Page_GS1 Cloud BETA - Home/a_Services")): Object: 'Object Repository/Page_GS1 Cloud BETA - Home/a_Services' is clicked on

2019-02-07 16:06:51 - [MESSAGE][PASSED] - Object: 'Object Repository/Page_GS1 Cloud BETA - Home/a_Services' is clicked on

2019-02-07 16:06:51 - [TEST_STEP][PASSED] - Thread.sleep(1000): null

2019-02-07 16:06:52 - [TEST_STEP][PASSED] - click(findTestObject("Object Repository/Page_GS1 Cloud BETA - Services/a_Check")): Object: 'Object Repository/Page_GS1 Cloud BETA - Services/a_Check' is clicked on

2019-02-07 16:06:54 - [MESSAGE][PASSED] - Object: 'Object Repository/Page_GS1 Cloud BETA - Services/a_Check' is clicked on

2019-02-07 16:06:54 - [TEST_STEP][PASSED] - setText(findTestObject("Object Repository/Page_GS1 Cloud BETA - Check/input_Global Trade Item Number"), Checkgtinlength): Text '1234567' is set on object 'Object Repository/Page_GS1 Cloud BETA - Check/input_Global Trade Item Number'

2019-02-07 16:06:59 - [MESSAGE][PASSED] - Text '1234567' is set on object 'Object Repository/Page_GS1 Cloud BETA - Check/input_Global Trade Item Number'

2019-02-07 16:06:59 - [TEST_STEP][PASSED] - click(findTestObject("Object Repository/Page_GS1 Cloud BETA - Check/button_Search")): Object: 'Object Repository/Page_GS1 Cloud BETA - Check/button_Search' is clicked on

2019-02-07 16:07:02 - [MESSAGE][PASSED] - Object: 'Object Repository/Page_GS1 Cloud BETA - Check/button_Search' is clicked on

2019-02-07 16:07:02 - [TEST_STEP][PASSED] - verifyTextPresent(validation, false): Text 'Integrity failed: Incorrect check digit.' is present on page 

2019-02-07 16:07:02 - [MESSAGE][PASSED] - Text 'Integrity failed: Incorrect check digit.' is present on page]]></system-out>
         <system-err><![CDATA[]]></system-err>
      </testcase>
      <testcase name="Test Cases/GCLD-9/Verify Valid Length of GTIN number" classname="Test Cases/GCLD-9/Verify Valid Length of GTIN number" status="PASSED">
         <system-out><![CDATA[2019-02-07 16:07:02 - [TEST_CASE][PASSED] - Test Cases/GCLD-9/Verify Valid Length of GTIN number: Test Cases/GCLD-9/Verify Valid Length of GTIN number

2019-02-07 16:07:02 - [TEST_STEP][PASSED] - openBrowser("https://cloud.test.gs1.org/gs1-portal"): Browser is opened with url: 'https://cloud.test.gs1.org/gs1-portal'

2019-02-07 16:07:02 - [MESSAGE][WARNING] - A browser is already opened. Closing browser and opening a new one

2019-02-07 16:07:02 - [MESSAGE][INFO] - Starting 'Chrome' driver

2019-02-07 16:07:08 - [MESSAGE][PASSED] - Browser is opened with url: 'https://cloud.test.gs1.org/gs1-portal'

2019-02-07 16:07:08 - [TEST_STEP][PASSED] - navigateToUrl("https://gs1-sso-customsts.azurewebsites.net/Account/LoginSelector"): Navigate to 'https://gs1-sso-customsts.azurewebsites.net/Account/LoginSelector' successfully

2019-02-07 16:07:09 - [MESSAGE][PASSED] - Navigate to 'https://gs1-sso-customsts.azurewebsites.net/Account/LoginSelector' successfully

2019-02-07 16:07:09 - [TEST_STEP][PASSED] - setText(findTestObject("Object Repository/Page_Sign in - GS1 STS Server/input_E-mail_Email"), email): Text 'GS1CloudTest@gs1.org' is set on object 'Object Repository/Page_Sign in - GS1 STS Server/input_E-mail_Email'

2019-02-07 16:07:09 - [MESSAGE][PASSED] - Text 'GS1CloudTest@gs1.org' is set on object 'Object Repository/Page_Sign in - GS1 STS Server/input_E-mail_Email'

2019-02-07 16:07:09 - [TEST_STEP][PASSED] - Thread.sleep(1000): null

2019-02-07 16:07:10 - [TEST_STEP][PASSED] - setText(findTestObject("Object Repository/Page_Sign in - GS1 STS Server/input_Password_Password"), password): Text 'Fvrt7564' is set on object 'Object Repository/Page_Sign in - GS1 STS Server/input_Password_Password'

2019-02-07 16:07:10 - [MESSAGE][PASSED] - Text 'Fvrt7564' is set on object 'Object Repository/Page_Sign in - GS1 STS Server/input_Password_Password'

2019-02-07 16:07:10 - [TEST_STEP][PASSED] - click(findTestObject("Object Repository/Page_Sign in - GS1 STS Server/input_Password_btn btn-default")): Object: 'Object Repository/Page_Sign in - GS1 STS Server/input_Password_btn btn-default' is clicked on

2019-02-07 16:07:20 - [MESSAGE][PASSED] - Object: 'Object Repository/Page_Sign in - GS1 STS Server/input_Password_btn btn-default' is clicked on

2019-02-07 16:07:20 - [TEST_STEP][PASSED] - click(findTestObject("Object Repository/Page_GS1 Cloud BETA - Home/a_Services")): Object: 'Object Repository/Page_GS1 Cloud BETA - Home/a_Services' is clicked on

2019-02-07 16:07:21 - [MESSAGE][PASSED] - Object: 'Object Repository/Page_GS1 Cloud BETA - Home/a_Services' is clicked on

2019-02-07 16:07:21 - [TEST_STEP][PASSED] - Thread.sleep(1000): null

2019-02-07 16:07:22 - [TEST_STEP][PASSED] - click(findTestObject("Object Repository/Page_GS1 Cloud BETA - Services/a_Check")): Object: 'Object Repository/Page_GS1 Cloud BETA - Services/a_Check' is clicked on

2019-02-07 16:07:23 - [MESSAGE][PASSED] - Object: 'Object Repository/Page_GS1 Cloud BETA - Services/a_Check' is clicked on

2019-02-07 16:07:23 - [TEST_STEP][PASSED] - setText(findTestObject("Object Repository/Page_GS1 Cloud BETA - Check/input_Global Trade Item Number"), Checkgtinlength): Text '1234678' is set on object 'Object Repository/Page_GS1 Cloud BETA - Check/input_Global Trade Item Number'

2019-02-07 16:07:27 - [MESSAGE][PASSED] - Text '1234678' is set on object 'Object Repository/Page_GS1 Cloud BETA - Check/input_Global Trade Item Number'

2019-02-07 16:07:27 - [TEST_STEP][PASSED] - click(findTestObject("Object Repository/Page_GS1 Cloud BETA - Check/button_Search")): Object: 'Object Repository/Page_GS1 Cloud BETA - Check/button_Search' is clicked on

2019-02-07 16:07:31 - [MESSAGE][PASSED] - Object: 'Object Repository/Page_GS1 Cloud BETA - Check/button_Search' is clicked on

2019-02-07 16:07:31 - [TEST_STEP][PASSED] - verifyTextPresent(validation, false): Text 'Integrity failed: Incorrect check digit.' is present on page 

2019-02-07 16:07:31 - [MESSAGE][PASSED] - Text 'Integrity failed: Incorrect check digit.' is present on page]]></system-out>
         <system-err><![CDATA[]]></system-err>
      </testcase>
      <testcase name="Test Cases/GCLD-9/Verify Valid Length of GTIN number" classname="Test Cases/GCLD-9/Verify Valid Length of GTIN number" status="PASSED">
         <system-out><![CDATA[2019-02-07 16:07:31 - [TEST_CASE][PASSED] - Test Cases/GCLD-9/Verify Valid Length of GTIN number: Test Cases/GCLD-9/Verify Valid Length of GTIN number

2019-02-07 16:07:31 - [TEST_STEP][PASSED] - openBrowser("https://cloud.test.gs1.org/gs1-portal"): Browser is opened with url: 'https://cloud.test.gs1.org/gs1-portal'

2019-02-07 16:07:31 - [MESSAGE][WARNING] - A browser is already opened. Closing browser and opening a new one

2019-02-07 16:07:31 - [MESSAGE][INFO] - Starting 'Chrome' driver

2019-02-07 16:07:36 - [MESSAGE][PASSED] - Browser is opened with url: 'https://cloud.test.gs1.org/gs1-portal'

2019-02-07 16:07:36 - [TEST_STEP][PASSED] - navigateToUrl("https://gs1-sso-customsts.azurewebsites.net/Account/LoginSelector"): Navigate to 'https://gs1-sso-customsts.azurewebsites.net/Account/LoginSelector' successfully

2019-02-07 16:07:37 - [MESSAGE][PASSED] - Navigate to 'https://gs1-sso-customsts.azurewebsites.net/Account/LoginSelector' successfully

2019-02-07 16:07:37 - [TEST_STEP][PASSED] - setText(findTestObject("Object Repository/Page_Sign in - GS1 STS Server/input_E-mail_Email"), email): Text 'GS1CloudTest@gs1.org' is set on object 'Object Repository/Page_Sign in - GS1 STS Server/input_E-mail_Email'

2019-02-07 16:07:37 - [MESSAGE][PASSED] - Text 'GS1CloudTest@gs1.org' is set on object 'Object Repository/Page_Sign in - GS1 STS Server/input_E-mail_Email'

2019-02-07 16:07:37 - [TEST_STEP][PASSED] - Thread.sleep(1000): null

2019-02-07 16:07:38 - [TEST_STEP][PASSED] - setText(findTestObject("Object Repository/Page_Sign in - GS1 STS Server/input_Password_Password"), password): Text 'Fvrt7564' is set on object 'Object Repository/Page_Sign in - GS1 STS Server/input_Password_Password'

2019-02-07 16:07:38 - [MESSAGE][PASSED] - Text 'Fvrt7564' is set on object 'Object Repository/Page_Sign in - GS1 STS Server/input_Password_Password'

2019-02-07 16:07:38 - [TEST_STEP][PASSED] - click(findTestObject("Object Repository/Page_Sign in - GS1 STS Server/input_Password_btn btn-default")): Object: 'Object Repository/Page_Sign in - GS1 STS Server/input_Password_btn btn-default' is clicked on

2019-02-07 16:07:52 - [MESSAGE][PASSED] - Object: 'Object Repository/Page_Sign in - GS1 STS Server/input_Password_btn btn-default' is clicked on

2019-02-07 16:07:52 - [TEST_STEP][PASSED] - click(findTestObject("Object Repository/Page_GS1 Cloud BETA - Home/a_Services")): Object: 'Object Repository/Page_GS1 Cloud BETA - Home/a_Services' is clicked on

2019-02-07 16:07:52 - [MESSAGE][PASSED] - Object: 'Object Repository/Page_GS1 Cloud BETA - Home/a_Services' is clicked on

2019-02-07 16:07:52 - [TEST_STEP][PASSED] - Thread.sleep(1000): null

2019-02-07 16:07:53 - [TEST_STEP][PASSED] - click(findTestObject("Object Repository/Page_GS1 Cloud BETA - Services/a_Check")): Object: 'Object Repository/Page_GS1 Cloud BETA - Services/a_Check' is clicked on

2019-02-07 16:07:54 - [MESSAGE][PASSED] - Object: 'Object Repository/Page_GS1 Cloud BETA - Services/a_Check' is clicked on

2019-02-07 16:07:54 - [TEST_STEP][PASSED] - setText(findTestObject("Object Repository/Page_GS1 Cloud BETA - Check/input_Global Trade Item Number"), Checkgtinlength): Text '123456789' is set on object 'Object Repository/Page_GS1 Cloud BETA - Check/input_Global Trade Item Number'

2019-02-07 16:07:57 - [MESSAGE][PASSED] - Text '123456789' is set on object 'Object Repository/Page_GS1 Cloud BETA - Check/input_Global Trade Item Number'

2019-02-07 16:07:57 - [TEST_STEP][PASSED] - click(findTestObject("Object Repository/Page_GS1 Cloud BETA - Check/button_Search")): Object: 'Object Repository/Page_GS1 Cloud BETA - Check/button_Search' is clicked on

2019-02-07 16:07:59 - [MESSAGE][PASSED] - Object: 'Object Repository/Page_GS1 Cloud BETA - Check/button_Search' is clicked on

2019-02-07 16:07:59 - [TEST_STEP][PASSED] - verifyTextPresent(validation, false): Text 'Integrity failed: Incorrect check digit.' is present on page 

2019-02-07 16:07:59 - [MESSAGE][PASSED] - Text 'Integrity failed: Incorrect check digit.' is present on page]]></system-out>
         <system-err><![CDATA[]]></system-err>
      </testcase>
      <testcase name="Test Cases/GCLD-9/Verify Valid Length of GTIN number" classname="Test Cases/GCLD-9/Verify Valid Length of GTIN number" status="FAILED">
         <failure type="FAILED" message="Test Cases/GCLD-9/Verify Valid Length of GTIN number FAILED.
Reason:
com.kms.katalon.core.exception.StepFailedException: Unable to set text '1123456789' of object 'Object Repository/Page_GS1 Cloud BETA - Check/input_Global Trade Item Number' (Root cause: com.kms.katalon.core.webui.exception.WebElementNotFoundException: Web element with id: 'Object Repository/Page_GS1 Cloud BETA - Check/input_Global Trade Item Number' located by 'By.xpath: //input[@id='itemNumber']' not found)
	at com.kms.katalon.core.keyword.internal.KeywordMain.stepFailed(KeywordMain.groovy:36)
	at com.kms.katalon.core.webui.keyword.internal.WebUIKeywordMain.stepFailed(WebUIKeywordMain.groovy:65)
	at com.kms.katalon.core.webui.keyword.internal.WebUIKeywordMain.runKeyword(WebUIKeywordMain.groovy:27)
	at com.kms.katalon.core.webui.keyword.builtin.SetTextKeyword.setText(SetTextKeyword.groovy:65)
	at com.kms.katalon.core.webui.keyword.builtin.SetTextKeyword.execute(SetTextKeyword.groovy:37)
	at com.kms.katalon.core.keyword.internal.KeywordExecutor.executeKeywordForPlatform(KeywordExecutor.groovy:53)
	at com.kms.katalon.core.webui.keyword.WebUiBuiltInKeywords.setText(WebUiBuiltInKeywords.groovy:950)
	at com.kms.katalon.core.webui.keyword.WebUiBuiltInKeywords$setText$1.call(Unknown Source)
	at Verify Valid Length of GTIN number.run(Verify Valid Length of GTIN number:34)
	at com.kms.katalon.core.main.ScriptEngine.run(ScriptEngine.java:194)
	at com.kms.katalon.core.main.ScriptEngine.runScriptAsRawText(ScriptEngine.java:119)
	at com.kms.katalon.core.main.TestCaseExecutor.runScript(TestCaseExecutor.java:328)
	at com.kms.katalon.core.main.TestCaseExecutor.doExecute(TestCaseExecutor.java:319)
	at com.kms.katalon.core.main.TestCaseExecutor.processExecutionPhase(TestCaseExecutor.java:298)
	at com.kms.katalon.core.main.TestCaseExecutor.accessMainPhase(TestCaseExecutor.java:290)
	at com.kms.katalon.core.main.TestCaseExecutor.execute(TestCaseExecutor.java:224)
	at com.kms.katalon.core.main.TestSuiteExecutor.accessTestCaseMainPhase(TestSuiteExecutor.java:129)
	at com.kms.katalon.core.main.TestSuiteExecutor.accessTestSuiteMainPhase(TestSuiteExecutor.java:112)
	at com.kms.katalon.core.main.TestSuiteExecutor.execute(TestSuiteExecutor.java:81)
	at com.kms.katalon.core.main.TestCaseMain.startTestSuite(TestCaseMain.java:149)
	at com.kms.katalon.core.main.TestCaseMain$startTestSuite$0.call(Unknown Source)
	at TempTestSuite1549535635462.run(TempTestSuite1549535635462.groovy:36)
"/>
         <system-out><![CDATA[2019-02-07 16:07:59 - [TEST_CASE][FAILED] - Test Cases/GCLD-9/Verify Valid Length of GTIN number: Test Cases/GCLD-9/Verify Valid Length of GTIN number FAILED.
Reason:
com.kms.katalon.core.exception.StepFailedException: Unable to set text '1123456789' of object 'Object Repository/Page_GS1 Cloud BETA - Check/input_Global Trade Item Number' (Root cause: com.kms.katalon.core.webui.exception.WebElementNotFoundException: Web element with id: 'Object Repository/Page_GS1 Cloud BETA - Check/input_Global Trade Item Number' located by 'By.xpath: //input[@id='itemNumber']' not found)
	at com.kms.katalon.core.keyword.internal.KeywordMain.stepFailed(KeywordMain.groovy:36)
	at com.kms.katalon.core.webui.keyword.internal.WebUIKeywordMain.stepFailed(WebUIKeywordMain.groovy:65)
	at com.kms.katalon.core.webui.keyword.internal.WebUIKeywordMain.runKeyword(WebUIKeywordMain.groovy:27)
	at com.kms.katalon.core.webui.keyword.builtin.SetTextKeyword.setText(SetTextKeyword.groovy:65)
	at com.kms.katalon.core.webui.keyword.builtin.SetTextKeyword.execute(SetTextKeyword.groovy:37)
	at com.kms.katalon.core.keyword.internal.KeywordExecutor.executeKeywordForPlatform(KeywordExecutor.groovy:53)
	at com.kms.katalon.core.webui.keyword.WebUiBuiltInKeywords.setText(WebUiBuiltInKeywords.groovy:950)
	at com.kms.katalon.core.webui.keyword.WebUiBuiltInKeywords$setText$1.call(Unknown Source)
	at Verify Valid Length of GTIN number.run(Verify Valid Length of GTIN number:34)
	at com.kms.katalon.core.main.ScriptEngine.run(ScriptEngine.java:194)
	at com.kms.katalon.core.main.ScriptEngine.runScriptAsRawText(ScriptEngine.java:119)
	at com.kms.katalon.core.main.TestCaseExecutor.runScript(TestCaseExecutor.java:328)
	at com.kms.katalon.core.main.TestCaseExecutor.doExecute(TestCaseExecutor.java:319)
	at com.kms.katalon.core.main.TestCaseExecutor.processExecutionPhase(TestCaseExecutor.java:298)
	at com.kms.katalon.core.main.TestCaseExecutor.accessMainPhase(TestCaseExecutor.java:290)
	at com.kms.katalon.core.main.TestCaseExecutor.execute(TestCaseExecutor.java:224)
	at com.kms.katalon.core.main.TestSuiteExecutor.accessTestCaseMainPhase(TestSuiteExecutor.java:129)
	at com.kms.katalon.core.main.TestSuiteExecutor.accessTestSuiteMainPhase(TestSuiteExecutor.java:112)
	at com.kms.katalon.core.main.TestSuiteExecutor.execute(TestSuiteExecutor.java:81)
	at com.kms.katalon.core.main.TestCaseMain.startTestSuite(TestCaseMain.java:149)
	at com.kms.katalon.core.main.TestCaseMain$startTestSuite$0.call(Unknown Source)
	at TempTestSuite1549535635462.run(TempTestSuite1549535635462.groovy:36)


2019-02-07 16:07:59 - [TEST_STEP][PASSED] - openBrowser("https://cloud.test.gs1.org/gs1-portal"): Browser is opened with url: 'https://cloud.test.gs1.org/gs1-portal'

2019-02-07 16:07:59 - [MESSAGE][WARNING] - A browser is already opened. Closing browser and opening a new one

2019-02-07 16:07:59 - [MESSAGE][INFO] - Starting 'Chrome' driver

2019-02-07 16:08:06 - [MESSAGE][PASSED] - Browser is opened with url: 'https://cloud.test.gs1.org/gs1-portal'

2019-02-07 16:08:06 - [TEST_STEP][PASSED] - navigateToUrl("https://gs1-sso-customsts.azurewebsites.net/Account/LoginSelector"): Navigate to 'https://gs1-sso-customsts.azurewebsites.net/Account/LoginSelector' successfully

2019-02-07 16:08:07 - [MESSAGE][PASSED] - Navigate to 'https://gs1-sso-customsts.azurewebsites.net/Account/LoginSelector' successfully

2019-02-07 16:08:07 - [TEST_STEP][PASSED] - setText(findTestObject("Object Repository/Page_Sign in - GS1 STS Server/input_E-mail_Email"), email): Text 'GS1CloudTest@gs1.org' is set on object 'Object Repository/Page_Sign in - GS1 STS Server/input_E-mail_Email'

2019-02-07 16:08:07 - [MESSAGE][PASSED] - Text 'GS1CloudTest@gs1.org' is set on object 'Object Repository/Page_Sign in - GS1 STS Server/input_E-mail_Email'

2019-02-07 16:08:07 - [TEST_STEP][PASSED] - Thread.sleep(1000): null

2019-02-07 16:08:08 - [TEST_STEP][PASSED] - setText(findTestObject("Object Repository/Page_Sign in - GS1 STS Server/input_Password_Password"), password): Text 'Fvrt7564' is set on object 'Object Repository/Page_Sign in - GS1 STS Server/input_Password_Password'

2019-02-07 16:08:08 - [MESSAGE][PASSED] - Text 'Fvrt7564' is set on object 'Object Repository/Page_Sign in - GS1 STS Server/input_Password_Password'

2019-02-07 16:08:08 - [TEST_STEP][PASSED] - click(findTestObject("Object Repository/Page_Sign in - GS1 STS Server/input_Password_btn btn-default")): Object: 'Object Repository/Page_Sign in - GS1 STS Server/input_Password_btn btn-default' is clicked on

2019-02-07 16:08:16 - [MESSAGE][PASSED] - Object: 'Object Repository/Page_Sign in - GS1 STS Server/input_Password_btn btn-default' is clicked on

2019-02-07 16:08:16 - [TEST_STEP][PASSED] - click(findTestObject("Object Repository/Page_GS1 Cloud BETA - Home/a_Services")): Object: 'Object Repository/Page_GS1 Cloud BETA - Home/a_Services' is clicked on

2019-02-07 16:08:16 - [MESSAGE][PASSED] - Object: 'Object Repository/Page_GS1 Cloud BETA - Home/a_Services' is clicked on

2019-02-07 16:08:16 - [TEST_STEP][PASSED] - Thread.sleep(1000): null

2019-02-07 16:08:17 - [TEST_STEP][PASSED] - click(findTestObject("Object Repository/Page_GS1 Cloud BETA - Services/a_Check")): Object: 'Object Repository/Page_GS1 Cloud BETA - Services/a_Check' is clicked on

2019-02-07 16:08:17 - [MESSAGE][PASSED] - Object: 'Object Repository/Page_GS1 Cloud BETA - Services/a_Check' is clicked on

2019-02-07 16:08:17 - [TEST_STEP][FAILED] - setText(findTestObject("Object Repository/Page_GS1 Cloud BETA - Check/input_Global Trade Item Number"), Checkgtinlength): setText(findTestObject("Object Repository/Page_GS1 Cloud BETA - Check/input_Global Trade Item Number"), Checkgtinlength) FAILED.
Reason:
com.kms.katalon.core.exception.StepFailedException: Unable to set text '1123456789' of object 'Object Repository/Page_GS1 Cloud BETA - Check/input_Global Trade Item Number' (Root cause: com.kms.katalon.core.webui.exception.WebElementNotFoundException: Web element with id: 'Object Repository/Page_GS1 Cloud BETA - Check/input_Global Trade Item Number' located by 'By.xpath: //input[@id='itemNumber']' not found)
	at com.kms.katalon.core.keyword.internal.KeywordMain.stepFailed(KeywordMain.groovy:36)
	at com.kms.katalon.core.webui.keyword.internal.WebUIKeywordMain.stepFailed(WebUIKeywordMain.groovy:65)
	at com.kms.katalon.core.webui.keyword.internal.WebUIKeywordMain.runKeyword(WebUIKeywordMain.groovy:27)
	at com.kms.katalon.core.webui.keyword.builtin.SetTextKeyword.setText(SetTextKeyword.groovy:65)
	at com.kms.katalon.core.webui.keyword.builtin.SetTextKeyword.execute(SetTextKeyword.groovy:37)
	at com.kms.katalon.core.keyword.internal.KeywordExecutor.executeKeywordForPlatform(KeywordExecutor.groovy:53)
	at com.kms.katalon.core.webui.keyword.WebUiBuiltInKeywords.setText(WebUiBuiltInKeywords.groovy:950)
	at com.kms.katalon.core.webui.keyword.WebUiBuiltInKeywords$setText$1.call(Unknown Source)
	at Verify Valid Length of GTIN number.run(Verify Valid Length of GTIN number:34)
	at com.kms.katalon.core.main.ScriptEngine.run(ScriptEngine.java:194)
	at com.kms.katalon.core.main.ScriptEngine.runScriptAsRawText(ScriptEngine.java:119)
	at com.kms.katalon.core.main.TestCaseExecutor.runScript(TestCaseExecutor.java:328)
	at com.kms.katalon.core.main.TestCaseExecutor.doExecute(TestCaseExecutor.java:319)
	at com.kms.katalon.core.main.TestCaseExecutor.processExecutionPhase(TestCaseExecutor.java:298)
	at com.kms.katalon.core.main.TestCaseExecutor.accessMainPhase(TestCaseExecutor.java:290)
	at com.kms.katalon.core.main.TestCaseExecutor.execute(TestCaseExecutor.java:224)
	at com.kms.katalon.core.main.TestSuiteExecutor.accessTestCaseMainPhase(TestSuiteExecutor.java:129)
	at com.kms.katalon.core.main.TestSuiteExecutor.accessTestSuiteMainPhase(TestSuiteExecutor.java:112)
	at com.kms.katalon.core.main.TestSuiteExecutor.execute(TestSuiteExecutor.java:81)
	at com.kms.katalon.core.main.TestCaseMain.startTestSuite(TestCaseMain.java:149)
	at com.kms.katalon.core.main.TestCaseMain$startTestSuite$0.call(Unknown Source)
	at TempTestSuite1549535635462.run(TempTestSuite1549535635462.groovy:36)


2019-02-07 16:08:48 - [MESSAGE][INFO] - Unable to find the element located by 'By.xpath: //input[@id='itemNumber']'. Please recheck the objects properties to make sure the desired element is located. 

2019-02-07 16:08:49 - [MESSAGE][FAILED] - Unable to set text '1123456789' of object 'Object Repository/Page_GS1 Cloud BETA - Check/input_Global Trade Item Number' (Root cause: com.kms.katalon.core.webui.exception.WebElementNotFoundException: Web element with id: 'Object Repository/Page_GS1 Cloud BETA - Check/input_Global Trade Item Number' located by 'By.xpath: //input[@id='itemNumber']' not found)
[[ATTACHMENT|/Users/satwik_df_gs1/Katalon Studio/GS1-Check/Reports/GCLD-9/GCLD-9/20190207_160345/1549535928695.png]]

2019-02-07 16:08:49 - [MESSAGE][FAILED] - setText(findTestObject("Object Repository/Page_GS1 Cloud BETA - Check/input_Global Trade Item Number"), Checkgtinlength) FAILED.
Reason:
com.kms.katalon.core.exception.StepFailedException: Unable to set text '1123456789' of object 'Object Repository/Page_GS1 Cloud BETA - Check/input_Global Trade Item Number' (Root cause: com.kms.katalon.core.webui.exception.WebElementNotFoundException: Web element with id: 'Object Repository/Page_GS1 Cloud BETA - Check/input_Global Trade Item Number' located by 'By.xpath: //input[@id='itemNumber']' not found)
	at com.kms.katalon.core.keyword.internal.KeywordMain.stepFailed(KeywordMain.groovy:36)
	at com.kms.katalon.core.webui.keyword.internal.WebUIKeywordMain.stepFailed(WebUIKeywordMain.groovy:65)
	at com.kms.katalon.core.webui.keyword.internal.WebUIKeywordMain.runKeyword(WebUIKeywordMain.groovy:27)
	at com.kms.katalon.core.webui.keyword.builtin.SetTextKeyword.setText(SetTextKeyword.groovy:65)
	at com.kms.katalon.core.webui.keyword.builtin.SetTextKeyword.execute(SetTextKeyword.groovy:37)
	at com.kms.katalon.core.keyword.internal.KeywordExecutor.executeKeywordForPlatform(KeywordExecutor.groovy:53)
	at com.kms.katalon.core.webui.keyword.WebUiBuiltInKeywords.setText(WebUiBuiltInKeywords.groovy:950)
	at com.kms.katalon.core.webui.keyword.WebUiBuiltInKeywords$setText$1.call(Unknown Source)
	at Verify Valid Length of GTIN number.run(Verify Valid Length of GTIN number:34)
	at com.kms.katalon.core.main.ScriptEngine.run(ScriptEngine.java:194)
	at com.kms.katalon.core.main.ScriptEngine.runScriptAsRawText(ScriptEngine.java:119)
	at com.kms.katalon.core.main.TestCaseExecutor.runScript(TestCaseExecutor.java:328)
	at com.kms.katalon.core.main.TestCaseExecutor.doExecute(TestCaseExecutor.java:319)
	at com.kms.katalon.core.main.TestCaseExecutor.processExecutionPhase(TestCaseExecutor.java:298)
	at com.kms.katalon.core.main.TestCaseExecutor.accessMainPhase(TestCaseExecutor.java:290)
	at com.kms.katalon.core.main.TestCaseExecutor.execute(TestCaseExecutor.java:224)
	at com.kms.katalon.core.main.TestSuiteExecutor.accessTestCaseMainPhase(TestSuiteExecutor.java:129)
	at com.kms.katalon.core.main.TestSuiteExecutor.accessTestSuiteMainPhase(TestSuiteExecutor.java:112)
	at com.kms.katalon.core.main.TestSuiteExecutor.execute(TestSuiteExecutor.java:81)
	at com.kms.katalon.core.main.TestCaseMain.startTestSuite(TestCaseMain.java:149)
	at com.kms.katalon.core.main.TestCaseMain$startTestSuite$0.call(Unknown Source)
	at TempTestSuite1549535635462.run(TempTestSuite1549535635462.groovy:36)]]></system-out>
         <system-err><![CDATA[2019-02-07 16:07:59 - [TEST_CASE][FAILED] - Test Cases/GCLD-9/Verify Valid Length of GTIN number: Test Cases/GCLD-9/Verify Valid Length of GTIN number FAILED.
Reason:
com.kms.katalon.core.exception.StepFailedException: Unable to set text '1123456789' of object 'Object Repository/Page_GS1 Cloud BETA - Check/input_Global Trade Item Number' (Root cause: com.kms.katalon.core.webui.exception.WebElementNotFoundException: Web element with id: 'Object Repository/Page_GS1 Cloud BETA - Check/input_Global Trade Item Number' located by 'By.xpath: //input[@id='itemNumber']' not found)
	at com.kms.katalon.core.keyword.internal.KeywordMain.stepFailed(KeywordMain.groovy:36)
	at com.kms.katalon.core.webui.keyword.internal.WebUIKeywordMain.stepFailed(WebUIKeywordMain.groovy:65)
	at com.kms.katalon.core.webui.keyword.internal.WebUIKeywordMain.runKeyword(WebUIKeywordMain.groovy:27)
	at com.kms.katalon.core.webui.keyword.builtin.SetTextKeyword.setText(SetTextKeyword.groovy:65)
	at com.kms.katalon.core.webui.keyword.builtin.SetTextKeyword.execute(SetTextKeyword.groovy:37)
	at com.kms.katalon.core.keyword.internal.KeywordExecutor.executeKeywordForPlatform(KeywordExecutor.groovy:53)
	at com.kms.katalon.core.webui.keyword.WebUiBuiltInKeywords.setText(WebUiBuiltInKeywords.groovy:950)
	at com.kms.katalon.core.webui.keyword.WebUiBuiltInKeywords$setText$1.call(Unknown Source)
	at Verify Valid Length of GTIN number.run(Verify Valid Length of GTIN number:34)
	at com.kms.katalon.core.main.ScriptEngine.run(ScriptEngine.java:194)
	at com.kms.katalon.core.main.ScriptEngine.runScriptAsRawText(ScriptEngine.java:119)
	at com.kms.katalon.core.main.TestCaseExecutor.runScript(TestCaseExecutor.java:328)
	at com.kms.katalon.core.main.TestCaseExecutor.doExecute(TestCaseExecutor.java:319)
	at com.kms.katalon.core.main.TestCaseExecutor.processExecutionPhase(TestCaseExecutor.java:298)
	at com.kms.katalon.core.main.TestCaseExecutor.accessMainPhase(TestCaseExecutor.java:290)
	at com.kms.katalon.core.main.TestCaseExecutor.execute(TestCaseExecutor.java:224)
	at com.kms.katalon.core.main.TestSuiteExecutor.accessTestCaseMainPhase(TestSuiteExecutor.java:129)
	at com.kms.katalon.core.main.TestSuiteExecutor.accessTestSuiteMainPhase(TestSuiteExecutor.java:112)
	at com.kms.katalon.core.main.TestSuiteExecutor.execute(TestSuiteExecutor.java:81)
	at com.kms.katalon.core.main.TestCaseMain.startTestSuite(TestCaseMain.java:149)
	at com.kms.katalon.core.main.TestCaseMain$startTestSuite$0.call(Unknown Source)
	at TempTestSuite1549535635462.run(TempTestSuite1549535635462.groovy:36)]]></system-err>
      </testcase>
      <testcase name="Test Cases/GCLD-9/Verify Valid Length of GTIN number" classname="Test Cases/GCLD-9/Verify Valid Length of GTIN number" status="PASSED">
         <system-out><![CDATA[2019-02-07 16:08:49 - [TEST_CASE][PASSED] - Test Cases/GCLD-9/Verify Valid Length of GTIN number: Test Cases/GCLD-9/Verify Valid Length of GTIN number

2019-02-07 16:08:49 - [TEST_STEP][PASSED] - openBrowser("https://cloud.test.gs1.org/gs1-portal"): Browser is opened with url: 'https://cloud.test.gs1.org/gs1-portal'

2019-02-07 16:08:49 - [MESSAGE][WARNING] - A browser is already opened. Closing browser and opening a new one

2019-02-07 16:08:49 - [MESSAGE][INFO] - Starting 'Chrome' driver

2019-02-07 16:08:55 - [MESSAGE][PASSED] - Browser is opened with url: 'https://cloud.test.gs1.org/gs1-portal'

2019-02-07 16:08:55 - [TEST_STEP][PASSED] - navigateToUrl("https://gs1-sso-customsts.azurewebsites.net/Account/LoginSelector"): Navigate to 'https://gs1-sso-customsts.azurewebsites.net/Account/LoginSelector' successfully

2019-02-07 16:08:55 - [MESSAGE][PASSED] - Navigate to 'https://gs1-sso-customsts.azurewebsites.net/Account/LoginSelector' successfully

2019-02-07 16:08:55 - [TEST_STEP][PASSED] - setText(findTestObject("Object Repository/Page_Sign in - GS1 STS Server/input_E-mail_Email"), email): Text 'GS1CloudTest@gs1.org' is set on object 'Object Repository/Page_Sign in - GS1 STS Server/input_E-mail_Email'

2019-02-07 16:08:55 - [MESSAGE][PASSED] - Text 'GS1CloudTest@gs1.org' is set on object 'Object Repository/Page_Sign in - GS1 STS Server/input_E-mail_Email'

2019-02-07 16:08:55 - [TEST_STEP][PASSED] - Thread.sleep(1000): null

2019-02-07 16:08:56 - [TEST_STEP][PASSED] - setText(findTestObject("Object Repository/Page_Sign in - GS1 STS Server/input_Password_Password"), password): Text 'Fvrt7564' is set on object 'Object Repository/Page_Sign in - GS1 STS Server/input_Password_Password'

2019-02-07 16:08:56 - [MESSAGE][PASSED] - Text 'Fvrt7564' is set on object 'Object Repository/Page_Sign in - GS1 STS Server/input_Password_Password'

2019-02-07 16:08:56 - [TEST_STEP][PASSED] - click(findTestObject("Object Repository/Page_Sign in - GS1 STS Server/input_Password_btn btn-default")): Object: 'Object Repository/Page_Sign in - GS1 STS Server/input_Password_btn btn-default' is clicked on

2019-02-07 16:09:07 - [MESSAGE][PASSED] - Object: 'Object Repository/Page_Sign in - GS1 STS Server/input_Password_btn btn-default' is clicked on

2019-02-07 16:09:07 - [TEST_STEP][PASSED] - click(findTestObject("Object Repository/Page_GS1 Cloud BETA - Home/a_Services")): Object: 'Object Repository/Page_GS1 Cloud BETA - Home/a_Services' is clicked on

2019-02-07 16:09:07 - [MESSAGE][PASSED] - Object: 'Object Repository/Page_GS1 Cloud BETA - Home/a_Services' is clicked on

2019-02-07 16:09:07 - [TEST_STEP][PASSED] - Thread.sleep(1000): null

2019-02-07 16:09:08 - [TEST_STEP][PASSED] - click(findTestObject("Object Repository/Page_GS1 Cloud BETA - Services/a_Check")): Object: 'Object Repository/Page_GS1 Cloud BETA - Services/a_Check' is clicked on

2019-02-07 16:09:09 - [MESSAGE][PASSED] - Object: 'Object Repository/Page_GS1 Cloud BETA - Services/a_Check' is clicked on

2019-02-07 16:09:09 - [TEST_STEP][PASSED] - setText(findTestObject("Object Repository/Page_GS1 Cloud BETA - Check/input_Global Trade Item Number"), Checkgtinlength): Text '11123456789' is set on object 'Object Repository/Page_GS1 Cloud BETA - Check/input_Global Trade Item Number'

2019-02-07 16:09:12 - [MESSAGE][PASSED] - Text '11123456789' is set on object 'Object Repository/Page_GS1 Cloud BETA - Check/input_Global Trade Item Number'

2019-02-07 16:09:12 - [TEST_STEP][PASSED] - click(findTestObject("Object Repository/Page_GS1 Cloud BETA - Check/button_Search")): Object: 'Object Repository/Page_GS1 Cloud BETA - Check/button_Search' is clicked on

2019-02-07 16:09:18 - [MESSAGE][PASSED] - Object: 'Object Repository/Page_GS1 Cloud BETA - Check/button_Search' is clicked on

2019-02-07 16:09:18 - [TEST_STEP][PASSED] - verifyTextPresent(validation, false): Text 'Integrity failed: Incorrect check digit.' is present on page 

2019-02-07 16:09:18 - [MESSAGE][PASSED] - Text 'Integrity failed: Incorrect check digit.' is present on page]]></system-out>
         <system-err><![CDATA[]]></system-err>
      </testcase>
      <testcase name="Test Cases/GCLD-9/Verify Valid Length of GTIN number" classname="Test Cases/GCLD-9/Verify Valid Length of GTIN number" status="PASSED">
         <system-out><![CDATA[2019-02-07 16:09:18 - [TEST_CASE][PASSED] - Test Cases/GCLD-9/Verify Valid Length of GTIN number: Test Cases/GCLD-9/Verify Valid Length of GTIN number

2019-02-07 16:09:18 - [TEST_STEP][PASSED] - openBrowser("https://cloud.test.gs1.org/gs1-portal"): Browser is opened with url: 'https://cloud.test.gs1.org/gs1-portal'

2019-02-07 16:09:18 - [MESSAGE][WARNING] - A browser is already opened. Closing browser and opening a new one

2019-02-07 16:09:18 - [MESSAGE][INFO] - Starting 'Chrome' driver

2019-02-07 16:09:24 - [MESSAGE][PASSED] - Browser is opened with url: 'https://cloud.test.gs1.org/gs1-portal'

2019-02-07 16:09:24 - [TEST_STEP][PASSED] - navigateToUrl("https://gs1-sso-customsts.azurewebsites.net/Account/LoginSelector"): Navigate to 'https://gs1-sso-customsts.azurewebsites.net/Account/LoginSelector' successfully

2019-02-07 16:09:24 - [MESSAGE][PASSED] - Navigate to 'https://gs1-sso-customsts.azurewebsites.net/Account/LoginSelector' successfully

2019-02-07 16:09:24 - [TEST_STEP][PASSED] - setText(findTestObject("Object Repository/Page_Sign in - GS1 STS Server/input_E-mail_Email"), email): Text 'GS1CloudTest@gs1.org' is set on object 'Object Repository/Page_Sign in - GS1 STS Server/input_E-mail_Email'

2019-02-07 16:09:24 - [MESSAGE][PASSED] - Text 'GS1CloudTest@gs1.org' is set on object 'Object Repository/Page_Sign in - GS1 STS Server/input_E-mail_Email'

2019-02-07 16:09:24 - [TEST_STEP][PASSED] - Thread.sleep(1000): null

2019-02-07 16:09:25 - [TEST_STEP][PASSED] - setText(findTestObject("Object Repository/Page_Sign in - GS1 STS Server/input_Password_Password"), password): Text 'Fvrt7564' is set on object 'Object Repository/Page_Sign in - GS1 STS Server/input_Password_Password'

2019-02-07 16:09:25 - [MESSAGE][PASSED] - Text 'Fvrt7564' is set on object 'Object Repository/Page_Sign in - GS1 STS Server/input_Password_Password'

2019-02-07 16:09:25 - [TEST_STEP][PASSED] - click(findTestObject("Object Repository/Page_Sign in - GS1 STS Server/input_Password_btn btn-default")): Object: 'Object Repository/Page_Sign in - GS1 STS Server/input_Password_btn btn-default' is clicked on

2019-02-07 16:09:34 - [MESSAGE][PASSED] - Object: 'Object Repository/Page_Sign in - GS1 STS Server/input_Password_btn btn-default' is clicked on

2019-02-07 16:09:34 - [TEST_STEP][PASSED] - click(findTestObject("Object Repository/Page_GS1 Cloud BETA - Home/a_Services")): Object: 'Object Repository/Page_GS1 Cloud BETA - Home/a_Services' is clicked on

2019-02-07 16:09:34 - [MESSAGE][PASSED] - Object: 'Object Repository/Page_GS1 Cloud BETA - Home/a_Services' is clicked on

2019-02-07 16:09:34 - [TEST_STEP][PASSED] - Thread.sleep(1000): null

2019-02-07 16:09:35 - [TEST_STEP][PASSED] - click(findTestObject("Object Repository/Page_GS1 Cloud BETA - Services/a_Check")): Object: 'Object Repository/Page_GS1 Cloud BETA - Services/a_Check' is clicked on

2019-02-07 16:09:36 - [MESSAGE][PASSED] - Object: 'Object Repository/Page_GS1 Cloud BETA - Services/a_Check' is clicked on

2019-02-07 16:09:36 - [TEST_STEP][PASSED] - setText(findTestObject("Object Repository/Page_GS1 Cloud BETA - Check/input_Global Trade Item Number"), Checkgtinlength): Text '111123456789' is set on object 'Object Repository/Page_GS1 Cloud BETA - Check/input_Global Trade Item Number'

2019-02-07 16:09:39 - [MESSAGE][PASSED] - Text '111123456789' is set on object 'Object Repository/Page_GS1 Cloud BETA - Check/input_Global Trade Item Number'

2019-02-07 16:09:39 - [TEST_STEP][PASSED] - click(findTestObject("Object Repository/Page_GS1 Cloud BETA - Check/button_Search")): Object: 'Object Repository/Page_GS1 Cloud BETA - Check/button_Search' is clicked on

2019-02-07 16:09:41 - [MESSAGE][PASSED] - Object: 'Object Repository/Page_GS1 Cloud BETA - Check/button_Search' is clicked on

2019-02-07 16:09:41 - [TEST_STEP][PASSED] - verifyTextPresent(validation, false): Text 'Integrity failed: Incorrect check digit.' is present on page 

2019-02-07 16:09:41 - [MESSAGE][PASSED] - Text 'Integrity failed: Incorrect check digit.' is present on page]]></system-out>
         <system-err><![CDATA[]]></system-err>
      </testcase>
      <testcase name="Test Cases/GCLD-9/Verify Valid Length of GTIN number" classname="Test Cases/GCLD-9/Verify Valid Length of GTIN number" status="PASSED">
         <system-out><![CDATA[2019-02-07 16:09:41 - [TEST_CASE][PASSED] - Test Cases/GCLD-9/Verify Valid Length of GTIN number: Test Cases/GCLD-9/Verify Valid Length of GTIN number

2019-02-07 16:09:41 - [TEST_STEP][PASSED] - openBrowser("https://cloud.test.gs1.org/gs1-portal"): Browser is opened with url: 'https://cloud.test.gs1.org/gs1-portal'

2019-02-07 16:09:41 - [MESSAGE][WARNING] - A browser is already opened. Closing browser and opening a new one

2019-02-07 16:09:41 - [MESSAGE][INFO] - Starting 'Chrome' driver

2019-02-07 16:09:46 - [MESSAGE][PASSED] - Browser is opened with url: 'https://cloud.test.gs1.org/gs1-portal'

2019-02-07 16:09:46 - [TEST_STEP][PASSED] - navigateToUrl("https://gs1-sso-customsts.azurewebsites.net/Account/LoginSelector"): Navigate to 'https://gs1-sso-customsts.azurewebsites.net/Account/LoginSelector' successfully

2019-02-07 16:09:47 - [MESSAGE][PASSED] - Navigate to 'https://gs1-sso-customsts.azurewebsites.net/Account/LoginSelector' successfully

2019-02-07 16:09:47 - [TEST_STEP][PASSED] - setText(findTestObject("Object Repository/Page_Sign in - GS1 STS Server/input_E-mail_Email"), email): Text 'GS1CloudTest@gs1.org' is set on object 'Object Repository/Page_Sign in - GS1 STS Server/input_E-mail_Email'

2019-02-07 16:09:47 - [MESSAGE][PASSED] - Text 'GS1CloudTest@gs1.org' is set on object 'Object Repository/Page_Sign in - GS1 STS Server/input_E-mail_Email'

2019-02-07 16:09:47 - [TEST_STEP][PASSED] - Thread.sleep(1000): null

2019-02-07 16:09:48 - [TEST_STEP][PASSED] - setText(findTestObject("Object Repository/Page_Sign in - GS1 STS Server/input_Password_Password"), password): Text 'Fvrt7564' is set on object 'Object Repository/Page_Sign in - GS1 STS Server/input_Password_Password'

2019-02-07 16:09:48 - [MESSAGE][PASSED] - Text 'Fvrt7564' is set on object 'Object Repository/Page_Sign in - GS1 STS Server/input_Password_Password'

2019-02-07 16:09:48 - [TEST_STEP][PASSED] - click(findTestObject("Object Repository/Page_Sign in - GS1 STS Server/input_Password_btn btn-default")): Object: 'Object Repository/Page_Sign in - GS1 STS Server/input_Password_btn btn-default' is clicked on

2019-02-07 16:09:56 - [MESSAGE][PASSED] - Object: 'Object Repository/Page_Sign in - GS1 STS Server/input_Password_btn btn-default' is clicked on

2019-02-07 16:09:56 - [TEST_STEP][PASSED] - click(findTestObject("Object Repository/Page_GS1 Cloud BETA - Home/a_Services")): Object: 'Object Repository/Page_GS1 Cloud BETA - Home/a_Services' is clicked on

2019-02-07 16:09:56 - [MESSAGE][PASSED] - Object: 'Object Repository/Page_GS1 Cloud BETA - Home/a_Services' is clicked on

2019-02-07 16:09:56 - [TEST_STEP][PASSED] - Thread.sleep(1000): null

2019-02-07 16:09:57 - [TEST_STEP][PASSED] - click(findTestObject("Object Repository/Page_GS1 Cloud BETA - Services/a_Check")): Object: 'Object Repository/Page_GS1 Cloud BETA - Services/a_Check' is clicked on

2019-02-07 16:09:58 - [MESSAGE][PASSED] - Object: 'Object Repository/Page_GS1 Cloud BETA - Services/a_Check' is clicked on

2019-02-07 16:09:58 - [TEST_STEP][PASSED] - setText(findTestObject("Object Repository/Page_GS1 Cloud BETA - Check/input_Global Trade Item Number"), Checkgtinlength): Text '1111123456789' is set on object 'Object Repository/Page_GS1 Cloud BETA - Check/input_Global Trade Item Number'

2019-02-07 16:10:01 - [MESSAGE][PASSED] - Text '1111123456789' is set on object 'Object Repository/Page_GS1 Cloud BETA - Check/input_Global Trade Item Number'

2019-02-07 16:10:01 - [TEST_STEP][PASSED] - click(findTestObject("Object Repository/Page_GS1 Cloud BETA - Check/button_Search")): Object: 'Object Repository/Page_GS1 Cloud BETA - Check/button_Search' is clicked on

2019-02-07 16:10:03 - [MESSAGE][PASSED] - Object: 'Object Repository/Page_GS1 Cloud BETA - Check/button_Search' is clicked on

2019-02-07 16:10:03 - [TEST_STEP][PASSED] - verifyTextPresent(validation, false): Text 'Integrity failed: Incorrect check digit.' is present on page 

2019-02-07 16:10:03 - [MESSAGE][PASSED] - Text 'Integrity failed: Incorrect check digit.' is present on page]]></system-out>
         <system-err><![CDATA[]]></system-err>
      </testcase>
      <testcase name="Test Cases/GCLD-9/Verify Valid Length of GTIN number" classname="Test Cases/GCLD-9/Verify Valid Length of GTIN number" status="PASSED">
         <system-out><![CDATA[2019-02-07 16:10:03 - [TEST_CASE][PASSED] - Test Cases/GCLD-9/Verify Valid Length of GTIN number: Test Cases/GCLD-9/Verify Valid Length of GTIN number

2019-02-07 16:10:03 - [TEST_STEP][PASSED] - openBrowser("https://cloud.test.gs1.org/gs1-portal"): Browser is opened with url: 'https://cloud.test.gs1.org/gs1-portal'

2019-02-07 16:10:03 - [MESSAGE][WARNING] - A browser is already opened. Closing browser and opening a new one

2019-02-07 16:10:03 - [MESSAGE][INFO] - Starting 'Chrome' driver

2019-02-07 16:10:08 - [MESSAGE][PASSED] - Browser is opened with url: 'https://cloud.test.gs1.org/gs1-portal'

2019-02-07 16:10:08 - [TEST_STEP][PASSED] - navigateToUrl("https://gs1-sso-customsts.azurewebsites.net/Account/LoginSelector"): Navigate to 'https://gs1-sso-customsts.azurewebsites.net/Account/LoginSelector' successfully

2019-02-07 16:10:08 - [MESSAGE][PASSED] - Navigate to 'https://gs1-sso-customsts.azurewebsites.net/Account/LoginSelector' successfully

2019-02-07 16:10:08 - [TEST_STEP][PASSED] - setText(findTestObject("Object Repository/Page_Sign in - GS1 STS Server/input_E-mail_Email"), email): Text 'GS1CloudTest@gs1.org' is set on object 'Object Repository/Page_Sign in - GS1 STS Server/input_E-mail_Email'

2019-02-07 16:10:09 - [MESSAGE][PASSED] - Text 'GS1CloudTest@gs1.org' is set on object 'Object Repository/Page_Sign in - GS1 STS Server/input_E-mail_Email'

2019-02-07 16:10:09 - [TEST_STEP][PASSED] - Thread.sleep(1000): null

2019-02-07 16:10:10 - [TEST_STEP][PASSED] - setText(findTestObject("Object Repository/Page_Sign in - GS1 STS Server/input_Password_Password"), password): Text 'Fvrt7564' is set on object 'Object Repository/Page_Sign in - GS1 STS Server/input_Password_Password'

2019-02-07 16:10:10 - [MESSAGE][PASSED] - Text 'Fvrt7564' is set on object 'Object Repository/Page_Sign in - GS1 STS Server/input_Password_Password'

2019-02-07 16:10:10 - [TEST_STEP][PASSED] - click(findTestObject("Object Repository/Page_Sign in - GS1 STS Server/input_Password_btn btn-default")): Object: 'Object Repository/Page_Sign in - GS1 STS Server/input_Password_btn btn-default' is clicked on

2019-02-07 16:10:19 - [MESSAGE][PASSED] - Object: 'Object Repository/Page_Sign in - GS1 STS Server/input_Password_btn btn-default' is clicked on

2019-02-07 16:10:19 - [TEST_STEP][PASSED] - click(findTestObject("Object Repository/Page_GS1 Cloud BETA - Home/a_Services")): Object: 'Object Repository/Page_GS1 Cloud BETA - Home/a_Services' is clicked on

2019-02-07 16:10:19 - [MESSAGE][PASSED] - Object: 'Object Repository/Page_GS1 Cloud BETA - Home/a_Services' is clicked on

2019-02-07 16:10:19 - [TEST_STEP][PASSED] - Thread.sleep(1000): null

2019-02-07 16:10:20 - [TEST_STEP][PASSED] - click(findTestObject("Object Repository/Page_GS1 Cloud BETA - Services/a_Check")): Object: 'Object Repository/Page_GS1 Cloud BETA - Services/a_Check' is clicked on

2019-02-07 16:10:21 - [MESSAGE][PASSED] - Object: 'Object Repository/Page_GS1 Cloud BETA - Services/a_Check' is clicked on

2019-02-07 16:10:21 - [TEST_STEP][PASSED] - setText(findTestObject("Object Repository/Page_GS1 Cloud BETA - Check/input_Global Trade Item Number"), Checkgtinlength): Text '11111123456789' is set on object 'Object Repository/Page_GS1 Cloud BETA - Check/input_Global Trade Item Number'

2019-02-07 16:10:23 - [MESSAGE][PASSED] - Text '11111123456789' is set on object 'Object Repository/Page_GS1 Cloud BETA - Check/input_Global Trade Item Number'

2019-02-07 16:10:23 - [TEST_STEP][PASSED] - click(findTestObject("Object Repository/Page_GS1 Cloud BETA - Check/button_Search")): Object: 'Object Repository/Page_GS1 Cloud BETA - Check/button_Search' is clicked on

2019-02-07 16:10:25 - [MESSAGE][PASSED] - Object: 'Object Repository/Page_GS1 Cloud BETA - Check/button_Search' is clicked on

2019-02-07 16:10:25 - [TEST_STEP][PASSED] - verifyTextPresent(validation, false): Text 'Integrity failed: Incorrect check digit.' is present on page 

2019-02-07 16:10:25 - [MESSAGE][PASSED] - Text 'Integrity failed: Incorrect check digit.' is present on page]]></system-out>
         <system-err><![CDATA[]]></system-err>
      </testcase>
      <testcase name="Test Cases/GCLD-9/Verify Valid Length of GTIN number" classname="Test Cases/GCLD-9/Verify Valid Length of GTIN number" status="FAILED">
         <failure type="FAILED" message="Test Cases/GCLD-9/Verify Valid Length of GTIN number FAILED.
Reason:
com.kms.katalon.core.exception.StepFailedException: Unable to verify text 'Global Trade Item Number is required.' is present  (Root cause: com.kms.katalon.core.exception.StepFailedException: Text 'Global Trade Item Number is required.' is not present on page )
	at com.kms.katalon.core.keyword.internal.KeywordMain.stepFailed(KeywordMain.groovy:36)
	at com.kms.katalon.core.webui.keyword.internal.WebUIKeywordMain.stepFailed(WebUIKeywordMain.groovy:65)
	at com.kms.katalon.core.webui.keyword.internal.WebUIKeywordMain.runKeyword(WebUIKeywordMain.groovy:27)
	at com.kms.katalon.core.webui.keyword.builtin.VerifyTextPresentKeyword.verifyTextPresent(VerifyTextPresentKeyword.groovy:83)
	at com.kms.katalon.core.webui.keyword.builtin.VerifyTextPresentKeyword.execute(VerifyTextPresentKeyword.groovy:68)
	at com.kms.katalon.core.keyword.internal.KeywordExecutor.executeKeywordForPlatform(KeywordExecutor.groovy:53)
	at com.kms.katalon.core.webui.keyword.WebUiBuiltInKeywords.verifyTextPresent(WebUiBuiltInKeywords.groovy:1693)
	at com.kms.katalon.core.webui.keyword.WebUiBuiltInKeywords$verifyTextPresent$3.call(Unknown Source)
	at Verify Valid Length of GTIN number.run(Verify Valid Length of GTIN number:40)
	at com.kms.katalon.core.main.ScriptEngine.run(ScriptEngine.java:194)
	at com.kms.katalon.core.main.ScriptEngine.runScriptAsRawText(ScriptEngine.java:119)
	at com.kms.katalon.core.main.TestCaseExecutor.runScript(TestCaseExecutor.java:328)
	at com.kms.katalon.core.main.TestCaseExecutor.doExecute(TestCaseExecutor.java:319)
	at com.kms.katalon.core.main.TestCaseExecutor.processExecutionPhase(TestCaseExecutor.java:298)
	at com.kms.katalon.core.main.TestCaseExecutor.accessMainPhase(TestCaseExecutor.java:290)
	at com.kms.katalon.core.main.TestCaseExecutor.execute(TestCaseExecutor.java:224)
	at com.kms.katalon.core.main.TestSuiteExecutor.accessTestCaseMainPhase(TestSuiteExecutor.java:129)
	at com.kms.katalon.core.main.TestSuiteExecutor.accessTestSuiteMainPhase(TestSuiteExecutor.java:112)
	at com.kms.katalon.core.main.TestSuiteExecutor.execute(TestSuiteExecutor.java:81)
	at com.kms.katalon.core.main.TestCaseMain.startTestSuite(TestCaseMain.java:149)
	at com.kms.katalon.core.main.TestCaseMain$startTestSuite$0.call(Unknown Source)
	at TempTestSuite1549535635462.run(TempTestSuite1549535635462.groovy:36)
"/>
         <system-out><![CDATA[2019-02-07 16:10:26 - [TEST_CASE][FAILED] - Test Cases/GCLD-9/Verify Valid Length of GTIN number: Test Cases/GCLD-9/Verify Valid Length of GTIN number FAILED.
Reason:
com.kms.katalon.core.exception.StepFailedException: Unable to verify text 'Global Trade Item Number is required.' is present  (Root cause: com.kms.katalon.core.exception.StepFailedException: Text 'Global Trade Item Number is required.' is not present on page )
	at com.kms.katalon.core.keyword.internal.KeywordMain.stepFailed(KeywordMain.groovy:36)
	at com.kms.katalon.core.webui.keyword.internal.WebUIKeywordMain.stepFailed(WebUIKeywordMain.groovy:65)
	at com.kms.katalon.core.webui.keyword.internal.WebUIKeywordMain.runKeyword(WebUIKeywordMain.groovy:27)
	at com.kms.katalon.core.webui.keyword.builtin.VerifyTextPresentKeyword.verifyTextPresent(VerifyTextPresentKeyword.groovy:83)
	at com.kms.katalon.core.webui.keyword.builtin.VerifyTextPresentKeyword.execute(VerifyTextPresentKeyword.groovy:68)
	at com.kms.katalon.core.keyword.internal.KeywordExecutor.executeKeywordForPlatform(KeywordExecutor.groovy:53)
	at com.kms.katalon.core.webui.keyword.WebUiBuiltInKeywords.verifyTextPresent(WebUiBuiltInKeywords.groovy:1693)
	at com.kms.katalon.core.webui.keyword.WebUiBuiltInKeywords$verifyTextPresent$3.call(Unknown Source)
	at Verify Valid Length of GTIN number.run(Verify Valid Length of GTIN number:40)
	at com.kms.katalon.core.main.ScriptEngine.run(ScriptEngine.java:194)
	at com.kms.katalon.core.main.ScriptEngine.runScriptAsRawText(ScriptEngine.java:119)
	at com.kms.katalon.core.main.TestCaseExecutor.runScript(TestCaseExecutor.java:328)
	at com.kms.katalon.core.main.TestCaseExecutor.doExecute(TestCaseExecutor.java:319)
	at com.kms.katalon.core.main.TestCaseExecutor.processExecutionPhase(TestCaseExecutor.java:298)
	at com.kms.katalon.core.main.TestCaseExecutor.accessMainPhase(TestCaseExecutor.java:290)
	at com.kms.katalon.core.main.TestCaseExecutor.execute(TestCaseExecutor.java:224)
	at com.kms.katalon.core.main.TestSuiteExecutor.accessTestCaseMainPhase(TestSuiteExecutor.java:129)
	at com.kms.katalon.core.main.TestSuiteExecutor.accessTestSuiteMainPhase(TestSuiteExecutor.java:112)
	at com.kms.katalon.core.main.TestSuiteExecutor.execute(TestSuiteExecutor.java:81)
	at com.kms.katalon.core.main.TestCaseMain.startTestSuite(TestCaseMain.java:149)
	at com.kms.katalon.core.main.TestCaseMain$startTestSuite$0.call(Unknown Source)
	at TempTestSuite1549535635462.run(TempTestSuite1549535635462.groovy:36)


2019-02-07 16:10:26 - [TEST_STEP][PASSED] - openBrowser("https://cloud.test.gs1.org/gs1-portal"): Browser is opened with url: 'https://cloud.test.gs1.org/gs1-portal'

2019-02-07 16:10:26 - [MESSAGE][WARNING] - A browser is already opened. Closing browser and opening a new one

2019-02-07 16:10:26 - [MESSAGE][INFO] - Starting 'Chrome' driver

2019-02-07 16:10:31 - [MESSAGE][PASSED] - Browser is opened with url: 'https://cloud.test.gs1.org/gs1-portal'

2019-02-07 16:10:31 - [TEST_STEP][PASSED] - navigateToUrl("https://gs1-sso-customsts.azurewebsites.net/Account/LoginSelector"): Navigate to 'https://gs1-sso-customsts.azurewebsites.net/Account/LoginSelector' successfully

2019-02-07 16:10:31 - [MESSAGE][PASSED] - Navigate to 'https://gs1-sso-customsts.azurewebsites.net/Account/LoginSelector' successfully

2019-02-07 16:10:31 - [TEST_STEP][PASSED] - setText(findTestObject("Object Repository/Page_Sign in - GS1 STS Server/input_E-mail_Email"), email): Text 'GS1CloudTest@gs1.org' is set on object 'Object Repository/Page_Sign in - GS1 STS Server/input_E-mail_Email'

2019-02-07 16:10:31 - [MESSAGE][PASSED] - Text 'GS1CloudTest@gs1.org' is set on object 'Object Repository/Page_Sign in - GS1 STS Server/input_E-mail_Email'

2019-02-07 16:10:31 - [TEST_STEP][PASSED] - Thread.sleep(1000): null

2019-02-07 16:10:32 - [TEST_STEP][PASSED] - setText(findTestObject("Object Repository/Page_Sign in - GS1 STS Server/input_Password_Password"), password): Text 'Fvrt7564' is set on object 'Object Repository/Page_Sign in - GS1 STS Server/input_Password_Password'

2019-02-07 16:10:32 - [MESSAGE][PASSED] - Text 'Fvrt7564' is set on object 'Object Repository/Page_Sign in - GS1 STS Server/input_Password_Password'

2019-02-07 16:10:32 - [TEST_STEP][PASSED] - click(findTestObject("Object Repository/Page_Sign in - GS1 STS Server/input_Password_btn btn-default")): Object: 'Object Repository/Page_Sign in - GS1 STS Server/input_Password_btn btn-default' is clicked on

2019-02-07 16:10:41 - [MESSAGE][PASSED] - Object: 'Object Repository/Page_Sign in - GS1 STS Server/input_Password_btn btn-default' is clicked on

2019-02-07 16:10:41 - [TEST_STEP][PASSED] - click(findTestObject("Object Repository/Page_GS1 Cloud BETA - Home/a_Services")): Object: 'Object Repository/Page_GS1 Cloud BETA - Home/a_Services' is clicked on

2019-02-07 16:10:41 - [MESSAGE][PASSED] - Object: 'Object Repository/Page_GS1 Cloud BETA - Home/a_Services' is clicked on

2019-02-07 16:10:41 - [TEST_STEP][PASSED] - Thread.sleep(1000): null

2019-02-07 16:10:42 - [TEST_STEP][PASSED] - click(findTestObject("Object Repository/Page_GS1 Cloud BETA - Services/a_Check")): Object: 'Object Repository/Page_GS1 Cloud BETA - Services/a_Check' is clicked on

2019-02-07 16:10:43 - [MESSAGE][PASSED] - Object: 'Object Repository/Page_GS1 Cloud BETA - Services/a_Check' is clicked on

2019-02-07 16:10:43 - [TEST_STEP][PASSED] - setText(findTestObject("Object Repository/Page_GS1 Cloud BETA - Check/input_Global Trade Item Number"), Checkgtinlength): Text '' is set on object 'Object Repository/Page_GS1 Cloud BETA - Check/input_Global Trade Item Number'

2019-02-07 16:10:46 - [MESSAGE][PASSED] - Text '' is set on object 'Object Repository/Page_GS1 Cloud BETA - Check/input_Global Trade Item Number'

2019-02-07 16:10:46 - [TEST_STEP][PASSED] - click(findTestObject("Object Repository/Page_GS1 Cloud BETA - Check/button_Search")): Object: 'Object Repository/Page_GS1 Cloud BETA - Check/button_Search' is clicked on

2019-02-07 16:10:48 - [MESSAGE][PASSED] - Object: 'Object Repository/Page_GS1 Cloud BETA - Check/button_Search' is clicked on

2019-02-07 16:10:48 - [TEST_STEP][FAILED] - verifyTextPresent(validation, false): verifyTextPresent(validation, false) FAILED.
Reason:
com.kms.katalon.core.exception.StepFailedException: Unable to verify text 'Global Trade Item Number is required.' is present  (Root cause: com.kms.katalon.core.exception.StepFailedException: Text 'Global Trade Item Number is required.' is not present on page )
	at com.kms.katalon.core.keyword.internal.KeywordMain.stepFailed(KeywordMain.groovy:36)
	at com.kms.katalon.core.webui.keyword.internal.WebUIKeywordMain.stepFailed(WebUIKeywordMain.groovy:65)
	at com.kms.katalon.core.webui.keyword.internal.WebUIKeywordMain.runKeyword(WebUIKeywordMain.groovy:27)
	at com.kms.katalon.core.webui.keyword.builtin.VerifyTextPresentKeyword.verifyTextPresent(VerifyTextPresentKeyword.groovy:83)
	at com.kms.katalon.core.webui.keyword.builtin.VerifyTextPresentKeyword.execute(VerifyTextPresentKeyword.groovy:68)
	at com.kms.katalon.core.keyword.internal.KeywordExecutor.executeKeywordForPlatform(KeywordExecutor.groovy:53)
	at com.kms.katalon.core.webui.keyword.WebUiBuiltInKeywords.verifyTextPresent(WebUiBuiltInKeywords.groovy:1693)
	at com.kms.katalon.core.webui.keyword.WebUiBuiltInKeywords$verifyTextPresent$3.call(Unknown Source)
	at Verify Valid Length of GTIN number.run(Verify Valid Length of GTIN number:40)
	at com.kms.katalon.core.main.ScriptEngine.run(ScriptEngine.java:194)
	at com.kms.katalon.core.main.ScriptEngine.runScriptAsRawText(ScriptEngine.java:119)
	at com.kms.katalon.core.main.TestCaseExecutor.runScript(TestCaseExecutor.java:328)
	at com.kms.katalon.core.main.TestCaseExecutor.doExecute(TestCaseExecutor.java:319)
	at com.kms.katalon.core.main.TestCaseExecutor.processExecutionPhase(TestCaseExecutor.java:298)
	at com.kms.katalon.core.main.TestCaseExecutor.accessMainPhase(TestCaseExecutor.java:290)
	at com.kms.katalon.core.main.TestCaseExecutor.execute(TestCaseExecutor.java:224)
	at com.kms.katalon.core.main.TestSuiteExecutor.accessTestCaseMainPhase(TestSuiteExecutor.java:129)
	at com.kms.katalon.core.main.TestSuiteExecutor.accessTestSuiteMainPhase(TestSuiteExecutor.java:112)
	at com.kms.katalon.core.main.TestSuiteExecutor.execute(TestSuiteExecutor.java:81)
	at com.kms.katalon.core.main.TestCaseMain.startTestSuite(TestCaseMain.java:149)
	at com.kms.katalon.core.main.TestCaseMain$startTestSuite$0.call(Unknown Source)
	at TempTestSuite1549535635462.run(TempTestSuite1549535635462.groovy:36)


2019-02-07 16:10:48 - [MESSAGE][FAILED] - Text 'Global Trade Item Number is required.' is not present on page 

2019-02-07 16:10:49 - [MESSAGE][FAILED] - Unable to verify text 'Global Trade Item Number is required.' is present  (Root cause: com.kms.katalon.core.exception.StepFailedException: Text 'Global Trade Item Number is required.' is not present on page )
[[ATTACHMENT|/Users/satwik_df_gs1/Katalon Studio/GS1-Check/Reports/GCLD-9/GCLD-9/20190207_160345/1549536048738.png]]

2019-02-07 16:10:49 - [MESSAGE][FAILED] - verifyTextPresent(validation, false) FAILED.
Reason:
com.kms.katalon.core.exception.StepFailedException: Unable to verify text 'Global Trade Item Number is required.' is present  (Root cause: com.kms.katalon.core.exception.StepFailedException: Text 'Global Trade Item Number is required.' is not present on page )
	at com.kms.katalon.core.keyword.internal.KeywordMain.stepFailed(KeywordMain.groovy:36)
	at com.kms.katalon.core.webui.keyword.internal.WebUIKeywordMain.stepFailed(WebUIKeywordMain.groovy:65)
	at com.kms.katalon.core.webui.keyword.internal.WebUIKeywordMain.runKeyword(WebUIKeywordMain.groovy:27)
	at com.kms.katalon.core.webui.keyword.builtin.VerifyTextPresentKeyword.verifyTextPresent(VerifyTextPresentKeyword.groovy:83)
	at com.kms.katalon.core.webui.keyword.builtin.VerifyTextPresentKeyword.execute(VerifyTextPresentKeyword.groovy:68)
	at com.kms.katalon.core.keyword.internal.KeywordExecutor.executeKeywordForPlatform(KeywordExecutor.groovy:53)
	at com.kms.katalon.core.webui.keyword.WebUiBuiltInKeywords.verifyTextPresent(WebUiBuiltInKeywords.groovy:1693)
	at com.kms.katalon.core.webui.keyword.WebUiBuiltInKeywords$verifyTextPresent$3.call(Unknown Source)
	at Verify Valid Length of GTIN number.run(Verify Valid Length of GTIN number:40)
	at com.kms.katalon.core.main.ScriptEngine.run(ScriptEngine.java:194)
	at com.kms.katalon.core.main.ScriptEngine.runScriptAsRawText(ScriptEngine.java:119)
	at com.kms.katalon.core.main.TestCaseExecutor.runScript(TestCaseExecutor.java:328)
	at com.kms.katalon.core.main.TestCaseExecutor.doExecute(TestCaseExecutor.java:319)
	at com.kms.katalon.core.main.TestCaseExecutor.processExecutionPhase(TestCaseExecutor.java:298)
	at com.kms.katalon.core.main.TestCaseExecutor.accessMainPhase(TestCaseExecutor.java:290)
	at com.kms.katalon.core.main.TestCaseExecutor.execute(TestCaseExecutor.java:224)
	at com.kms.katalon.core.main.TestSuiteExecutor.accessTestCaseMainPhase(TestSuiteExecutor.java:129)
	at com.kms.katalon.core.main.TestSuiteExecutor.accessTestSuiteMainPhase(TestSuiteExecutor.java:112)
	at com.kms.katalon.core.main.TestSuiteExecutor.execute(TestSuiteExecutor.java:81)
	at com.kms.katalon.core.main.TestCaseMain.startTestSuite(TestCaseMain.java:149)
	at com.kms.katalon.core.main.TestCaseMain$startTestSuite$0.call(Unknown Source)
	at TempTestSuite1549535635462.run(TempTestSuite1549535635462.groovy:36)]]></system-out>
         <system-err><![CDATA[2019-02-07 16:10:26 - [TEST_CASE][FAILED] - Test Cases/GCLD-9/Verify Valid Length of GTIN number: Test Cases/GCLD-9/Verify Valid Length of GTIN number FAILED.
Reason:
com.kms.katalon.core.exception.StepFailedException: Unable to verify text 'Global Trade Item Number is required.' is present  (Root cause: com.kms.katalon.core.exception.StepFailedException: Text 'Global Trade Item Number is required.' is not present on page )
	at com.kms.katalon.core.keyword.internal.KeywordMain.stepFailed(KeywordMain.groovy:36)
	at com.kms.katalon.core.webui.keyword.internal.WebUIKeywordMain.stepFailed(WebUIKeywordMain.groovy:65)
	at com.kms.katalon.core.webui.keyword.internal.WebUIKeywordMain.runKeyword(WebUIKeywordMain.groovy:27)
	at com.kms.katalon.core.webui.keyword.builtin.VerifyTextPresentKeyword.verifyTextPresent(VerifyTextPresentKeyword.groovy:83)
	at com.kms.katalon.core.webui.keyword.builtin.VerifyTextPresentKeyword.execute(VerifyTextPresentKeyword.groovy:68)
	at com.kms.katalon.core.keyword.internal.KeywordExecutor.executeKeywordForPlatform(KeywordExecutor.groovy:53)
	at com.kms.katalon.core.webui.keyword.WebUiBuiltInKeywords.verifyTextPresent(WebUiBuiltInKeywords.groovy:1693)
	at com.kms.katalon.core.webui.keyword.WebUiBuiltInKeywords$verifyTextPresent$3.call(Unknown Source)
	at Verify Valid Length of GTIN number.run(Verify Valid Length of GTIN number:40)
	at com.kms.katalon.core.main.ScriptEngine.run(ScriptEngine.java:194)
	at com.kms.katalon.core.main.ScriptEngine.runScriptAsRawText(ScriptEngine.java:119)
	at com.kms.katalon.core.main.TestCaseExecutor.runScript(TestCaseExecutor.java:328)
	at com.kms.katalon.core.main.TestCaseExecutor.doExecute(TestCaseExecutor.java:319)
	at com.kms.katalon.core.main.TestCaseExecutor.processExecutionPhase(TestCaseExecutor.java:298)
	at com.kms.katalon.core.main.TestCaseExecutor.accessMainPhase(TestCaseExecutor.java:290)
	at com.kms.katalon.core.main.TestCaseExecutor.execute(TestCaseExecutor.java:224)
	at com.kms.katalon.core.main.TestSuiteExecutor.accessTestCaseMainPhase(TestSuiteExecutor.java:129)
	at com.kms.katalon.core.main.TestSuiteExecutor.accessTestSuiteMainPhase(TestSuiteExecutor.java:112)
	at com.kms.katalon.core.main.TestSuiteExecutor.execute(TestSuiteExecutor.java:81)
	at com.kms.katalon.core.main.TestCaseMain.startTestSuite(TestCaseMain.java:149)
	at com.kms.katalon.core.main.TestCaseMain$startTestSuite$0.call(Unknown Source)
	at TempTestSuite1549535635462.run(TempTestSuite1549535635462.groovy:36)]]></system-err>
      </testcase>
      <testcase name="Test Cases/GCLD-9/Verify Valid Length of GTIN number" classname="Test Cases/GCLD-9/Verify Valid Length of GTIN number" status="FAILED">
         <failure type="FAILED" message="Test Cases/GCLD-9/Verify Valid Length of GTIN number FAILED.
Reason:
com.kms.katalon.core.exception.StepFailedException: Unable to verify text '* * Global Trade Item Number allows only (0 - 9) digits' is present  (Root cause: com.kms.katalon.core.exception.StepFailedException: Text '* * Global Trade Item Number allows only (0 - 9) digits' is not present on page )
	at com.kms.katalon.core.keyword.internal.KeywordMain.stepFailed(KeywordMain.groovy:36)
	at com.kms.katalon.core.webui.keyword.internal.WebUIKeywordMain.stepFailed(WebUIKeywordMain.groovy:65)
	at com.kms.katalon.core.webui.keyword.internal.WebUIKeywordMain.runKeyword(WebUIKeywordMain.groovy:27)
	at com.kms.katalon.core.webui.keyword.builtin.VerifyTextPresentKeyword.verifyTextPresent(VerifyTextPresentKeyword.groovy:83)
	at com.kms.katalon.core.webui.keyword.builtin.VerifyTextPresentKeyword.execute(VerifyTextPresentKeyword.groovy:68)
	at com.kms.katalon.core.keyword.internal.KeywordExecutor.executeKeywordForPlatform(KeywordExecutor.groovy:53)
	at com.kms.katalon.core.webui.keyword.WebUiBuiltInKeywords.verifyTextPresent(WebUiBuiltInKeywords.groovy:1693)
	at com.kms.katalon.core.webui.keyword.WebUiBuiltInKeywords$verifyTextPresent$3.call(Unknown Source)
	at Verify Valid Length of GTIN number.run(Verify Valid Length of GTIN number:40)
	at com.kms.katalon.core.main.ScriptEngine.run(ScriptEngine.java:194)
	at com.kms.katalon.core.main.ScriptEngine.runScriptAsRawText(ScriptEngine.java:119)
	at com.kms.katalon.core.main.TestCaseExecutor.runScript(TestCaseExecutor.java:328)
	at com.kms.katalon.core.main.TestCaseExecutor.doExecute(TestCaseExecutor.java:319)
	at com.kms.katalon.core.main.TestCaseExecutor.processExecutionPhase(TestCaseExecutor.java:298)
	at com.kms.katalon.core.main.TestCaseExecutor.accessMainPhase(TestCaseExecutor.java:290)
	at com.kms.katalon.core.main.TestCaseExecutor.execute(TestCaseExecutor.java:224)
	at com.kms.katalon.core.main.TestSuiteExecutor.accessTestCaseMainPhase(TestSuiteExecutor.java:129)
	at com.kms.katalon.core.main.TestSuiteExecutor.accessTestSuiteMainPhase(TestSuiteExecutor.java:112)
	at com.kms.katalon.core.main.TestSuiteExecutor.execute(TestSuiteExecutor.java:81)
	at com.kms.katalon.core.main.TestCaseMain.startTestSuite(TestCaseMain.java:149)
	at com.kms.katalon.core.main.TestCaseMain$startTestSuite$0.call(Unknown Source)
	at TempTestSuite1549535635462.run(TempTestSuite1549535635462.groovy:36)
"/>
         <system-out><![CDATA[2019-02-07 16:10:49 - [TEST_CASE][FAILED] - Test Cases/GCLD-9/Verify Valid Length of GTIN number: Test Cases/GCLD-9/Verify Valid Length of GTIN number FAILED.
Reason:
com.kms.katalon.core.exception.StepFailedException: Unable to verify text '* * Global Trade Item Number allows only (0 - 9) digits' is present  (Root cause: com.kms.katalon.core.exception.StepFailedException: Text '* * Global Trade Item Number allows only (0 - 9) digits' is not present on page )
	at com.kms.katalon.core.keyword.internal.KeywordMain.stepFailed(KeywordMain.groovy:36)
	at com.kms.katalon.core.webui.keyword.internal.WebUIKeywordMain.stepFailed(WebUIKeywordMain.groovy:65)
	at com.kms.katalon.core.webui.keyword.internal.WebUIKeywordMain.runKeyword(WebUIKeywordMain.groovy:27)
	at com.kms.katalon.core.webui.keyword.builtin.VerifyTextPresentKeyword.verifyTextPresent(VerifyTextPresentKeyword.groovy:83)
	at com.kms.katalon.core.webui.keyword.builtin.VerifyTextPresentKeyword.execute(VerifyTextPresentKeyword.groovy:68)
	at com.kms.katalon.core.keyword.internal.KeywordExecutor.executeKeywordForPlatform(KeywordExecutor.groovy:53)
	at com.kms.katalon.core.webui.keyword.WebUiBuiltInKeywords.verifyTextPresent(WebUiBuiltInKeywords.groovy:1693)
	at com.kms.katalon.core.webui.keyword.WebUiBuiltInKeywords$verifyTextPresent$3.call(Unknown Source)
	at Verify Valid Length of GTIN number.run(Verify Valid Length of GTIN number:40)
	at com.kms.katalon.core.main.ScriptEngine.run(ScriptEngine.java:194)
	at com.kms.katalon.core.main.ScriptEngine.runScriptAsRawText(ScriptEngine.java:119)
	at com.kms.katalon.core.main.TestCaseExecutor.runScript(TestCaseExecutor.java:328)
	at com.kms.katalon.core.main.TestCaseExecutor.doExecute(TestCaseExecutor.java:319)
	at com.kms.katalon.core.main.TestCaseExecutor.processExecutionPhase(TestCaseExecutor.java:298)
	at com.kms.katalon.core.main.TestCaseExecutor.accessMainPhase(TestCaseExecutor.java:290)
	at com.kms.katalon.core.main.TestCaseExecutor.execute(TestCaseExecutor.java:224)
	at com.kms.katalon.core.main.TestSuiteExecutor.accessTestCaseMainPhase(TestSuiteExecutor.java:129)
	at com.kms.katalon.core.main.TestSuiteExecutor.accessTestSuiteMainPhase(TestSuiteExecutor.java:112)
	at com.kms.katalon.core.main.TestSuiteExecutor.execute(TestSuiteExecutor.java:81)
	at com.kms.katalon.core.main.TestCaseMain.startTestSuite(TestCaseMain.java:149)
	at com.kms.katalon.core.main.TestCaseMain$startTestSuite$0.call(Unknown Source)
	at TempTestSuite1549535635462.run(TempTestSuite1549535635462.groovy:36)


2019-02-07 16:10:49 - [TEST_STEP][PASSED] - openBrowser("https://cloud.test.gs1.org/gs1-portal"): Browser is opened with url: 'https://cloud.test.gs1.org/gs1-portal'

2019-02-07 16:10:49 - [MESSAGE][WARNING] - A browser is already opened. Closing browser and opening a new one

2019-02-07 16:10:49 - [MESSAGE][INFO] - Starting 'Chrome' driver

2019-02-07 16:10:54 - [MESSAGE][PASSED] - Browser is opened with url: 'https://cloud.test.gs1.org/gs1-portal'

2019-02-07 16:10:54 - [TEST_STEP][PASSED] - navigateToUrl("https://gs1-sso-customsts.azurewebsites.net/Account/LoginSelector"): Navigate to 'https://gs1-sso-customsts.azurewebsites.net/Account/LoginSelector' successfully

2019-02-07 16:10:54 - [MESSAGE][PASSED] - Navigate to 'https://gs1-sso-customsts.azurewebsites.net/Account/LoginSelector' successfully

2019-02-07 16:10:54 - [TEST_STEP][PASSED] - setText(findTestObject("Object Repository/Page_Sign in - GS1 STS Server/input_E-mail_Email"), email): Text 'GS1CloudTest@gs1.org' is set on object 'Object Repository/Page_Sign in - GS1 STS Server/input_E-mail_Email'

2019-02-07 16:10:54 - [MESSAGE][PASSED] - Text 'GS1CloudTest@gs1.org' is set on object 'Object Repository/Page_Sign in - GS1 STS Server/input_E-mail_Email'

2019-02-07 16:10:54 - [TEST_STEP][PASSED] - Thread.sleep(1000): null

2019-02-07 16:10:55 - [TEST_STEP][PASSED] - setText(findTestObject("Object Repository/Page_Sign in - GS1 STS Server/input_Password_Password"), password): Text 'Fvrt7564' is set on object 'Object Repository/Page_Sign in - GS1 STS Server/input_Password_Password'

2019-02-07 16:10:55 - [MESSAGE][PASSED] - Text 'Fvrt7564' is set on object 'Object Repository/Page_Sign in - GS1 STS Server/input_Password_Password'

2019-02-07 16:10:55 - [TEST_STEP][PASSED] - click(findTestObject("Object Repository/Page_Sign in - GS1 STS Server/input_Password_btn btn-default")): Object: 'Object Repository/Page_Sign in - GS1 STS Server/input_Password_btn btn-default' is clicked on

2019-02-07 16:11:08 - [MESSAGE][PASSED] - Object: 'Object Repository/Page_Sign in - GS1 STS Server/input_Password_btn btn-default' is clicked on

2019-02-07 16:11:08 - [TEST_STEP][PASSED] - click(findTestObject("Object Repository/Page_GS1 Cloud BETA - Home/a_Services")): Object: 'Object Repository/Page_GS1 Cloud BETA - Home/a_Services' is clicked on

2019-02-07 16:11:08 - [MESSAGE][PASSED] - Object: 'Object Repository/Page_GS1 Cloud BETA - Home/a_Services' is clicked on

2019-02-07 16:11:08 - [TEST_STEP][PASSED] - Thread.sleep(1000): null

2019-02-07 16:11:09 - [TEST_STEP][PASSED] - click(findTestObject("Object Repository/Page_GS1 Cloud BETA - Services/a_Check")): Object: 'Object Repository/Page_GS1 Cloud BETA - Services/a_Check' is clicked on

2019-02-07 16:11:11 - [MESSAGE][PASSED] - Object: 'Object Repository/Page_GS1 Cloud BETA - Services/a_Check' is clicked on

2019-02-07 16:11:11 - [TEST_STEP][PASSED] - setText(findTestObject("Object Repository/Page_GS1 Cloud BETA - Check/input_Global Trade Item Number"), Checkgtinlength): Text '12345A' is set on object 'Object Repository/Page_GS1 Cloud BETA - Check/input_Global Trade Item Number'

2019-02-07 16:11:13 - [MESSAGE][PASSED] - Text '12345A' is set on object 'Object Repository/Page_GS1 Cloud BETA - Check/input_Global Trade Item Number'

2019-02-07 16:11:13 - [TEST_STEP][PASSED] - click(findTestObject("Object Repository/Page_GS1 Cloud BETA - Check/button_Search")): Object: 'Object Repository/Page_GS1 Cloud BETA - Check/button_Search' is clicked on

2019-02-07 16:11:15 - [MESSAGE][PASSED] - Object: 'Object Repository/Page_GS1 Cloud BETA - Check/button_Search' is clicked on

2019-02-07 16:11:15 - [TEST_STEP][FAILED] - verifyTextPresent(validation, false): verifyTextPresent(validation, false) FAILED.
Reason:
com.kms.katalon.core.exception.StepFailedException: Unable to verify text '* * Global Trade Item Number allows only (0 - 9) digits' is present  (Root cause: com.kms.katalon.core.exception.StepFailedException: Text '* * Global Trade Item Number allows only (0 - 9) digits' is not present on page )
	at com.kms.katalon.core.keyword.internal.KeywordMain.stepFailed(KeywordMain.groovy:36)
	at com.kms.katalon.core.webui.keyword.internal.WebUIKeywordMain.stepFailed(WebUIKeywordMain.groovy:65)
	at com.kms.katalon.core.webui.keyword.internal.WebUIKeywordMain.runKeyword(WebUIKeywordMain.groovy:27)
	at com.kms.katalon.core.webui.keyword.builtin.VerifyTextPresentKeyword.verifyTextPresent(VerifyTextPresentKeyword.groovy:83)
	at com.kms.katalon.core.webui.keyword.builtin.VerifyTextPresentKeyword.execute(VerifyTextPresentKeyword.groovy:68)
	at com.kms.katalon.core.keyword.internal.KeywordExecutor.executeKeywordForPlatform(KeywordExecutor.groovy:53)
	at com.kms.katalon.core.webui.keyword.WebUiBuiltInKeywords.verifyTextPresent(WebUiBuiltInKeywords.groovy:1693)
	at com.kms.katalon.core.webui.keyword.WebUiBuiltInKeywords$verifyTextPresent$3.call(Unknown Source)
	at Verify Valid Length of GTIN number.run(Verify Valid Length of GTIN number:40)
	at com.kms.katalon.core.main.ScriptEngine.run(ScriptEngine.java:194)
	at com.kms.katalon.core.main.ScriptEngine.runScriptAsRawText(ScriptEngine.java:119)
	at com.kms.katalon.core.main.TestCaseExecutor.runScript(TestCaseExecutor.java:328)
	at com.kms.katalon.core.main.TestCaseExecutor.doExecute(TestCaseExecutor.java:319)
	at com.kms.katalon.core.main.TestCaseExecutor.processExecutionPhase(TestCaseExecutor.java:298)
	at com.kms.katalon.core.main.TestCaseExecutor.accessMainPhase(TestCaseExecutor.java:290)
	at com.kms.katalon.core.main.TestCaseExecutor.execute(TestCaseExecutor.java:224)
	at com.kms.katalon.core.main.TestSuiteExecutor.accessTestCaseMainPhase(TestSuiteExecutor.java:129)
	at com.kms.katalon.core.main.TestSuiteExecutor.accessTestSuiteMainPhase(TestSuiteExecutor.java:112)
	at com.kms.katalon.core.main.TestSuiteExecutor.execute(TestSuiteExecutor.java:81)
	at com.kms.katalon.core.main.TestCaseMain.startTestSuite(TestCaseMain.java:149)
	at com.kms.katalon.core.main.TestCaseMain$startTestSuite$0.call(Unknown Source)
	at TempTestSuite1549535635462.run(TempTestSuite1549535635462.groovy:36)


2019-02-07 16:11:15 - [MESSAGE][FAILED] - Text '* * Global Trade Item Number allows only (0 - 9) digits' is not present on page 

2019-02-07 16:11:16 - [MESSAGE][FAILED] - Unable to verify text '* * Global Trade Item Number allows only (0 - 9) digits' is present  (Root cause: com.kms.katalon.core.exception.StepFailedException: Text '* * Global Trade Item Number allows only (0 - 9) digits' is not present on page )
[[ATTACHMENT|/Users/satwik_df_gs1/Katalon Studio/GS1-Check/Reports/GCLD-9/GCLD-9/20190207_160345/1549536075945.png]]

2019-02-07 16:11:16 - [MESSAGE][FAILED] - verifyTextPresent(validation, false) FAILED.
Reason:
com.kms.katalon.core.exception.StepFailedException: Unable to verify text '* * Global Trade Item Number allows only (0 - 9) digits' is present  (Root cause: com.kms.katalon.core.exception.StepFailedException: Text '* * Global Trade Item Number allows only (0 - 9) digits' is not present on page )
	at com.kms.katalon.core.keyword.internal.KeywordMain.stepFailed(KeywordMain.groovy:36)
	at com.kms.katalon.core.webui.keyword.internal.WebUIKeywordMain.stepFailed(WebUIKeywordMain.groovy:65)
	at com.kms.katalon.core.webui.keyword.internal.WebUIKeywordMain.runKeyword(WebUIKeywordMain.groovy:27)
	at com.kms.katalon.core.webui.keyword.builtin.VerifyTextPresentKeyword.verifyTextPresent(VerifyTextPresentKeyword.groovy:83)
	at com.kms.katalon.core.webui.keyword.builtin.VerifyTextPresentKeyword.execute(VerifyTextPresentKeyword.groovy:68)
	at com.kms.katalon.core.keyword.internal.KeywordExecutor.executeKeywordForPlatform(KeywordExecutor.groovy:53)
	at com.kms.katalon.core.webui.keyword.WebUiBuiltInKeywords.verifyTextPresent(WebUiBuiltInKeywords.groovy:1693)
	at com.kms.katalon.core.webui.keyword.WebUiBuiltInKeywords$verifyTextPresent$3.call(Unknown Source)
	at Verify Valid Length of GTIN number.run(Verify Valid Length of GTIN number:40)
	at com.kms.katalon.core.main.ScriptEngine.run(ScriptEngine.java:194)
	at com.kms.katalon.core.main.ScriptEngine.runScriptAsRawText(ScriptEngine.java:119)
	at com.kms.katalon.core.main.TestCaseExecutor.runScript(TestCaseExecutor.java:328)
	at com.kms.katalon.core.main.TestCaseExecutor.doExecute(TestCaseExecutor.java:319)
	at com.kms.katalon.core.main.TestCaseExecutor.processExecutionPhase(TestCaseExecutor.java:298)
	at com.kms.katalon.core.main.TestCaseExecutor.accessMainPhase(TestCaseExecutor.java:290)
	at com.kms.katalon.core.main.TestCaseExecutor.execute(TestCaseExecutor.java:224)
	at com.kms.katalon.core.main.TestSuiteExecutor.accessTestCaseMainPhase(TestSuiteExecutor.java:129)
	at com.kms.katalon.core.main.TestSuiteExecutor.accessTestSuiteMainPhase(TestSuiteExecutor.java:112)
	at com.kms.katalon.core.main.TestSuiteExecutor.execute(TestSuiteExecutor.java:81)
	at com.kms.katalon.core.main.TestCaseMain.startTestSuite(TestCaseMain.java:149)
	at com.kms.katalon.core.main.TestCaseMain$startTestSuite$0.call(Unknown Source)
	at TempTestSuite1549535635462.run(TempTestSuite1549535635462.groovy:36)]]></system-out>
         <system-err><![CDATA[2019-02-07 16:10:49 - [TEST_CASE][FAILED] - Test Cases/GCLD-9/Verify Valid Length of GTIN number: Test Cases/GCLD-9/Verify Valid Length of GTIN number FAILED.
Reason:
com.kms.katalon.core.exception.StepFailedException: Unable to verify text '* * Global Trade Item Number allows only (0 - 9) digits' is present  (Root cause: com.kms.katalon.core.exception.StepFailedException: Text '* * Global Trade Item Number allows only (0 - 9) digits' is not present on page )
	at com.kms.katalon.core.keyword.internal.KeywordMain.stepFailed(KeywordMain.groovy:36)
	at com.kms.katalon.core.webui.keyword.internal.WebUIKeywordMain.stepFailed(WebUIKeywordMain.groovy:65)
	at com.kms.katalon.core.webui.keyword.internal.WebUIKeywordMain.runKeyword(WebUIKeywordMain.groovy:27)
	at com.kms.katalon.core.webui.keyword.builtin.VerifyTextPresentKeyword.verifyTextPresent(VerifyTextPresentKeyword.groovy:83)
	at com.kms.katalon.core.webui.keyword.builtin.VerifyTextPresentKeyword.execute(VerifyTextPresentKeyword.groovy:68)
	at com.kms.katalon.core.keyword.internal.KeywordExecutor.executeKeywordForPlatform(KeywordExecutor.groovy:53)
	at com.kms.katalon.core.webui.keyword.WebUiBuiltInKeywords.verifyTextPresent(WebUiBuiltInKeywords.groovy:1693)
	at com.kms.katalon.core.webui.keyword.WebUiBuiltInKeywords$verifyTextPresent$3.call(Unknown Source)
	at Verify Valid Length of GTIN number.run(Verify Valid Length of GTIN number:40)
	at com.kms.katalon.core.main.ScriptEngine.run(ScriptEngine.java:194)
	at com.kms.katalon.core.main.ScriptEngine.runScriptAsRawText(ScriptEngine.java:119)
	at com.kms.katalon.core.main.TestCaseExecutor.runScript(TestCaseExecutor.java:328)
	at com.kms.katalon.core.main.TestCaseExecutor.doExecute(TestCaseExecutor.java:319)
	at com.kms.katalon.core.main.TestCaseExecutor.processExecutionPhase(TestCaseExecutor.java:298)
	at com.kms.katalon.core.main.TestCaseExecutor.accessMainPhase(TestCaseExecutor.java:290)
	at com.kms.katalon.core.main.TestCaseExecutor.execute(TestCaseExecutor.java:224)
	at com.kms.katalon.core.main.TestSuiteExecutor.accessTestCaseMainPhase(TestSuiteExecutor.java:129)
	at com.kms.katalon.core.main.TestSuiteExecutor.accessTestSuiteMainPhase(TestSuiteExecutor.java:112)
	at com.kms.katalon.core.main.TestSuiteExecutor.execute(TestSuiteExecutor.java:81)
	at com.kms.katalon.core.main.TestCaseMain.startTestSuite(TestCaseMain.java:149)
	at com.kms.katalon.core.main.TestCaseMain$startTestSuite$0.call(Unknown Source)
	at TempTestSuite1549535635462.run(TempTestSuite1549535635462.groovy:36)]]></system-err>
      </testcase>
      <testcase name="Test Cases/GCLD-9/Verify Valid Length of GTIN number" classname="Test Cases/GCLD-9/Verify Valid Length of GTIN number" status="FAILED">
         <failure type="FAILED" message="Test Cases/GCLD-9/Verify Valid Length of GTIN number FAILED.
Reason:
com.kms.katalon.core.exception.StepFailedException: Unable to verify text '* * Global Trade Item Number allows only (0 - 9) digits' is present  (Root cause: com.kms.katalon.core.exception.StepFailedException: Text '* * Global Trade Item Number allows only (0 - 9) digits' is not present on page )
	at com.kms.katalon.core.keyword.internal.KeywordMain.stepFailed(KeywordMain.groovy:36)
	at com.kms.katalon.core.webui.keyword.internal.WebUIKeywordMain.stepFailed(WebUIKeywordMain.groovy:65)
	at com.kms.katalon.core.webui.keyword.internal.WebUIKeywordMain.runKeyword(WebUIKeywordMain.groovy:27)
	at com.kms.katalon.core.webui.keyword.builtin.VerifyTextPresentKeyword.verifyTextPresent(VerifyTextPresentKeyword.groovy:83)
	at com.kms.katalon.core.webui.keyword.builtin.VerifyTextPresentKeyword.execute(VerifyTextPresentKeyword.groovy:68)
	at com.kms.katalon.core.keyword.internal.KeywordExecutor.executeKeywordForPlatform(KeywordExecutor.groovy:53)
	at com.kms.katalon.core.webui.keyword.WebUiBuiltInKeywords.verifyTextPresent(WebUiBuiltInKeywords.groovy:1693)
	at com.kms.katalon.core.webui.keyword.WebUiBuiltInKeywords$verifyTextPresent$3.call(Unknown Source)
	at Verify Valid Length of GTIN number.run(Verify Valid Length of GTIN number:40)
	at com.kms.katalon.core.main.ScriptEngine.run(ScriptEngine.java:194)
	at com.kms.katalon.core.main.ScriptEngine.runScriptAsRawText(ScriptEngine.java:119)
	at com.kms.katalon.core.main.TestCaseExecutor.runScript(TestCaseExecutor.java:328)
	at com.kms.katalon.core.main.TestCaseExecutor.doExecute(TestCaseExecutor.java:319)
	at com.kms.katalon.core.main.TestCaseExecutor.processExecutionPhase(TestCaseExecutor.java:298)
	at com.kms.katalon.core.main.TestCaseExecutor.accessMainPhase(TestCaseExecutor.java:290)
	at com.kms.katalon.core.main.TestCaseExecutor.execute(TestCaseExecutor.java:224)
	at com.kms.katalon.core.main.TestSuiteExecutor.accessTestCaseMainPhase(TestSuiteExecutor.java:129)
	at com.kms.katalon.core.main.TestSuiteExecutor.accessTestSuiteMainPhase(TestSuiteExecutor.java:112)
	at com.kms.katalon.core.main.TestSuiteExecutor.execute(TestSuiteExecutor.java:81)
	at com.kms.katalon.core.main.TestCaseMain.startTestSuite(TestCaseMain.java:149)
	at com.kms.katalon.core.main.TestCaseMain$startTestSuite$0.call(Unknown Source)
	at TempTestSuite1549535635462.run(TempTestSuite1549535635462.groovy:36)
"/>
         <system-out><![CDATA[2019-02-07 16:11:16 - [TEST_CASE][FAILED] - Test Cases/GCLD-9/Verify Valid Length of GTIN number: Test Cases/GCLD-9/Verify Valid Length of GTIN number FAILED.
Reason:
com.kms.katalon.core.exception.StepFailedException: Unable to verify text '* * Global Trade Item Number allows only (0 - 9) digits' is present  (Root cause: com.kms.katalon.core.exception.StepFailedException: Text '* * Global Trade Item Number allows only (0 - 9) digits' is not present on page )
	at com.kms.katalon.core.keyword.internal.KeywordMain.stepFailed(KeywordMain.groovy:36)
	at com.kms.katalon.core.webui.keyword.internal.WebUIKeywordMain.stepFailed(WebUIKeywordMain.groovy:65)
	at com.kms.katalon.core.webui.keyword.internal.WebUIKeywordMain.runKeyword(WebUIKeywordMain.groovy:27)
	at com.kms.katalon.core.webui.keyword.builtin.VerifyTextPresentKeyword.verifyTextPresent(VerifyTextPresentKeyword.groovy:83)
	at com.kms.katalon.core.webui.keyword.builtin.VerifyTextPresentKeyword.execute(VerifyTextPresentKeyword.groovy:68)
	at com.kms.katalon.core.keyword.internal.KeywordExecutor.executeKeywordForPlatform(KeywordExecutor.groovy:53)
	at com.kms.katalon.core.webui.keyword.WebUiBuiltInKeywords.verifyTextPresent(WebUiBuiltInKeywords.groovy:1693)
	at com.kms.katalon.core.webui.keyword.WebUiBuiltInKeywords$verifyTextPresent$3.call(Unknown Source)
	at Verify Valid Length of GTIN number.run(Verify Valid Length of GTIN number:40)
	at com.kms.katalon.core.main.ScriptEngine.run(ScriptEngine.java:194)
	at com.kms.katalon.core.main.ScriptEngine.runScriptAsRawText(ScriptEngine.java:119)
	at com.kms.katalon.core.main.TestCaseExecutor.runScript(TestCaseExecutor.java:328)
	at com.kms.katalon.core.main.TestCaseExecutor.doExecute(TestCaseExecutor.java:319)
	at com.kms.katalon.core.main.TestCaseExecutor.processExecutionPhase(TestCaseExecutor.java:298)
	at com.kms.katalon.core.main.TestCaseExecutor.accessMainPhase(TestCaseExecutor.java:290)
	at com.kms.katalon.core.main.TestCaseExecutor.execute(TestCaseExecutor.java:224)
	at com.kms.katalon.core.main.TestSuiteExecutor.accessTestCaseMainPhase(TestSuiteExecutor.java:129)
	at com.kms.katalon.core.main.TestSuiteExecutor.accessTestSuiteMainPhase(TestSuiteExecutor.java:112)
	at com.kms.katalon.core.main.TestSuiteExecutor.execute(TestSuiteExecutor.java:81)
	at com.kms.katalon.core.main.TestCaseMain.startTestSuite(TestCaseMain.java:149)
	at com.kms.katalon.core.main.TestCaseMain$startTestSuite$0.call(Unknown Source)
	at TempTestSuite1549535635462.run(TempTestSuite1549535635462.groovy:36)


2019-02-07 16:11:16 - [TEST_STEP][PASSED] - openBrowser("https://cloud.test.gs1.org/gs1-portal"): Browser is opened with url: 'https://cloud.test.gs1.org/gs1-portal'

2019-02-07 16:11:16 - [MESSAGE][WARNING] - A browser is already opened. Closing browser and opening a new one

2019-02-07 16:11:16 - [MESSAGE][INFO] - Starting 'Chrome' driver

2019-02-07 16:11:22 - [MESSAGE][PASSED] - Browser is opened with url: 'https://cloud.test.gs1.org/gs1-portal'

2019-02-07 16:11:22 - [TEST_STEP][PASSED] - navigateToUrl("https://gs1-sso-customsts.azurewebsites.net/Account/LoginSelector"): Navigate to 'https://gs1-sso-customsts.azurewebsites.net/Account/LoginSelector' successfully

2019-02-07 16:11:22 - [MESSAGE][PASSED] - Navigate to 'https://gs1-sso-customsts.azurewebsites.net/Account/LoginSelector' successfully

2019-02-07 16:11:22 - [TEST_STEP][PASSED] - setText(findTestObject("Object Repository/Page_Sign in - GS1 STS Server/input_E-mail_Email"), email): Text 'GS1CloudTest@gs1.org' is set on object 'Object Repository/Page_Sign in - GS1 STS Server/input_E-mail_Email'

2019-02-07 16:11:22 - [MESSAGE][PASSED] - Text 'GS1CloudTest@gs1.org' is set on object 'Object Repository/Page_Sign in - GS1 STS Server/input_E-mail_Email'

2019-02-07 16:11:22 - [TEST_STEP][PASSED] - Thread.sleep(1000): null

2019-02-07 16:11:23 - [TEST_STEP][PASSED] - setText(findTestObject("Object Repository/Page_Sign in - GS1 STS Server/input_Password_Password"), password): Text 'Fvrt7564' is set on object 'Object Repository/Page_Sign in - GS1 STS Server/input_Password_Password'

2019-02-07 16:11:23 - [MESSAGE][PASSED] - Text 'Fvrt7564' is set on object 'Object Repository/Page_Sign in - GS1 STS Server/input_Password_Password'

2019-02-07 16:11:23 - [TEST_STEP][PASSED] - click(findTestObject("Object Repository/Page_Sign in - GS1 STS Server/input_Password_btn btn-default")): Object: 'Object Repository/Page_Sign in - GS1 STS Server/input_Password_btn btn-default' is clicked on

2019-02-07 16:11:31 - [MESSAGE][PASSED] - Object: 'Object Repository/Page_Sign in - GS1 STS Server/input_Password_btn btn-default' is clicked on

2019-02-07 16:11:31 - [TEST_STEP][PASSED] - click(findTestObject("Object Repository/Page_GS1 Cloud BETA - Home/a_Services")): Object: 'Object Repository/Page_GS1 Cloud BETA - Home/a_Services' is clicked on

2019-02-07 16:11:32 - [MESSAGE][PASSED] - Object: 'Object Repository/Page_GS1 Cloud BETA - Home/a_Services' is clicked on

2019-02-07 16:11:32 - [TEST_STEP][PASSED] - Thread.sleep(1000): null

2019-02-07 16:11:33 - [TEST_STEP][PASSED] - click(findTestObject("Object Repository/Page_GS1 Cloud BETA - Services/a_Check")): Object: 'Object Repository/Page_GS1 Cloud BETA - Services/a_Check' is clicked on

2019-02-07 16:11:34 - [MESSAGE][PASSED] - Object: 'Object Repository/Page_GS1 Cloud BETA - Services/a_Check' is clicked on

2019-02-07 16:11:34 - [TEST_STEP][PASSED] - setText(findTestObject("Object Repository/Page_GS1 Cloud BETA - Check/input_Global Trade Item Number"), Checkgtinlength): Text '@' is set on object 'Object Repository/Page_GS1 Cloud BETA - Check/input_Global Trade Item Number'

2019-02-07 16:11:36 - [MESSAGE][PASSED] - Text '@' is set on object 'Object Repository/Page_GS1 Cloud BETA - Check/input_Global Trade Item Number'

2019-02-07 16:11:36 - [TEST_STEP][PASSED] - click(findTestObject("Object Repository/Page_GS1 Cloud BETA - Check/button_Search")): Object: 'Object Repository/Page_GS1 Cloud BETA - Check/button_Search' is clicked on

2019-02-07 16:11:38 - [MESSAGE][PASSED] - Object: 'Object Repository/Page_GS1 Cloud BETA - Check/button_Search' is clicked on

2019-02-07 16:11:38 - [TEST_STEP][FAILED] - verifyTextPresent(validation, false): verifyTextPresent(validation, false) FAILED.
Reason:
com.kms.katalon.core.exception.StepFailedException: Unable to verify text '* * Global Trade Item Number allows only (0 - 9) digits' is present  (Root cause: com.kms.katalon.core.exception.StepFailedException: Text '* * Global Trade Item Number allows only (0 - 9) digits' is not present on page )
	at com.kms.katalon.core.keyword.internal.KeywordMain.stepFailed(KeywordMain.groovy:36)
	at com.kms.katalon.core.webui.keyword.internal.WebUIKeywordMain.stepFailed(WebUIKeywordMain.groovy:65)
	at com.kms.katalon.core.webui.keyword.internal.WebUIKeywordMain.runKeyword(WebUIKeywordMain.groovy:27)
	at com.kms.katalon.core.webui.keyword.builtin.VerifyTextPresentKeyword.verifyTextPresent(VerifyTextPresentKeyword.groovy:83)
	at com.kms.katalon.core.webui.keyword.builtin.VerifyTextPresentKeyword.execute(VerifyTextPresentKeyword.groovy:68)
	at com.kms.katalon.core.keyword.internal.KeywordExecutor.executeKeywordForPlatform(KeywordExecutor.groovy:53)
	at com.kms.katalon.core.webui.keyword.WebUiBuiltInKeywords.verifyTextPresent(WebUiBuiltInKeywords.groovy:1693)
	at com.kms.katalon.core.webui.keyword.WebUiBuiltInKeywords$verifyTextPresent$3.call(Unknown Source)
	at Verify Valid Length of GTIN number.run(Verify Valid Length of GTIN number:40)
	at com.kms.katalon.core.main.ScriptEngine.run(ScriptEngine.java:194)
	at com.kms.katalon.core.main.ScriptEngine.runScriptAsRawText(ScriptEngine.java:119)
	at com.kms.katalon.core.main.TestCaseExecutor.runScript(TestCaseExecutor.java:328)
	at com.kms.katalon.core.main.TestCaseExecutor.doExecute(TestCaseExecutor.java:319)
	at com.kms.katalon.core.main.TestCaseExecutor.processExecutionPhase(TestCaseExecutor.java:298)
	at com.kms.katalon.core.main.TestCaseExecutor.accessMainPhase(TestCaseExecutor.java:290)
	at com.kms.katalon.core.main.TestCaseExecutor.execute(TestCaseExecutor.java:224)
	at com.kms.katalon.core.main.TestSuiteExecutor.accessTestCaseMainPhase(TestSuiteExecutor.java:129)
	at com.kms.katalon.core.main.TestSuiteExecutor.accessTestSuiteMainPhase(TestSuiteExecutor.java:112)
	at com.kms.katalon.core.main.TestSuiteExecutor.execute(TestSuiteExecutor.java:81)
	at com.kms.katalon.core.main.TestCaseMain.startTestSuite(TestCaseMain.java:149)
	at com.kms.katalon.core.main.TestCaseMain$startTestSuite$0.call(Unknown Source)
	at TempTestSuite1549535635462.run(TempTestSuite1549535635462.groovy:36)


2019-02-07 16:11:38 - [MESSAGE][FAILED] - Text '* * Global Trade Item Number allows only (0 - 9) digits' is not present on page 

2019-02-07 16:11:38 - [MESSAGE][FAILED] - Unable to verify text '* * Global Trade Item Number allows only (0 - 9) digits' is present  (Root cause: com.kms.katalon.core.exception.StepFailedException: Text '* * Global Trade Item Number allows only (0 - 9) digits' is not present on page )
[[ATTACHMENT|/Users/satwik_df_gs1/Katalon Studio/GS1-Check/Reports/GCLD-9/GCLD-9/20190207_160345/1549536098436.png]]

2019-02-07 16:11:38 - [MESSAGE][FAILED] - verifyTextPresent(validation, false) FAILED.
Reason:
com.kms.katalon.core.exception.StepFailedException: Unable to verify text '* * Global Trade Item Number allows only (0 - 9) digits' is present  (Root cause: com.kms.katalon.core.exception.StepFailedException: Text '* * Global Trade Item Number allows only (0 - 9) digits' is not present on page )
	at com.kms.katalon.core.keyword.internal.KeywordMain.stepFailed(KeywordMain.groovy:36)
	at com.kms.katalon.core.webui.keyword.internal.WebUIKeywordMain.stepFailed(WebUIKeywordMain.groovy:65)
	at com.kms.katalon.core.webui.keyword.internal.WebUIKeywordMain.runKeyword(WebUIKeywordMain.groovy:27)
	at com.kms.katalon.core.webui.keyword.builtin.VerifyTextPresentKeyword.verifyTextPresent(VerifyTextPresentKeyword.groovy:83)
	at com.kms.katalon.core.webui.keyword.builtin.VerifyTextPresentKeyword.execute(VerifyTextPresentKeyword.groovy:68)
	at com.kms.katalon.core.keyword.internal.KeywordExecutor.executeKeywordForPlatform(KeywordExecutor.groovy:53)
	at com.kms.katalon.core.webui.keyword.WebUiBuiltInKeywords.verifyTextPresent(WebUiBuiltInKeywords.groovy:1693)
	at com.kms.katalon.core.webui.keyword.WebUiBuiltInKeywords$verifyTextPresent$3.call(Unknown Source)
	at Verify Valid Length of GTIN number.run(Verify Valid Length of GTIN number:40)
	at com.kms.katalon.core.main.ScriptEngine.run(ScriptEngine.java:194)
	at com.kms.katalon.core.main.ScriptEngine.runScriptAsRawText(ScriptEngine.java:119)
	at com.kms.katalon.core.main.TestCaseExecutor.runScript(TestCaseExecutor.java:328)
	at com.kms.katalon.core.main.TestCaseExecutor.doExecute(TestCaseExecutor.java:319)
	at com.kms.katalon.core.main.TestCaseExecutor.processExecutionPhase(TestCaseExecutor.java:298)
	at com.kms.katalon.core.main.TestCaseExecutor.accessMainPhase(TestCaseExecutor.java:290)
	at com.kms.katalon.core.main.TestCaseExecutor.execute(TestCaseExecutor.java:224)
	at com.kms.katalon.core.main.TestSuiteExecutor.accessTestCaseMainPhase(TestSuiteExecutor.java:129)
	at com.kms.katalon.core.main.TestSuiteExecutor.accessTestSuiteMainPhase(TestSuiteExecutor.java:112)
	at com.kms.katalon.core.main.TestSuiteExecutor.execute(TestSuiteExecutor.java:81)
	at com.kms.katalon.core.main.TestCaseMain.startTestSuite(TestCaseMain.java:149)
	at com.kms.katalon.core.main.TestCaseMain$startTestSuite$0.call(Unknown Source)
	at TempTestSuite1549535635462.run(TempTestSuite1549535635462.groovy:36)]]></system-out>
         <system-err><![CDATA[2019-02-07 16:11:16 - [TEST_CASE][FAILED] - Test Cases/GCLD-9/Verify Valid Length of GTIN number: Test Cases/GCLD-9/Verify Valid Length of GTIN number FAILED.
Reason:
com.kms.katalon.core.exception.StepFailedException: Unable to verify text '* * Global Trade Item Number allows only (0 - 9) digits' is present  (Root cause: com.kms.katalon.core.exception.StepFailedException: Text '* * Global Trade Item Number allows only (0 - 9) digits' is not present on page )
	at com.kms.katalon.core.keyword.internal.KeywordMain.stepFailed(KeywordMain.groovy:36)
	at com.kms.katalon.core.webui.keyword.internal.WebUIKeywordMain.stepFailed(WebUIKeywordMain.groovy:65)
	at com.kms.katalon.core.webui.keyword.internal.WebUIKeywordMain.runKeyword(WebUIKeywordMain.groovy:27)
	at com.kms.katalon.core.webui.keyword.builtin.VerifyTextPresentKeyword.verifyTextPresent(VerifyTextPresentKeyword.groovy:83)
	at com.kms.katalon.core.webui.keyword.builtin.VerifyTextPresentKeyword.execute(VerifyTextPresentKeyword.groovy:68)
	at com.kms.katalon.core.keyword.internal.KeywordExecutor.executeKeywordForPlatform(KeywordExecutor.groovy:53)
	at com.kms.katalon.core.webui.keyword.WebUiBuiltInKeywords.verifyTextPresent(WebUiBuiltInKeywords.groovy:1693)
	at com.kms.katalon.core.webui.keyword.WebUiBuiltInKeywords$verifyTextPresent$3.call(Unknown Source)
	at Verify Valid Length of GTIN number.run(Verify Valid Length of GTIN number:40)
	at com.kms.katalon.core.main.ScriptEngine.run(ScriptEngine.java:194)
	at com.kms.katalon.core.main.ScriptEngine.runScriptAsRawText(ScriptEngine.java:119)
	at com.kms.katalon.core.main.TestCaseExecutor.runScript(TestCaseExecutor.java:328)
	at com.kms.katalon.core.main.TestCaseExecutor.doExecute(TestCaseExecutor.java:319)
	at com.kms.katalon.core.main.TestCaseExecutor.processExecutionPhase(TestCaseExecutor.java:298)
	at com.kms.katalon.core.main.TestCaseExecutor.accessMainPhase(TestCaseExecutor.java:290)
	at com.kms.katalon.core.main.TestCaseExecutor.execute(TestCaseExecutor.java:224)
	at com.kms.katalon.core.main.TestSuiteExecutor.accessTestCaseMainPhase(TestSuiteExecutor.java:129)
	at com.kms.katalon.core.main.TestSuiteExecutor.accessTestSuiteMainPhase(TestSuiteExecutor.java:112)
	at com.kms.katalon.core.main.TestSuiteExecutor.execute(TestSuiteExecutor.java:81)
	at com.kms.katalon.core.main.TestCaseMain.startTestSuite(TestCaseMain.java:149)
	at com.kms.katalon.core.main.TestCaseMain$startTestSuite$0.call(Unknown Source)
	at TempTestSuite1549535635462.run(TempTestSuite1549535635462.groovy:36)]]></system-err>
      </testcase>
      <system-out><![CDATA[2019-02-07 16:03:57 - [TEST_SUITE][FAILED] - GCLD-9: Test Cases/GCLD-9/Verify Valid Length of GTIN number FAILED.
Reason:
com.kms.katalon.core.exception.StepFailedException: Unable to set text '1123456789' of object 'Object Repository/Page_GS1 Cloud BETA - Check/input_Global Trade Item Number' (Root cause: com.kms.katalon.core.webui.exception.WebElementNotFoundException: Web element with id: 'Object Repository/Page_GS1 Cloud BETA - Check/input_Global Trade Item Number' located by 'By.xpath: //input[@id='itemNumber']' not found)
	at com.kms.katalon.core.keyword.internal.KeywordMain.stepFailed(KeywordMain.groovy:36)
	at com.kms.katalon.core.webui.keyword.internal.WebUIKeywordMain.stepFailed(WebUIKeywordMain.groovy:65)
	at com.kms.katalon.core.webui.keyword.internal.WebUIKeywordMain.runKeyword(WebUIKeywordMain.groovy:27)
	at com.kms.katalon.core.webui.keyword.builtin.SetTextKeyword.setText(SetTextKeyword.groovy:65)
	at com.kms.katalon.core.webui.keyword.builtin.SetTextKeyword.execute(SetTextKeyword.groovy:37)
	at com.kms.katalon.core.keyword.internal.KeywordExecutor.executeKeywordForPlatform(KeywordExecutor.groovy:53)
	at com.kms.katalon.core.webui.keyword.WebUiBuiltInKeywords.setText(WebUiBuiltInKeywords.groovy:950)
	at com.kms.katalon.core.webui.keyword.WebUiBuiltInKeywords$setText$1.call(Unknown Source)
	at Verify Valid Length of GTIN number.run(Verify Valid Length of GTIN number:34)
	at com.kms.katalon.core.main.ScriptEngine.run(ScriptEngine.java:194)
	at com.kms.katalon.core.main.ScriptEngine.runScriptAsRawText(ScriptEngine.java:119)
	at com.kms.katalon.core.main.TestCaseExecutor.runScript(TestCaseExecutor.java:328)
	at com.kms.katalon.core.main.TestCaseExecutor.doExecute(TestCaseExecutor.java:319)
	at com.kms.katalon.core.main.TestCaseExecutor.processExecutionPhase(TestCaseExecutor.java:298)
	at com.kms.katalon.core.main.TestCaseExecutor.accessMainPhase(TestCaseExecutor.java:290)
	at com.kms.katalon.core.main.TestCaseExecutor.execute(TestCaseExecutor.java:224)
	at com.kms.katalon.core.main.TestSuiteExecutor.accessTestCaseMainPhase(TestSuiteExecutor.java:129)
	at com.kms.katalon.core.main.TestSuiteExecutor.accessTestSuiteMainPhase(TestSuiteExecutor.java:112)
	at com.kms.katalon.core.main.TestSuiteExecutor.execute(TestSuiteExecutor.java:81)
	at com.kms.katalon.core.main.TestCaseMain.startTestSuite(TestCaseMain.java:149)
	at com.kms.katalon.core.main.TestCaseMain$startTestSuite$0.call(Unknown Source)
	at TempTestSuite1549535635462.run(TempTestSuite1549535635462.groovy:36)]]></system-out>
      <system-err><![CDATA[2019-02-07 16:03:57 - [TEST_SUITE][FAILED] - GCLD-9: Test Cases/GCLD-9/Verify Valid Length of GTIN number FAILED.
Reason:
com.kms.katalon.core.exception.StepFailedException: Unable to set text '1123456789' of object 'Object Repository/Page_GS1 Cloud BETA - Check/input_Global Trade Item Number' (Root cause: com.kms.katalon.core.webui.exception.WebElementNotFoundException: Web element with id: 'Object Repository/Page_GS1 Cloud BETA - Check/input_Global Trade Item Number' located by 'By.xpath: //input[@id='itemNumber']' not found)
	at com.kms.katalon.core.keyword.internal.KeywordMain.stepFailed(KeywordMain.groovy:36)
	at com.kms.katalon.core.webui.keyword.internal.WebUIKeywordMain.stepFailed(WebUIKeywordMain.groovy:65)
	at com.kms.katalon.core.webui.keyword.internal.WebUIKeywordMain.runKeyword(WebUIKeywordMain.groovy:27)
	at com.kms.katalon.core.webui.keyword.builtin.SetTextKeyword.setText(SetTextKeyword.groovy:65)
	at com.kms.katalon.core.webui.keyword.builtin.SetTextKeyword.execute(SetTextKeyword.groovy:37)
	at com.kms.katalon.core.keyword.internal.KeywordExecutor.executeKeywordForPlatform(KeywordExecutor.groovy:53)
	at com.kms.katalon.core.webui.keyword.WebUiBuiltInKeywords.setText(WebUiBuiltInKeywords.groovy:950)
	at com.kms.katalon.core.webui.keyword.WebUiBuiltInKeywords$setText$1.call(Unknown Source)
	at Verify Valid Length of GTIN number.run(Verify Valid Length of GTIN number:34)
	at com.kms.katalon.core.main.ScriptEngine.run(ScriptEngine.java:194)
	at com.kms.katalon.core.main.ScriptEngine.runScriptAsRawText(ScriptEngine.java:119)
	at com.kms.katalon.core.main.TestCaseExecutor.runScript(TestCaseExecutor.java:328)
	at com.kms.katalon.core.main.TestCaseExecutor.doExecute(TestCaseExecutor.java:319)
	at com.kms.katalon.core.main.TestCaseExecutor.processExecutionPhase(TestCaseExecutor.java:298)
	at com.kms.katalon.core.main.TestCaseExecutor.accessMainPhase(TestCaseExecutor.java:290)
	at com.kms.katalon.core.main.TestCaseExecutor.execute(TestCaseExecutor.java:224)
	at com.kms.katalon.core.main.TestSuiteExecutor.accessTestCaseMainPhase(TestSuiteExecutor.java:129)
	at com.kms.katalon.core.main.TestSuiteExecutor.accessTestSuiteMainPhase(TestSuiteExecutor.java:112)
	at com.kms.katalon.core.main.TestSuiteExecutor.execute(TestSuiteExecutor.java:81)
	at com.kms.katalon.core.main.TestCaseMain.startTestSuite(TestCaseMain.java:149)
	at com.kms.katalon.core.main.TestCaseMain$startTestSuite$0.call(Unknown Source)
	at TempTestSuite1549535635462.run(TempTestSuite1549535635462.groovy:36)]]></system-err>
   </testsuite>
</testsuites>
