<?xml version="1.0" encoding="UTF-8"?>
<testsuites name="GCLD-9" time="455" tests="16" failures="1" errors="0">
   <testsuite name="GCLD-9" tests="16" failures="1" errors="0" time="455" timestamp="2019-02-07 16:58:18" hostname="satwik_df_gs1 - 192.168.0.78" id="Test Suites/GCLD-9/GCLD-9">
      <properties>
         <property name="deviceName" value=""/>
         <property name="devicePlatform" value=""/>
         <property name="logFolder" value="/Users/satwik_df_gs1/Katalon Studio/GS1-Check/Reports/GCLD-9/GCLD-9/20190207_165806"/>
         <property name="logFiles" value="/Users/satwik_df_gs1/Katalon Studio/GS1-Check/Reports/GCLD-9/GCLD-9/20190207_165806/execution0.log"/>
         <property name="attachments" value=""/>
         <property name="hostName" value="satwik_df_gs1 - 192.168.0.78"/>
         <property name="os" value="Mac OS X 64bit"/>
         <property name="katalonVersion" value="5.10.1.1"/>
         <property name="browser" value="Chrome 71.0.3578.98"/>
         <property name="hostAddress" value="192.168.0.78"/>
         <property name="sessionId" value="c2524f478e4d711450cb136dbff9cacc"/>
         <property name="seleniumVersion" value="3.7.1"/>
         <property name="proxyInformation" value="ProxyInformation{proxyOption=NO_PROXY, proxyServerType=HTTP, password=, proxyServerAddress=, proxyServerPort=0}"/>
         <property name="platform" value="Mac OS X"/>
      </properties>
      <testcase name="Test Cases/GCLD-9/Verify Valid Length of GTIN number" classname="Test Cases/GCLD-9/Verify Valid Length of GTIN number" status="PASSED">
         <system-out><![CDATA[2019-02-07 16:58:18 - [TEST_CASE][PASSED] - Test Cases/GCLD-9/Verify Valid Length of GTIN number: Test Cases/GCLD-9/Verify Valid Length of GTIN number

2019-02-07 16:58:18 - [TEST_STEP][PASSED] - openBrowser("https://cloud.test.gs1.org/gs1-portal"): Browser is opened with url: 'https://cloud.test.gs1.org/gs1-portal'

2019-02-07 16:58:19 - [MESSAGE][INFO] - Starting 'Chrome' driver

2019-02-07 16:58:19 - [MESSAGE][INFO] - Action delay is set to 0 seconds

2019-02-07 16:58:27 - [MESSAGE][PASSED] - Browser is opened with url: 'https://cloud.test.gs1.org/gs1-portal'

2019-02-07 16:58:27 - [TEST_STEP][PASSED] - navigateToUrl("https://gs1-sso-customsts.azurewebsites.net/Account/LoginSelector"): Navigate to 'https://gs1-sso-customsts.azurewebsites.net/Account/LoginSelector' successfully

2019-02-07 16:58:27 - [MESSAGE][PASSED] - Navigate to 'https://gs1-sso-customsts.azurewebsites.net/Account/LoginSelector' successfully

2019-02-07 16:58:27 - [TEST_STEP][PASSED] - setText(findTestObject("Object Repository/Page_Sign in - GS1 STS Server/input_E-mail_Email"), email): Text 'GS1CloudTest@gs1.org' is set on object 'Object Repository/Page_Sign in - GS1 STS Server/input_E-mail_Email'

2019-02-07 16:58:27 - [MESSAGE][PASSED] - Text 'GS1CloudTest@gs1.org' is set on object 'Object Repository/Page_Sign in - GS1 STS Server/input_E-mail_Email'

2019-02-07 16:58:27 - [TEST_STEP][PASSED] - Thread.sleep(1000): null

2019-02-07 16:58:28 - [TEST_STEP][PASSED] - setText(findTestObject("Object Repository/Page_Sign in - GS1 STS Server/input_Password_Password"), password): Text 'Fvrt7564' is set on object 'Object Repository/Page_Sign in - GS1 STS Server/input_Password_Password'

2019-02-07 16:58:28 - [MESSAGE][PASSED] - Text 'Fvrt7564' is set on object 'Object Repository/Page_Sign in - GS1 STS Server/input_Password_Password'

2019-02-07 16:58:28 - [TEST_STEP][PASSED] - click(findTestObject("Object Repository/Page_Sign in - GS1 STS Server/input_Password_btn btn-default")): Object: 'Object Repository/Page_Sign in - GS1 STS Server/input_Password_btn btn-default' is clicked on

2019-02-07 16:58:37 - [MESSAGE][PASSED] - Object: 'Object Repository/Page_Sign in - GS1 STS Server/input_Password_btn btn-default' is clicked on

2019-02-07 16:58:37 - [TEST_STEP][PASSED] - click(findTestObject("Object Repository/Page_GS1 Cloud BETA - Home/a_Services")): Object: 'Object Repository/Page_GS1 Cloud BETA - Home/a_Services' is clicked on

2019-02-07 16:58:37 - [MESSAGE][PASSED] - Object: 'Object Repository/Page_GS1 Cloud BETA - Home/a_Services' is clicked on

2019-02-07 16:58:37 - [TEST_STEP][PASSED] - Thread.sleep(1000): null

2019-02-07 16:58:38 - [TEST_STEP][PASSED] - click(findTestObject("Object Repository/Page_GS1 Cloud BETA - Services/a_Check")): Object: 'Object Repository/Page_GS1 Cloud BETA - Services/a_Check' is clicked on

2019-02-07 16:58:39 - [MESSAGE][PASSED] - Object: 'Object Repository/Page_GS1 Cloud BETA - Services/a_Check' is clicked on

2019-02-07 16:58:39 - [TEST_STEP][PASSED] - if (Checkgtinlength == "12345A"): null

2019-02-07 16:58:39 - [TEST_STEP][PASSED] - if (Checkgtinlength == ""): null

2019-02-07 16:58:39 - [TEST_STEP][PASSED] - else: Text 'Integrity failed: Incorrect check digit.' is present on page 

2019-02-07 16:58:39 - [TEST_STEP][PASSED] - try: Object: 'Object Repository/Page_GS1 Cloud BETA - Check/button_Search' is clicked on

2019-02-07 16:58:39 - [TEST_STEP][PASSED] - setText(findTestObject("Object Repository/Page_GS1 Cloud BETA - Check/input_Global Trade Item Number"), Checkgtinlength): Text '1' is set on object 'Object Repository/Page_GS1 Cloud BETA - Check/input_Global Trade Item Number'

2019-02-07 16:58:41 - [MESSAGE][PASSED] - Text '1' is set on object 'Object Repository/Page_GS1 Cloud BETA - Check/input_Global Trade Item Number'

2019-02-07 16:58:41 - [TEST_STEP][PASSED] - click(findTestObject("Object Repository/Page_GS1 Cloud BETA - Check/button_Search")): Object: 'Object Repository/Page_GS1 Cloud BETA - Check/button_Search' is clicked on

2019-02-07 16:58:43 - [MESSAGE][PASSED] - Object: 'Object Repository/Page_GS1 Cloud BETA - Check/button_Search' is clicked on

2019-02-07 16:58:43 - [TEST_STEP][PASSED] - Finally: Text 'Integrity failed: Incorrect check digit.' is present on page 

2019-02-07 16:58:43 - [TEST_STEP][PASSED] - verifyTextPresent(validation, false): Text 'Integrity failed: Incorrect check digit.' is present on page 

2019-02-07 16:58:44 - [MESSAGE][PASSED] - Text 'Integrity failed: Incorrect check digit.' is present on page]]></system-out>
         <system-err><![CDATA[]]></system-err>
      </testcase>
      <testcase name="Test Cases/GCLD-9/Verify Valid Length of GTIN number" classname="Test Cases/GCLD-9/Verify Valid Length of GTIN number" status="PASSED">
         <system-out><![CDATA[2019-02-07 16:58:44 - [TEST_CASE][PASSED] - Test Cases/GCLD-9/Verify Valid Length of GTIN number: Test Cases/GCLD-9/Verify Valid Length of GTIN number

2019-02-07 16:58:44 - [TEST_STEP][PASSED] - openBrowser("https://cloud.test.gs1.org/gs1-portal"): Browser is opened with url: 'https://cloud.test.gs1.org/gs1-portal'

2019-02-07 16:58:44 - [MESSAGE][WARNING] - A browser is already opened. Closing browser and opening a new one

2019-02-07 16:58:44 - [MESSAGE][INFO] - Starting 'Chrome' driver

2019-02-07 16:58:50 - [MESSAGE][PASSED] - Browser is opened with url: 'https://cloud.test.gs1.org/gs1-portal'

2019-02-07 16:58:50 - [TEST_STEP][PASSED] - navigateToUrl("https://gs1-sso-customsts.azurewebsites.net/Account/LoginSelector"): Navigate to 'https://gs1-sso-customsts.azurewebsites.net/Account/LoginSelector' successfully

2019-02-07 16:58:51 - [MESSAGE][PASSED] - Navigate to 'https://gs1-sso-customsts.azurewebsites.net/Account/LoginSelector' successfully

2019-02-07 16:58:51 - [TEST_STEP][PASSED] - setText(findTestObject("Object Repository/Page_Sign in - GS1 STS Server/input_E-mail_Email"), email): Text 'GS1CloudTest@gs1.org' is set on object 'Object Repository/Page_Sign in - GS1 STS Server/input_E-mail_Email'

2019-02-07 16:58:51 - [MESSAGE][PASSED] - Text 'GS1CloudTest@gs1.org' is set on object 'Object Repository/Page_Sign in - GS1 STS Server/input_E-mail_Email'

2019-02-07 16:58:51 - [TEST_STEP][PASSED] - Thread.sleep(1000): null

2019-02-07 16:58:52 - [TEST_STEP][PASSED] - setText(findTestObject("Object Repository/Page_Sign in - GS1 STS Server/input_Password_Password"), password): Text 'Fvrt7564' is set on object 'Object Repository/Page_Sign in - GS1 STS Server/input_Password_Password'

2019-02-07 16:58:52 - [MESSAGE][PASSED] - Text 'Fvrt7564' is set on object 'Object Repository/Page_Sign in - GS1 STS Server/input_Password_Password'

2019-02-07 16:58:52 - [TEST_STEP][PASSED] - click(findTestObject("Object Repository/Page_Sign in - GS1 STS Server/input_Password_btn btn-default")): Object: 'Object Repository/Page_Sign in - GS1 STS Server/input_Password_btn btn-default' is clicked on

2019-02-07 16:59:01 - [MESSAGE][PASSED] - Object: 'Object Repository/Page_Sign in - GS1 STS Server/input_Password_btn btn-default' is clicked on

2019-02-07 16:59:01 - [TEST_STEP][PASSED] - click(findTestObject("Object Repository/Page_GS1 Cloud BETA - Home/a_Services")): Object: 'Object Repository/Page_GS1 Cloud BETA - Home/a_Services' is clicked on

2019-02-07 16:59:02 - [MESSAGE][PASSED] - Object: 'Object Repository/Page_GS1 Cloud BETA - Home/a_Services' is clicked on

2019-02-07 16:59:02 - [TEST_STEP][PASSED] - Thread.sleep(1000): null

2019-02-07 16:59:03 - [TEST_STEP][PASSED] - click(findTestObject("Object Repository/Page_GS1 Cloud BETA - Services/a_Check")): Object: 'Object Repository/Page_GS1 Cloud BETA - Services/a_Check' is clicked on

2019-02-07 16:59:04 - [MESSAGE][PASSED] - Object: 'Object Repository/Page_GS1 Cloud BETA - Services/a_Check' is clicked on

2019-02-07 16:59:04 - [TEST_STEP][PASSED] - if (Checkgtinlength == "12345A"): null

2019-02-07 16:59:04 - [TEST_STEP][PASSED] - if (Checkgtinlength == ""): null

2019-02-07 16:59:04 - [TEST_STEP][PASSED] - else: Text 'Integrity failed: Incorrect check digit.' is present on page 

2019-02-07 16:59:04 - [TEST_STEP][PASSED] - try: Object: 'Object Repository/Page_GS1 Cloud BETA - Check/button_Search' is clicked on

2019-02-07 16:59:04 - [TEST_STEP][PASSED] - setText(findTestObject("Object Repository/Page_GS1 Cloud BETA - Check/input_Global Trade Item Number"), Checkgtinlength): Text '12' is set on object 'Object Repository/Page_GS1 Cloud BETA - Check/input_Global Trade Item Number'

2019-02-07 16:59:07 - [MESSAGE][PASSED] - Text '12' is set on object 'Object Repository/Page_GS1 Cloud BETA - Check/input_Global Trade Item Number'

2019-02-07 16:59:07 - [TEST_STEP][PASSED] - click(findTestObject("Object Repository/Page_GS1 Cloud BETA - Check/button_Search")): Object: 'Object Repository/Page_GS1 Cloud BETA - Check/button_Search' is clicked on

2019-02-07 16:59:10 - [MESSAGE][PASSED] - Object: 'Object Repository/Page_GS1 Cloud BETA - Check/button_Search' is clicked on

2019-02-07 16:59:10 - [TEST_STEP][PASSED] - Finally: Text 'Integrity failed: Incorrect check digit.' is present on page 

2019-02-07 16:59:10 - [TEST_STEP][PASSED] - verifyTextPresent(validation, false): Text 'Integrity failed: Incorrect check digit.' is present on page 

2019-02-07 16:59:10 - [MESSAGE][PASSED] - Text 'Integrity failed: Incorrect check digit.' is present on page]]></system-out>
         <system-err><![CDATA[]]></system-err>
      </testcase>
      <testcase name="Test Cases/GCLD-9/Verify Valid Length of GTIN number" classname="Test Cases/GCLD-9/Verify Valid Length of GTIN number" status="PASSED">
         <system-out><![CDATA[2019-02-07 16:59:10 - [TEST_CASE][PASSED] - Test Cases/GCLD-9/Verify Valid Length of GTIN number: Test Cases/GCLD-9/Verify Valid Length of GTIN number

2019-02-07 16:59:10 - [TEST_STEP][PASSED] - openBrowser("https://cloud.test.gs1.org/gs1-portal"): Browser is opened with url: 'https://cloud.test.gs1.org/gs1-portal'

2019-02-07 16:59:10 - [MESSAGE][WARNING] - A browser is already opened. Closing browser and opening a new one

2019-02-07 16:59:10 - [MESSAGE][INFO] - Starting 'Chrome' driver

2019-02-07 16:59:17 - [MESSAGE][PASSED] - Browser is opened with url: 'https://cloud.test.gs1.org/gs1-portal'

2019-02-07 16:59:17 - [TEST_STEP][PASSED] - navigateToUrl("https://gs1-sso-customsts.azurewebsites.net/Account/LoginSelector"): Navigate to 'https://gs1-sso-customsts.azurewebsites.net/Account/LoginSelector' successfully

2019-02-07 16:59:17 - [MESSAGE][PASSED] - Navigate to 'https://gs1-sso-customsts.azurewebsites.net/Account/LoginSelector' successfully

2019-02-07 16:59:17 - [TEST_STEP][PASSED] - setText(findTestObject("Object Repository/Page_Sign in - GS1 STS Server/input_E-mail_Email"), email): Text 'GS1CloudTest@gs1.org' is set on object 'Object Repository/Page_Sign in - GS1 STS Server/input_E-mail_Email'

2019-02-07 16:59:17 - [MESSAGE][PASSED] - Text 'GS1CloudTest@gs1.org' is set on object 'Object Repository/Page_Sign in - GS1 STS Server/input_E-mail_Email'

2019-02-07 16:59:17 - [TEST_STEP][PASSED] - Thread.sleep(1000): null

2019-02-07 16:59:18 - [TEST_STEP][PASSED] - setText(findTestObject("Object Repository/Page_Sign in - GS1 STS Server/input_Password_Password"), password): Text 'Fvrt7564' is set on object 'Object Repository/Page_Sign in - GS1 STS Server/input_Password_Password'

2019-02-07 16:59:18 - [MESSAGE][PASSED] - Text 'Fvrt7564' is set on object 'Object Repository/Page_Sign in - GS1 STS Server/input_Password_Password'

2019-02-07 16:59:18 - [TEST_STEP][PASSED] - click(findTestObject("Object Repository/Page_Sign in - GS1 STS Server/input_Password_btn btn-default")): Object: 'Object Repository/Page_Sign in - GS1 STS Server/input_Password_btn btn-default' is clicked on

2019-02-07 16:59:33 - [MESSAGE][PASSED] - Object: 'Object Repository/Page_Sign in - GS1 STS Server/input_Password_btn btn-default' is clicked on

2019-02-07 16:59:33 - [TEST_STEP][PASSED] - click(findTestObject("Object Repository/Page_GS1 Cloud BETA - Home/a_Services")): Object: 'Object Repository/Page_GS1 Cloud BETA - Home/a_Services' is clicked on

2019-02-07 16:59:33 - [MESSAGE][PASSED] - Object: 'Object Repository/Page_GS1 Cloud BETA - Home/a_Services' is clicked on

2019-02-07 16:59:33 - [TEST_STEP][PASSED] - Thread.sleep(1000): null

2019-02-07 16:59:34 - [TEST_STEP][PASSED] - click(findTestObject("Object Repository/Page_GS1 Cloud BETA - Services/a_Check")): Object: 'Object Repository/Page_GS1 Cloud BETA - Services/a_Check' is clicked on

2019-02-07 16:59:37 - [MESSAGE][PASSED] - Object: 'Object Repository/Page_GS1 Cloud BETA - Services/a_Check' is clicked on

2019-02-07 16:59:37 - [TEST_STEP][PASSED] - if (Checkgtinlength == "12345A"): null

2019-02-07 16:59:37 - [TEST_STEP][PASSED] - if (Checkgtinlength == ""): null

2019-02-07 16:59:37 - [TEST_STEP][PASSED] - else: Text 'Incorrect number. That GS1 prefix (3-digit country code) does not exist.' is present on page 

2019-02-07 16:59:37 - [TEST_STEP][PASSED] - try: Object: 'Object Repository/Page_GS1 Cloud BETA - Check/button_Search' is clicked on

2019-02-07 16:59:37 - [TEST_STEP][PASSED] - setText(findTestObject("Object Repository/Page_GS1 Cloud BETA - Check/input_Global Trade Item Number"), Checkgtinlength): Text '123' is set on object 'Object Repository/Page_GS1 Cloud BETA - Check/input_Global Trade Item Number'

2019-02-07 16:59:39 - [MESSAGE][PASSED] - Text '123' is set on object 'Object Repository/Page_GS1 Cloud BETA - Check/input_Global Trade Item Number'

2019-02-07 16:59:39 - [TEST_STEP][PASSED] - click(findTestObject("Object Repository/Page_GS1 Cloud BETA - Check/button_Search")): Object: 'Object Repository/Page_GS1 Cloud BETA - Check/button_Search' is clicked on

2019-02-07 16:59:42 - [MESSAGE][PASSED] - Object: 'Object Repository/Page_GS1 Cloud BETA - Check/button_Search' is clicked on

2019-02-07 16:59:42 - [TEST_STEP][PASSED] - Finally: Text 'Incorrect number. That GS1 prefix (3-digit country code) does not exist.' is present on page 

2019-02-07 16:59:42 - [TEST_STEP][PASSED] - verifyTextPresent(validation, false): Text 'Incorrect number. That GS1 prefix (3-digit country code) does not exist.' is present on page 

2019-02-07 16:59:42 - [MESSAGE][PASSED] - Text 'Incorrect number. That GS1 prefix (3-digit country code) does not exist.' is present on page]]></system-out>
         <system-err><![CDATA[]]></system-err>
      </testcase>
      <testcase name="Test Cases/GCLD-9/Verify Valid Length of GTIN number" classname="Test Cases/GCLD-9/Verify Valid Length of GTIN number" status="PASSED">
         <system-out><![CDATA[2019-02-07 16:59:42 - [TEST_CASE][PASSED] - Test Cases/GCLD-9/Verify Valid Length of GTIN number: Test Cases/GCLD-9/Verify Valid Length of GTIN number

2019-02-07 16:59:42 - [TEST_STEP][PASSED] - openBrowser("https://cloud.test.gs1.org/gs1-portal"): Browser is opened with url: 'https://cloud.test.gs1.org/gs1-portal'

2019-02-07 16:59:42 - [MESSAGE][WARNING] - A browser is already opened. Closing browser and opening a new one

2019-02-07 16:59:42 - [MESSAGE][INFO] - Starting 'Chrome' driver

2019-02-07 16:59:48 - [MESSAGE][PASSED] - Browser is opened with url: 'https://cloud.test.gs1.org/gs1-portal'

2019-02-07 16:59:48 - [TEST_STEP][PASSED] - navigateToUrl("https://gs1-sso-customsts.azurewebsites.net/Account/LoginSelector"): Navigate to 'https://gs1-sso-customsts.azurewebsites.net/Account/LoginSelector' successfully

2019-02-07 16:59:49 - [MESSAGE][PASSED] - Navigate to 'https://gs1-sso-customsts.azurewebsites.net/Account/LoginSelector' successfully

2019-02-07 16:59:49 - [TEST_STEP][PASSED] - setText(findTestObject("Object Repository/Page_Sign in - GS1 STS Server/input_E-mail_Email"), email): Text 'GS1CloudTest@gs1.org' is set on object 'Object Repository/Page_Sign in - GS1 STS Server/input_E-mail_Email'

2019-02-07 16:59:49 - [MESSAGE][PASSED] - Text 'GS1CloudTest@gs1.org' is set on object 'Object Repository/Page_Sign in - GS1 STS Server/input_E-mail_Email'

2019-02-07 16:59:49 - [TEST_STEP][PASSED] - Thread.sleep(1000): null

2019-02-07 16:59:50 - [TEST_STEP][PASSED] - setText(findTestObject("Object Repository/Page_Sign in - GS1 STS Server/input_Password_Password"), password): Text 'Fvrt7564' is set on object 'Object Repository/Page_Sign in - GS1 STS Server/input_Password_Password'

2019-02-07 16:59:50 - [MESSAGE][PASSED] - Text 'Fvrt7564' is set on object 'Object Repository/Page_Sign in - GS1 STS Server/input_Password_Password'

2019-02-07 16:59:50 - [TEST_STEP][PASSED] - click(findTestObject("Object Repository/Page_Sign in - GS1 STS Server/input_Password_btn btn-default")): Object: 'Object Repository/Page_Sign in - GS1 STS Server/input_Password_btn btn-default' is clicked on

2019-02-07 16:59:59 - [MESSAGE][PASSED] - Object: 'Object Repository/Page_Sign in - GS1 STS Server/input_Password_btn btn-default' is clicked on

2019-02-07 16:59:59 - [TEST_STEP][PASSED] - click(findTestObject("Object Repository/Page_GS1 Cloud BETA - Home/a_Services")): Object: 'Object Repository/Page_GS1 Cloud BETA - Home/a_Services' is clicked on

2019-02-07 16:59:59 - [MESSAGE][PASSED] - Object: 'Object Repository/Page_GS1 Cloud BETA - Home/a_Services' is clicked on

2019-02-07 16:59:59 - [TEST_STEP][PASSED] - Thread.sleep(1000): null

2019-02-07 17:00:00 - [TEST_STEP][PASSED] - click(findTestObject("Object Repository/Page_GS1 Cloud BETA - Services/a_Check")): Object: 'Object Repository/Page_GS1 Cloud BETA - Services/a_Check' is clicked on

2019-02-07 17:00:02 - [MESSAGE][PASSED] - Object: 'Object Repository/Page_GS1 Cloud BETA - Services/a_Check' is clicked on

2019-02-07 17:00:02 - [TEST_STEP][PASSED] - if (Checkgtinlength == "12345A"): null

2019-02-07 17:00:02 - [TEST_STEP][PASSED] - if (Checkgtinlength == ""): null

2019-02-07 17:00:02 - [TEST_STEP][PASSED] - else: Text 'Integrity failed: Incorrect check digit.' is present on page 

2019-02-07 17:00:02 - [TEST_STEP][PASSED] - try: Object: 'Object Repository/Page_GS1 Cloud BETA - Check/button_Search' is clicked on

2019-02-07 17:00:02 - [TEST_STEP][PASSED] - setText(findTestObject("Object Repository/Page_GS1 Cloud BETA - Check/input_Global Trade Item Number"), Checkgtinlength): Text '1234' is set on object 'Object Repository/Page_GS1 Cloud BETA - Check/input_Global Trade Item Number'

2019-02-07 17:00:04 - [MESSAGE][PASSED] - Text '1234' is set on object 'Object Repository/Page_GS1 Cloud BETA - Check/input_Global Trade Item Number'

2019-02-07 17:00:04 - [TEST_STEP][PASSED] - click(findTestObject("Object Repository/Page_GS1 Cloud BETA - Check/button_Search")): Object: 'Object Repository/Page_GS1 Cloud BETA - Check/button_Search' is clicked on

2019-02-07 17:00:08 - [MESSAGE][PASSED] - Object: 'Object Repository/Page_GS1 Cloud BETA - Check/button_Search' is clicked on

2019-02-07 17:00:08 - [TEST_STEP][PASSED] - Finally: Text 'Integrity failed: Incorrect check digit.' is present on page 

2019-02-07 17:00:08 - [TEST_STEP][PASSED] - verifyTextPresent(validation, false): Text 'Integrity failed: Incorrect check digit.' is present on page 

2019-02-07 17:00:08 - [MESSAGE][PASSED] - Text 'Integrity failed: Incorrect check digit.' is present on page]]></system-out>
         <system-err><![CDATA[]]></system-err>
      </testcase>
      <testcase name="Test Cases/GCLD-9/Verify Valid Length of GTIN number" classname="Test Cases/GCLD-9/Verify Valid Length of GTIN number" status="PASSED">
         <system-out><![CDATA[2019-02-07 17:00:08 - [TEST_CASE][PASSED] - Test Cases/GCLD-9/Verify Valid Length of GTIN number: Test Cases/GCLD-9/Verify Valid Length of GTIN number

2019-02-07 17:00:08 - [TEST_STEP][PASSED] - openBrowser("https://cloud.test.gs1.org/gs1-portal"): Browser is opened with url: 'https://cloud.test.gs1.org/gs1-portal'

2019-02-07 17:00:08 - [MESSAGE][WARNING] - A browser is already opened. Closing browser and opening a new one

2019-02-07 17:00:08 - [MESSAGE][INFO] - Starting 'Chrome' driver

2019-02-07 17:00:15 - [MESSAGE][PASSED] - Browser is opened with url: 'https://cloud.test.gs1.org/gs1-portal'

2019-02-07 17:00:15 - [TEST_STEP][PASSED] - navigateToUrl("https://gs1-sso-customsts.azurewebsites.net/Account/LoginSelector"): Navigate to 'https://gs1-sso-customsts.azurewebsites.net/Account/LoginSelector' successfully

2019-02-07 17:00:16 - [MESSAGE][PASSED] - Navigate to 'https://gs1-sso-customsts.azurewebsites.net/Account/LoginSelector' successfully

2019-02-07 17:00:16 - [TEST_STEP][PASSED] - setText(findTestObject("Object Repository/Page_Sign in - GS1 STS Server/input_E-mail_Email"), email): Text 'GS1CloudTest@gs1.org' is set on object 'Object Repository/Page_Sign in - GS1 STS Server/input_E-mail_Email'

2019-02-07 17:00:16 - [MESSAGE][PASSED] - Text 'GS1CloudTest@gs1.org' is set on object 'Object Repository/Page_Sign in - GS1 STS Server/input_E-mail_Email'

2019-02-07 17:00:16 - [TEST_STEP][PASSED] - Thread.sleep(1000): null

2019-02-07 17:00:17 - [TEST_STEP][PASSED] - setText(findTestObject("Object Repository/Page_Sign in - GS1 STS Server/input_Password_Password"), password): Text 'Fvrt7564' is set on object 'Object Repository/Page_Sign in - GS1 STS Server/input_Password_Password'

2019-02-07 17:00:17 - [MESSAGE][PASSED] - Text 'Fvrt7564' is set on object 'Object Repository/Page_Sign in - GS1 STS Server/input_Password_Password'

2019-02-07 17:00:17 - [TEST_STEP][PASSED] - click(findTestObject("Object Repository/Page_Sign in - GS1 STS Server/input_Password_btn btn-default")): Object: 'Object Repository/Page_Sign in - GS1 STS Server/input_Password_btn btn-default' is clicked on

2019-02-07 17:00:29 - [MESSAGE][PASSED] - Object: 'Object Repository/Page_Sign in - GS1 STS Server/input_Password_btn btn-default' is clicked on

2019-02-07 17:00:29 - [TEST_STEP][PASSED] - click(findTestObject("Object Repository/Page_GS1 Cloud BETA - Home/a_Services")): Object: 'Object Repository/Page_GS1 Cloud BETA - Home/a_Services' is clicked on

2019-02-07 17:00:29 - [MESSAGE][PASSED] - Object: 'Object Repository/Page_GS1 Cloud BETA - Home/a_Services' is clicked on

2019-02-07 17:00:29 - [TEST_STEP][PASSED] - Thread.sleep(1000): null

2019-02-07 17:00:30 - [TEST_STEP][PASSED] - click(findTestObject("Object Repository/Page_GS1 Cloud BETA - Services/a_Check")): Object: 'Object Repository/Page_GS1 Cloud BETA - Services/a_Check' is clicked on

2019-02-07 17:00:32 - [MESSAGE][PASSED] - Object: 'Object Repository/Page_GS1 Cloud BETA - Services/a_Check' is clicked on

2019-02-07 17:00:32 - [TEST_STEP][PASSED] - if (Checkgtinlength == "12345A"): null

2019-02-07 17:00:32 - [TEST_STEP][PASSED] - if (Checkgtinlength == ""): null

2019-02-07 17:00:32 - [TEST_STEP][PASSED] - else: Text 'Integrity failed: Incorrect check digit.' is present on page 

2019-02-07 17:00:32 - [TEST_STEP][PASSED] - try: Object: 'Object Repository/Page_GS1 Cloud BETA - Check/button_Search' is clicked on

2019-02-07 17:00:32 - [TEST_STEP][PASSED] - setText(findTestObject("Object Repository/Page_GS1 Cloud BETA - Check/input_Global Trade Item Number"), Checkgtinlength): Text '12345' is set on object 'Object Repository/Page_GS1 Cloud BETA - Check/input_Global Trade Item Number'

2019-02-07 17:00:37 - [MESSAGE][PASSED] - Text '12345' is set on object 'Object Repository/Page_GS1 Cloud BETA - Check/input_Global Trade Item Number'

2019-02-07 17:00:37 - [TEST_STEP][PASSED] - click(findTestObject("Object Repository/Page_GS1 Cloud BETA - Check/button_Search")): Object: 'Object Repository/Page_GS1 Cloud BETA - Check/button_Search' is clicked on

2019-02-07 17:00:40 - [MESSAGE][PASSED] - Object: 'Object Repository/Page_GS1 Cloud BETA - Check/button_Search' is clicked on

2019-02-07 17:00:40 - [TEST_STEP][PASSED] - Finally: Text 'Integrity failed: Incorrect check digit.' is present on page 

2019-02-07 17:00:40 - [TEST_STEP][PASSED] - verifyTextPresent(validation, false): Text 'Integrity failed: Incorrect check digit.' is present on page 

2019-02-07 17:00:40 - [MESSAGE][PASSED] - Text 'Integrity failed: Incorrect check digit.' is present on page]]></system-out>
         <system-err><![CDATA[]]></system-err>
      </testcase>
      <testcase name="Test Cases/GCLD-9/Verify Valid Length of GTIN number" classname="Test Cases/GCLD-9/Verify Valid Length of GTIN number" status="PASSED">
         <system-out><![CDATA[2019-02-07 17:00:40 - [TEST_CASE][PASSED] - Test Cases/GCLD-9/Verify Valid Length of GTIN number: Test Cases/GCLD-9/Verify Valid Length of GTIN number

2019-02-07 17:00:40 - [TEST_STEP][PASSED] - openBrowser("https://cloud.test.gs1.org/gs1-portal"): Browser is opened with url: 'https://cloud.test.gs1.org/gs1-portal'

2019-02-07 17:00:40 - [MESSAGE][WARNING] - A browser is already opened. Closing browser and opening a new one

2019-02-07 17:00:40 - [MESSAGE][INFO] - Starting 'Chrome' driver

2019-02-07 17:00:46 - [MESSAGE][PASSED] - Browser is opened with url: 'https://cloud.test.gs1.org/gs1-portal'

2019-02-07 17:00:46 - [TEST_STEP][PASSED] - navigateToUrl("https://gs1-sso-customsts.azurewebsites.net/Account/LoginSelector"): Navigate to 'https://gs1-sso-customsts.azurewebsites.net/Account/LoginSelector' successfully

2019-02-07 17:00:47 - [MESSAGE][PASSED] - Navigate to 'https://gs1-sso-customsts.azurewebsites.net/Account/LoginSelector' successfully

2019-02-07 17:00:47 - [TEST_STEP][PASSED] - setText(findTestObject("Object Repository/Page_Sign in - GS1 STS Server/input_E-mail_Email"), email): Text 'GS1CloudTest@gs1.org' is set on object 'Object Repository/Page_Sign in - GS1 STS Server/input_E-mail_Email'

2019-02-07 17:00:47 - [MESSAGE][PASSED] - Text 'GS1CloudTest@gs1.org' is set on object 'Object Repository/Page_Sign in - GS1 STS Server/input_E-mail_Email'

2019-02-07 17:00:47 - [TEST_STEP][PASSED] - Thread.sleep(1000): null

2019-02-07 17:00:48 - [TEST_STEP][PASSED] - setText(findTestObject("Object Repository/Page_Sign in - GS1 STS Server/input_Password_Password"), password): Text 'Fvrt7564' is set on object 'Object Repository/Page_Sign in - GS1 STS Server/input_Password_Password'

2019-02-07 17:00:48 - [MESSAGE][PASSED] - Text 'Fvrt7564' is set on object 'Object Repository/Page_Sign in - GS1 STS Server/input_Password_Password'

2019-02-07 17:00:48 - [TEST_STEP][PASSED] - click(findTestObject("Object Repository/Page_Sign in - GS1 STS Server/input_Password_btn btn-default")): Object: 'Object Repository/Page_Sign in - GS1 STS Server/input_Password_btn btn-default' is clicked on

2019-02-07 17:00:57 - [MESSAGE][PASSED] - Object: 'Object Repository/Page_Sign in - GS1 STS Server/input_Password_btn btn-default' is clicked on

2019-02-07 17:00:57 - [TEST_STEP][PASSED] - click(findTestObject("Object Repository/Page_GS1 Cloud BETA - Home/a_Services")): Object: 'Object Repository/Page_GS1 Cloud BETA - Home/a_Services' is clicked on

2019-02-07 17:00:57 - [MESSAGE][PASSED] - Object: 'Object Repository/Page_GS1 Cloud BETA - Home/a_Services' is clicked on

2019-02-07 17:00:57 - [TEST_STEP][PASSED] - Thread.sleep(1000): null

2019-02-07 17:00:58 - [TEST_STEP][PASSED] - click(findTestObject("Object Repository/Page_GS1 Cloud BETA - Services/a_Check")): Object: 'Object Repository/Page_GS1 Cloud BETA - Services/a_Check' is clicked on

2019-02-07 17:01:00 - [MESSAGE][PASSED] - Object: 'Object Repository/Page_GS1 Cloud BETA - Services/a_Check' is clicked on

2019-02-07 17:01:00 - [TEST_STEP][PASSED] - if (Checkgtinlength == "12345A"): null

2019-02-07 17:01:00 - [TEST_STEP][PASSED] - if (Checkgtinlength == ""): null

2019-02-07 17:01:00 - [TEST_STEP][PASSED] - else: Text 'Integrity failed: Incorrect check digit.' is present on page 

2019-02-07 17:01:00 - [TEST_STEP][PASSED] - try: Object: 'Object Repository/Page_GS1 Cloud BETA - Check/button_Search' is clicked on

2019-02-07 17:01:00 - [TEST_STEP][PASSED] - setText(findTestObject("Object Repository/Page_GS1 Cloud BETA - Check/input_Global Trade Item Number"), Checkgtinlength): Text '123456' is set on object 'Object Repository/Page_GS1 Cloud BETA - Check/input_Global Trade Item Number'

2019-02-07 17:01:03 - [MESSAGE][PASSED] - Text '123456' is set on object 'Object Repository/Page_GS1 Cloud BETA - Check/input_Global Trade Item Number'

2019-02-07 17:01:03 - [TEST_STEP][PASSED] - click(findTestObject("Object Repository/Page_GS1 Cloud BETA - Check/button_Search")): Object: 'Object Repository/Page_GS1 Cloud BETA - Check/button_Search' is clicked on

2019-02-07 17:01:06 - [MESSAGE][PASSED] - Object: 'Object Repository/Page_GS1 Cloud BETA - Check/button_Search' is clicked on

2019-02-07 17:01:06 - [TEST_STEP][PASSED] - Finally: Text 'Integrity failed: Incorrect check digit.' is present on page 

2019-02-07 17:01:06 - [TEST_STEP][PASSED] - verifyTextPresent(validation, false): Text 'Integrity failed: Incorrect check digit.' is present on page 

2019-02-07 17:01:06 - [MESSAGE][PASSED] - Text 'Integrity failed: Incorrect check digit.' is present on page]]></system-out>
         <system-err><![CDATA[]]></system-err>
      </testcase>
      <testcase name="Test Cases/GCLD-9/Verify Valid Length of GTIN number" classname="Test Cases/GCLD-9/Verify Valid Length of GTIN number" status="PASSED">
         <system-out><![CDATA[2019-02-07 17:01:06 - [TEST_CASE][PASSED] - Test Cases/GCLD-9/Verify Valid Length of GTIN number: Test Cases/GCLD-9/Verify Valid Length of GTIN number

2019-02-07 17:01:06 - [TEST_STEP][PASSED] - openBrowser("https://cloud.test.gs1.org/gs1-portal"): Browser is opened with url: 'https://cloud.test.gs1.org/gs1-portal'

2019-02-07 17:01:06 - [MESSAGE][WARNING] - A browser is already opened. Closing browser and opening a new one

2019-02-07 17:01:06 - [MESSAGE][INFO] - Starting 'Chrome' driver

2019-02-07 17:01:14 - [MESSAGE][PASSED] - Browser is opened with url: 'https://cloud.test.gs1.org/gs1-portal'

2019-02-07 17:01:14 - [TEST_STEP][PASSED] - navigateToUrl("https://gs1-sso-customsts.azurewebsites.net/Account/LoginSelector"): Navigate to 'https://gs1-sso-customsts.azurewebsites.net/Account/LoginSelector' successfully

2019-02-07 17:01:14 - [MESSAGE][PASSED] - Navigate to 'https://gs1-sso-customsts.azurewebsites.net/Account/LoginSelector' successfully

2019-02-07 17:01:14 - [TEST_STEP][PASSED] - setText(findTestObject("Object Repository/Page_Sign in - GS1 STS Server/input_E-mail_Email"), email): Text 'GS1CloudTest@gs1.org' is set on object 'Object Repository/Page_Sign in - GS1 STS Server/input_E-mail_Email'

2019-02-07 17:01:14 - [MESSAGE][PASSED] - Text 'GS1CloudTest@gs1.org' is set on object 'Object Repository/Page_Sign in - GS1 STS Server/input_E-mail_Email'

2019-02-07 17:01:14 - [TEST_STEP][PASSED] - Thread.sleep(1000): null

2019-02-07 17:01:15 - [TEST_STEP][PASSED] - setText(findTestObject("Object Repository/Page_Sign in - GS1 STS Server/input_Password_Password"), password): Text 'Fvrt7564' is set on object 'Object Repository/Page_Sign in - GS1 STS Server/input_Password_Password'

2019-02-07 17:01:15 - [MESSAGE][PASSED] - Text 'Fvrt7564' is set on object 'Object Repository/Page_Sign in - GS1 STS Server/input_Password_Password'

2019-02-07 17:01:15 - [TEST_STEP][PASSED] - click(findTestObject("Object Repository/Page_Sign in - GS1 STS Server/input_Password_btn btn-default")): Object: 'Object Repository/Page_Sign in - GS1 STS Server/input_Password_btn btn-default' is clicked on

2019-02-07 17:01:25 - [MESSAGE][PASSED] - Object: 'Object Repository/Page_Sign in - GS1 STS Server/input_Password_btn btn-default' is clicked on

2019-02-07 17:01:25 - [TEST_STEP][PASSED] - click(findTestObject("Object Repository/Page_GS1 Cloud BETA - Home/a_Services")): Object: 'Object Repository/Page_GS1 Cloud BETA - Home/a_Services' is clicked on

2019-02-07 17:01:25 - [MESSAGE][PASSED] - Object: 'Object Repository/Page_GS1 Cloud BETA - Home/a_Services' is clicked on

2019-02-07 17:01:25 - [TEST_STEP][PASSED] - Thread.sleep(1000): null

2019-02-07 17:01:26 - [TEST_STEP][PASSED] - click(findTestObject("Object Repository/Page_GS1 Cloud BETA - Services/a_Check")): Object: 'Object Repository/Page_GS1 Cloud BETA - Services/a_Check' is clicked on

2019-02-07 17:01:29 - [MESSAGE][PASSED] - Object: 'Object Repository/Page_GS1 Cloud BETA - Services/a_Check' is clicked on

2019-02-07 17:01:29 - [TEST_STEP][PASSED] - if (Checkgtinlength == "12345A"): null

2019-02-07 17:01:29 - [TEST_STEP][PASSED] - if (Checkgtinlength == ""): null

2019-02-07 17:01:29 - [TEST_STEP][PASSED] - else: Text 'Integrity failed: Incorrect check digit.' is present on page 

2019-02-07 17:01:29 - [TEST_STEP][PASSED] - try: Object: 'Object Repository/Page_GS1 Cloud BETA - Check/button_Search' is clicked on

2019-02-07 17:01:29 - [TEST_STEP][PASSED] - setText(findTestObject("Object Repository/Page_GS1 Cloud BETA - Check/input_Global Trade Item Number"), Checkgtinlength): Text '1234567' is set on object 'Object Repository/Page_GS1 Cloud BETA - Check/input_Global Trade Item Number'

2019-02-07 17:01:31 - [MESSAGE][PASSED] - Text '1234567' is set on object 'Object Repository/Page_GS1 Cloud BETA - Check/input_Global Trade Item Number'

2019-02-07 17:01:31 - [TEST_STEP][PASSED] - click(findTestObject("Object Repository/Page_GS1 Cloud BETA - Check/button_Search")): Object: 'Object Repository/Page_GS1 Cloud BETA - Check/button_Search' is clicked on

2019-02-07 17:01:34 - [MESSAGE][PASSED] - Object: 'Object Repository/Page_GS1 Cloud BETA - Check/button_Search' is clicked on

2019-02-07 17:01:34 - [TEST_STEP][PASSED] - Finally: Text 'Integrity failed: Incorrect check digit.' is present on page 

2019-02-07 17:01:34 - [TEST_STEP][PASSED] - verifyTextPresent(validation, false): Text 'Integrity failed: Incorrect check digit.' is present on page 

2019-02-07 17:01:34 - [MESSAGE][PASSED] - Text 'Integrity failed: Incorrect check digit.' is present on page]]></system-out>
         <system-err><![CDATA[]]></system-err>
      </testcase>
      <testcase name="Test Cases/GCLD-9/Verify Valid Length of GTIN number" classname="Test Cases/GCLD-9/Verify Valid Length of GTIN number" status="PASSED">
         <system-out><![CDATA[2019-02-07 17:01:34 - [TEST_CASE][PASSED] - Test Cases/GCLD-9/Verify Valid Length of GTIN number: Test Cases/GCLD-9/Verify Valid Length of GTIN number

2019-02-07 17:01:34 - [TEST_STEP][PASSED] - openBrowser("https://cloud.test.gs1.org/gs1-portal"): Browser is opened with url: 'https://cloud.test.gs1.org/gs1-portal'

2019-02-07 17:01:34 - [MESSAGE][WARNING] - A browser is already opened. Closing browser and opening a new one

2019-02-07 17:01:34 - [MESSAGE][INFO] - Starting 'Chrome' driver

2019-02-07 17:01:40 - [MESSAGE][PASSED] - Browser is opened with url: 'https://cloud.test.gs1.org/gs1-portal'

2019-02-07 17:01:40 - [TEST_STEP][PASSED] - navigateToUrl("https://gs1-sso-customsts.azurewebsites.net/Account/LoginSelector"): Navigate to 'https://gs1-sso-customsts.azurewebsites.net/Account/LoginSelector' successfully

2019-02-07 17:01:40 - [MESSAGE][PASSED] - Navigate to 'https://gs1-sso-customsts.azurewebsites.net/Account/LoginSelector' successfully

2019-02-07 17:01:40 - [TEST_STEP][PASSED] - setText(findTestObject("Object Repository/Page_Sign in - GS1 STS Server/input_E-mail_Email"), email): Text 'GS1CloudTest@gs1.org' is set on object 'Object Repository/Page_Sign in - GS1 STS Server/input_E-mail_Email'

2019-02-07 17:01:40 - [MESSAGE][PASSED] - Text 'GS1CloudTest@gs1.org' is set on object 'Object Repository/Page_Sign in - GS1 STS Server/input_E-mail_Email'

2019-02-07 17:01:40 - [TEST_STEP][PASSED] - Thread.sleep(1000): null

2019-02-07 17:01:42 - [TEST_STEP][PASSED] - setText(findTestObject("Object Repository/Page_Sign in - GS1 STS Server/input_Password_Password"), password): Text 'Fvrt7564' is set on object 'Object Repository/Page_Sign in - GS1 STS Server/input_Password_Password'

2019-02-07 17:01:42 - [MESSAGE][PASSED] - Text 'Fvrt7564' is set on object 'Object Repository/Page_Sign in - GS1 STS Server/input_Password_Password'

2019-02-07 17:01:42 - [TEST_STEP][PASSED] - click(findTestObject("Object Repository/Page_Sign in - GS1 STS Server/input_Password_btn btn-default")): Object: 'Object Repository/Page_Sign in - GS1 STS Server/input_Password_btn btn-default' is clicked on

2019-02-07 17:01:55 - [MESSAGE][PASSED] - Object: 'Object Repository/Page_Sign in - GS1 STS Server/input_Password_btn btn-default' is clicked on

2019-02-07 17:01:55 - [TEST_STEP][PASSED] - click(findTestObject("Object Repository/Page_GS1 Cloud BETA - Home/a_Services")): Object: 'Object Repository/Page_GS1 Cloud BETA - Home/a_Services' is clicked on

2019-02-07 17:01:55 - [MESSAGE][PASSED] - Object: 'Object Repository/Page_GS1 Cloud BETA - Home/a_Services' is clicked on

2019-02-07 17:01:55 - [TEST_STEP][PASSED] - Thread.sleep(1000): null

2019-02-07 17:01:56 - [TEST_STEP][PASSED] - click(findTestObject("Object Repository/Page_GS1 Cloud BETA - Services/a_Check")): Object: 'Object Repository/Page_GS1 Cloud BETA - Services/a_Check' is clicked on

2019-02-07 17:01:58 - [MESSAGE][PASSED] - Object: 'Object Repository/Page_GS1 Cloud BETA - Services/a_Check' is clicked on

2019-02-07 17:01:58 - [TEST_STEP][PASSED] - if (Checkgtinlength == "12345A"): null

2019-02-07 17:01:58 - [TEST_STEP][PASSED] - if (Checkgtinlength == ""): null

2019-02-07 17:01:58 - [TEST_STEP][PASSED] - else: Text 'Integrity failed: Incorrect check digit.' is present on page 

2019-02-07 17:01:58 - [TEST_STEP][PASSED] - try: Object: 'Object Repository/Page_GS1 Cloud BETA - Check/button_Search' is clicked on

2019-02-07 17:01:58 - [TEST_STEP][PASSED] - setText(findTestObject("Object Repository/Page_GS1 Cloud BETA - Check/input_Global Trade Item Number"), Checkgtinlength): Text '1234678' is set on object 'Object Repository/Page_GS1 Cloud BETA - Check/input_Global Trade Item Number'

2019-02-07 17:02:02 - [MESSAGE][PASSED] - Text '1234678' is set on object 'Object Repository/Page_GS1 Cloud BETA - Check/input_Global Trade Item Number'

2019-02-07 17:02:02 - [TEST_STEP][PASSED] - click(findTestObject("Object Repository/Page_GS1 Cloud BETA - Check/button_Search")): Object: 'Object Repository/Page_GS1 Cloud BETA - Check/button_Search' is clicked on

2019-02-07 17:02:04 - [MESSAGE][PASSED] - Object: 'Object Repository/Page_GS1 Cloud BETA - Check/button_Search' is clicked on

2019-02-07 17:02:04 - [TEST_STEP][PASSED] - Finally: Text 'Integrity failed: Incorrect check digit.' is present on page 

2019-02-07 17:02:04 - [TEST_STEP][PASSED] - verifyTextPresent(validation, false): Text 'Integrity failed: Incorrect check digit.' is present on page 

2019-02-07 17:02:04 - [MESSAGE][PASSED] - Text 'Integrity failed: Incorrect check digit.' is present on page]]></system-out>
         <system-err><![CDATA[]]></system-err>
      </testcase>
      <testcase name="Test Cases/GCLD-9/Verify Valid Length of GTIN number" classname="Test Cases/GCLD-9/Verify Valid Length of GTIN number" status="PASSED">
         <system-out><![CDATA[2019-02-07 17:02:04 - [TEST_CASE][PASSED] - Test Cases/GCLD-9/Verify Valid Length of GTIN number: Test Cases/GCLD-9/Verify Valid Length of GTIN number

2019-02-07 17:02:04 - [TEST_STEP][PASSED] - openBrowser("https://cloud.test.gs1.org/gs1-portal"): Browser is opened with url: 'https://cloud.test.gs1.org/gs1-portal'

2019-02-07 17:02:04 - [MESSAGE][WARNING] - A browser is already opened. Closing browser and opening a new one

2019-02-07 17:02:04 - [MESSAGE][INFO] - Starting 'Chrome' driver

2019-02-07 17:02:11 - [MESSAGE][PASSED] - Browser is opened with url: 'https://cloud.test.gs1.org/gs1-portal'

2019-02-07 17:02:11 - [TEST_STEP][PASSED] - navigateToUrl("https://gs1-sso-customsts.azurewebsites.net/Account/LoginSelector"): Navigate to 'https://gs1-sso-customsts.azurewebsites.net/Account/LoginSelector' successfully

2019-02-07 17:02:11 - [MESSAGE][PASSED] - Navigate to 'https://gs1-sso-customsts.azurewebsites.net/Account/LoginSelector' successfully

2019-02-07 17:02:11 - [TEST_STEP][PASSED] - setText(findTestObject("Object Repository/Page_Sign in - GS1 STS Server/input_E-mail_Email"), email): Text 'GS1CloudTest@gs1.org' is set on object 'Object Repository/Page_Sign in - GS1 STS Server/input_E-mail_Email'

2019-02-07 17:02:11 - [MESSAGE][PASSED] - Text 'GS1CloudTest@gs1.org' is set on object 'Object Repository/Page_Sign in - GS1 STS Server/input_E-mail_Email'

2019-02-07 17:02:11 - [TEST_STEP][PASSED] - Thread.sleep(1000): null

2019-02-07 17:02:12 - [TEST_STEP][PASSED] - setText(findTestObject("Object Repository/Page_Sign in - GS1 STS Server/input_Password_Password"), password): Text 'Fvrt7564' is set on object 'Object Repository/Page_Sign in - GS1 STS Server/input_Password_Password'

2019-02-07 17:02:12 - [MESSAGE][PASSED] - Text 'Fvrt7564' is set on object 'Object Repository/Page_Sign in - GS1 STS Server/input_Password_Password'

2019-02-07 17:02:12 - [TEST_STEP][PASSED] - click(findTestObject("Object Repository/Page_Sign in - GS1 STS Server/input_Password_btn btn-default")): Object: 'Object Repository/Page_Sign in - GS1 STS Server/input_Password_btn btn-default' is clicked on

2019-02-07 17:02:21 - [MESSAGE][PASSED] - Object: 'Object Repository/Page_Sign in - GS1 STS Server/input_Password_btn btn-default' is clicked on

2019-02-07 17:02:21 - [TEST_STEP][PASSED] - click(findTestObject("Object Repository/Page_GS1 Cloud BETA - Home/a_Services")): Object: 'Object Repository/Page_GS1 Cloud BETA - Home/a_Services' is clicked on

2019-02-07 17:02:21 - [MESSAGE][PASSED] - Object: 'Object Repository/Page_GS1 Cloud BETA - Home/a_Services' is clicked on

2019-02-07 17:02:21 - [TEST_STEP][PASSED] - Thread.sleep(1000): null

2019-02-07 17:02:22 - [TEST_STEP][PASSED] - click(findTestObject("Object Repository/Page_GS1 Cloud BETA - Services/a_Check")): Object: 'Object Repository/Page_GS1 Cloud BETA - Services/a_Check' is clicked on

2019-02-07 17:02:24 - [MESSAGE][PASSED] - Object: 'Object Repository/Page_GS1 Cloud BETA - Services/a_Check' is clicked on

2019-02-07 17:02:24 - [TEST_STEP][PASSED] - if (Checkgtinlength == "12345A"): null

2019-02-07 17:02:24 - [TEST_STEP][PASSED] - if (Checkgtinlength == ""): null

2019-02-07 17:02:24 - [TEST_STEP][PASSED] - else: Text 'Integrity failed: Incorrect check digit.' is present on page 

2019-02-07 17:02:24 - [TEST_STEP][PASSED] - try: Object: 'Object Repository/Page_GS1 Cloud BETA - Check/button_Search' is clicked on

2019-02-07 17:02:24 - [TEST_STEP][PASSED] - setText(findTestObject("Object Repository/Page_GS1 Cloud BETA - Check/input_Global Trade Item Number"), Checkgtinlength): Text '123456789' is set on object 'Object Repository/Page_GS1 Cloud BETA - Check/input_Global Trade Item Number'

2019-02-07 17:02:27 - [MESSAGE][PASSED] - Text '123456789' is set on object 'Object Repository/Page_GS1 Cloud BETA - Check/input_Global Trade Item Number'

2019-02-07 17:02:27 - [TEST_STEP][PASSED] - click(findTestObject("Object Repository/Page_GS1 Cloud BETA - Check/button_Search")): Object: 'Object Repository/Page_GS1 Cloud BETA - Check/button_Search' is clicked on

2019-02-07 17:02:29 - [MESSAGE][PASSED] - Object: 'Object Repository/Page_GS1 Cloud BETA - Check/button_Search' is clicked on

2019-02-07 17:02:29 - [TEST_STEP][PASSED] - Finally: Text 'Integrity failed: Incorrect check digit.' is present on page 

2019-02-07 17:02:29 - [TEST_STEP][PASSED] - verifyTextPresent(validation, false): Text 'Integrity failed: Incorrect check digit.' is present on page 

2019-02-07 17:02:29 - [MESSAGE][PASSED] - Text 'Integrity failed: Incorrect check digit.' is present on page]]></system-out>
         <system-err><![CDATA[]]></system-err>
      </testcase>
      <testcase name="Test Cases/GCLD-9/Verify Valid Length of GTIN number" classname="Test Cases/GCLD-9/Verify Valid Length of GTIN number" status="PASSED">
         <system-out><![CDATA[2019-02-07 17:02:29 - [TEST_CASE][PASSED] - Test Cases/GCLD-9/Verify Valid Length of GTIN number: Test Cases/GCLD-9/Verify Valid Length of GTIN number

2019-02-07 17:02:29 - [TEST_STEP][PASSED] - openBrowser("https://cloud.test.gs1.org/gs1-portal"): Browser is opened with url: 'https://cloud.test.gs1.org/gs1-portal'

2019-02-07 17:02:29 - [MESSAGE][WARNING] - A browser is already opened. Closing browser and opening a new one

2019-02-07 17:02:29 - [MESSAGE][INFO] - Starting 'Chrome' driver

2019-02-07 17:02:35 - [MESSAGE][PASSED] - Browser is opened with url: 'https://cloud.test.gs1.org/gs1-portal'

2019-02-07 17:02:35 - [TEST_STEP][PASSED] - navigateToUrl("https://gs1-sso-customsts.azurewebsites.net/Account/LoginSelector"): Navigate to 'https://gs1-sso-customsts.azurewebsites.net/Account/LoginSelector' successfully

2019-02-07 17:02:35 - [MESSAGE][PASSED] - Navigate to 'https://gs1-sso-customsts.azurewebsites.net/Account/LoginSelector' successfully

2019-02-07 17:02:35 - [TEST_STEP][PASSED] - setText(findTestObject("Object Repository/Page_Sign in - GS1 STS Server/input_E-mail_Email"), email): Text 'GS1CloudTest@gs1.org' is set on object 'Object Repository/Page_Sign in - GS1 STS Server/input_E-mail_Email'

2019-02-07 17:02:36 - [MESSAGE][PASSED] - Text 'GS1CloudTest@gs1.org' is set on object 'Object Repository/Page_Sign in - GS1 STS Server/input_E-mail_Email'

2019-02-07 17:02:36 - [TEST_STEP][PASSED] - Thread.sleep(1000): null

2019-02-07 17:02:37 - [TEST_STEP][PASSED] - setText(findTestObject("Object Repository/Page_Sign in - GS1 STS Server/input_Password_Password"), password): Text 'Fvrt7564' is set on object 'Object Repository/Page_Sign in - GS1 STS Server/input_Password_Password'

2019-02-07 17:02:37 - [MESSAGE][PASSED] - Text 'Fvrt7564' is set on object 'Object Repository/Page_Sign in - GS1 STS Server/input_Password_Password'

2019-02-07 17:02:37 - [TEST_STEP][PASSED] - click(findTestObject("Object Repository/Page_Sign in - GS1 STS Server/input_Password_btn btn-default")): Object: 'Object Repository/Page_Sign in - GS1 STS Server/input_Password_btn btn-default' is clicked on

2019-02-07 17:02:46 - [MESSAGE][PASSED] - Object: 'Object Repository/Page_Sign in - GS1 STS Server/input_Password_btn btn-default' is clicked on

2019-02-07 17:02:46 - [TEST_STEP][PASSED] - click(findTestObject("Object Repository/Page_GS1 Cloud BETA - Home/a_Services")): Object: 'Object Repository/Page_GS1 Cloud BETA - Home/a_Services' is clicked on

2019-02-07 17:02:46 - [MESSAGE][PASSED] - Object: 'Object Repository/Page_GS1 Cloud BETA - Home/a_Services' is clicked on

2019-02-07 17:02:46 - [TEST_STEP][PASSED] - Thread.sleep(1000): null

2019-02-07 17:02:47 - [TEST_STEP][PASSED] - click(findTestObject("Object Repository/Page_GS1 Cloud BETA - Services/a_Check")): Object: 'Object Repository/Page_GS1 Cloud BETA - Services/a_Check' is clicked on

2019-02-07 17:02:48 - [MESSAGE][PASSED] - Object: 'Object Repository/Page_GS1 Cloud BETA - Services/a_Check' is clicked on

2019-02-07 17:02:48 - [TEST_STEP][PASSED] - if (Checkgtinlength == "12345A"): null

2019-02-07 17:02:48 - [TEST_STEP][PASSED] - if (Checkgtinlength == ""): null

2019-02-07 17:02:48 - [TEST_STEP][PASSED] - else: Text 'Integrity failed: Incorrect check digit.' is present on page 

2019-02-07 17:02:48 - [TEST_STEP][PASSED] - try: Object: 'Object Repository/Page_GS1 Cloud BETA - Check/button_Search' is clicked on

2019-02-07 17:02:48 - [TEST_STEP][PASSED] - setText(findTestObject("Object Repository/Page_GS1 Cloud BETA - Check/input_Global Trade Item Number"), Checkgtinlength): Text '1123456789' is set on object 'Object Repository/Page_GS1 Cloud BETA - Check/input_Global Trade Item Number'

2019-02-07 17:02:51 - [MESSAGE][PASSED] - Text '1123456789' is set on object 'Object Repository/Page_GS1 Cloud BETA - Check/input_Global Trade Item Number'

2019-02-07 17:02:51 - [TEST_STEP][PASSED] - click(findTestObject("Object Repository/Page_GS1 Cloud BETA - Check/button_Search")): Object: 'Object Repository/Page_GS1 Cloud BETA - Check/button_Search' is clicked on

2019-02-07 17:02:53 - [MESSAGE][PASSED] - Object: 'Object Repository/Page_GS1 Cloud BETA - Check/button_Search' is clicked on

2019-02-07 17:02:53 - [TEST_STEP][PASSED] - Finally: Text 'Integrity failed: Incorrect check digit.' is present on page 

2019-02-07 17:02:53 - [TEST_STEP][PASSED] - verifyTextPresent(validation, false): Text 'Integrity failed: Incorrect check digit.' is present on page 

2019-02-07 17:02:53 - [MESSAGE][PASSED] - Text 'Integrity failed: Incorrect check digit.' is present on page]]></system-out>
         <system-err><![CDATA[]]></system-err>
      </testcase>
      <testcase name="Test Cases/GCLD-9/Verify Valid Length of GTIN number" classname="Test Cases/GCLD-9/Verify Valid Length of GTIN number" status="PASSED">
         <system-out><![CDATA[2019-02-07 17:02:53 - [TEST_CASE][PASSED] - Test Cases/GCLD-9/Verify Valid Length of GTIN number: Test Cases/GCLD-9/Verify Valid Length of GTIN number

2019-02-07 17:02:53 - [TEST_STEP][PASSED] - openBrowser("https://cloud.test.gs1.org/gs1-portal"): Browser is opened with url: 'https://cloud.test.gs1.org/gs1-portal'

2019-02-07 17:02:53 - [MESSAGE][WARNING] - A browser is already opened. Closing browser and opening a new one

2019-02-07 17:02:53 - [MESSAGE][INFO] - Starting 'Chrome' driver

2019-02-07 17:02:59 - [MESSAGE][PASSED] - Browser is opened with url: 'https://cloud.test.gs1.org/gs1-portal'

2019-02-07 17:02:59 - [TEST_STEP][PASSED] - navigateToUrl("https://gs1-sso-customsts.azurewebsites.net/Account/LoginSelector"): Navigate to 'https://gs1-sso-customsts.azurewebsites.net/Account/LoginSelector' successfully

2019-02-07 17:03:00 - [MESSAGE][PASSED] - Navigate to 'https://gs1-sso-customsts.azurewebsites.net/Account/LoginSelector' successfully

2019-02-07 17:03:00 - [TEST_STEP][PASSED] - setText(findTestObject("Object Repository/Page_Sign in - GS1 STS Server/input_E-mail_Email"), email): Text 'GS1CloudTest@gs1.org' is set on object 'Object Repository/Page_Sign in - GS1 STS Server/input_E-mail_Email'

2019-02-07 17:03:01 - [MESSAGE][PASSED] - Text 'GS1CloudTest@gs1.org' is set on object 'Object Repository/Page_Sign in - GS1 STS Server/input_E-mail_Email'

2019-02-07 17:03:01 - [TEST_STEP][PASSED] - Thread.sleep(1000): null

2019-02-07 17:03:02 - [TEST_STEP][PASSED] - setText(findTestObject("Object Repository/Page_Sign in - GS1 STS Server/input_Password_Password"), password): Text 'Fvrt7564' is set on object 'Object Repository/Page_Sign in - GS1 STS Server/input_Password_Password'

2019-02-07 17:03:02 - [MESSAGE][PASSED] - Text 'Fvrt7564' is set on object 'Object Repository/Page_Sign in - GS1 STS Server/input_Password_Password'

2019-02-07 17:03:02 - [TEST_STEP][PASSED] - click(findTestObject("Object Repository/Page_Sign in - GS1 STS Server/input_Password_btn btn-default")): Object: 'Object Repository/Page_Sign in - GS1 STS Server/input_Password_btn btn-default' is clicked on

2019-02-07 17:03:12 - [MESSAGE][PASSED] - Object: 'Object Repository/Page_Sign in - GS1 STS Server/input_Password_btn btn-default' is clicked on

2019-02-07 17:03:12 - [TEST_STEP][PASSED] - click(findTestObject("Object Repository/Page_GS1 Cloud BETA - Home/a_Services")): Object: 'Object Repository/Page_GS1 Cloud BETA - Home/a_Services' is clicked on

2019-02-07 17:03:12 - [MESSAGE][PASSED] - Object: 'Object Repository/Page_GS1 Cloud BETA - Home/a_Services' is clicked on

2019-02-07 17:03:12 - [TEST_STEP][PASSED] - Thread.sleep(1000): null

2019-02-07 17:03:13 - [TEST_STEP][PASSED] - click(findTestObject("Object Repository/Page_GS1 Cloud BETA - Services/a_Check")): Object: 'Object Repository/Page_GS1 Cloud BETA - Services/a_Check' is clicked on

2019-02-07 17:03:14 - [MESSAGE][PASSED] - Object: 'Object Repository/Page_GS1 Cloud BETA - Services/a_Check' is clicked on

2019-02-07 17:03:14 - [TEST_STEP][PASSED] - if (Checkgtinlength == "12345A"): null

2019-02-07 17:03:14 - [TEST_STEP][PASSED] - if (Checkgtinlength == ""): null

2019-02-07 17:03:14 - [TEST_STEP][PASSED] - else: Text 'Integrity failed: Incorrect check digit.' is present on page 

2019-02-07 17:03:14 - [TEST_STEP][PASSED] - try: Object: 'Object Repository/Page_GS1 Cloud BETA - Check/button_Search' is clicked on

2019-02-07 17:03:14 - [TEST_STEP][PASSED] - setText(findTestObject("Object Repository/Page_GS1 Cloud BETA - Check/input_Global Trade Item Number"), Checkgtinlength): Text '11123456789' is set on object 'Object Repository/Page_GS1 Cloud BETA - Check/input_Global Trade Item Number'

2019-02-07 17:03:17 - [MESSAGE][PASSED] - Text '11123456789' is set on object 'Object Repository/Page_GS1 Cloud BETA - Check/input_Global Trade Item Number'

2019-02-07 17:03:17 - [TEST_STEP][PASSED] - click(findTestObject("Object Repository/Page_GS1 Cloud BETA - Check/button_Search")): Object: 'Object Repository/Page_GS1 Cloud BETA - Check/button_Search' is clicked on

2019-02-07 17:03:19 - [MESSAGE][PASSED] - Object: 'Object Repository/Page_GS1 Cloud BETA - Check/button_Search' is clicked on

2019-02-07 17:03:19 - [TEST_STEP][PASSED] - Finally: Text 'Integrity failed: Incorrect check digit.' is present on page 

2019-02-07 17:03:19 - [TEST_STEP][PASSED] - verifyTextPresent(validation, false): Text 'Integrity failed: Incorrect check digit.' is present on page 

2019-02-07 17:03:19 - [MESSAGE][PASSED] - Text 'Integrity failed: Incorrect check digit.' is present on page]]></system-out>
         <system-err><![CDATA[]]></system-err>
      </testcase>
      <testcase name="Test Cases/GCLD-9/Verify Valid Length of GTIN number" classname="Test Cases/GCLD-9/Verify Valid Length of GTIN number" status="PASSED">
         <system-out><![CDATA[2019-02-07 17:03:19 - [TEST_CASE][PASSED] - Test Cases/GCLD-9/Verify Valid Length of GTIN number: Test Cases/GCLD-9/Verify Valid Length of GTIN number

2019-02-07 17:03:19 - [TEST_STEP][PASSED] - openBrowser("https://cloud.test.gs1.org/gs1-portal"): Browser is opened with url: 'https://cloud.test.gs1.org/gs1-portal'

2019-02-07 17:03:19 - [MESSAGE][WARNING] - A browser is already opened. Closing browser and opening a new one

2019-02-07 17:03:19 - [MESSAGE][INFO] - Starting 'Chrome' driver

2019-02-07 17:03:26 - [MESSAGE][PASSED] - Browser is opened with url: 'https://cloud.test.gs1.org/gs1-portal'

2019-02-07 17:03:26 - [TEST_STEP][PASSED] - navigateToUrl("https://gs1-sso-customsts.azurewebsites.net/Account/LoginSelector"): Navigate to 'https://gs1-sso-customsts.azurewebsites.net/Account/LoginSelector' successfully

2019-02-07 17:03:26 - [MESSAGE][PASSED] - Navigate to 'https://gs1-sso-customsts.azurewebsites.net/Account/LoginSelector' successfully

2019-02-07 17:03:26 - [TEST_STEP][PASSED] - setText(findTestObject("Object Repository/Page_Sign in - GS1 STS Server/input_E-mail_Email"), email): Text 'GS1CloudTest@gs1.org' is set on object 'Object Repository/Page_Sign in - GS1 STS Server/input_E-mail_Email'

2019-02-07 17:03:26 - [MESSAGE][PASSED] - Text 'GS1CloudTest@gs1.org' is set on object 'Object Repository/Page_Sign in - GS1 STS Server/input_E-mail_Email'

2019-02-07 17:03:26 - [TEST_STEP][PASSED] - Thread.sleep(1000): null

2019-02-07 17:03:27 - [TEST_STEP][PASSED] - setText(findTestObject("Object Repository/Page_Sign in - GS1 STS Server/input_Password_Password"), password): Text 'Fvrt7564' is set on object 'Object Repository/Page_Sign in - GS1 STS Server/input_Password_Password'

2019-02-07 17:03:27 - [MESSAGE][PASSED] - Text 'Fvrt7564' is set on object 'Object Repository/Page_Sign in - GS1 STS Server/input_Password_Password'

2019-02-07 17:03:27 - [TEST_STEP][PASSED] - click(findTestObject("Object Repository/Page_Sign in - GS1 STS Server/input_Password_btn btn-default")): Object: 'Object Repository/Page_Sign in - GS1 STS Server/input_Password_btn btn-default' is clicked on

2019-02-07 17:03:37 - [MESSAGE][PASSED] - Object: 'Object Repository/Page_Sign in - GS1 STS Server/input_Password_btn btn-default' is clicked on

2019-02-07 17:03:37 - [TEST_STEP][PASSED] - click(findTestObject("Object Repository/Page_GS1 Cloud BETA - Home/a_Services")): Object: 'Object Repository/Page_GS1 Cloud BETA - Home/a_Services' is clicked on

2019-02-07 17:03:37 - [MESSAGE][PASSED] - Object: 'Object Repository/Page_GS1 Cloud BETA - Home/a_Services' is clicked on

2019-02-07 17:03:37 - [TEST_STEP][PASSED] - Thread.sleep(1000): null

2019-02-07 17:03:38 - [TEST_STEP][PASSED] - click(findTestObject("Object Repository/Page_GS1 Cloud BETA - Services/a_Check")): Object: 'Object Repository/Page_GS1 Cloud BETA - Services/a_Check' is clicked on

2019-02-07 17:03:45 - [MESSAGE][PASSED] - Object: 'Object Repository/Page_GS1 Cloud BETA - Services/a_Check' is clicked on

2019-02-07 17:03:45 - [TEST_STEP][PASSED] - if (Checkgtinlength == "12345A"): null

2019-02-07 17:03:45 - [TEST_STEP][PASSED] - if (Checkgtinlength == ""): null

2019-02-07 17:03:45 - [TEST_STEP][PASSED] - else: Text 'Integrity failed: Incorrect check digit.' is present on page 

2019-02-07 17:03:45 - [TEST_STEP][PASSED] - try: Object: 'Object Repository/Page_GS1 Cloud BETA - Check/button_Search' is clicked on

2019-02-07 17:03:45 - [TEST_STEP][PASSED] - setText(findTestObject("Object Repository/Page_GS1 Cloud BETA - Check/input_Global Trade Item Number"), Checkgtinlength): Text '111123456789' is set on object 'Object Repository/Page_GS1 Cloud BETA - Check/input_Global Trade Item Number'

2019-02-07 17:03:48 - [MESSAGE][PASSED] - Text '111123456789' is set on object 'Object Repository/Page_GS1 Cloud BETA - Check/input_Global Trade Item Number'

2019-02-07 17:03:48 - [TEST_STEP][PASSED] - click(findTestObject("Object Repository/Page_GS1 Cloud BETA - Check/button_Search")): Object: 'Object Repository/Page_GS1 Cloud BETA - Check/button_Search' is clicked on

2019-02-07 17:03:50 - [MESSAGE][PASSED] - Object: 'Object Repository/Page_GS1 Cloud BETA - Check/button_Search' is clicked on

2019-02-07 17:03:50 - [TEST_STEP][PASSED] - Finally: Text 'Integrity failed: Incorrect check digit.' is present on page 

2019-02-07 17:03:50 - [TEST_STEP][PASSED] - verifyTextPresent(validation, false): Text 'Integrity failed: Incorrect check digit.' is present on page 

2019-02-07 17:03:50 - [MESSAGE][PASSED] - Text 'Integrity failed: Incorrect check digit.' is present on page]]></system-out>
         <system-err><![CDATA[]]></system-err>
      </testcase>
      <testcase name="Test Cases/GCLD-9/Verify Valid Length of GTIN number" classname="Test Cases/GCLD-9/Verify Valid Length of GTIN number" status="PASSED">
         <system-out><![CDATA[2019-02-07 17:03:50 - [TEST_CASE][PASSED] - Test Cases/GCLD-9/Verify Valid Length of GTIN number: Test Cases/GCLD-9/Verify Valid Length of GTIN number

2019-02-07 17:03:50 - [TEST_STEP][PASSED] - openBrowser("https://cloud.test.gs1.org/gs1-portal"): Browser is opened with url: 'https://cloud.test.gs1.org/gs1-portal'

2019-02-07 17:03:50 - [MESSAGE][WARNING] - A browser is already opened. Closing browser and opening a new one

2019-02-07 17:03:50 - [MESSAGE][INFO] - Starting 'Chrome' driver

2019-02-07 17:03:58 - [MESSAGE][PASSED] - Browser is opened with url: 'https://cloud.test.gs1.org/gs1-portal'

2019-02-07 17:03:58 - [TEST_STEP][PASSED] - navigateToUrl("https://gs1-sso-customsts.azurewebsites.net/Account/LoginSelector"): Navigate to 'https://gs1-sso-customsts.azurewebsites.net/Account/LoginSelector' successfully

2019-02-07 17:03:58 - [MESSAGE][PASSED] - Navigate to 'https://gs1-sso-customsts.azurewebsites.net/Account/LoginSelector' successfully

2019-02-07 17:03:58 - [TEST_STEP][PASSED] - setText(findTestObject("Object Repository/Page_Sign in - GS1 STS Server/input_E-mail_Email"), email): Text 'GS1CloudTest@gs1.org' is set on object 'Object Repository/Page_Sign in - GS1 STS Server/input_E-mail_Email'

2019-02-07 17:03:58 - [MESSAGE][PASSED] - Text 'GS1CloudTest@gs1.org' is set on object 'Object Repository/Page_Sign in - GS1 STS Server/input_E-mail_Email'

2019-02-07 17:03:58 - [TEST_STEP][PASSED] - Thread.sleep(1000): null

2019-02-07 17:03:59 - [TEST_STEP][PASSED] - setText(findTestObject("Object Repository/Page_Sign in - GS1 STS Server/input_Password_Password"), password): Text 'Fvrt7564' is set on object 'Object Repository/Page_Sign in - GS1 STS Server/input_Password_Password'

2019-02-07 17:03:59 - [MESSAGE][PASSED] - Text 'Fvrt7564' is set on object 'Object Repository/Page_Sign in - GS1 STS Server/input_Password_Password'

2019-02-07 17:03:59 - [TEST_STEP][PASSED] - click(findTestObject("Object Repository/Page_Sign in - GS1 STS Server/input_Password_btn btn-default")): Object: 'Object Repository/Page_Sign in - GS1 STS Server/input_Password_btn btn-default' is clicked on

2019-02-07 17:04:08 - [MESSAGE][PASSED] - Object: 'Object Repository/Page_Sign in - GS1 STS Server/input_Password_btn btn-default' is clicked on

2019-02-07 17:04:08 - [TEST_STEP][PASSED] - click(findTestObject("Object Repository/Page_GS1 Cloud BETA - Home/a_Services")): Object: 'Object Repository/Page_GS1 Cloud BETA - Home/a_Services' is clicked on

2019-02-07 17:04:09 - [MESSAGE][PASSED] - Object: 'Object Repository/Page_GS1 Cloud BETA - Home/a_Services' is clicked on

2019-02-07 17:04:09 - [TEST_STEP][PASSED] - Thread.sleep(1000): null

2019-02-07 17:04:10 - [TEST_STEP][PASSED] - click(findTestObject("Object Repository/Page_GS1 Cloud BETA - Services/a_Check")): Object: 'Object Repository/Page_GS1 Cloud BETA - Services/a_Check' is clicked on

2019-02-07 17:04:11 - [MESSAGE][PASSED] - Object: 'Object Repository/Page_GS1 Cloud BETA - Services/a_Check' is clicked on

2019-02-07 17:04:11 - [TEST_STEP][PASSED] - if (Checkgtinlength == "12345A"): null

2019-02-07 17:04:11 - [TEST_STEP][PASSED] - if (Checkgtinlength == ""): null

2019-02-07 17:04:11 - [TEST_STEP][PASSED] - else: Text 'Integrity failed: Incorrect check digit.' is present on page 

2019-02-07 17:04:11 - [TEST_STEP][PASSED] - try: Object: 'Object Repository/Page_GS1 Cloud BETA - Check/button_Search' is clicked on

2019-02-07 17:04:11 - [TEST_STEP][PASSED] - setText(findTestObject("Object Repository/Page_GS1 Cloud BETA - Check/input_Global Trade Item Number"), Checkgtinlength): Text '1111123456789' is set on object 'Object Repository/Page_GS1 Cloud BETA - Check/input_Global Trade Item Number'

2019-02-07 17:04:14 - [MESSAGE][PASSED] - Text '1111123456789' is set on object 'Object Repository/Page_GS1 Cloud BETA - Check/input_Global Trade Item Number'

2019-02-07 17:04:14 - [TEST_STEP][PASSED] - click(findTestObject("Object Repository/Page_GS1 Cloud BETA - Check/button_Search")): Object: 'Object Repository/Page_GS1 Cloud BETA - Check/button_Search' is clicked on

2019-02-07 17:04:16 - [MESSAGE][PASSED] - Object: 'Object Repository/Page_GS1 Cloud BETA - Check/button_Search' is clicked on

2019-02-07 17:04:16 - [TEST_STEP][PASSED] - Finally: Text 'Integrity failed: Incorrect check digit.' is present on page 

2019-02-07 17:04:16 - [TEST_STEP][PASSED] - verifyTextPresent(validation, false): Text 'Integrity failed: Incorrect check digit.' is present on page 

2019-02-07 17:04:16 - [MESSAGE][PASSED] - Text 'Integrity failed: Incorrect check digit.' is present on page]]></system-out>
         <system-err><![CDATA[]]></system-err>
      </testcase>
      <testcase name="Test Cases/GCLD-9/Verify Valid Length of GTIN number" classname="Test Cases/GCLD-9/Verify Valid Length of GTIN number" status="PASSED">
         <system-out><![CDATA[2019-02-07 17:04:16 - [TEST_CASE][PASSED] - Test Cases/GCLD-9/Verify Valid Length of GTIN number: Test Cases/GCLD-9/Verify Valid Length of GTIN number

2019-02-07 17:04:16 - [TEST_STEP][PASSED] - openBrowser("https://cloud.test.gs1.org/gs1-portal"): Browser is opened with url: 'https://cloud.test.gs1.org/gs1-portal'

2019-02-07 17:04:16 - [MESSAGE][WARNING] - A browser is already opened. Closing browser and opening a new one

2019-02-07 17:04:16 - [MESSAGE][INFO] - Starting 'Chrome' driver

2019-02-07 17:04:23 - [MESSAGE][PASSED] - Browser is opened with url: 'https://cloud.test.gs1.org/gs1-portal'

2019-02-07 17:04:23 - [TEST_STEP][PASSED] - navigateToUrl("https://gs1-sso-customsts.azurewebsites.net/Account/LoginSelector"): Navigate to 'https://gs1-sso-customsts.azurewebsites.net/Account/LoginSelector' successfully

2019-02-07 17:04:23 - [MESSAGE][PASSED] - Navigate to 'https://gs1-sso-customsts.azurewebsites.net/Account/LoginSelector' successfully

2019-02-07 17:04:23 - [TEST_STEP][PASSED] - setText(findTestObject("Object Repository/Page_Sign in - GS1 STS Server/input_E-mail_Email"), email): Text 'GS1CloudTest@gs1.org' is set on object 'Object Repository/Page_Sign in - GS1 STS Server/input_E-mail_Email'

2019-02-07 17:04:23 - [MESSAGE][PASSED] - Text 'GS1CloudTest@gs1.org' is set on object 'Object Repository/Page_Sign in - GS1 STS Server/input_E-mail_Email'

2019-02-07 17:04:23 - [TEST_STEP][PASSED] - Thread.sleep(1000): null

2019-02-07 17:04:24 - [TEST_STEP][PASSED] - setText(findTestObject("Object Repository/Page_Sign in - GS1 STS Server/input_Password_Password"), password): Text 'Fvrt7564' is set on object 'Object Repository/Page_Sign in - GS1 STS Server/input_Password_Password'

2019-02-07 17:04:24 - [MESSAGE][PASSED] - Text 'Fvrt7564' is set on object 'Object Repository/Page_Sign in - GS1 STS Server/input_Password_Password'

2019-02-07 17:04:24 - [TEST_STEP][PASSED] - click(findTestObject("Object Repository/Page_Sign in - GS1 STS Server/input_Password_btn btn-default")): Object: 'Object Repository/Page_Sign in - GS1 STS Server/input_Password_btn btn-default' is clicked on

2019-02-07 17:04:33 - [MESSAGE][PASSED] - Object: 'Object Repository/Page_Sign in - GS1 STS Server/input_Password_btn btn-default' is clicked on

2019-02-07 17:04:33 - [TEST_STEP][PASSED] - click(findTestObject("Object Repository/Page_GS1 Cloud BETA - Home/a_Services")): Object: 'Object Repository/Page_GS1 Cloud BETA - Home/a_Services' is clicked on

2019-02-07 17:04:34 - [MESSAGE][PASSED] - Object: 'Object Repository/Page_GS1 Cloud BETA - Home/a_Services' is clicked on

2019-02-07 17:04:34 - [TEST_STEP][PASSED] - Thread.sleep(1000): null

2019-02-07 17:04:35 - [TEST_STEP][PASSED] - click(findTestObject("Object Repository/Page_GS1 Cloud BETA - Services/a_Check")): Object: 'Object Repository/Page_GS1 Cloud BETA - Services/a_Check' is clicked on

2019-02-07 17:04:36 - [MESSAGE][PASSED] - Object: 'Object Repository/Page_GS1 Cloud BETA - Services/a_Check' is clicked on

2019-02-07 17:04:36 - [TEST_STEP][PASSED] - if (Checkgtinlength == "12345A"): null

2019-02-07 17:04:36 - [TEST_STEP][PASSED] - if (Checkgtinlength == ""): null

2019-02-07 17:04:36 - [TEST_STEP][PASSED] - else: Text 'Integrity failed: Incorrect check digit.' is present on page 

2019-02-07 17:04:36 - [TEST_STEP][PASSED] - try: Object: 'Object Repository/Page_GS1 Cloud BETA - Check/button_Search' is clicked on

2019-02-07 17:04:36 - [TEST_STEP][PASSED] - setText(findTestObject("Object Repository/Page_GS1 Cloud BETA - Check/input_Global Trade Item Number"), Checkgtinlength): Text '11111123456789' is set on object 'Object Repository/Page_GS1 Cloud BETA - Check/input_Global Trade Item Number'

2019-02-07 17:04:38 - [MESSAGE][PASSED] - Text '11111123456789' is set on object 'Object Repository/Page_GS1 Cloud BETA - Check/input_Global Trade Item Number'

2019-02-07 17:04:38 - [TEST_STEP][PASSED] - click(findTestObject("Object Repository/Page_GS1 Cloud BETA - Check/button_Search")): Object: 'Object Repository/Page_GS1 Cloud BETA - Check/button_Search' is clicked on

2019-02-07 17:04:40 - [MESSAGE][PASSED] - Object: 'Object Repository/Page_GS1 Cloud BETA - Check/button_Search' is clicked on

2019-02-07 17:04:40 - [TEST_STEP][PASSED] - Finally: Text 'Integrity failed: Incorrect check digit.' is present on page 

2019-02-07 17:04:40 - [TEST_STEP][PASSED] - verifyTextPresent(validation, false): Text 'Integrity failed: Incorrect check digit.' is present on page 

2019-02-07 17:04:40 - [MESSAGE][PASSED] - Text 'Integrity failed: Incorrect check digit.' is present on page]]></system-out>
         <system-err><![CDATA[]]></system-err>
      </testcase>
      <testcase name="Test Cases/GCLD-9/Verify Valid Length of GTIN number" classname="Test Cases/GCLD-9/Verify Valid Length of GTIN number" status="PASSED">
         <system-out><![CDATA[2019-02-07 17:04:40 - [TEST_CASE][PASSED] - Test Cases/GCLD-9/Verify Valid Length of GTIN number: Test Cases/GCLD-9/Verify Valid Length of GTIN number

2019-02-07 17:04:40 - [TEST_STEP][PASSED] - openBrowser("https://cloud.test.gs1.org/gs1-portal"): Browser is opened with url: 'https://cloud.test.gs1.org/gs1-portal'

2019-02-07 17:04:40 - [MESSAGE][WARNING] - A browser is already opened. Closing browser and opening a new one

2019-02-07 17:04:40 - [MESSAGE][INFO] - Starting 'Chrome' driver

2019-02-07 17:04:46 - [MESSAGE][PASSED] - Browser is opened with url: 'https://cloud.test.gs1.org/gs1-portal'

2019-02-07 17:04:46 - [TEST_STEP][PASSED] - navigateToUrl("https://gs1-sso-customsts.azurewebsites.net/Account/LoginSelector"): Navigate to 'https://gs1-sso-customsts.azurewebsites.net/Account/LoginSelector' successfully

2019-02-07 17:04:46 - [MESSAGE][PASSED] - Navigate to 'https://gs1-sso-customsts.azurewebsites.net/Account/LoginSelector' successfully

2019-02-07 17:04:46 - [TEST_STEP][PASSED] - setText(findTestObject("Object Repository/Page_Sign in - GS1 STS Server/input_E-mail_Email"), email): Text 'GS1CloudTest@gs1.org' is set on object 'Object Repository/Page_Sign in - GS1 STS Server/input_E-mail_Email'

2019-02-07 17:04:47 - [MESSAGE][PASSED] - Text 'GS1CloudTest@gs1.org' is set on object 'Object Repository/Page_Sign in - GS1 STS Server/input_E-mail_Email'

2019-02-07 17:04:47 - [TEST_STEP][PASSED] - Thread.sleep(1000): null

2019-02-07 17:04:48 - [TEST_STEP][PASSED] - setText(findTestObject("Object Repository/Page_Sign in - GS1 STS Server/input_Password_Password"), password): Text 'Fvrt7564' is set on object 'Object Repository/Page_Sign in - GS1 STS Server/input_Password_Password'

2019-02-07 17:04:48 - [MESSAGE][PASSED] - Text 'Fvrt7564' is set on object 'Object Repository/Page_Sign in - GS1 STS Server/input_Password_Password'

2019-02-07 17:04:48 - [TEST_STEP][PASSED] - click(findTestObject("Object Repository/Page_Sign in - GS1 STS Server/input_Password_btn btn-default")): Object: 'Object Repository/Page_Sign in - GS1 STS Server/input_Password_btn btn-default' is clicked on

2019-02-07 17:04:57 - [MESSAGE][PASSED] - Object: 'Object Repository/Page_Sign in - GS1 STS Server/input_Password_btn btn-default' is clicked on

2019-02-07 17:04:57 - [TEST_STEP][PASSED] - click(findTestObject("Object Repository/Page_GS1 Cloud BETA - Home/a_Services")): Object: 'Object Repository/Page_GS1 Cloud BETA - Home/a_Services' is clicked on

2019-02-07 17:04:57 - [MESSAGE][PASSED] - Object: 'Object Repository/Page_GS1 Cloud BETA - Home/a_Services' is clicked on

2019-02-07 17:04:57 - [TEST_STEP][PASSED] - Thread.sleep(1000): null

2019-02-07 17:04:58 - [TEST_STEP][PASSED] - click(findTestObject("Object Repository/Page_GS1 Cloud BETA - Services/a_Check")): Object: 'Object Repository/Page_GS1 Cloud BETA - Services/a_Check' is clicked on

2019-02-07 17:04:59 - [MESSAGE][PASSED] - Object: 'Object Repository/Page_GS1 Cloud BETA - Services/a_Check' is clicked on

2019-02-07 17:04:59 - [TEST_STEP][PASSED] - if (Checkgtinlength == "12345A"): null

2019-02-07 17:04:59 - [TEST_STEP][PASSED] - if (Checkgtinlength == ""): null

2019-02-07 17:04:59 - [TEST_STEP][PASSED] - else: Text 'Incorrect number. That GS1 prefix (3-digit country code) does not exist.' is present on page 

2019-02-07 17:04:59 - [TEST_STEP][PASSED] - try: Object: 'Object Repository/Page_GS1 Cloud BETA - Check/button_Search' is clicked on

2019-02-07 17:04:59 - [TEST_STEP][PASSED] - setText(findTestObject("Object Repository/Page_GS1 Cloud BETA - Check/input_Global Trade Item Number"), Checkgtinlength): Text ' ' is set on object 'Object Repository/Page_GS1 Cloud BETA - Check/input_Global Trade Item Number'

2019-02-07 17:05:02 - [MESSAGE][PASSED] - Text ' ' is set on object 'Object Repository/Page_GS1 Cloud BETA - Check/input_Global Trade Item Number'

2019-02-07 17:05:02 - [TEST_STEP][PASSED] - click(findTestObject("Object Repository/Page_GS1 Cloud BETA - Check/button_Search")): Object: 'Object Repository/Page_GS1 Cloud BETA - Check/button_Search' is clicked on

2019-02-07 17:05:05 - [MESSAGE][PASSED] - Object: 'Object Repository/Page_GS1 Cloud BETA - Check/button_Search' is clicked on

2019-02-07 17:05:05 - [TEST_STEP][PASSED] - Finally: Text 'Incorrect number. That GS1 prefix (3-digit country code) does not exist.' is present on page 

2019-02-07 17:05:05 - [TEST_STEP][PASSED] - verifyTextPresent(validation, false): Text 'Incorrect number. That GS1 prefix (3-digit country code) does not exist.' is present on page 

2019-02-07 17:05:05 - [MESSAGE][PASSED] - Text 'Incorrect number. That GS1 prefix (3-digit country code) does not exist.' is present on page]]></system-out>
         <system-err><![CDATA[]]></system-err>
      </testcase>
      <testcase name="Test Cases/GCLD-9/Verify Valid Length of GTIN number" classname="Test Cases/GCLD-9/Verify Valid Length of GTIN number" status="FAILED">
         <failure type="FAILED" message="Test Cases/GCLD-9/Verify Valid Length of GTIN number FAILED.
Reason:
com.kms.katalon.core.exception.StepFailedException: Unable to verify text 'Integrity failed: Incorrect check digit.' is present  (Root cause: com.kms.katalon.core.webui.exception.BrowserNotOpenedException: Browser is not opened
Build info: version: '3.7.1', revision: '8a0099a', time: '2017-11-06T21:07:36.161Z'
System info: host: 'macs-MacBook-Pro.local', ip: 'fe80:0:0:0:c32:4de1:442f:2fbc%en0', os.name: 'Mac OS X', os.arch: 'x86_64', os.version: '10.14.2', java.version: '1.8.0_181'
Driver info: driver.version: unknown)
	at com.kms.katalon.core.keyword.internal.KeywordMain.stepFailed(KeywordMain.groovy:36)
	at com.kms.katalon.core.webui.keyword.internal.WebUIKeywordMain.stepFailed(WebUIKeywordMain.groovy:65)
	at com.kms.katalon.core.webui.keyword.internal.WebUIKeywordMain.runKeyword(WebUIKeywordMain.groovy:27)
	at com.kms.katalon.core.webui.keyword.builtin.VerifyTextPresentKeyword.verifyTextPresent(VerifyTextPresentKeyword.groovy:83)
	at com.kms.katalon.core.webui.keyword.builtin.VerifyTextPresentKeyword.execute(VerifyTextPresentKeyword.groovy:68)
	at com.kms.katalon.core.keyword.internal.KeywordExecutor.executeKeywordForPlatform(KeywordExecutor.groovy:53)
	at com.kms.katalon.core.webui.keyword.WebUiBuiltInKeywords.verifyTextPresent(WebUiBuiltInKeywords.groovy:1693)
	at com.kms.katalon.core.webui.keyword.WebUiBuiltInKeywords$verifyTextPresent$3.call(Unknown Source)
	at Verify Valid Length of GTIN number.run(Verify Valid Length of GTIN number:58)
	at com.kms.katalon.core.main.ScriptEngine.run(ScriptEngine.java:194)
	at com.kms.katalon.core.main.ScriptEngine.runScriptAsRawText(ScriptEngine.java:119)
	at com.kms.katalon.core.main.TestCaseExecutor.runScript(TestCaseExecutor.java:328)
	at com.kms.katalon.core.main.TestCaseExecutor.doExecute(TestCaseExecutor.java:319)
	at com.kms.katalon.core.main.TestCaseExecutor.processExecutionPhase(TestCaseExecutor.java:298)
	at com.kms.katalon.core.main.TestCaseExecutor.accessMainPhase(TestCaseExecutor.java:290)
	at com.kms.katalon.core.main.TestCaseExecutor.execute(TestCaseExecutor.java:224)
	at com.kms.katalon.core.main.TestSuiteExecutor.accessTestCaseMainPhase(TestSuiteExecutor.java:129)
	at com.kms.katalon.core.main.TestSuiteExecutor.accessTestSuiteMainPhase(TestSuiteExecutor.java:112)
	at com.kms.katalon.core.main.TestSuiteExecutor.execute(TestSuiteExecutor.java:81)
	at com.kms.katalon.core.main.TestCaseMain.startTestSuite(TestCaseMain.java:149)
	at com.kms.katalon.core.main.TestCaseMain$startTestSuite$0.call(Unknown Source)
	at TempTestSuite1549538896272.run(TempTestSuite1549538896272.groovy:36)
"/>
         <system-out><![CDATA[2019-02-07 17:05:05 - [TEST_CASE][FAILED] - Test Cases/GCLD-9/Verify Valid Length of GTIN number: Test Cases/GCLD-9/Verify Valid Length of GTIN number FAILED.
Reason:
com.kms.katalon.core.exception.StepFailedException: Unable to verify text 'Integrity failed: Incorrect check digit.' is present  (Root cause: com.kms.katalon.core.webui.exception.BrowserNotOpenedException: Browser is not opened
Build info: version: '3.7.1', revision: '8a0099a', time: '2017-11-06T21:07:36.161Z'
System info: host: 'macs-MacBook-Pro.local', ip: 'fe80:0:0:0:c32:4de1:442f:2fbc%en0', os.name: 'Mac OS X', os.arch: 'x86_64', os.version: '10.14.2', java.version: '1.8.0_181'
Driver info: driver.version: unknown)
	at com.kms.katalon.core.keyword.internal.KeywordMain.stepFailed(KeywordMain.groovy:36)
	at com.kms.katalon.core.webui.keyword.internal.WebUIKeywordMain.stepFailed(WebUIKeywordMain.groovy:65)
	at com.kms.katalon.core.webui.keyword.internal.WebUIKeywordMain.runKeyword(WebUIKeywordMain.groovy:27)
	at com.kms.katalon.core.webui.keyword.builtin.VerifyTextPresentKeyword.verifyTextPresent(VerifyTextPresentKeyword.groovy:83)
	at com.kms.katalon.core.webui.keyword.builtin.VerifyTextPresentKeyword.execute(VerifyTextPresentKeyword.groovy:68)
	at com.kms.katalon.core.keyword.internal.KeywordExecutor.executeKeywordForPlatform(KeywordExecutor.groovy:53)
	at com.kms.katalon.core.webui.keyword.WebUiBuiltInKeywords.verifyTextPresent(WebUiBuiltInKeywords.groovy:1693)
	at com.kms.katalon.core.webui.keyword.WebUiBuiltInKeywords$verifyTextPresent$3.call(Unknown Source)
	at Verify Valid Length of GTIN number.run(Verify Valid Length of GTIN number:58)
	at com.kms.katalon.core.main.ScriptEngine.run(ScriptEngine.java:194)
	at com.kms.katalon.core.main.ScriptEngine.runScriptAsRawText(ScriptEngine.java:119)
	at com.kms.katalon.core.main.TestCaseExecutor.runScript(TestCaseExecutor.java:328)
	at com.kms.katalon.core.main.TestCaseExecutor.doExecute(TestCaseExecutor.java:319)
	at com.kms.katalon.core.main.TestCaseExecutor.processExecutionPhase(TestCaseExecutor.java:298)
	at com.kms.katalon.core.main.TestCaseExecutor.accessMainPhase(TestCaseExecutor.java:290)
	at com.kms.katalon.core.main.TestCaseExecutor.execute(TestCaseExecutor.java:224)
	at com.kms.katalon.core.main.TestSuiteExecutor.accessTestCaseMainPhase(TestSuiteExecutor.java:129)
	at com.kms.katalon.core.main.TestSuiteExecutor.accessTestSuiteMainPhase(TestSuiteExecutor.java:112)
	at com.kms.katalon.core.main.TestSuiteExecutor.execute(TestSuiteExecutor.java:81)
	at com.kms.katalon.core.main.TestCaseMain.startTestSuite(TestCaseMain.java:149)
	at com.kms.katalon.core.main.TestCaseMain$startTestSuite$0.call(Unknown Source)
	at TempTestSuite1549538896272.run(TempTestSuite1549538896272.groovy:36)


2019-02-07 17:05:05 - [TEST_STEP][PASSED] - openBrowser("https://cloud.test.gs1.org/gs1-portal"): Browser is opened with url: 'https://cloud.test.gs1.org/gs1-portal'

2019-02-07 17:05:05 - [MESSAGE][WARNING] - A browser is already opened. Closing browser and opening a new one

2019-02-07 17:05:05 - [MESSAGE][INFO] - Starting 'Chrome' driver

2019-02-07 17:05:12 - [MESSAGE][PASSED] - Browser is opened with url: 'https://cloud.test.gs1.org/gs1-portal'

2019-02-07 17:05:12 - [TEST_STEP][PASSED] - navigateToUrl("https://gs1-sso-customsts.azurewebsites.net/Account/LoginSelector"): Navigate to 'https://gs1-sso-customsts.azurewebsites.net/Account/LoginSelector' successfully

2019-02-07 17:05:12 - [MESSAGE][PASSED] - Navigate to 'https://gs1-sso-customsts.azurewebsites.net/Account/LoginSelector' successfully

2019-02-07 17:05:12 - [TEST_STEP][PASSED] - setText(findTestObject("Object Repository/Page_Sign in - GS1 STS Server/input_E-mail_Email"), email): Text 'GS1CloudTest@gs1.org' is set on object 'Object Repository/Page_Sign in - GS1 STS Server/input_E-mail_Email'

2019-02-07 17:05:12 - [MESSAGE][PASSED] - Text 'GS1CloudTest@gs1.org' is set on object 'Object Repository/Page_Sign in - GS1 STS Server/input_E-mail_Email'

2019-02-07 17:05:12 - [TEST_STEP][PASSED] - Thread.sleep(1000): null

2019-02-07 17:05:13 - [TEST_STEP][PASSED] - setText(findTestObject("Object Repository/Page_Sign in - GS1 STS Server/input_Password_Password"), password): Text 'Fvrt7564' is set on object 'Object Repository/Page_Sign in - GS1 STS Server/input_Password_Password'

2019-02-07 17:05:13 - [MESSAGE][PASSED] - Text 'Fvrt7564' is set on object 'Object Repository/Page_Sign in - GS1 STS Server/input_Password_Password'

2019-02-07 17:05:13 - [TEST_STEP][PASSED] - click(findTestObject("Object Repository/Page_Sign in - GS1 STS Server/input_Password_btn btn-default")): Object: 'Object Repository/Page_Sign in - GS1 STS Server/input_Password_btn btn-default' is clicked on

2019-02-07 17:05:23 - [MESSAGE][PASSED] - Object: 'Object Repository/Page_Sign in - GS1 STS Server/input_Password_btn btn-default' is clicked on

2019-02-07 17:05:23 - [TEST_STEP][PASSED] - click(findTestObject("Object Repository/Page_GS1 Cloud BETA - Home/a_Services")): Object: 'Object Repository/Page_GS1 Cloud BETA - Home/a_Services' is clicked on

2019-02-07 17:05:23 - [MESSAGE][PASSED] - Object: 'Object Repository/Page_GS1 Cloud BETA - Home/a_Services' is clicked on

2019-02-07 17:05:23 - [TEST_STEP][PASSED] - Thread.sleep(1000): null

2019-02-07 17:05:24 - [TEST_STEP][PASSED] - click(findTestObject("Object Repository/Page_GS1 Cloud BETA - Services/a_Check")): Object: 'Object Repository/Page_GS1 Cloud BETA - Services/a_Check' is clicked on

2019-02-07 17:05:25 - [MESSAGE][PASSED] - Object: 'Object Repository/Page_GS1 Cloud BETA - Services/a_Check' is clicked on

2019-02-07 17:05:25 - [TEST_STEP][PASSED] - if (Checkgtinlength == "12345A"): Browser is closed

2019-02-07 17:05:25 - [TEST_STEP][PASSED] - closeBrowser(): Browser is closed

2019-02-07 17:05:26 - [MESSAGE][PASSED] - Browser is closed

2019-02-07 17:05:26 - [TEST_STEP][PASSED] - if (Checkgtinlength == ""): null

2019-02-07 17:05:26 - [TEST_STEP][FAILED] - else: else FAILED.
Reason:
com.kms.katalon.core.exception.StepFailedException: Unable to verify text 'Integrity failed: Incorrect check digit.' is present  (Root cause: com.kms.katalon.core.webui.exception.BrowserNotOpenedException: Browser is not opened
Build info: version: '3.7.1', revision: '8a0099a', time: '2017-11-06T21:07:36.161Z'
System info: host: 'macs-MacBook-Pro.local', ip: 'fe80:0:0:0:c32:4de1:442f:2fbc%en0', os.name: 'Mac OS X', os.arch: 'x86_64', os.version: '10.14.2', java.version: '1.8.0_181'
Driver info: driver.version: unknown)
	at com.kms.katalon.core.keyword.internal.KeywordMain.stepFailed(KeywordMain.groovy:36)
	at com.kms.katalon.core.webui.keyword.internal.WebUIKeywordMain.stepFailed(WebUIKeywordMain.groovy:65)
	at com.kms.katalon.core.webui.keyword.internal.WebUIKeywordMain.runKeyword(WebUIKeywordMain.groovy:27)
	at com.kms.katalon.core.webui.keyword.builtin.VerifyTextPresentKeyword.verifyTextPresent(VerifyTextPresentKeyword.groovy:83)
	at com.kms.katalon.core.webui.keyword.builtin.VerifyTextPresentKeyword.execute(VerifyTextPresentKeyword.groovy:68)
	at com.kms.katalon.core.keyword.internal.KeywordExecutor.executeKeywordForPlatform(KeywordExecutor.groovy:53)
	at com.kms.katalon.core.webui.keyword.WebUiBuiltInKeywords.verifyTextPresent(WebUiBuiltInKeywords.groovy:1693)
	at com.kms.katalon.core.webui.keyword.WebUiBuiltInKeywords$verifyTextPresent$3.call(Unknown Source)
	at Verify Valid Length of GTIN number.run(Verify Valid Length of GTIN number:58)
	at com.kms.katalon.core.main.ScriptEngine.run(ScriptEngine.java:194)
	at com.kms.katalon.core.main.ScriptEngine.runScriptAsRawText(ScriptEngine.java:119)
	at com.kms.katalon.core.main.TestCaseExecutor.runScript(TestCaseExecutor.java:328)
	at com.kms.katalon.core.main.TestCaseExecutor.doExecute(TestCaseExecutor.java:319)
	at com.kms.katalon.core.main.TestCaseExecutor.processExecutionPhase(TestCaseExecutor.java:298)
	at com.kms.katalon.core.main.TestCaseExecutor.accessMainPhase(TestCaseExecutor.java:290)
	at com.kms.katalon.core.main.TestCaseExecutor.execute(TestCaseExecutor.java:224)
	at com.kms.katalon.core.main.TestSuiteExecutor.accessTestCaseMainPhase(TestSuiteExecutor.java:129)
	at com.kms.katalon.core.main.TestSuiteExecutor.accessTestSuiteMainPhase(TestSuiteExecutor.java:112)
	at com.kms.katalon.core.main.TestSuiteExecutor.execute(TestSuiteExecutor.java:81)
	at com.kms.katalon.core.main.TestCaseMain.startTestSuite(TestCaseMain.java:149)
	at com.kms.katalon.core.main.TestCaseMain$startTestSuite$0.call(Unknown Source)
	at TempTestSuite1549538896272.run(TempTestSuite1549538896272.groovy:36)


2019-02-07 17:05:26 - [TEST_STEP][FAILED] - try: Unable to set text '12345A' of object 'Object Repository/Page_GS1 Cloud BETA - Check/input_Global Trade Item Number' (Root cause: com.kms.katalon.core.webui.exception.BrowserNotOpenedException: Browser is not opened
Build info: version: '3.7.1', revision: '8a0099a', time: '2017-11-06T21:07:36.161Z'
System info: host: 'macs-MacBook-Pro.local', ip: 'fe80:0:0:0:c32:4de1:442f:2fbc%en0', os.name: 'Mac OS X', os.arch: 'x86_64', os.version: '10.14.2', java.version: '1.8.0_181'
Driver info: driver.version: unknown)

2019-02-07 17:05:26 - [TEST_STEP][FAILED] - setText(findTestObject("Object Repository/Page_GS1 Cloud BETA - Check/input_Global Trade Item Number"), Checkgtinlength): Unable to set text '12345A' of object 'Object Repository/Page_GS1 Cloud BETA - Check/input_Global Trade Item Number' (Root cause: com.kms.katalon.core.webui.exception.BrowserNotOpenedException: Browser is not opened
Build info: version: '3.7.1', revision: '8a0099a', time: '2017-11-06T21:07:36.161Z'
System info: host: 'macs-MacBook-Pro.local', ip: 'fe80:0:0:0:c32:4de1:442f:2fbc%en0', os.name: 'Mac OS X', os.arch: 'x86_64', os.version: '10.14.2', java.version: '1.8.0_181'
Driver info: driver.version: unknown)

2019-02-07 17:05:26 - [MESSAGE][WARNING] - Cannot take screenshot

2019-02-07 17:05:26 - [MESSAGE][FAILED] - Unable to set text '12345A' of object 'Object Repository/Page_GS1 Cloud BETA - Check/input_Global Trade Item Number' (Root cause: com.kms.katalon.core.webui.exception.BrowserNotOpenedException: Browser is not opened
Build info: version: '3.7.1', revision: '8a0099a', time: '2017-11-06T21:07:36.161Z'
System info: host: 'macs-MacBook-Pro.local', ip: 'fe80:0:0:0:c32:4de1:442f:2fbc%en0', os.name: 'Mac OS X', os.arch: 'x86_64', os.version: '10.14.2', java.version: '1.8.0_181'
Driver info: driver.version: unknown)

2019-02-07 17:05:26 - [TEST_STEP][FAILED] - Finally: else FAILED.
Reason:
com.kms.katalon.core.exception.StepFailedException: Unable to verify text 'Integrity failed: Incorrect check digit.' is present  (Root cause: com.kms.katalon.core.webui.exception.BrowserNotOpenedException: Browser is not opened
Build info: version: '3.7.1', revision: '8a0099a', time: '2017-11-06T21:07:36.161Z'
System info: host: 'macs-MacBook-Pro.local', ip: 'fe80:0:0:0:c32:4de1:442f:2fbc%en0', os.name: 'Mac OS X', os.arch: 'x86_64', os.version: '10.14.2', java.version: '1.8.0_181'
Driver info: driver.version: unknown)
	at com.kms.katalon.core.keyword.internal.KeywordMain.stepFailed(KeywordMain.groovy:36)
	at com.kms.katalon.core.webui.keyword.internal.WebUIKeywordMain.stepFailed(WebUIKeywordMain.groovy:65)
	at com.kms.katalon.core.webui.keyword.internal.WebUIKeywordMain.runKeyword(WebUIKeywordMain.groovy:27)
	at com.kms.katalon.core.webui.keyword.builtin.VerifyTextPresentKeyword.verifyTextPresent(VerifyTextPresentKeyword.groovy:83)
	at com.kms.katalon.core.webui.keyword.builtin.VerifyTextPresentKeyword.execute(VerifyTextPresentKeyword.groovy:68)
	at com.kms.katalon.core.keyword.internal.KeywordExecutor.executeKeywordForPlatform(KeywordExecutor.groovy:53)
	at com.kms.katalon.core.webui.keyword.WebUiBuiltInKeywords.verifyTextPresent(WebUiBuiltInKeywords.groovy:1693)
	at com.kms.katalon.core.webui.keyword.WebUiBuiltInKeywords$verifyTextPresent$3.call(Unknown Source)
	at Verify Valid Length of GTIN number.run(Verify Valid Length of GTIN number:58)
	at com.kms.katalon.core.main.ScriptEngine.run(ScriptEngine.java:194)
	at com.kms.katalon.core.main.ScriptEngine.runScriptAsRawText(ScriptEngine.java:119)
	at com.kms.katalon.core.main.TestCaseExecutor.runScript(TestCaseExecutor.java:328)
	at com.kms.katalon.core.main.TestCaseExecutor.doExecute(TestCaseExecutor.java:319)
	at com.kms.katalon.core.main.TestCaseExecutor.processExecutionPhase(TestCaseExecutor.java:298)
	at com.kms.katalon.core.main.TestCaseExecutor.accessMainPhase(TestCaseExecutor.java:290)
	at com.kms.katalon.core.main.TestCaseExecutor.execute(TestCaseExecutor.java:224)
	at com.kms.katalon.core.main.TestSuiteExecutor.accessTestCaseMainPhase(TestSuiteExecutor.java:129)
	at com.kms.katalon.core.main.TestSuiteExecutor.accessTestSuiteMainPhase(TestSuiteExecutor.java:112)
	at com.kms.katalon.core.main.TestSuiteExecutor.execute(TestSuiteExecutor.java:81)
	at com.kms.katalon.core.main.TestCaseMain.startTestSuite(TestCaseMain.java:149)
	at com.kms.katalon.core.main.TestCaseMain$startTestSuite$0.call(Unknown Source)
	at TempTestSuite1549538896272.run(TempTestSuite1549538896272.groovy:36)


2019-02-07 17:05:26 - [TEST_STEP][FAILED] - verifyTextPresent(validation, false): else FAILED.
Reason:
com.kms.katalon.core.exception.StepFailedException: Unable to verify text 'Integrity failed: Incorrect check digit.' is present  (Root cause: com.kms.katalon.core.webui.exception.BrowserNotOpenedException: Browser is not opened
Build info: version: '3.7.1', revision: '8a0099a', time: '2017-11-06T21:07:36.161Z'
System info: host: 'macs-MacBook-Pro.local', ip: 'fe80:0:0:0:c32:4de1:442f:2fbc%en0', os.name: 'Mac OS X', os.arch: 'x86_64', os.version: '10.14.2', java.version: '1.8.0_181'
Driver info: driver.version: unknown)
	at com.kms.katalon.core.keyword.internal.KeywordMain.stepFailed(KeywordMain.groovy:36)
	at com.kms.katalon.core.webui.keyword.internal.WebUIKeywordMain.stepFailed(WebUIKeywordMain.groovy:65)
	at com.kms.katalon.core.webui.keyword.internal.WebUIKeywordMain.runKeyword(WebUIKeywordMain.groovy:27)
	at com.kms.katalon.core.webui.keyword.builtin.VerifyTextPresentKeyword.verifyTextPresent(VerifyTextPresentKeyword.groovy:83)
	at com.kms.katalon.core.webui.keyword.builtin.VerifyTextPresentKeyword.execute(VerifyTextPresentKeyword.groovy:68)
	at com.kms.katalon.core.keyword.internal.KeywordExecutor.executeKeywordForPlatform(KeywordExecutor.groovy:53)
	at com.kms.katalon.core.webui.keyword.WebUiBuiltInKeywords.verifyTextPresent(WebUiBuiltInKeywords.groovy:1693)
	at com.kms.katalon.core.webui.keyword.WebUiBuiltInKeywords$verifyTextPresent$3.call(Unknown Source)
	at Verify Valid Length of GTIN number.run(Verify Valid Length of GTIN number:58)
	at com.kms.katalon.core.main.ScriptEngine.run(ScriptEngine.java:194)
	at com.kms.katalon.core.main.ScriptEngine.runScriptAsRawText(ScriptEngine.java:119)
	at com.kms.katalon.core.main.TestCaseExecutor.runScript(TestCaseExecutor.java:328)
	at com.kms.katalon.core.main.TestCaseExecutor.doExecute(TestCaseExecutor.java:319)
	at com.kms.katalon.core.main.TestCaseExecutor.processExecutionPhase(TestCaseExecutor.java:298)
	at com.kms.katalon.core.main.TestCaseExecutor.accessMainPhase(TestCaseExecutor.java:290)
	at com.kms.katalon.core.main.TestCaseExecutor.execute(TestCaseExecutor.java:224)
	at com.kms.katalon.core.main.TestSuiteExecutor.accessTestCaseMainPhase(TestSuiteExecutor.java:129)
	at com.kms.katalon.core.main.TestSuiteExecutor.accessTestSuiteMainPhase(TestSuiteExecutor.java:112)
	at com.kms.katalon.core.main.TestSuiteExecutor.execute(TestSuiteExecutor.java:81)
	at com.kms.katalon.core.main.TestCaseMain.startTestSuite(TestCaseMain.java:149)
	at com.kms.katalon.core.main.TestCaseMain$startTestSuite$0.call(Unknown Source)
	at TempTestSuite1549538896272.run(TempTestSuite1549538896272.groovy:36)


2019-02-07 17:05:26 - [MESSAGE][WARNING] - Cannot take screenshot

2019-02-07 17:05:26 - [MESSAGE][FAILED] - Unable to verify text 'Integrity failed: Incorrect check digit.' is present  (Root cause: com.kms.katalon.core.webui.exception.BrowserNotOpenedException: Browser is not opened
Build info: version: '3.7.1', revision: '8a0099a', time: '2017-11-06T21:07:36.161Z'
System info: host: 'macs-MacBook-Pro.local', ip: 'fe80:0:0:0:c32:4de1:442f:2fbc%en0', os.name: 'Mac OS X', os.arch: 'x86_64', os.version: '10.14.2', java.version: '1.8.0_181'
Driver info: driver.version: unknown)

2019-02-07 17:05:26 - [MESSAGE][FAILED] - else FAILED.
Reason:
com.kms.katalon.core.exception.StepFailedException: Unable to verify text 'Integrity failed: Incorrect check digit.' is present  (Root cause: com.kms.katalon.core.webui.exception.BrowserNotOpenedException: Browser is not opened
Build info: version: '3.7.1', revision: '8a0099a', time: '2017-11-06T21:07:36.161Z'
System info: host: 'macs-MacBook-Pro.local', ip: 'fe80:0:0:0:c32:4de1:442f:2fbc%en0', os.name: 'Mac OS X', os.arch: 'x86_64', os.version: '10.14.2', java.version: '1.8.0_181'
Driver info: driver.version: unknown)
	at com.kms.katalon.core.keyword.internal.KeywordMain.stepFailed(KeywordMain.groovy:36)
	at com.kms.katalon.core.webui.keyword.internal.WebUIKeywordMain.stepFailed(WebUIKeywordMain.groovy:65)
	at com.kms.katalon.core.webui.keyword.internal.WebUIKeywordMain.runKeyword(WebUIKeywordMain.groovy:27)
	at com.kms.katalon.core.webui.keyword.builtin.VerifyTextPresentKeyword.verifyTextPresent(VerifyTextPresentKeyword.groovy:83)
	at com.kms.katalon.core.webui.keyword.builtin.VerifyTextPresentKeyword.execute(VerifyTextPresentKeyword.groovy:68)
	at com.kms.katalon.core.keyword.internal.KeywordExecutor.executeKeywordForPlatform(KeywordExecutor.groovy:53)
	at com.kms.katalon.core.webui.keyword.WebUiBuiltInKeywords.verifyTextPresent(WebUiBuiltInKeywords.groovy:1693)
	at com.kms.katalon.core.webui.keyword.WebUiBuiltInKeywords$verifyTextPresent$3.call(Unknown Source)
	at Verify Valid Length of GTIN number.run(Verify Valid Length of GTIN number:58)
	at com.kms.katalon.core.main.ScriptEngine.run(ScriptEngine.java:194)
	at com.kms.katalon.core.main.ScriptEngine.runScriptAsRawText(ScriptEngine.java:119)
	at com.kms.katalon.core.main.TestCaseExecutor.runScript(TestCaseExecutor.java:328)
	at com.kms.katalon.core.main.TestCaseExecutor.doExecute(TestCaseExecutor.java:319)
	at com.kms.katalon.core.main.TestCaseExecutor.processExecutionPhase(TestCaseExecutor.java:298)
	at com.kms.katalon.core.main.TestCaseExecutor.accessMainPhase(TestCaseExecutor.java:290)
	at com.kms.katalon.core.main.TestCaseExecutor.execute(TestCaseExecutor.java:224)
	at com.kms.katalon.core.main.TestSuiteExecutor.accessTestCaseMainPhase(TestSuiteExecutor.java:129)
	at com.kms.katalon.core.main.TestSuiteExecutor.accessTestSuiteMainPhase(TestSuiteExecutor.java:112)
	at com.kms.katalon.core.main.TestSuiteExecutor.execute(TestSuiteExecutor.java:81)
	at com.kms.katalon.core.main.TestCaseMain.startTestSuite(TestCaseMain.java:149)
	at com.kms.katalon.core.main.TestCaseMain$startTestSuite$0.call(Unknown Source)
	at TempTestSuite1549538896272.run(TempTestSuite1549538896272.groovy:36)]]></system-out>
         <system-err><![CDATA[2019-02-07 17:05:05 - [TEST_CASE][FAILED] - Test Cases/GCLD-9/Verify Valid Length of GTIN number: Test Cases/GCLD-9/Verify Valid Length of GTIN number FAILED.
Reason:
com.kms.katalon.core.exception.StepFailedException: Unable to verify text 'Integrity failed: Incorrect check digit.' is present  (Root cause: com.kms.katalon.core.webui.exception.BrowserNotOpenedException: Browser is not opened
Build info: version: '3.7.1', revision: '8a0099a', time: '2017-11-06T21:07:36.161Z'
System info: host: 'macs-MacBook-Pro.local', ip: 'fe80:0:0:0:c32:4de1:442f:2fbc%en0', os.name: 'Mac OS X', os.arch: 'x86_64', os.version: '10.14.2', java.version: '1.8.0_181'
Driver info: driver.version: unknown)
	at com.kms.katalon.core.keyword.internal.KeywordMain.stepFailed(KeywordMain.groovy:36)
	at com.kms.katalon.core.webui.keyword.internal.WebUIKeywordMain.stepFailed(WebUIKeywordMain.groovy:65)
	at com.kms.katalon.core.webui.keyword.internal.WebUIKeywordMain.runKeyword(WebUIKeywordMain.groovy:27)
	at com.kms.katalon.core.webui.keyword.builtin.VerifyTextPresentKeyword.verifyTextPresent(VerifyTextPresentKeyword.groovy:83)
	at com.kms.katalon.core.webui.keyword.builtin.VerifyTextPresentKeyword.execute(VerifyTextPresentKeyword.groovy:68)
	at com.kms.katalon.core.keyword.internal.KeywordExecutor.executeKeywordForPlatform(KeywordExecutor.groovy:53)
	at com.kms.katalon.core.webui.keyword.WebUiBuiltInKeywords.verifyTextPresent(WebUiBuiltInKeywords.groovy:1693)
	at com.kms.katalon.core.webui.keyword.WebUiBuiltInKeywords$verifyTextPresent$3.call(Unknown Source)
	at Verify Valid Length of GTIN number.run(Verify Valid Length of GTIN number:58)
	at com.kms.katalon.core.main.ScriptEngine.run(ScriptEngine.java:194)
	at com.kms.katalon.core.main.ScriptEngine.runScriptAsRawText(ScriptEngine.java:119)
	at com.kms.katalon.core.main.TestCaseExecutor.runScript(TestCaseExecutor.java:328)
	at com.kms.katalon.core.main.TestCaseExecutor.doExecute(TestCaseExecutor.java:319)
	at com.kms.katalon.core.main.TestCaseExecutor.processExecutionPhase(TestCaseExecutor.java:298)
	at com.kms.katalon.core.main.TestCaseExecutor.accessMainPhase(TestCaseExecutor.java:290)
	at com.kms.katalon.core.main.TestCaseExecutor.execute(TestCaseExecutor.java:224)
	at com.kms.katalon.core.main.TestSuiteExecutor.accessTestCaseMainPhase(TestSuiteExecutor.java:129)
	at com.kms.katalon.core.main.TestSuiteExecutor.accessTestSuiteMainPhase(TestSuiteExecutor.java:112)
	at com.kms.katalon.core.main.TestSuiteExecutor.execute(TestSuiteExecutor.java:81)
	at com.kms.katalon.core.main.TestCaseMain.startTestSuite(TestCaseMain.java:149)
	at com.kms.katalon.core.main.TestCaseMain$startTestSuite$0.call(Unknown Source)
	at TempTestSuite1549538896272.run(TempTestSuite1549538896272.groovy:36)]]></system-err>
      </testcase>
      <testcase name="Test Cases/GCLD-9/Verify Valid Length of GTIN number" classname="Test Cases/GCLD-9/Verify Valid Length of GTIN number" status="PASSED">
         <system-out><![CDATA[2019-02-07 17:05:26 - [TEST_CASE][PASSED] - Test Cases/GCLD-9/Verify Valid Length of GTIN number: Test Cases/GCLD-9/Verify Valid Length of GTIN number

2019-02-07 17:05:26 - [TEST_STEP][PASSED] - openBrowser("https://cloud.test.gs1.org/gs1-portal"): Browser is opened with url: 'https://cloud.test.gs1.org/gs1-portal'

2019-02-07 17:05:26 - [MESSAGE][INFO] - Starting 'Chrome' driver

2019-02-07 17:05:33 - [MESSAGE][PASSED] - Browser is opened with url: 'https://cloud.test.gs1.org/gs1-portal'

2019-02-07 17:05:33 - [TEST_STEP][PASSED] - navigateToUrl("https://gs1-sso-customsts.azurewebsites.net/Account/LoginSelector"): Navigate to 'https://gs1-sso-customsts.azurewebsites.net/Account/LoginSelector' successfully

2019-02-07 17:05:36 - [MESSAGE][PASSED] - Navigate to 'https://gs1-sso-customsts.azurewebsites.net/Account/LoginSelector' successfully

2019-02-07 17:05:36 - [TEST_STEP][PASSED] - setText(findTestObject("Object Repository/Page_Sign in - GS1 STS Server/input_E-mail_Email"), email): Text 'GS1CloudTest@gs1.org' is set on object 'Object Repository/Page_Sign in - GS1 STS Server/input_E-mail_Email'

2019-02-07 17:05:36 - [MESSAGE][PASSED] - Text 'GS1CloudTest@gs1.org' is set on object 'Object Repository/Page_Sign in - GS1 STS Server/input_E-mail_Email'

2019-02-07 17:05:36 - [TEST_STEP][PASSED] - Thread.sleep(1000): null

2019-02-07 17:05:37 - [TEST_STEP][PASSED] - setText(findTestObject("Object Repository/Page_Sign in - GS1 STS Server/input_Password_Password"), password): Text 'Fvrt7564' is set on object 'Object Repository/Page_Sign in - GS1 STS Server/input_Password_Password'

2019-02-07 17:05:37 - [MESSAGE][PASSED] - Text 'Fvrt7564' is set on object 'Object Repository/Page_Sign in - GS1 STS Server/input_Password_Password'

2019-02-07 17:05:37 - [TEST_STEP][PASSED] - click(findTestObject("Object Repository/Page_Sign in - GS1 STS Server/input_Password_btn btn-default")): Object: 'Object Repository/Page_Sign in - GS1 STS Server/input_Password_btn btn-default' is clicked on

2019-02-07 17:05:46 - [MESSAGE][PASSED] - Object: 'Object Repository/Page_Sign in - GS1 STS Server/input_Password_btn btn-default' is clicked on

2019-02-07 17:05:46 - [TEST_STEP][PASSED] - click(findTestObject("Object Repository/Page_GS1 Cloud BETA - Home/a_Services")): Object: 'Object Repository/Page_GS1 Cloud BETA - Home/a_Services' is clicked on

2019-02-07 17:05:46 - [MESSAGE][PASSED] - Object: 'Object Repository/Page_GS1 Cloud BETA - Home/a_Services' is clicked on

2019-02-07 17:05:46 - [TEST_STEP][PASSED] - Thread.sleep(1000): null

2019-02-07 17:05:47 - [TEST_STEP][PASSED] - click(findTestObject("Object Repository/Page_GS1 Cloud BETA - Services/a_Check")): Object: 'Object Repository/Page_GS1 Cloud BETA - Services/a_Check' is clicked on

2019-02-07 17:05:48 - [MESSAGE][PASSED] - Object: 'Object Repository/Page_GS1 Cloud BETA - Services/a_Check' is clicked on

2019-02-07 17:05:48 - [TEST_STEP][PASSED] - if (Checkgtinlength == "12345A"): null

2019-02-07 17:05:48 - [TEST_STEP][PASSED] - if (Checkgtinlength == ""): null

2019-02-07 17:05:48 - [TEST_STEP][PASSED] - else: Text 'Incorrect number. That GS1 prefix (3-digit country code) does not exist.' is present on page 

2019-02-07 17:05:48 - [TEST_STEP][PASSED] - try: Object: 'Object Repository/Page_GS1 Cloud BETA - Check/button_Search' is clicked on

2019-02-07 17:05:48 - [TEST_STEP][PASSED] - setText(findTestObject("Object Repository/Page_GS1 Cloud BETA - Check/input_Global Trade Item Number"), Checkgtinlength): Text '@' is set on object 'Object Repository/Page_GS1 Cloud BETA - Check/input_Global Trade Item Number'

2019-02-07 17:05:51 - [MESSAGE][PASSED] - Text '@' is set on object 'Object Repository/Page_GS1 Cloud BETA - Check/input_Global Trade Item Number'

2019-02-07 17:05:51 - [TEST_STEP][PASSED] - click(findTestObject("Object Repository/Page_GS1 Cloud BETA - Check/button_Search")): Object: 'Object Repository/Page_GS1 Cloud BETA - Check/button_Search' is clicked on

2019-02-07 17:05:53 - [MESSAGE][PASSED] - Object: 'Object Repository/Page_GS1 Cloud BETA - Check/button_Search' is clicked on

2019-02-07 17:05:53 - [TEST_STEP][PASSED] - Finally: Text 'Incorrect number. That GS1 prefix (3-digit country code) does not exist.' is present on page 

2019-02-07 17:05:53 - [TEST_STEP][PASSED] - verifyTextPresent(validation, false): Text 'Incorrect number. That GS1 prefix (3-digit country code) does not exist.' is present on page 

2019-02-07 17:05:53 - [MESSAGE][PASSED] - Text 'Incorrect number. That GS1 prefix (3-digit country code) does not exist.' is present on page]]></system-out>
         <system-err><![CDATA[]]></system-err>
      </testcase>
      <system-out><![CDATA[2019-02-07 16:58:18 - [TEST_SUITE][FAILED] - GCLD-9: Test Cases/GCLD-9/Verify Valid Length of GTIN number FAILED.
Reason:
com.kms.katalon.core.exception.StepFailedException: Unable to verify text 'Integrity failed: Incorrect check digit.' is present  (Root cause: com.kms.katalon.core.webui.exception.BrowserNotOpenedException: Browser is not opened
Build info: version: '3.7.1', revision: '8a0099a', time: '2017-11-06T21:07:36.161Z'
System info: host: 'macs-MacBook-Pro.local', ip: 'fe80:0:0:0:c32:4de1:442f:2fbc%en0', os.name: 'Mac OS X', os.arch: 'x86_64', os.version: '10.14.2', java.version: '1.8.0_181'
Driver info: driver.version: unknown)
	at com.kms.katalon.core.keyword.internal.KeywordMain.stepFailed(KeywordMain.groovy:36)
	at com.kms.katalon.core.webui.keyword.internal.WebUIKeywordMain.stepFailed(WebUIKeywordMain.groovy:65)
	at com.kms.katalon.core.webui.keyword.internal.WebUIKeywordMain.runKeyword(WebUIKeywordMain.groovy:27)
	at com.kms.katalon.core.webui.keyword.builtin.VerifyTextPresentKeyword.verifyTextPresent(VerifyTextPresentKeyword.groovy:83)
	at com.kms.katalon.core.webui.keyword.builtin.VerifyTextPresentKeyword.execute(VerifyTextPresentKeyword.groovy:68)
	at com.kms.katalon.core.keyword.internal.KeywordExecutor.executeKeywordForPlatform(KeywordExecutor.groovy:53)
	at com.kms.katalon.core.webui.keyword.WebUiBuiltInKeywords.verifyTextPresent(WebUiBuiltInKeywords.groovy:1693)
	at com.kms.katalon.core.webui.keyword.WebUiBuiltInKeywords$verifyTextPresent$3.call(Unknown Source)
	at Verify Valid Length of GTIN number.run(Verify Valid Length of GTIN number:58)
	at com.kms.katalon.core.main.ScriptEngine.run(ScriptEngine.java:194)
	at com.kms.katalon.core.main.ScriptEngine.runScriptAsRawText(ScriptEngine.java:119)
	at com.kms.katalon.core.main.TestCaseExecutor.runScript(TestCaseExecutor.java:328)
	at com.kms.katalon.core.main.TestCaseExecutor.doExecute(TestCaseExecutor.java:319)
	at com.kms.katalon.core.main.TestCaseExecutor.processExecutionPhase(TestCaseExecutor.java:298)
	at com.kms.katalon.core.main.TestCaseExecutor.accessMainPhase(TestCaseExecutor.java:290)
	at com.kms.katalon.core.main.TestCaseExecutor.execute(TestCaseExecutor.java:224)
	at com.kms.katalon.core.main.TestSuiteExecutor.accessTestCaseMainPhase(TestSuiteExecutor.java:129)
	at com.kms.katalon.core.main.TestSuiteExecutor.accessTestSuiteMainPhase(TestSuiteExecutor.java:112)
	at com.kms.katalon.core.main.TestSuiteExecutor.execute(TestSuiteExecutor.java:81)
	at com.kms.katalon.core.main.TestCaseMain.startTestSuite(TestCaseMain.java:149)
	at com.kms.katalon.core.main.TestCaseMain$startTestSuite$0.call(Unknown Source)
	at TempTestSuite1549538896272.run(TempTestSuite1549538896272.groovy:36)]]></system-out>
      <system-err><![CDATA[2019-02-07 16:58:18 - [TEST_SUITE][FAILED] - GCLD-9: Test Cases/GCLD-9/Verify Valid Length of GTIN number FAILED.
Reason:
com.kms.katalon.core.exception.StepFailedException: Unable to verify text 'Integrity failed: Incorrect check digit.' is present  (Root cause: com.kms.katalon.core.webui.exception.BrowserNotOpenedException: Browser is not opened
Build info: version: '3.7.1', revision: '8a0099a', time: '2017-11-06T21:07:36.161Z'
System info: host: 'macs-MacBook-Pro.local', ip: 'fe80:0:0:0:c32:4de1:442f:2fbc%en0', os.name: 'Mac OS X', os.arch: 'x86_64', os.version: '10.14.2', java.version: '1.8.0_181'
Driver info: driver.version: unknown)
	at com.kms.katalon.core.keyword.internal.KeywordMain.stepFailed(KeywordMain.groovy:36)
	at com.kms.katalon.core.webui.keyword.internal.WebUIKeywordMain.stepFailed(WebUIKeywordMain.groovy:65)
	at com.kms.katalon.core.webui.keyword.internal.WebUIKeywordMain.runKeyword(WebUIKeywordMain.groovy:27)
	at com.kms.katalon.core.webui.keyword.builtin.VerifyTextPresentKeyword.verifyTextPresent(VerifyTextPresentKeyword.groovy:83)
	at com.kms.katalon.core.webui.keyword.builtin.VerifyTextPresentKeyword.execute(VerifyTextPresentKeyword.groovy:68)
	at com.kms.katalon.core.keyword.internal.KeywordExecutor.executeKeywordForPlatform(KeywordExecutor.groovy:53)
	at com.kms.katalon.core.webui.keyword.WebUiBuiltInKeywords.verifyTextPresent(WebUiBuiltInKeywords.groovy:1693)
	at com.kms.katalon.core.webui.keyword.WebUiBuiltInKeywords$verifyTextPresent$3.call(Unknown Source)
	at Verify Valid Length of GTIN number.run(Verify Valid Length of GTIN number:58)
	at com.kms.katalon.core.main.ScriptEngine.run(ScriptEngine.java:194)
	at com.kms.katalon.core.main.ScriptEngine.runScriptAsRawText(ScriptEngine.java:119)
	at com.kms.katalon.core.main.TestCaseExecutor.runScript(TestCaseExecutor.java:328)
	at com.kms.katalon.core.main.TestCaseExecutor.doExecute(TestCaseExecutor.java:319)
	at com.kms.katalon.core.main.TestCaseExecutor.processExecutionPhase(TestCaseExecutor.java:298)
	at com.kms.katalon.core.main.TestCaseExecutor.accessMainPhase(TestCaseExecutor.java:290)
	at com.kms.katalon.core.main.TestCaseExecutor.execute(TestCaseExecutor.java:224)
	at com.kms.katalon.core.main.TestSuiteExecutor.accessTestCaseMainPhase(TestSuiteExecutor.java:129)
	at com.kms.katalon.core.main.TestSuiteExecutor.accessTestSuiteMainPhase(TestSuiteExecutor.java:112)
	at com.kms.katalon.core.main.TestSuiteExecutor.execute(TestSuiteExecutor.java:81)
	at com.kms.katalon.core.main.TestCaseMain.startTestSuite(TestCaseMain.java:149)
	at com.kms.katalon.core.main.TestCaseMain$startTestSuite$0.call(Unknown Source)
	at TempTestSuite1549538896272.run(TempTestSuite1549538896272.groovy:36)]]></system-err>
   </testsuite>
</testsuites>
